 -0.8000000000      0.5906911149    
 -0.7983750000      0.5880266918    
 -0.7967500000      0.6193611392    
 -0.7951250000      0.5834818331    
 -0.7935000000      0.5811520267    
 -0.7918750000      0.5803867603    
 -0.7902500000      0.5802233591    
 -0.7886250000      0.5806138160    
 -0.7870000000      0.5825534987    
 -0.7853750000      0.5913061310    
 -0.7837500000      0.5889172332    
 -0.7821250000      0.5920163276    
 -0.7805000000      0.6006279506    
 -0.7788750000      0.6103558029    
 -0.7772500000      0.5990402281    
 -0.7756250000      0.5975721164    
 -0.7740000000      0.6124301015    
 -0.7723750000      0.6329314205    
 -0.7707500000      0.6066111755    
 -0.7691250000      0.6084249992    
 -0.7675000000      0.6125810523    
 -0.7658750000      0.6177669896    
 -0.7642500000      0.6240607623    
 -0.7626250000      0.6318472441    
 -0.7610000000      0.6420719378    
 -0.7593750000      0.6558468608    
 -0.7577500000      0.6710758844    
 -0.7561250000      0.6900624951    
 -0.7545000000      0.7146413561    
 -0.7528750000      0.7461524742    
 -0.7512500000      0.7859855507    
 -0.7496250000      0.8357451544    
 -0.7480000000      0.8967145822    
 -0.7463750000      0.9689144841    
 -0.7447500000       1.049116666    
 -0.7431250000       1.128426569    
 -0.7415000000       1.191647052    
 -0.7398750000       1.221922828    
 -0.7382500000       1.210959625    
 -0.7366250000       1.165658944    
 -0.7350000000       1.101948627    
 -0.7333750000       1.034658571    
 -0.7317500000      0.9727569146    
 -0.7301250000      0.9200467725    
 -0.7285000000      0.8777508589    
 -0.7268750000      0.8452131199    
 -0.7252500000      0.8216042938    
 -0.7236250000      0.8068962301    
 -0.7220000000      0.8050183918    
 -0.7203750000      0.8156078851    
 -0.7187500000      0.8533691642    
 -0.7171250000       1.006385080    
 -0.7155000000       1.830858403    
 -0.7138750000       1.535344907    
 -0.7122500000      0.9966819429    
 -0.7106250000      0.9379624351    
 -0.7090000000      0.9695280440    
 -0.7073750000       1.048011070    
 -0.7057500000       1.149858031    
 -0.7041250000       1.236430512    
 -0.7025000000       1.261545290    
 -0.7008750000       1.225518247    
 -0.6992500000       1.182158199    
 -0.6976250000       1.173667645    
 -0.6960000000       1.209982937    
 -0.6943750000       1.266814480    
 -0.6927500000       1.301616438    
 -0.6911250000       1.324637582    
 -0.6895000000       1.373633725    
 -0.6878750000       1.447686947    
 -0.6862500000       1.506496056    
 -0.6846250000       1.503743176    
 -0.6830000000       1.445651229    
 -0.6813750000       1.387797927    
 -0.6797500000       1.408594882    
 -0.6781250000       1.422160413    
 -0.6765000000       1.280516572    
 -0.6748750000       1.298336072    
 -0.6732500000       1.957893336    
 -0.6716250000       1.167352290    
 -0.6700000000      0.8799174137    
 -0.6683750000      0.7905911640    
 -0.6667500000      0.7544739553    
 -0.6651250000      0.7485562218    
 -0.6635000000      0.7785298052    
 -0.6618750000      0.8874809951    
 -0.6602500000       1.240533116    
 -0.6586250000       2.063353423    
 -0.6570000000       2.025498329    
 -0.6553750000       1.612369335    
 -0.6537500000      0.9133923350    
 -0.6521250000      0.7083945110    
 -0.6505000000      0.6324511940    
 -0.6488750000      0.5905657194    
 -0.6472500000      0.5559684547    
 -0.6456250000      0.5230971590    
 -0.6440000000      0.4956202648    
 -0.6423750000      0.4747201875    
 -0.6407500000      0.4576922687    
 -0.6391250000      0.4437991940    
 -0.6375000000      0.4324397318    
 -0.6358750000      0.4255833922    
 -0.6342500000      0.4165596973    
 -0.6326250000      0.4067926952    
 -0.6310000000      0.3976045835    
 -0.6293750000      0.3922379738    
 -0.6277500000      0.3879671515    
 -0.6261250000      0.3848364771    
 -0.6245000000      0.3841139902    
 -0.6228750000      0.3825790042    
 -0.6212500000      0.3789717494    
 -0.6196250000      0.3781089698    
 -0.6180000000      0.3790904230    
 -0.6163750000      0.3799482257    
 -0.6147500000      0.3825503515    
 -0.6131250000      0.3869088111    
 -0.6115000000      0.3942089321    
 -0.6098750000      0.4050330025    
 -0.6082500000      0.4193739693    
 -0.6066250000      0.4370692848    
 -0.6050000000      0.4610445206    
 -0.6033750000      0.4911267690    
 -0.6017500000      0.5272706620    
 -0.6001250000      0.5666616780    
 -0.5985000000      0.6041248351    
 -0.5968750000      0.6298280129    
 -0.5952500000      0.6367231526    
 -0.5936250000      0.6247388084    
 -0.5920000000      0.6057634911    
 -0.5903750000      0.5971471724    
 -0.5887500000      0.6350036306    
 -0.5871250000      0.8592506649    
 -0.5855000000      0.8625803506    
 -0.5838750000      0.5925272202    
 -0.5822500000      0.4906520776    
 -0.5806250000      0.4389955941    
 -0.5790000000      0.4106797339    
 -0.5773750000      0.3939805346    
 -0.5757500000      0.3827805715    
 -0.5741250000      0.3703203994    
 -0.5725000000      0.3574739966    
 -0.5708750000      0.3446764355    
 -0.5692500000      0.3305510320    
 -0.5676250000      0.3090051911    
 -0.5660000000      0.2826657787    
 -0.5643750000      0.2613167551    
 -0.5627500000      0.2500419578    
 -0.5611250000      0.2519345297    
 -0.5595000000      0.2735720826    
 -0.5578750000      0.3127872782    
 -0.5562500000      0.3750384605    
 -0.5546250000      0.3846501939    
 -0.5530000000      0.2341048518    
 -0.5513750000      0.1963799469    
 -0.5497500000      0.1826087994    
 -0.5481250000      0.1771815812    
 -0.5465000000      0.1765378666    
 -0.5448750000      0.1804838496    
 -0.5432500000      0.1930683173    
 -0.5416250000      0.2265039942    
 -0.5400000000      0.3241205712    
 -0.5383750000      0.4154228628    
 -0.5367500000      0.2657272581    
 -0.5351250000      0.2069793642    
 -0.5335000000      0.1804236609    
 -0.5318750000      0.1640257127    
 -0.5302500000      0.1594154735    
 -0.5286250000      0.1570400822    
 -0.5270000000      0.1558923005    
 -0.5253750000      0.1555333390    
 -0.5237500000      0.1557170003    
 -0.5221250000      0.1562656845    
 -0.5205000000      0.1570278626    
 -0.5188750000      0.1579273166    
 -0.5172500000      0.1589754360    
 -0.5156250000      0.1602060771    
 -0.5140000000      0.1616359412    
 -0.5123750000      0.1632607368    
 -0.5107500000      0.1650674590    
 -0.5091250000      0.1670428683    
 -0.5075000000      0.1691765975    
 -0.5058750000      0.1714617518    
 -0.5042500000      0.1738944604    
 -0.5026250000      0.1764681645    
 -0.5010000000      0.1791742721    
 -0.4993750000      0.1820136299    
 -0.4977500000      0.1849934190    
 -0.4961250000      0.1881150594    
 -0.4945000000      0.1913817956    
 -0.4928750000      0.1947939164    
 -0.4912500000      0.1983522120    
 -0.4896250000      0.2020588339    
 -0.4880000000      0.2059168020    
 -0.4863750000      0.2099297470    
 -0.4847500000      0.2141018515    
 -0.4831250000      0.2184379951    
 -0.4815000000      0.2229438119    
 -0.4798750000      0.2276254718    
 -0.4782500000      0.2324890657    
 -0.4766250000      0.2375426628    
 -0.4750000000      0.2427939590    
 -0.4733750000      0.2482516433    
 -0.4717500000      0.2539249958    
 -0.4701250000      0.2598246016    
 -0.4685000000      0.2659617750    
 -0.4668750000      0.2723480926    
 -0.4652500000      0.2789958701    
 -0.4636250000      0.2859202615    
 -0.4620000000      0.2931364272    
 -0.4603750000      0.3006606801    
 -0.4587500000      0.3085106136    
 -0.4571250000      0.3167064337    
 -0.4555000000      0.3252682279    
 -0.4538750000      0.3342189675    
 -0.4522500000      0.3435833353    
 -0.4506250000      0.3533882463    
 -0.4490000000      0.3636630673    
 -0.4473750000      0.3744399353    
 -0.4457500000      0.3857538974    
 -0.4441250000      0.3976431786    
 -0.4425000000      0.4101498960    
 -0.4408750000      0.4233206209    
 -0.4392500000      0.4372075647    
 -0.4376250000      0.4518681464    
 -0.4360000000      0.4673562686    
 -0.4343750000      0.4837521870    
 -0.4327500000      0.5011311528    
 -0.4311250000      0.5195802440    
 -0.4295000000      0.5391977244    
 -0.4278750000      0.5600944906    
 -0.4262500000      0.5823962716    
 -0.4246250000      0.6062462848    
 -0.4230000000      0.6318081416    
 -0.4213750000      0.6592695077    
 -0.4197500000      0.6888493245    
 -0.4181250000      0.7208025397    
 -0.4165000000      0.7554233518    
 -0.4148750000      0.7930644408    
 -0.4132500000      0.8341440694    
 -0.4116250000      0.8791648496    
 -0.4100000000      0.9287382124    
 -0.4083750000      0.9836171757    
 -0.4067500000       1.044741103    
 -0.4051250000       1.113300043    
 -0.4035000000       1.190828801    
 -0.4018750000       1.279347547    
 -0.4002500000       1.381578173    
 -0.3986250000       1.501287660    
 -0.3970000000       1.643853050    
 -0.3953750000       1.817229167    
 -0.3937500000       2.033722797    
 -0.3921250000       2.312979518    
 -0.3905000000       2.688191991    
 -0.3888750000       3.217640391    
 -0.3872500000       4.004645901    
 -0.3856250000       5.213695882    
 -0.3840000000       6.955842811    
 -0.3823750000       8.641489562    
 -0.3807500000       8.776115800    
 -0.3791250000       7.696186591    
 -0.3775000000       6.886472984    
 -0.3758750000       6.739500476    
 -0.3742500000       7.186303351    
 -0.3726250000       8.206157814    
 -0.3710000000       9.923060176    
 -0.3693750000       12.65653796    
 -0.3677500000       17.04034950    
 -0.3661250000       24.20443855    
 -0.3645000000       35.59752347    
 -0.3628750000       50.13234286    
 -0.3612500000       57.82723457    
 -0.3596250000       51.64318364    
 -0.3580000000       40.92574411    
 -0.3563750000       32.86385497    
 -0.3547500000       29.19520637    
 -0.3531250000       27.35889246    
 -0.3515000000       23.88372271    
 -0.3498750000       20.25637273    
 -0.3482500000       18.71754351    
 -0.3466250000       19.62192690    
 -0.3450000000       22.22542144    
 -0.3433750000       23.81848075    
 -0.3417500000       23.01063008    
 -0.3401250000       22.93192910    
 -0.3385000000       25.85783448    
 -0.3368750000       31.39891067    
 -0.3352500000       34.87696167    
 -0.3336250000       32.06562656    
 -0.3320000000       27.85786306    
 -0.3303750000       26.65194643    
 -0.3287500000       28.43585334    
 -0.3271250000       30.34677832    
 -0.3255000000       30.63390614    
 -0.3238750000       32.47304582    
 -0.3222500000       38.74003687    
 -0.3206250000       50.25341129    
 -0.3190000000       64.83142023    
 -0.3173750000       78.32843921    
 -0.3157500000       85.25940228    
 -0.3141250000       78.44294466    
 -0.3125000000       62.29425209    
 -0.3108750000       48.94595501    
 -0.3092500000       40.58043486    
 -0.3076250000       35.62394810    
 -0.3060000000       32.90891830    
 -0.3043750000       31.73950095    
 -0.3027500000       33.21777491    
 -0.3011250000       36.79092146    
 -0.2995000000       40.15974709    
 -0.2978750000       45.39334223    
 -0.2962500000       56.62180214    
 -0.2946250000       71.62620918    
 -0.2930000000       76.87668851    
 -0.2913750000       66.81539294    
 -0.2897500000       52.51606016    
 -0.2881250000       40.24151453    
 -0.2865000000       32.42887616    
 -0.2848750000       29.15500616    
 -0.2832500000       29.84156307    
 -0.2816250000       34.28045137    
 -0.2800000000       41.90093953    
 -0.2783750000       51.93031143    
 -0.2767500000       63.15475407    
 -0.2751250000       67.15012463    
 -0.2735000000       60.33955537    
 -0.2718750000       49.34026554    
 -0.2702500000       37.89761750    
 -0.2686250000       28.42336469    
 -0.2670000000       21.44481401    
 -0.2653750000       16.28523563    
 -0.2637500000       12.47977584    
 -0.2621250000       9.811294720    
 -0.2605000000       7.949662769    
 -0.2588750000       6.612922890    
 -0.2572500000       5.618928905    
 -0.2556250000       4.857629925    
 -0.2540000000       4.258167248    
 -0.2523750000       3.775811259    
 -0.2507500000       3.380495154    
 -0.2491250000       3.051538003    
 -0.2475000000       2.774066129    
 -0.2458750000       2.537290045    
 -0.2442500000       2.333256339    
 -0.2426250000       2.155700765    
 -0.2410000000       2.000134183    
 -0.2393750000       1.862861384    
 -0.2377500000       1.740917231    
 -0.2361250000       1.631958519    
 -0.2345000000       1.534111915    
 -0.2328750000       1.445840004    
 -0.2312500000       1.365870207    
 -0.2296250000       1.293138439    
 -0.2280000000       1.226760168    
 -0.2263750000       1.165991568    
 -0.2247500000       1.110145218    
 -0.2231250000       1.058753840    
 -0.2215000000       1.011265255    
 -0.2198750000      0.9673001002    
 -0.2182500000      0.9265035235    
 -0.2166250000      0.8885781559    
 -0.2150000000      0.8532035648    
 -0.2133750000      0.8201967944    
 -0.2117500000      0.7893099901    
 -0.2101250000      0.7603530037    
 -0.2085000000      0.7331224470    
 -0.2068750000      0.7075023740    
 -0.2052500000      0.6833512349    
 -0.2036250000      0.6605662987    
 -0.2020000000      0.6390193292    
 -0.2003750000      0.6186571316    
 -0.1987500000      0.5993931821    
 -0.1971250000      0.5811446950    
 -0.1955000000      0.5638338457    
 -0.1938750000      0.5474158044    
 -0.1922500000      0.5318299653    
 -0.1906250000      0.5170022942    
 -0.1890000000      0.5028768233    
 -0.1873750000      0.4894245733    
 -0.1857500000      0.4766153318    
 -0.1841250000      0.4643705903    
 -0.1825000000      0.4526774640    
 -0.1808750000      0.4414883980    
 -0.1792500000      0.4306751842    
 -0.1776250000      0.4192889027    
 -0.1760000000      0.4108002268    
 -0.1743750000      0.4013874714    
 -0.1727500000      0.3923366047    
 -0.1711250000      0.3836318530    
 -0.1695000000      0.3752398356    
 -0.1678750000      0.3675723998    
 -0.1662500000      0.3599187903    
 -0.1646250000      0.3524847366    
 -0.1630000000      0.3453197955    
 -0.1613750000      0.3383488853    
 -0.1597500000      0.3316225286    
 -0.1581250000      0.3253419917    
 -0.1565000000      0.3192179457    
 -0.1548750000      0.3132572142    
 -0.1532500000      0.3074884796    
 -0.1516250000      0.3019281649    
 -0.1500000000      0.2965684487    
 -0.1483750000      0.2913943557    
 -0.1467500000      0.2863972328    
 -0.1451250000      0.2815703158    
 -0.1435000000      0.2769066347    
 -0.1418750000      0.2723471512    
 -0.1402500000      0.2679760153    
 -0.1386250000      0.2637385453    
 -0.1370000000      0.2596215846    
 -0.1353750000      0.2556335082    
 -0.1337500000      0.2517699180    
 -0.1321250000      0.2480252646    
 -0.1305000000      0.2443989199    
 -0.1288750000      0.2408852580    
 -0.1272500000      0.2374820946    
 -0.1256250000      0.2341887395    
 -0.1240000000      0.2309975291    
 -0.1223750000      0.2278943268    
 -0.1207500000      0.2248721770    
 -0.1191250000      0.2219175739    
 -0.1175000000      0.2190420026    
 -0.1158750000      0.2162268376    
 -0.1142500000      0.2134911609    
 -0.1126250000      0.2108247830    
 -0.1110000000      0.2082044204    
 -0.1093750000      0.2057687156    
 -0.1077500000      0.2033767788    
 -0.1061250000      0.2010514934    
 -0.1045000000      0.1988019788    
 -0.1028750000      0.1966520914    
 -0.1012500000      0.1945278076    
 -0.9962500000E-01  0.1923289123    
 -0.9800000000E-01  0.1901817685    
 -0.9637500000E-01  0.1880807133    
 -0.9475000000E-01  0.1862631403    
 -0.9312500000E-01  0.1843823591    
 -0.9150000000E-01  0.1824980273    
 -0.8987500000E-01  0.1806794086    
 -0.8825000000E-01  0.1789979653    
 -0.8662500000E-01  0.1772947004    
 -0.8500000000E-01  0.1756246098    
 -0.8337500000E-01  0.1739963775    
 -0.8175000000E-01  0.1723986750    
 -0.8012500000E-01  0.1708898656    
 -0.7850000000E-01  0.1694046598    
 -0.7687500000E-01  0.1679161109    
 -0.7525000000E-01  0.1664624049    
 -0.7362500000E-01  0.1650748016    
 -0.7200000000E-01  0.1637219805    
 -0.7037500000E-01  0.1623864266    
 -0.6875000000E-01  0.1611060850    
 -0.6712500000E-01  0.1598618337    
 -0.6550000000E-01  0.1586536269    
 -0.6387500000E-01  0.1574734692    
 -0.6225000000E-01  0.1563163505    
 -0.6062500000E-01  0.1551730967    
 -0.5900000000E-01  0.1540588506    
 -0.5737500000E-01  0.1529174662    
 -0.5575000000E-01  0.1518703565    
 -0.5412500000E-01  0.1508613061    
 -0.5250000000E-01  0.1499080428    
 -0.5087500000E-01  0.1490171903    
 -0.4925000000E-01  0.1480965820    
 -0.4762500000E-01  0.1469799321    
 -0.4600000000E-01  0.1461907528    
 -0.4437500000E-01  0.1452988585    
 -0.4275000000E-01  0.1443552895    
 -0.4112500000E-01  0.1436001853    
 -0.3950000000E-01  0.1428082898    
 -0.3787500000E-01  0.1420237125    
 -0.3625000000E-01  0.1412572787    
 -0.3462500000E-01  0.1405206143    
 -0.3300000000E-01  0.1397891521    
 -0.3137500000E-01  0.1390996221    
 -0.2975000000E-01  0.1383629640    
 -0.2812500000E-01  0.1377041942    
 -0.2650000000E-01  0.1370650271    
 -0.2487500000E-01  0.1364454347    
 -0.2325000000E-01  0.1358451482    
 -0.2162500000E-01  0.1352410335    
 -0.2000000000E-01  0.1346540891    
 -0.1837500000E-01  0.1340593370    
 -0.1675000000E-01  0.1335597302    
 -0.1512500000E-01  0.1331918089    
 -0.1350000000E-01  0.1334311568    
 -0.1187500000E-01  0.1320587933    
 -0.1025000000E-01  0.1314884112    
 -0.8625000000E-02  0.1310957421    
 -0.7000000000E-02  0.1306502134    
 -0.5375000000E-02  0.1302229798    
 -0.3750000000E-02  0.1297864385    
 -0.2125000000E-02  0.1293789818    
 -0.5000000000E-03  0.1289960733    
  0.1125000000E-02  0.1286398971    
  0.2750000000E-02  0.1282676628    
  0.4375000000E-02  0.1279011218    
  0.6000000000E-02  0.1275938797    
  0.7625000000E-02  0.1272886928    
  0.9250000000E-02  0.1270879750    
  0.1087500000E-01  0.1266846377    
  0.1250000000E-01  0.1264058361    
  0.1412500000E-01  0.1261359377    
  0.1575000000E-01  0.1258898838    
  0.1737500000E-01  0.1256641298    
  0.1900000000E-01  0.1254257001    
  0.2062500000E-01  0.1252363715    
  0.2225000000E-01  0.1250083208    
  0.2387500000E-01  0.1248237883    
  0.2550000000E-01  0.1246559301    
  0.2712500000E-01  0.1245010174    
  0.2875000000E-01  0.1243479301    
  0.3037500000E-01  0.1241900872    
  0.3200000000E-01  0.1240818128    
  0.3362500000E-01  0.1239430390    
  0.3525000000E-01  0.1238866002    
  0.3687500000E-01  0.1237938142    
  0.3850000000E-01  0.1237916117    
  0.4012500000E-01  0.1237903147    
  0.4175000000E-01  0.1236774821    
  0.4337500000E-01  0.1235443722    
  0.4500000000E-01  0.1235149128    
  0.4662500000E-01  0.1234985819    
  0.4825000000E-01  0.1234552111    
  0.4987500000E-01  0.1234741182    
  0.5150000000E-01  0.1235076620    
  0.5312500000E-01  0.1235382899    
  0.5475000000E-01  0.1235756230    
  0.5637500000E-01  0.1236213598    
  0.5800000000E-01  0.1236820420    
  0.5962500000E-01  0.1238094558    
  0.6125000000E-01  0.1238525339    
  0.6287500000E-01  0.1239640434    
  0.6450000000E-01  0.1240703082    
  0.6612500000E-01  0.1241947847    
  0.6775000000E-01  0.1243360686    
  0.6937500000E-01  0.1244833957    
  0.7100000000E-01  0.1246424306    
  0.7262500000E-01  0.1248039631    
  0.7425000000E-01  0.1249912443    
  0.7587500000E-01  0.1251975444    
  0.7750000000E-01  0.1254139020    
  0.7912500000E-01  0.1256536544    
  0.8075000000E-01  0.1258892275    
  0.8237500000E-01  0.1261383907    
  0.8400000000E-01  0.1264379449    
  0.8562500000E-01  0.1267770271    
  0.8725000000E-01  0.1271690386    
  0.8887500000E-01  0.1274042964    
  0.9050000000E-01  0.1276609002    
  0.9212500000E-01  0.1279832471    
  0.9375000000E-01  0.1282811971    
  0.9537500000E-01  0.1286363473    
  0.9700000000E-01  0.1290119491    
  0.9862500000E-01  0.1293960081    
  0.1002500000      0.1298169977    
  0.1018750000      0.1303366389    
  0.1035000000      0.1306635838    
  0.1051250000      0.1311078721    
  0.1067500000      0.1315674060    
  0.1083750000      0.1320445827    
  0.1100000000      0.1325314330    
  0.1116250000      0.1330463266    
  0.1132500000      0.1335862771    
  0.1148750000      0.1341478524    
  0.1165000000      0.1347330927    
  0.1181250000      0.1354711626    
  0.1197500000      0.1359316874    
  0.1213750000      0.1365523054    
  0.1230000000      0.1371983510    
  0.1246250000      0.1378607906    
  0.1262500000      0.1385519650    
  0.1278750000      0.1392612901    
  0.1295000000      0.1399883990    
  0.1311250000      0.1407337746    
  0.1327500000      0.1415001138    
  0.1343750000      0.1422958008    
  0.1360000000      0.1431154877    
  0.1376250000      0.1439664689    
  0.1392500000      0.1448461548    
  0.1408750000      0.1457835582    
  0.1425000000      0.1467350999    
  0.1441250000      0.1476165518    
  0.1457500000      0.1485878964    
  0.1473750000      0.1496035608    
  0.1490000000      0.1506561697    
  0.1506250000      0.1517868304    
  0.1522500000      0.1529463313    
  0.1538750000      0.1542171230    
  0.1555000000      0.1553837818    
  0.1571250000      0.1564877078    
  0.1587500000      0.1577123067    
  0.1603750000      0.1589877242    
  0.1620000000      0.1603045705    
  0.1636250000      0.1616574406    
  0.1652500000      0.1630494785    
  0.1668750000      0.1642749832    
  0.1685000000      0.1660032945    
  0.1701250000      0.1675742660    
  0.1717500000      0.1691914422    
  0.1733750000      0.1708624206    
  0.1750000000      0.1725898256    
  0.1766250000      0.1743838025    
  0.1782500000      0.1762361742    
  0.1798750000      0.1781366362    
  0.1815000000      0.1800870749    
  0.1831250000      0.1821127112    
  0.1847500000      0.1842198130    
  0.1863750000      0.1864154426    
  0.1880000000      0.1887105750    
  0.1896250000      0.1911211978    
  0.1912500000      0.1936354266    
  0.1928750000      0.1962676683    
  0.1945000000      0.1990015363    
  0.1961250000      0.2018529709    
  0.1977500000      0.2048298141    
  0.1993750000      0.2079413168    
  0.2010000000      0.2112051475    
  0.2026250000      0.2146362845    
  0.2042500000      0.2182643504    
  0.2058750000      0.2223541290    
  0.2075000000      0.2258708162    
  0.2091250000      0.2301096631    
  0.2107500000      0.2345953178    
  0.2123750000      0.2393501064    
  0.2140000000      0.2444075049    
  0.2156250000      0.2498085545    
  0.2172500000      0.2555996952    
  0.2188750000      0.2618271482    
  0.2205000000      0.2685266277    
  0.2221250000      0.2758898185    
  0.2237500000      0.2838787030    
  0.2253750000      0.2926785480    
  0.2270000000      0.3023701531    
  0.2286250000      0.3132524645    
  0.2302500000      0.3255252179    
  0.2318750000      0.3394739711    
  0.2335000000      0.3555467384    
  0.2351250000      0.3743960876    
  0.2367500000      0.3968516486    
  0.2383750000      0.4241099356    
  0.2400000000      0.4579839376    
  0.2416250000      0.5012188172    
  0.2432500000      0.5581652468    
  0.2448750000      0.6358649515    
  0.2465000000      0.7461344998    
  0.2481250000      0.9089207168    
  0.2497500000       1.156511961    
  0.2513750000       1.529931805    
  0.2530000000       2.015825718    
  0.2546250000       2.377833050    
  0.2562500000       2.269411027    
  0.2578750000       1.830329193    
  0.2595000000       1.419435135    
  0.2611250000       1.143021567    
  0.2627500000      0.9745740962    
  0.2643750000      0.8759433017    
  0.2660000000      0.8215155335    
  0.2676250000      0.7962856661    
  0.2692500000      0.7917598128    
  0.2708750000      0.8032766129    
  0.2725000000      0.8285007020    
  0.2741250000      0.8667128075    
  0.2757500000      0.9182960935    
  0.2773750000      0.9847781109    
  0.2790000000       1.068846416    
  0.2806250000       1.174653174    
  0.2822500000       1.308437275    
  0.2838750000       1.479416076    
  0.2855000000       1.701482641    
  0.2871250000       1.996105574    
  0.2887500000       2.397169539    
  0.2903750000       2.959892980    
  0.2920000000       3.778741274    
  0.2936250000       5.011707776    
  0.2952500000       6.918479616    
  0.2968750000       9.836925024    
  0.2985000000       13.73664699    
  0.3001250000       16.82144090    
  0.3017500000       16.08008451    
  0.3033750000       12.49388039    
  0.3050000000       9.113648570    
  0.3066250000       6.889018738    
  0.3082500000       5.628593995    
  0.3098750000       5.058429751    
  0.3115000000       5.044562143    
  0.3131250000       5.589903084    
  0.3147500000       6.772786456    
  0.3163750000       8.458210232    
  0.3180000000       9.616668714    
  0.3196250000       8.910168976    
  0.3212500000       7.030623042    
  0.3228750000       5.348032239    
  0.3245000000       4.226670414    
  0.3261250000       3.553220641    
  0.3277500000       3.185009236    
  0.3293750000       3.033456830    
  0.3310000000       3.059308243    
  0.3326250000       3.262058618    
  0.3342500000       3.679858954    
  0.3358750000       4.402064420    
  0.3375000000       5.593545991    
  0.3391250000       7.499828440    
  0.3407500000       10.24031997    
  0.3423750000       12.90199279    
  0.3440000000       13.10960358    
  0.3456250000       10.66980363    
  0.3472500000       7.965048879    
  0.3488750000       6.084413826    
  0.3505000000       4.958466313    
  0.3521250000       4.342904894    
  0.3537500000       4.071795329    
  0.3553750000       4.061129550    
  0.3570000000       4.286207766    
  0.3586250000       4.771540128    
  0.3602500000       5.596705357    
  0.3618750000       6.921616460    
  0.3635000000       9.032559681    
  0.3651250000       12.38234006    
  0.3667500000       17.38608426    
  0.3683750000       23.13296679    
  0.3700000000       25.45556319    
  0.3716250000       21.75047898    
  0.3732500000       16.05656151    
  0.3748750000       11.65711948    
  0.3765000000       8.857862760    
  0.3781250000       7.175365964    
  0.3797500000       6.207304500    
  0.3813750000       5.715862922    
  0.3830000000       5.578216403    
  0.3846250000       5.746181285    
  0.3862500000       6.227537220    
  0.3878750000       7.086839148    
  0.3895000000       8.463685840    
  0.3911250000       10.61491454    
  0.3927500000       13.99559909    
  0.3943750000       19.36939264    
  0.3960000000       27.74666532    
  0.3976250000       39.09531900    
  0.3992500000       48.12471215    
  0.4008750000       45.68107665    
  0.4025000000       34.56689371    
  0.4041250000       23.96495233    
  0.4057500000       16.67387835    
  0.4073750000       12.01352951    
  0.4090000000       9.008139019    
  0.4106250000       7.007367068    
  0.4122500000       5.628193433    
  0.4138750000       4.645464788    
  0.4155000000       3.924820424    
  0.4171250000       3.383353005    
  0.4187500000       2.968139737    
  0.4203750000       2.644342020    
  0.4220000000       2.388379957    
  0.4236250000       2.183894042    
  0.4252500000       2.019279228    
  0.4268750000       1.886156811    
  0.4285000000       1.778356974    
  0.4301250000       1.691279506    
  0.4317500000       1.621428616    
  0.4333750000       1.566355365    
  0.4350000000       1.524512296    
  0.4366250000       1.494529270    
  0.4382500000       1.474995544    
  0.4398750000       1.465228616    
  0.4415000000       1.465010922    
  0.4431250000       1.474322906    
  0.4447500000       1.493380868    
  0.4463750000       1.522635762    
  0.4480000000       1.562846239    
  0.4496250000       1.615162390    
  0.4512500000       1.680906135    
  0.4528750000       1.763309789    
  0.4545000000       1.864544626    
  0.4561250000       1.989208660    
  0.4577500000       2.143235625    
  0.4593750000       2.334970553    
  0.4610000000       2.576391165    
  0.4626250000       2.885153052    
  0.4642500000       3.287981352    
  0.4658750000       3.826644981    
  0.4675000000       4.568975065    
  0.4691250000       5.628299519    
  0.4707500000       7.196116381    
  0.4723750000       9.575855501    
  0.4740000000       13.10170366    
  0.4756250000       17.60796373    
  0.4772500000       22.00387188    
  0.4788750000       25.21275929    
  0.4805000000       26.04759895    
  0.4821250000       24.34537336    
  0.4837500000       20.18902898    
  0.4853750000       15.44592808    
  0.4870000000       11.99640403    
  0.4886250000       9.972890507    
  0.4902500000       8.985028018    
  0.4918750000       8.746110349    
  0.4935000000       9.137994561    
  0.4951250000       10.18852330    
  0.4967500000       12.07803969    
  0.4983750000       15.18692724    
