 -0.1808426262E-03  0.1486312544E-03
 -0.1768640889E-03  0.2753909944E-03
 -0.1728855515E-03  0.3165147133E-03
 -0.1689070142E-03  0.2884110037E-03
 -0.1649284769E-03  0.2320821422E-03
 -0.1609499396E-03  0.2240698940E-03
 -0.1569714023E-03  0.2167077218E-03
 -0.1529928650E-03  0.2133926103E-03
 -0.1490143276E-03  0.2129562529E-03
 -0.1450357903E-03  0.2603005795E-03
 -0.1410572530E-03  0.3002895587E-03
 -0.1370787157E-03  0.3102669636E-03
 -0.1331001784E-03  0.2713891658E-03
 -0.1291216411E-03  0.2500962101E-03
 -0.1251431037E-03  0.2720685095E-03
 -0.1211645664E-03  0.2216094825E-03
 -0.1171860291E-03  0.2061627561E-03
 -0.1132074918E-03  0.1463786740E-03
 -0.1092289545E-03  0.1977499514E-03
 -0.1052504172E-03  0.1737908679E-03
 -0.1012718798E-03  0.1611302992E-03
 -0.9729334252E-04  0.2317900946E-03
 -0.9331480520E-04  0.2768366039E-03
 -0.8933626789E-04  0.2917724209E-03
 -0.8535773057E-04  0.2026799998E-03
 -0.8137919325E-04  0.1840666610E-03
 -0.7740065594E-04  0.2044289657E-03
 -0.7342211862E-04  0.2121815827E-03
 -0.6944358130E-04  0.2059031140E-03
 -0.6546504399E-04  0.1775189099E-03
 -0.6148650667E-04  0.1617404912E-03
 -0.5750796936E-04  0.1222544583E-03
 -0.5352943204E-04  0.1000401154E-03
 -0.4955089472E-04  0.9859881892E-04
 -0.4557235741E-04  0.1000872450E-03
 -0.4159382009E-04  0.8798463219E-04
 -0.3761528277E-04  0.9673748333E-04
 -0.3363674546E-04  0.1045200063E-03
 -0.2965820814E-04  0.1101424008E-03
 -0.2567967082E-04  0.5696841541E-04
 -0.2170113351E-04  0.3869062916E-04
 -0.1772259619E-04  0.1875315966E-04
 -0.1374405887E-04  0.1656432473E-04
 -0.9765521557E-05  0.2598969075E-04
 -0.5786984241E-05  0.2598388555E-04
 -0.1808446924E-05  0.1838916113E-04
  0.2170090392E-05  0.1994680648E-34
  0.6148627709E-05   0.000000000    
  0.1012716503E-04  0.2218403550E-04
  0.1410570234E-04  0.4787310539E-04
  0.1808423966E-04  0.6420324930E-04
  0.2206277697E-04  0.4916274521E-04
  0.2604131429E-04  0.3220684438E-04
  0.3001985161E-04  0.4309974714E-04
  0.3399838892E-04  0.9650969800E-04
  0.3797692624E-04  0.1403258254E-03
  0.4195546356E-04  0.1431741251E-03
  0.4593400087E-04  0.1034711681E-03
  0.4991253819E-04  0.9335027807E-04
  0.5389107551E-04  0.1276632621E-03
  0.5786961282E-04  0.1766534470E-03
  0.6184815014E-04  0.2248696725E-03
  0.6582668746E-04  0.2246347252E-03
  0.6980522477E-04  0.1787944409E-03
  0.7378376209E-04  0.2251448482E-03
  0.7776229941E-04  0.2127447560E-03
  0.8174083672E-04  0.2535864456E-03
  0.8571937404E-04  0.2288816815E-03
  0.8969791136E-04  0.2904202352E-03
  0.9367644867E-04  0.3200839161E-03
  0.9765498599E-04  0.2845678599E-03
  0.1016335233E-03  0.3137292230E-03
  0.1056120606E-03  0.3180206108E-03
  0.1095905979E-03  0.3750613816E-03
  0.1135691353E-03  0.3837076242E-03
  0.1175476726E-03  0.4491293821E-03
  0.1215262099E-03  0.4246863469E-03
  0.1255047472E-03  0.3597768359E-03
  0.1294832845E-03  0.3297324056E-03
  0.1334618218E-03  0.4025997736E-03
  0.1374403592E-03  0.4600787617E-03
  0.1414188965E-03  0.5094009577E-03
  0.1453974338E-03  0.4840432849E-03
  0.1493759711E-03  0.6284412188E-03
  0.1533545084E-03  0.6679803478E-03
  0.1573330457E-03  0.6766543411E-03
  0.1613115831E-03  0.6151494974E-03
  0.1652901204E-03  0.6643016460E-03
  0.1692686577E-03  0.7085920604E-03
  0.1732471950E-03  0.6660286656E-03
  0.1772257323E-03  0.6654779798E-03
  0.1812042696E-03  0.7014597529E-03
  0.1851828070E-03  0.7225200558E-03
  0.1891613443E-03  0.7378954393E-03
  0.1931398816E-03  0.8600541734E-03
  0.1971184189E-03  0.1091399779E-02
  0.2010969562E-03  0.1014132482E-02
  0.2050754935E-03  0.1015129517E-02
  0.2090540309E-03  0.1067431675E-02
  0.2130325682E-03  0.1168961083E-02
  0.2170111055E-03  0.1042104049E-02
  0.2209896428E-03  0.9021205989E-03
  0.2249681801E-03  0.1012719292E-02
  0.2289467174E-03  0.1129863955E-02
  0.2329252547E-03  0.1300706611E-02
  0.2369037921E-03  0.1427621736E-02
  0.2408823294E-03  0.1538465356E-02
  0.2448608667E-03  0.1446370985E-02
  0.2488394040E-03  0.1482648841E-02
  0.2528179413E-03  0.1484611225E-02
  0.2567964786E-03  0.1582069839E-02
  0.2607750160E-03  0.1632624786E-02
  0.2647535533E-03  0.1714429157E-02
  0.2687320906E-03  0.1599440907E-02
  0.2727106279E-03  0.1750142895E-02
  0.2766891652E-03  0.1929977047E-02
  0.2806677025E-03  0.2189485375E-02
  0.2846462399E-03  0.2211244815E-02
  0.2886247772E-03  0.2219822499E-02
  0.2926033145E-03  0.2368556009E-02
  0.2965818518E-03  0.2135515801E-02
  0.3005603891E-03  0.2159421066E-02
  0.3045389264E-03  0.2328511436E-02
  0.3085174638E-03  0.2732961175E-02
  0.3124960011E-03  0.2835254183E-02
  0.3164745384E-03  0.2869947978E-02
  0.3204530757E-03  0.2769680048E-02
  0.3244316130E-03  0.3054715816E-02
  0.3284101503E-03  0.3050040907E-02
  0.3323886877E-03  0.3458168471E-02
  0.3363672250E-03  0.3441137514E-02
  0.3403457623E-03  0.3493550465E-02
  0.3443242996E-03  0.3516756189E-02
  0.3483028369E-03  0.3600129383E-02
  0.3522813742E-03  0.3935056926E-02
  0.3562599116E-03  0.4226933007E-02
  0.3602384489E-03  0.4375147570E-02
  0.3642169862E-03  0.4413146248E-02
  0.3681955235E-03  0.4605127099E-02
  0.3721740608E-03  0.5057373727E-02
  0.3761525981E-03  0.5232686880E-02
  0.3801311355E-03  0.5319776849E-02
  0.3841096728E-03  0.5197525198E-02
  0.3880882101E-03  0.5734402925E-02
  0.3920667474E-03  0.5831294903E-02
  0.3960452847E-03  0.6221608148E-02
  0.4000238220E-03  0.6535844309E-02
  0.4040023594E-03  0.6871682882E-02
  0.4079808967E-03  0.7238239431E-02
  0.4119594340E-03  0.7323356675E-02
  0.4159379713E-03  0.7599023801E-02
  0.4199165086E-03  0.8024245233E-02
  0.4238950459E-03  0.8414231803E-02
  0.4278735833E-03  0.8942037838E-02
  0.4318521206E-03  0.8931046801E-02
  0.4358306579E-03  0.9203890298E-02
  0.4398091952E-03  0.9428727404E-02
  0.4437877325E-03  0.1011251296E-01
  0.4477662698E-03  0.1084704921E-01
  0.4517448072E-03  0.1118935648E-01
  0.4557233445E-03  0.1159552872E-01
  0.4597018818E-03  0.1113327044E-01
  0.4636804191E-03  0.1223187780E-01
  0.4676589564E-03  0.1227517067E-01
  0.4716374937E-03  0.1345803737E-01
  0.4756160311E-03  0.1294898566E-01
  0.4795945684E-03  0.1311446425E-01
  0.4835731057E-03  0.1469673749E-01
  0.4875516430E-03  0.1529466756E-01
  0.4915301803E-03  0.1642395971E-01
  0.4955087176E-03  0.1520149124E-01
  0.4994872550E-03  0.1543291611E-01
  0.5034657923E-03  0.1674337054E-01
  0.5074443296E-03  0.1782900470E-01
  0.5114228669E-03  0.1881774503E-01
  0.5154014042E-03  0.1794071218E-01
  0.5193799415E-03  0.1863130449E-01
  0.5233584789E-03  0.2006884822E-01
  0.5273370162E-03  0.2063862220E-01
  0.5313155535E-03  0.2096983475E-01
  0.5352940908E-03  0.2116463184E-01
  0.5392726281E-03  0.2238200045E-01
  0.5432511654E-03  0.2360094328E-01
  0.5472297028E-03  0.2338253607E-01
  0.5512082401E-03  0.2489123880E-01
  0.5551867774E-03  0.2509053463E-01
  0.5591653147E-03  0.2653248691E-01
  0.5631438520E-03  0.2736793609E-01
  0.5671223893E-03  0.2843714857E-01
  0.5711009267E-03  0.3014281374E-01
  0.5750794640E-03  0.3045490887E-01
  0.5790580013E-03  0.3140099968E-01
  0.5830365386E-03  0.3232095031E-01
  0.5870150759E-03  0.3386776011E-01
  0.5909936132E-03  0.3574338830E-01
  0.5949721506E-03  0.3682164546E-01
  0.5989506879E-03  0.3853152349E-01
  0.6029292252E-03  0.3875430179E-01
  0.6069077625E-03  0.4097374130E-01
  0.6108862998E-03  0.4269065619E-01
  0.6148648371E-03  0.4571207272E-01
  0.6188433745E-03  0.4685513204E-01
  0.6228219118E-03  0.4840474223E-01
  0.6268004491E-03  0.4935430712E-01
  0.6307789864E-03  0.5314571074E-01
  0.6347575237E-03  0.5666719747E-01
  0.6387360610E-03  0.6057865782E-01
  0.6427145984E-03  0.6337276414E-01
  0.6466931357E-03  0.6615064369E-01
  0.6506716730E-03  0.7351737953E-01
  0.6546502103E-03  0.8495394851E-01
  0.6586287476E-03  0.9401315163E-01
  0.6626072849E-03  0.9934982598E-01
  0.6665858222E-03  0.9931249569E-01
  0.6705643596E-03  0.9866897590E-01
  0.6745428969E-03  0.1000356873    
  0.6785214342E-03  0.9820695841E-01
  0.6824999715E-03  0.1003124350    
  0.6864785088E-03  0.9993789894E-01
  0.6904570461E-03  0.1013390590    
  0.6944355835E-03  0.1013055510    
  0.6984141208E-03  0.1013599617    
  0.7023926581E-03  0.1025349587    
  0.7063711954E-03  0.1052821559    
  0.7103497327E-03  0.1046298997    
  0.7143282700E-03  0.1038352439    
  0.7183068074E-03  0.1039809692    
  0.7222853447E-03  0.1049796447    
  0.7262638820E-03  0.1070143813    
  0.7302424193E-03  0.1056572193    
  0.7342209566E-03  0.1076130716    
  0.7381994939E-03  0.1073588040    
  0.7421780313E-03  0.1110851318    
  0.7461565686E-03  0.1114080943    
  0.7501351059E-03  0.1138148963    
  0.7541136432E-03  0.1112376319    
  0.7580921805E-03  0.1138904212    
  0.7620707178E-03  0.1150064108    
  0.7660492552E-03  0.1175893430    
  0.7700277925E-03  0.1193693357    
  0.7740063298E-03  0.1186857088    
  0.7779848671E-03  0.1228244178    
  0.7819634044E-03  0.1230314153    
  0.7859419417E-03  0.1263817748    
  0.7899204791E-03  0.1275278645    
  0.7938990164E-03  0.1285792735    
  0.7978775537E-03  0.1322864369    
  0.8018560910E-03  0.1342809495    
  0.8058346283E-03  0.1385208960    
  0.8098131656E-03  0.1430014037    
  0.8137917030E-03  0.1438504478    
  0.8177702403E-03  0.1488915840    
  0.8217487776E-03  0.1511634864    
  0.8257273149E-03  0.1588005720    
  0.8297058522E-03  0.1620030724    
  0.8336843895E-03  0.1626881929    
  0.8376629269E-03  0.1644354384    
  0.8416414642E-03  0.1648815495    
  0.8456200015E-03  0.1695779929    
  0.8495985388E-03  0.1713657024    
  0.8535770761E-03  0.1713606293    
  0.8575556134E-03  0.1698323733    
  0.8615341508E-03  0.1705420826    
  0.8655126881E-03  0.1736562887    
  0.8694912254E-03  0.1795133876    
  0.8734697627E-03  0.1790268017    
  0.8774483000E-03  0.1820236860    
  0.8814268373E-03  0.1831938618    
  0.8854053747E-03  0.1875852800    
  0.8893839120E-03  0.1923586788    
  0.8933624493E-03  0.1957722773    
  0.8973409866E-03  0.1977402506    
  0.9013195239E-03  0.2018452446    
  0.9052980612E-03  0.2066319004    
  0.9092765986E-03  0.2139487245    
  0.9132551359E-03  0.2167484516    
  0.9172336732E-03  0.2211033051    
  0.9212122105E-03  0.2251974387    
  0.9251907478E-03  0.2310381146    
  0.9291692851E-03  0.2317076612    
  0.9331478225E-03  0.2353180169    
  0.9371263598E-03  0.2382216661    
  0.9411048971E-03  0.2421412845    
  0.9450834344E-03  0.2483303874    
  0.9490619717E-03  0.2490668583    
  0.9530405090E-03  0.2525791625    
  0.9570190464E-03  0.2508793529    
  0.9609975837E-03  0.2566859204    
  0.9649761210E-03  0.2619856195    
  0.9689546583E-03  0.2681458890    
  0.9729331956E-03  0.2710465786    
  0.9769117329E-03  0.2703863540    
  0.9808902703E-03  0.2613794021    
  0.9848688076E-03  0.2483481155    
  0.9888473449E-03  0.2344887179    
  0.9928258822E-03  0.2288416251    
  0.9968044195E-03  0.2227325632    
  0.1000782957E-02  0.2194011752    
  0.1004761494E-02  0.2080731751    
  0.1008740031E-02  0.2006605170    
  0.1012718569E-02  0.1910309064    
  0.1016697106E-02  0.1839813975    
  0.1020675643E-02  0.1749247443    
  0.1024654181E-02  0.1732813098    
  0.1028632718E-02  0.1757118588    
  0.1032611255E-02  0.1740543929    
  0.1036589793E-02  0.1740947797    
  0.1040568330E-02  0.1709899669    
  0.1044546867E-02  0.1758168492    
  0.1048525405E-02  0.1761891776    
  0.1052503942E-02  0.1779508245    
  0.1056482479E-02  0.1790024020    
  0.1060461017E-02  0.1813385796    
  0.1064439554E-02  0.1825473769    
  0.1068418091E-02  0.1814675107    
  0.1072396629E-02  0.1807581721    
  0.1076375166E-02  0.1853673518    
  0.1080353703E-02  0.1867457737    
  0.1084332240E-02  0.1869655623    
  0.1088310778E-02  0.1856120859    
  0.1092289315E-02  0.1894987356    
  0.1096267852E-02  0.1911077841    
  0.1100246390E-02  0.1917944789    
  0.1104224927E-02  0.1924879828    
  0.1108203464E-02  0.1924253558    
  0.1112182002E-02  0.1936426584    
  0.1116160539E-02  0.1953169230    
  0.1120139076E-02  0.1965597864    
  0.1124117614E-02  0.1973668019    
  0.1128096151E-02  0.2001622165    
  0.1132074688E-02  0.2007574921    
  0.1136053226E-02  0.1992229527    
  0.1140031763E-02  0.1986392473    
  0.1144010300E-02  0.2028906719    
  0.1147988838E-02  0.2029594156    
  0.1151967375E-02  0.2023527120    
  0.1155945912E-02  0.1991991118    
  0.1159924449E-02  0.2029245090    
  0.1163902987E-02  0.2023281927    
  0.1167881524E-02  0.2008925690    
  0.1171860061E-02  0.2020783836    
  0.1175838599E-02  0.1985854804    
  0.1179817136E-02  0.1974281360    
  0.1183795673E-02  0.1954981927    
  0.1187774211E-02  0.1962874992    
  0.1191752748E-02  0.1965853909    
  0.1195731285E-02  0.1904580289    
  0.1199709823E-02  0.1875463461    
  0.1203688360E-02  0.1858981315    
  0.1207666897E-02  0.1825039869    
  0.1211645435E-02  0.1822688813    
  0.1215623972E-02  0.1763724978    
  0.1219602509E-02  0.1768565139    
  0.1223581047E-02  0.1677340098    
  0.1227559584E-02  0.1665880688    
  0.1231538121E-02  0.1588844622    
  0.1235516659E-02  0.1532208807    
  0.1239495196E-02  0.1445122878    
  0.1243473733E-02  0.1383919029    
  0.1247452270E-02  0.1372399777    
  0.1251430808E-02  0.1338844742    
  0.1255409345E-02  0.1371080758    
  0.1259387882E-02  0.1379617535    
  0.1263366420E-02  0.1439094481    
  0.1267344957E-02  0.1476638246    
  0.1271323494E-02  0.1535207268    
  0.1275302032E-02  0.1576453872    
  0.1279280569E-02  0.1628440168    
  0.1283259106E-02  0.1707980298    
  0.1287237644E-02  0.1829418594    
  0.1291216181E-02  0.1896015698    
  0.1295194718E-02  0.1998189510    
  0.1299173256E-02  0.2066539814    
  0.1303151793E-02  0.2160904116    
  0.1307130330E-02  0.2279832237    
  0.1311108868E-02  0.2390745819    
  0.1315087405E-02  0.2537601060    
  0.1319065942E-02  0.2666619982    
  0.1323044479E-02  0.2752657496    
  0.1327023017E-02  0.2951972187    
  0.1331001554E-02  0.3067240221    
  0.1334980091E-02  0.3245073068    
  0.1338958629E-02  0.3384719098    
  0.1342937166E-02  0.3523048840    
  0.1346915703E-02  0.3771866355    
  0.1350894241E-02  0.4001234273    
  0.1354872778E-02  0.4307752699    
  0.1358851315E-02  0.4591587293    
  0.1362829853E-02  0.5004092261    
  0.1366808390E-02  0.5461501132    
  0.1370786927E-02  0.5836726613    
  0.1374765465E-02  0.5901836825    
  0.1378744002E-02  0.5834320238    
  0.1382722539E-02  0.5682518069    
  0.1386701077E-02  0.5570240047    
  0.1390679614E-02  0.5430294693    
  0.1394658151E-02  0.5353694019    
  0.1398636688E-02  0.5303436486    
  0.1402615226E-02  0.5329456414    
  0.1406593763E-02  0.5317442884    
  0.1410572300E-02  0.5388568577    
  0.1414550838E-02  0.5382934827    
  0.1418529375E-02  0.5438753913    
  0.1422507912E-02  0.5450922247    
  0.1426486450E-02  0.5541694744    
  0.1430464987E-02  0.5676624393    
  0.1434443524E-02  0.5782366855    
  0.1438422062E-02  0.5999985072    
  0.1442400599E-02  0.6106097701    
  0.1446379136E-02  0.6420668651    
  0.1450357674E-02  0.6833438147    
  0.1454336211E-02  0.7212229106    
  0.1458314748E-02  0.7516990083    
  0.1462293286E-02  0.7348204976    
  0.1466271823E-02  0.7081069182    
  0.1470250360E-02  0.6593678456    
  0.1474228898E-02  0.6338603324    
  0.1478207435E-02  0.6141880135    
  0.1482185972E-02  0.6026401763    
  0.1486164509E-02  0.5757216947    
  0.1490143047E-02  0.5458649432    
  0.1494121584E-02  0.4994360228    
  0.1498100121E-02  0.4602342753    
  0.1502078659E-02  0.4274304091    
  0.1506057196E-02  0.4062400705    
  0.1510035733E-02  0.3764532731    
  0.1514014271E-02  0.3423280617    
  0.1517992808E-02  0.3052712112    
  0.1521971345E-02  0.2753850627    
  0.1525949883E-02  0.2579603264    
  0.1529928420E-02  0.2415304756    
  0.1533906957E-02  0.2246154773    
  0.1537885495E-02  0.2075639988    
  0.1541864032E-02  0.1884399387    
  0.1545842569E-02  0.1747149108    
  0.1549821107E-02  0.1510549896    
  0.1553799644E-02  0.1318714882    
  0.1557778181E-02  0.1016814986    
  0.1561756718E-02  0.7592465735E-01
  0.1565735256E-02  0.5707736455E-01
  0.1569713793E-02  0.5530535482E-01
  0.1573692330E-02  0.5070682221E-01
  0.1577670868E-02  0.4919879505E-01
  0.1581649405E-02  0.4569132903E-01
  0.1585627942E-02  0.4625558295E-01
  0.1589606480E-02  0.4219434041E-01
  0.1593585017E-02  0.3996641807E-01
  0.1597563554E-02  0.3616406166E-01
  0.1601542092E-02  0.3723839475E-01
  0.1605520629E-02  0.3243074884E-01
  0.1609499166E-02  0.3236621632E-01
  0.1613477704E-02  0.2836988713E-01
  0.1617456241E-02  0.2633458359E-01
  0.1621434778E-02  0.2473928504E-01
  0.1625413316E-02  0.2220849431E-01
  0.1629391853E-02  0.1977182607E-01
  0.1633370390E-02  0.1575852557E-01
  0.1637348927E-02  0.1206676176E-01
  0.1641327465E-02  0.7160197122E-02
  0.1645306002E-02  0.3107037115E-02
  0.1649284539E-02  0.4152109777E-04
  0.1653263077E-02   0.000000000    
  0.1657241614E-02   0.000000000    
  0.1661220151E-02   0.000000000    
  0.1665198689E-02   0.000000000    
  0.1669177226E-02   0.000000000    
  0.1673155763E-02   0.000000000    
  0.1677134301E-02   0.000000000    
  0.1681112838E-02   0.000000000    
  0.1685091375E-02   0.000000000    
  0.1689069913E-02   0.000000000    
  0.1693048450E-02   0.000000000    
  0.1697026987E-02   0.000000000    
  0.1701005525E-02   0.000000000    
  0.1704984062E-02   0.000000000    
  0.1708962599E-02   0.000000000    
  0.1712941136E-02   0.000000000    
  0.1716919674E-02   0.000000000    
  0.1720898211E-02   0.000000000    
  0.1724876748E-02   0.000000000    
  0.1728855286E-02   0.000000000    
  0.1732833823E-02   0.000000000    
  0.1736812360E-02   0.000000000    
  0.1740790898E-02   0.000000000    
  0.1744769435E-02   0.000000000    
  0.1748747972E-02   0.000000000    
  0.1752726510E-02   0.000000000    
  0.1756705047E-02   0.000000000    
  0.1760683584E-02   0.000000000    
  0.1764662122E-02   0.000000000    
  0.1768640659E-02   0.000000000    
  0.1772619196E-02   0.000000000    
  0.1776597734E-02   0.000000000    
  0.1780576271E-02   0.000000000    
  0.1784554808E-02   0.000000000    
  0.1788533346E-02   0.000000000    
  0.1792511883E-02   0.000000000    
  0.1796490420E-02   0.000000000    
  0.1800468957E-02   0.000000000    
  0.1804447495E-02   0.000000000    
