  0.1165486246      0.4552402555E-05   1.420983284    
  0.1475569742      0.4552938572E-05   1.420981757    
  0.1785653239      0.4552717911E-05   1.420979836    
  0.2095736736      0.4549299004E-05   1.420977344    
  0.2405820232      0.4541859195E-05   1.420974476    
  0.2715903729      0.4529830978E-05   1.420971531    
  0.3025987225      0.4509266570E-05   1.420968891    
  0.3336070722      0.4478685366E-05   1.420965929    
  0.3646154218      0.4436646796E-05   1.420963814    
  0.3956237715      0.4383357043E-05   1.420961579    
  0.4266321212      0.4317956452E-05   1.420960056    
  0.4576404708      0.4233422063E-05   1.420958113    
  0.4886488205      0.4135280324E-05   1.420956880    
  0.5196571701      0.4019366591E-05   1.420956676    
  0.5506655198      0.3879118541E-05   1.420955951    
  0.5816738695      0.3720175841E-05   1.420956102    
  0.6126822191      0.3524844898E-05   1.420957407    
  0.6436905688      0.3306251083E-05   1.420958238    
  0.6746989184      0.3051145288E-05   1.420960166    
  0.7057072681      0.2736902359E-05   1.420962255    
  0.7367156177      0.2356544574E-05   1.420964242    
  0.7677239674      0.1873202066E-05   1.420967109    
  0.7987323171      0.1135679257E-05   1.420970527    
  0.8297406667      0.1612068212E-06   1.420973459    
  0.8607490164      0.1014285074E-08   1.420973018    
  0.8917573660      0.3090708148E-09   1.420973260    
  0.9227657157      0.3058819562E-09   1.420973239    
  0.9537740653      0.1732715892E-09   1.420973456    
  0.9847824150      0.1704154311E-09   1.420972642    
   1.015790765      0.1221315618E-09   1.420972960    
   1.046799114      0.1193788232E-09   1.420973027    
   1.077807464      0.1164411394E-09   1.420973179    
   1.108815814      0.8692591807E-10   1.420973751    
   1.139824163      0.8425204931E-10   1.420973025    
   1.170832513      0.8150922992E-10   1.420973277    
   1.201840863      0.7867187104E-10   1.420972679    
   1.232849212      0.6217049624E-10   1.420973616    
   1.263857562      0.5964292132E-10   1.420971873    
   1.294865912      0.5711566594E-10   1.420972114    
   1.325874261      0.5458352572E-10   1.420972286    
   1.356882611      0.5205039631E-10   1.420972556    
   1.387890961      0.4952434538E-10   1.420973091    
   1.418899310      0.4701509238E-10   1.420974058    
   1.449907660      0.4453272493E-10   1.420973018    
   1.480916010      0.4209715523E-10   1.420972633    
   1.511924359      0.3970688711E-10   1.420973072    
   1.542932709      0.3737938168E-10   1.420971723    
   1.573941059      0.3511185225E-10   1.420971422    
   1.604949408      0.3291913086E-10   1.420972338    
   1.635957758      0.3079721213E-10   1.420971688    
   1.666966107      0.2875840157E-10   1.420972478    
   1.697974457      0.2680536908E-10   1.420971816    
   1.728982807      0.2493253717E-10   1.420972815    
   1.759991156      0.2314865216E-10   1.420972475    
   1.790999506      0.2145413587E-10   1.420974018    
   1.822007856      0.1984868512E-10   1.420974333    
   1.853016205      0.1833142660E-10   1.420973422    
   1.884024555      0.1690098591E-10   1.420971279    
   1.915032905      0.1555555575E-10   1.420971359    
   1.946041254      0.1429295777E-10   1.420973826    
   1.977049604      0.1311073771E-10   1.420971727    
   2.008057954      0.1200621091E-10   1.420972128    
   2.039066303      0.1097647484E-10   1.420971522    
   2.070074653      0.1001848377E-10   1.420973641    
   2.101083003      0.9132507558E-11   1.420971081    
   2.132091352      0.8311503069E-11   1.420971357    
   2.163099702      0.7552136187E-11   1.420974632    
   2.194108052      0.6851120695E-11   1.420973179    
   2.225116401      0.6205219904E-11   1.420970828    
   2.256124751      0.5613524349E-11   1.420971650    
   2.287133101      0.5070291318E-11   1.420971688    
   2.318141450      0.4572432423E-11   1.420970944    
   2.349149800      0.4118744521E-11   1.420973651    
   2.380158150      0.3704343015E-11   1.420971399    
   2.411166499      0.3326468409E-11   1.420972710    
   2.442174849      0.2983837193E-11   1.420973349    
   2.473183199      0.2672408382E-11   1.420973318    
   2.504191548      0.2390920329E-11   1.420972617    
   2.535199898      0.2135846495E-11   1.420971245    
   2.566208248      0.1905074615E-11   1.420973826    
