   0.000000000     -0.3420208952E-10
  0.1367793241E-01  0.1395975825E-04
  0.2735586482E-01  0.2811116802E-04
  0.4103379724E-01  0.4263638565E-04
  0.5471172965E-01  0.5769959260E-04
  0.6838966206E-01  0.7344031904E-04
  0.8206759447E-01  0.8996898946E-04
  0.9574552688E-01  0.1073647223E-03
  0.1094234593      0.1256751165E-03
  0.1231013917      0.1449175914E-03
  0.1367793241      0.1650818093E-03
  0.1504572565      0.1861327570E-03
  0.1641351889      0.2080141521E-03
  0.1778131214      0.2306519397E-03
  0.1914910538      0.2539577266E-03
  0.2051689862      0.2778320642E-03
  0.2188469186      0.3021675364E-03
  0.2325248510      0.3268516307E-03
  0.2462027834      0.3517693906E-03
  0.2598807158      0.3768058469E-03
  0.2735586482      0.4018482323E-03
  0.2872365807      0.4267879789E-03
  0.3009145131      0.4515224963E-03
  0.3145924455      0.4759567251E-03
  0.3282703779      0.5000044597E-03
  0.3419483103      0.5235894294E-03
  0.3556262427      0.5466461283E-03
  0.3693041751      0.5691203841E-03
  0.3829821075      0.5909696551E-03
  0.3966600400      0.6121630513E-03
  0.4103379724      0.6326810726E-03
  0.4240159048      0.6525150689E-03
  0.4376938372      0.6716664277E-03
  0.4513717696      0.6901455040E-03
  0.4650497020      0.7079703165E-03
  0.4787276344      0.7251650399E-03
  0.4924055668      0.7417583354E-03
  0.5060834992      0.7577815682E-03
  0.5197614317      0.7732669673E-03
  0.5334393641      0.7882457918E-03
  0.5471172965      0.8027465676E-03
  0.5607952289      0.8167934605E-03
  0.5744731613      0.8304048486E-03
  0.5881510937      0.8435921480E-03
  0.6018290261      0.8563589386E-03
  0.6155069585      0.8687004217E-03
  0.6291848910      0.8806032273E-03
  0.6428628234      0.8920455733E-03
  0.6565407558      0.9029977638E-03
  0.6702186882      0.9134229989E-03
  0.6838966206      0.9232784567E-03
  0.6975745530      0.9325165990E-03
  0.7112524854      0.9410866446E-03
  0.7249304178      0.9489361531E-03
  0.7386083503      0.9560126588E-03
  0.7522862827      0.9622652970E-03
  0.7659642151      0.9676463705E-03
  0.7796421475      0.9721128052E-03
  0.7933200799      0.9756274546E-03
  0.8069980123      0.9781602152E-03
  0.8206759447      0.9796889239E-03
  0.8343538771      0.9802000156E-03
  0.8482356956      0.9800119746E-03
  0.8621175141      0.9794484320E-03
  0.8759993325      0.9785111233E-03
  0.8898811510      0.9772029234E-03
  0.9037629694      0.9755278196E-03
  0.9176447879      0.9734908747E-03
  0.9315266063      0.9710981796E-03
  0.9454084248      0.9683567957E-03
  0.9592902433      0.9652746882E-03
  0.9731720617      0.9618606501E-03
  0.9870538802      0.9581242167E-03
   1.000935699      0.9540755731E-03
   1.014817517      0.9497254534E-03
   1.028699336      0.9450850337E-03
   1.042581154      0.9401658186E-03
   1.056462972      0.9349795237E-03
   1.070344791      0.9295379529E-03
   1.084226609      0.9238528741E-03
   1.098108428      0.9179358925E-03
   1.111990246      0.9117983239E-03
   1.125872065      0.9054510692E-03
   1.139753883      0.8989044905E-03
   1.153635702      0.8921682923E-03
   1.167517520      0.8852514070E-03
   1.181399339      0.8781618880E-03
   1.195281157      0.8709068102E-03
   1.209162975      0.8634921812E-03
   1.223044794      0.8559228627E-03
   1.236926612      0.8482025043E-03
   1.250808431      0.8403334907E-03
   1.264690249      0.8323169032E-03
   1.278572068      0.8241524954E-03
   1.292453886      0.8158386854E-03
   1.306335705      0.8073725629E-03
   1.320217523      0.7987499122E-03
   1.334099342      0.7899652517E-03
   1.347981160      0.7810118872E-03
   1.361862979      0.7718819810E-03
   1.375744797      0.7625666343E-03
   1.389626615      0.7530559821E-03
   1.403508434      0.7433392998E-03
   1.417390252      0.7334051198E-03
   1.431272071      0.7232413569E-03
   1.445153889      0.7128354400E-03
   1.459035708      0.7021744503E-03
   1.472917526      0.6912452620E-03
   1.486799345      0.6800346858E-03
   1.500681163      0.6685296127E-03
   1.514562982      0.6567171566E-03
   1.528444800      0.6445847946E-03
   1.542326618      0.6321205026E-03
   1.556208437      0.6193128872E-03
   1.570090255      0.6061513098E-03
   1.583972074      0.5926260046E-03
   1.597853892      0.5787281877E-03
   1.611735711      0.5644501584E-03
   1.625617529      0.5497853900E-03
   1.639499348      0.5347286120E-03
   1.653381166      0.5192758811E-03
   1.667262985      0.5034246429E-03
   1.681144803      0.4871737824E-03
   1.695026621      0.4705236645E-03
   1.708908440      0.4534761639E-03
   1.722790258      0.4360346849E-03
   1.736672077      0.4182041715E-03
   1.750553895      0.3999911068E-03
   1.764435714      0.3814035037E-03
   1.778317532      0.3624508865E-03
   1.792199351      0.3431442632E-03
   1.806081169      0.3234960901E-03
   1.819962988      0.3035202275E-03
   1.833844806      0.2832318892E-03
   1.847726625      0.2626475838E-03
   1.861608443      0.2417850498E-03
   1.875490261      0.2206631848E-03
   1.889372080      0.1993019688E-03
   1.903253898      0.1777223822E-03
   1.917135717      0.1559463192E-03
   1.931017535      0.1339964970E-03
   1.944899354      0.1118963613E-03
   1.958781172      0.8966998794E-04
   1.972662991      0.6734198276E-04
   1.986544809      0.4493737796E-04
   2.000426628      0.2248152738E-04
   2.014308446     -0.3420208952E-10
   2.027941873      0.2370354388E-04
   2.041575301      0.4736585954E-04
   2.055208728      0.7094588699E-04
   2.068842156      0.9440290202E-04
   2.082475583      0.1176966823E-03
   2.096109011      0.1407876711E-03
   2.109742438      0.1636371386E-03
   2.123375865      0.1862073390E-03
   2.137009293      0.2084616636E-03
   2.150642720      0.2303647889E-03
   2.164276148      0.2518828185E-03
   2.177909575      0.2729834193E-03
   2.191543002      0.2936359494E-03
   2.205176430      0.3138115788E-03
   2.218809857      0.3334834017E-03
   2.232443285      0.3526265385E-03
   2.246076712      0.3712182287E-03
   2.259710140      0.3892379126E-03
   2.273343567      0.4066673017E-03
   2.286976994      0.4234904369E-03
   2.300610422      0.4396937341E-03
   2.314243849      0.4552660161E-03
   2.327877277      0.4701985311E-03
   2.341510704      0.4844849558E-03
   2.355144132      0.4981213836E-03
   2.368777559      0.5111062973E-03
   2.382410986      0.5234405258E-03
   2.396044414      0.5351271831E-03
   2.409677841      0.5461715923E-03
   2.423311269      0.5565811908E-03
   2.436944696      0.5663654194E-03
   2.450578123      0.5755355941E-03
   2.464211551      0.5841047609E-03
   2.477844978      0.5920875345E-03
   2.491478406      0.5994999209E-03
   2.505111833      0.6063591254E-03
   2.518745261      0.6126833465E-03
   2.532378688      0.6184915582E-03
   2.546012115      0.6238032803E-03
   2.559645543      0.6286383419E-03
   2.573278970      0.6330166366E-03
   2.586912398      0.6369578758E-03
   2.600545825      0.6404813395E-03
   2.614179253      0.6436056306E-03
   2.627812680      0.6463484338E-03
   2.641446107      0.6487262841E-03
   2.655079535      0.6507543468E-03
   2.668712962      0.6524462147E-03
   2.682346390      0.6538137227E-03
   2.695979817      0.6548667865E-03
   2.709613245      0.6556132653E-03
   2.723246672      0.6560588526E-03
   2.736880099      0.6562069967E-03
     
   0.000000000     -0.3420208952E-10
  0.1367793241E-01  0.1395975825E-04
  0.2735586482E-01  0.2811116802E-04
  0.4103379724E-01  0.4263638565E-04
  0.5471172965E-01  0.5769959260E-04
  0.6838966206E-01  0.7344031904E-04
  0.8206759447E-01  0.8996898946E-04
  0.9574552688E-01  0.1073647223E-03
  0.1094234593      0.1256751165E-03
  0.1231013917      0.1449175914E-03
  0.1367793241      0.1650818093E-03
  0.1504572565      0.1861327570E-03
  0.1641351889      0.2080141521E-03
  0.1778131214      0.2306519397E-03
  0.1914910538      0.2539577266E-03
  0.2051689862      0.2778320642E-03
  0.2188469186      0.3021675364E-03
  0.2325248510      0.3268516307E-03
  0.2462027834      0.3517693906E-03
  0.2598807158      0.3768058469E-03
  0.2735586482      0.4018482323E-03
  0.2872365807      0.4267879789E-03
  0.3009145131      0.4515224963E-03
  0.3145924455      0.4759567251E-03
  0.3282703779      0.5000044597E-03
  0.3419483103      0.5235894294E-03
  0.3556262427      0.5466461283E-03
  0.3693041751      0.5691203841E-03
  0.3829821075      0.5909696551E-03
  0.3966600400      0.6121630513E-03
  0.4103379724      0.6326810726E-03
  0.4240159048      0.6525150689E-03
  0.4376938372      0.6716664277E-03
  0.4513717696      0.6901455040E-03
  0.4650497020      0.7079703165E-03
  0.4787276344      0.7251650399E-03
  0.4924055668      0.7417583354E-03
  0.5060834992      0.7577815682E-03
  0.5197614317      0.7732669673E-03
  0.5334393641      0.7882457918E-03
  0.5471172965      0.8027465676E-03
  0.5607952289      0.8167934605E-03
  0.5744731613      0.8304048486E-03
  0.5881510937      0.8435921480E-03
  0.6018290261      0.8563589386E-03
  0.6155069585      0.8687004217E-03
  0.6291848910      0.8806032273E-03
  0.6428628234      0.8920455733E-03
  0.6565407558      0.9029977638E-03
  0.6702186882      0.9134229989E-03
  0.6838966206      0.9232784567E-03
  0.6975745530      0.9325165990E-03
  0.7112524854      0.9410866446E-03
  0.7249304178      0.9489361531E-03
  0.7386083503      0.9560126588E-03
  0.7522862827      0.9622652970E-03
  0.7659642151      0.9676463705E-03
  0.7796421475      0.9721128052E-03
  0.7933200799      0.9756274546E-03
  0.8069980123      0.9781602152E-03
  0.8206759447      0.9796889239E-03
  0.8343538771      0.9802000156E-03
  0.8482356956      0.9812857104E-03
  0.8621175141      0.9845284034E-03
  0.8759993325      0.9898854379E-03
  0.8898811510      0.9972873991E-03
  0.9037629694      0.1006640482E-02
  0.9176447879      0.1017829524E-02
  0.9315266063      0.1030721476E-02
  0.9454084248      0.1045169078E-02
  0.9592902433      0.1061014512E-02
  0.9731720617      0.1078092876E-02
  0.9870538802      0.1096235330E-02
   1.000935699      0.1115271842E-02
   1.014817517      0.1135033509E-02
   1.028699336      0.1155354433E-02
   1.042581154      0.1176073193E-02
   1.056462972      0.1197033951E-02
   1.070344791      0.1218087240E-02
   1.084226609      0.1239090495E-02
   1.098108428      0.1259908360E-02
   1.111990246      0.1280412835E-02
   1.125872065      0.1300483298E-02
   1.139753883      0.1320006424E-02
   1.153635702      0.1338876045E-02
   1.167517520      0.1356992958E-02
   1.181399339      0.1374261544E-02
   1.195281157      0.1355591700E-02
   1.209162975      0.1336647769E-02
   1.223044794      0.1317465419E-02
   1.236926612      0.1298078700E-02
   1.250808431      0.1278519808E-02
   1.264690249      0.1258818849E-02
   1.278572068      0.1239003633E-02
   1.292453886      0.1219099474E-02
   1.306335705      0.1199129018E-02
   1.320217523      0.1179112086E-02
   1.334099342      0.1159065554E-02
   1.347981160      0.1139003257E-02
   1.361862979      0.1118935919E-02
   1.375744797      0.1098871125E-02
   1.389626615      0.1078813321E-02
   1.403508434      0.1058763851E-02
   1.417390252      0.1038721029E-02
   1.431272071      0.1018680247E-02
   1.445153889      0.9986341138E-03
   1.459035708      0.9785726288E-03
   1.472917526      0.9584833850E-03
   1.486799345      0.9383517992E-03
   1.500681163      0.9181613655E-03
   1.514562982      0.8978939299E-03
   1.528444800      0.8775299802E-03
   1.542326618      0.8570489479E-03
   1.556208437      0.8364295183E-03
   1.570090255      0.8156499427E-03
   1.583972074      0.7946883499E-03
   1.597853892      0.7735230527E-03
   1.611735711      0.7521328446E-03
   1.625617529      0.7304972840E-03
   1.639499348      0.7085969635E-03
   1.653381166      0.6864137596E-03
   1.667262985      0.6639310623E-03
   1.681144803      0.6411339822E-03
   1.695026621      0.6180095336E-03
   1.708908440      0.5945467927E-03
   1.722790258      0.5707370309E-03
   1.736672077      0.5465738215E-03
   1.750553895      0.5220531222E-03
   1.764435714      0.4971733315E-03
   1.778317532      0.4719353209E-03
   1.792199351      0.4463424441E-03
   1.806081169      0.4204005225E-03
   1.819962988      0.3941178100E-03
   1.833844806      0.3675049373E-03
   1.847726625      0.3405748369E-03
   1.861608443      0.3133426509E-03
   1.875490261      0.2858256218E-03
   1.889372080      0.2580429691E-03
   1.903253898      0.2300157515E-03
   1.917135717      0.2017667173E-03
   1.931017535      0.1733201437E-03
   1.944899354      0.1447016666E-03
   1.958781172      0.1159381014E-03
   1.972662991      0.8705725766E-04
   1.986544809      0.5808774701E-04
   2.000426628      0.2905878676E-04
   2.014308446     -0.3420208952E-10
   2.027941873      0.2370354388E-04
   2.041575301      0.4736585954E-04
   2.055208728      0.7094588699E-04
   2.068842156      0.9440290202E-04
   2.082475583      0.1176966823E-03
   2.096109011      0.1407876711E-03
   2.109742438      0.1636371386E-03
   2.123375865      0.1862073390E-03
   2.137009293      0.2084616636E-03
   2.150642720      0.2303647889E-03
   2.164276148      0.2518828185E-03
   2.177909575      0.2729834193E-03
   2.191543002      0.2936359494E-03
   2.205176430      0.3138115788E-03
   2.218809857      0.3334834017E-03
   2.232443285      0.3526265385E-03
   2.246076712      0.3712182287E-03
   2.259710140      0.3892379126E-03
   2.273343567      0.4066673017E-03
   2.286976994      0.4234904369E-03
   2.300610422      0.4396937341E-03
   2.314243849      0.4552660161E-03
   2.327877277      0.4701985311E-03
   2.341510704      0.4844849558E-03
   2.355144132      0.4981213836E-03
   2.368777559      0.5111062973E-03
   2.382410986      0.5234405258E-03
   2.396044414      0.5351271831E-03
   2.409677841      0.5461715923E-03
   2.423311269      0.5565811908E-03
   2.436944696      0.5663654194E-03
   2.450578123      0.5755355941E-03
   2.464211551      0.5841047609E-03
   2.477844978      0.5920875345E-03
   2.491478406      0.5994999209E-03
   2.505111833      0.6063591254E-03
   2.518745261      0.6126833465E-03
   2.532378688      0.6184915582E-03
   2.546012115      0.6238032803E-03
   2.559645543      0.6286383419E-03
   2.573278970      0.6330166366E-03
   2.586912398      0.6369578758E-03
   2.600545825      0.6404813395E-03
   2.614179253      0.6436056306E-03
   2.627812680      0.6463484338E-03
   2.641446107      0.6487262841E-03
   2.655079535      0.6507543468E-03
   2.668712962      0.6524462147E-03
   2.682346390      0.6538137227E-03
   2.695979817      0.6548667865E-03
   2.709613245      0.6556132653E-03
   2.723246672      0.6560588526E-03
   2.736880099      0.6562069967E-03
     
   0.000000000     -0.3420208952E-10
  0.1367793241E-01  0.3823884523E-04
  0.2735586482E-01  0.7655998645E-04
  0.4103379724E-01  0.1150412827E-03
  0.5471172965E-01  0.1537519379E-03
  0.6838966206E-01  0.1927487035E-03
  0.8206759447E-01  0.2320726719E-03
  0.9574552688E-01  0.2717467869E-03
  0.1094234593      0.3117741532E-03
  0.1231013917      0.3521371737E-03
  0.1367793241      0.3927975063E-03
  0.1504572565      0.4336967888E-03
  0.1641351889      0.4747580608E-03
  0.1778131214      0.5158877861E-03
  0.1914910538      0.5569783745E-03
  0.2051689862      0.5979110955E-03
  0.2188469186      0.6385592786E-03
  0.2325248510      0.6787916997E-03
  0.2462027834      0.7184760577E-03
  0.2598807158      0.7574824543E-03
  0.2735586482      0.7956867946E-03
  0.2872365807      0.8329740310E-03
  0.3009145131      0.8692411810E-03
  0.3145924455      0.9044000482E-03
  0.3282703779      0.9383795843E-03
  0.3419483103      0.9711278272E-03
  0.3556262427      0.1002613358E-02
  0.3693041751      0.1032826223E-02
  0.3829821075      0.1061778263E-02
  0.3966600400      0.1089502819E-02
  0.4103379724      0.1116053772E-02
  0.4240159048      0.1141503910E-02
  0.4376938372      0.1165942611E-02
  0.4513717696      0.1189472885E-02
  0.4650497020      0.1212207812E-02
  0.4787276344      0.1234266480E-02
  0.4924055668      0.1255769519E-02
  0.5060834992      0.1276834407E-02
  0.5197614317      0.1297570705E-02
  0.5334393641      0.1318075430E-02
  0.5471172965      0.1338428772E-02
  0.5607952289      0.1358690347E-02
  0.5744731613      0.1378896178E-02
  0.5881510937      0.1399056545E-02
  0.6018290261      0.1419154813E-02
  0.6155069585      0.1439147272E-02
  0.6291848910      0.1458964002E-02
  0.6428628234      0.1478510694E-02
  0.6565407558      0.1497671319E-02
  0.6702186882      0.1516311521E-02
  0.6838966206      0.1534282560E-02
  0.6975745530      0.1551425638E-02
  0.7112524854      0.1567576449E-02
  0.7249304178      0.1582569772E-02
  0.7386083503      0.1596243986E-02
  0.7522862827      0.1608445368E-02
  0.7659642151      0.1619032074E-02
  0.7796421475      0.1627877728E-02
  0.7933200799      0.1634874537E-02
  0.8069980123      0.1639935904E-02
  0.8206759447      0.1642998481E-02
  0.8343538771      0.1644023664E-02
  0.8482356956      0.1643523278E-02
  0.8621175141      0.1642023593E-02
  0.8759993325      0.1639529018E-02
  0.8898811510      0.1636046875E-02
  0.9037629694      0.1631587366E-02
  0.9176447879      0.1626163520E-02
  0.9315266063      0.1619791124E-02
  0.9454084248      0.1612488649E-02
  0.9592902433      0.1604277149E-02
  0.9731720617      0.1595180158E-02
  0.9870538802      0.1585223561E-02
   1.000935699      0.1574435464E-02
   1.014817517      0.1562846035E-02
   1.028699336      0.1550487351E-02
   1.042581154      0.1537393212E-02
   1.056462972      0.1523598957E-02
   1.070344791      0.1509141263E-02
   1.084226609      0.1494057931E-02
   1.098108428      0.1478387666E-02
   1.111990246      0.1462169841E-02
   1.125872065      0.1445444263E-02
   1.139753883      0.1428250919E-02
   1.153635702      0.1410629725E-02
   1.167517520      0.1392620268E-02
   1.181399339      0.1374264711E-02
   1.195281157      0.1390605367E-02
   1.209162975      0.1405935262E-02
   1.223044794      0.1420180772E-02
   1.236926612      0.1433274069E-02
   1.250808431      0.1445152897E-02
   1.264690249      0.1455760355E-02
   1.278572068      0.1465044687E-02
   1.292453886      0.1472959085E-02
   1.306335705      0.1479461501E-02
   1.320217523      0.1484514475E-02
   1.334099342      0.1488084963E-02
   1.347981160      0.1490144177E-02
   1.361862979      0.1490667441E-02
   1.375744797      0.1489634042E-02
   1.389626615      0.1487027091E-02
   1.403508434      0.1482833397E-02
   1.417390252      0.1477043333E-02
   1.431272071      0.1469650719E-02
   1.445153889      0.1460652698E-02
   1.459035708      0.1450049623E-02
   1.472917526      0.1437844943E-02
   1.486799345      0.1424045092E-02
   1.500681163      0.1408659378E-02
   1.514562982      0.1391699882E-02
   1.528444800      0.1373181350E-02
   1.542326618      0.1353121088E-02
   1.556208437      0.1331538864E-02
   1.570090255      0.1308456807E-02
   1.583972074      0.1283899307E-02
   1.597853892      0.1257892918E-02
   1.611735711      0.1230466265E-02
   1.625617529      0.1201649948E-02
   1.639499348      0.1171476449E-02
   1.653381166      0.1139980042E-02
   1.667262985      0.1107196704E-02
   1.681144803      0.1073164026E-02
   1.695026621      0.1037921130E-02
   1.708908440      0.1001508584E-02
   1.722790258      0.9639683170E-03
   1.736672077      0.9253435454E-03
   1.750553895      0.8856786904E-03
   1.764435714      0.8450193042E-03
   1.778317532      0.8034119960E-03
   1.792199351      0.7609043610E-03
   1.806081169      0.7175449105E-03
   1.819962988      0.6733830052E-03
   1.833844806      0.6284687898E-03
   1.847726625      0.5828531304E-03
   1.861608443      0.5365875529E-03
   1.875490261      0.4897241846E-03
   1.889372080      0.4423156964E-03
   1.903253898      0.3944152475E-03
   1.917135717      0.3460764318E-03
   1.931017535      0.2973532253E-03
   1.944899354      0.2482999353E-03
   1.958781172      0.1989711506E-03
   1.972662991      0.1494216932E-03
   1.986544809      0.9970657006E-04
   2.000426628      0.4988092658E-04
   2.014308446     -0.3420208952E-10
   2.027941873      0.4422954981E-04
   2.041575301      0.8842365389E-04
   2.055208728      0.1325468703E-03
   2.068842156      0.1765637650E-03
   2.082475583      0.2204389163E-03
   2.096109011      0.2641369200E-03
   2.109742438      0.3076223952E-03
   2.123375865      0.3508599919E-03
   2.137009293      0.3938143989E-03
   2.150642720      0.4364503535E-03
   2.164276148      0.4787326531E-03
   2.177909575      0.5206261685E-03
   2.191543002      0.5620958584E-03
   2.205176430      0.6031067865E-03
   2.218809857      0.6436241411E-03
   2.232443285      0.6836132554E-03
   2.246076712      0.7230396319E-03
   2.259710140      0.7618689670E-03
   2.273343567      0.8000671799E-03
   2.286976994      0.8376004421E-03
   2.300610422      0.8744352099E-03
   2.314243849      0.9105382586E-03
   2.327877277      0.9458767196E-03
   2.341510704      0.9804181181E-03
   2.355144132      0.1014130414E-02
   2.368777559      0.1046982043E-02
   2.382410986      0.1078941962E-02
   2.396044414      0.1109979692E-02
   2.409677841      0.1140065364E-02
   2.423311269      0.1169169768E-02
   2.436944696      0.1197264401E-02
   2.450578123      0.1224321512E-02
   2.464211551      0.1250314155E-02
   2.477844978      0.1275216233E-02
   2.491478406      0.1299002553E-02
   2.505111833      0.1321648869E-02
   2.518745261      0.1343131930E-02
   2.532378688      0.1363429530E-02
   2.546012115      0.1382520552E-02
   2.559645543      0.1400385009E-02
   2.573278970      0.1417004094E-02
   2.586912398      0.1432360212E-02
   2.600545825      0.1446437026E-02
   2.614179253      0.1459219488E-02
   2.627812680      0.1470693877E-02
   2.641446107      0.1480847829E-02
   2.655079535      0.1489670365E-02
   2.668712962      0.1497151916E-02
   2.682346390      0.1503284347E-02
   2.695979817      0.1508060976E-02
   2.709613245      0.1511476589E-02
   2.723246672      0.1513527453E-02
   2.736880099      0.1514211324E-02
     
