 -0.1808426262E-03   15.08091925    
 -0.1768640889E-03   30.49697004    
 -0.1728855515E-03   34.51854850    
 -0.1689070142E-03   31.66993042    
 -0.1649284769E-03   26.97808888    
 -0.1609499396E-03   26.47539157    
 -0.1569714023E-03   28.48618080    
 -0.1529928650E-03   23.62677349    
 -0.1490143276E-03   24.63216811    
 -0.1450357903E-03   26.14026003    
 -0.1410572530E-03   35.69150889    
 -0.1370787157E-03   36.69690351    
 -0.1331001784E-03   38.20499543    
 -0.1291216411E-03   32.34019350    
 -0.1251431037E-03   35.85907466    
 -0.1211645664E-03   28.31861503    
 -0.1171860291E-03   26.14026003    
 -0.1132074918E-03   19.10249772    
 -0.1092289545E-03   23.12407618    
 -0.1052504172E-03   25.13486542    
 -0.1012718798E-03   26.64295734    
 -0.9729334252E-04   33.17802235    
 -0.9331480520E-04   37.70229812    
 -0.8933626789E-04   37.03203505    
 -0.8535773057E-04   28.98887811    
 -0.8137919325E-04   24.96729965    
 -0.7740065594E-04   27.64835196    
 -0.7342211862E-04   26.64295734    
 -0.6944358130E-04   25.13486542    
 -0.6546504399E-04   22.11868157    
 -0.6148650667E-04   20.61058964    
 -0.5750796936E-04   20.10789233    
 -0.5352943204E-04   17.09170848    
 -0.4955089472E-04   20.94572118    
 -0.4557235741E-04   18.43223464    
 -0.4159382009E-04   16.42144540    
 -0.3761528277E-04   14.07552463    
 -0.3363674546E-04   14.07552463    
 -0.2965820814E-04   12.56743271    
 -0.2567967082E-04   5.529670391    
 -0.2170113351E-04   5.026973083    
 -0.1772259619E-04   5.026973083    
 -0.1374405887E-04   5.529670391    
 -0.9765521557E-05   4.524275775    
 -0.5786984241E-05   3.770229812    
 -0.1808446924E-05   2.262137887    
  0.2170090392E-05  0.2513486542    
  0.6148627709E-05   0.000000000    
  0.1012716503E-04   4.524275775    
  0.1410570234E-04   9.048551549    
  0.1808423966E-04   12.56743271    
  0.2206277697E-04   12.06473540    
  0.2604131429E-04   8.043156933    
  0.3001985161E-04   9.551248858    
  0.3399838892E-04   13.07013002    
  0.3797692624E-04   17.25927425    
  0.4195546356E-04   19.27006349    
  0.4593400087E-04   18.26466887    
  0.4991253819E-04   19.60519502    
  0.5389107551E-04   22.62137887    
  0.5786961282E-04   23.62677349    
  0.6184815014E-04   26.97808888    
  0.6582668746E-04   33.51315389    
  0.6980522477E-04   34.51854850    
  0.7378376209E-04   38.20499543    
  0.7776229941E-04   33.68071966    
  0.8174083672E-04   38.37256120    
  0.8571937404E-04   37.36716658    
  0.8969791136E-04   41.38874505    
  0.9367644867E-04   45.74545506    
  0.9765498599E-04   48.76163891    
  0.1016335233E-03   48.76163891    
  0.1056120606E-03   46.24815236    
  0.1095905979E-03   55.29670391    
  0.1135691353E-03   57.81019046    
  0.1175476726E-03   69.87492585    
  0.1215262099E-03   64.34525546    
  0.1255047472E-03   64.84795277    
  0.1294832845E-03   57.47505892    
  0.1334618218E-03   63.50742662    
  0.1374403592E-03   67.02630777    
  0.1414188965E-03   74.39920163    
  0.1453974338E-03   74.90189894    
  0.1493759711E-03   88.47472626    
  0.1533545084E-03   86.46393703    
  0.1573330457E-03   89.48012088    
  0.1613115831E-03   84.28558203    
  0.1652901204E-03   101.3772905    
  0.1692686577E-03   104.8961717    
  0.1732471950E-03   106.2366978    
  0.1772257323E-03   94.17196242    
  0.1812042696E-03   95.17735704    
  0.1851828070E-03   95.00979127    
  0.1891613443E-03   107.0745267    
  0.1931398816E-03   121.1500513    
  0.1971184189E-03   140.2525490    
  0.2010969562E-03   127.6851163    
  0.2050754935E-03   125.1716298    
  0.2090540309E-03   123.6635378    
  0.2130325682E-03   145.2795221    
  0.2170111055E-03   144.2741275    
  0.2209896428E-03   140.9228121    
  0.2249681801E-03   133.2147867    
  0.2289467174E-03   139.2471544    
  0.2329252547E-03   141.5930752    
  0.2369037921E-03   172.4251767    
  0.2408823294E-03   185.4953068    
  0.2448608667E-03   192.5330691    
  0.2488394040E-03   171.9224794    
  0.2528179413E-03   162.3712306    
  0.2567964786E-03   166.3928090    
  0.2607750160E-03   193.5384637    
  0.2647535533E-03   211.1328695    
  0.2687320906E-03   199.7383972    
  0.2727106279E-03   193.5384637    
  0.2766891652E-03   190.0195825    
  0.2806677025E-03   223.0300391    
  0.2846462399E-03   238.2785241    
  0.2886247772E-03   250.8459568    
  0.2926033145E-03   247.8297730    
  0.2965818518E-03   219.1760264    
  0.3005603891E-03   216.1598426    
  0.3045389264E-03   242.3001026    
  0.3085174638E-03   283.0185846    
  0.3124960011E-03   288.3806892    
  0.3164745384E-03   273.4673357    
  0.3204530757E-03   247.3270757    
  0.3244316130E-03   284.1915450    
  0.3284101503E-03   301.1156877    
  0.3323886877E-03   336.3044993    
  0.3363672250E-03   319.7154881    
  0.3403457623E-03   309.6615419    
  0.3443242996E-03   309.9966735    
  0.3483028369E-03   323.0668035    
  0.3522813742E-03   342.1693012    
  0.3562599116E-03   364.4555485    
  0.3602384489E-03   366.4663378    
  0.3642169862E-03   375.1797578    
  0.3681955235E-03   378.0283758    
  0.3721740608E-03   412.2117928    
  0.3761525981E-03   415.0604109    
  0.3801311355E-03   432.8223825    
  0.3841096728E-03   414.7252794    
  0.3880882101E-03   449.9140909    
  0.3920667474E-03   440.6979736    
  0.3960452847E-03   461.3085633    
  0.4000238220E-03   481.4164556    
  0.4040023594E-03   505.2107948    
  0.4079808967E-03   533.3618441    
  0.4119594340E-03   528.3348710    
  0.4159379713E-03   546.9346714    
  0.4199165086E-03   555.9832230    
  0.4238950459E-03   585.1396669    
  0.4278735833E-03   607.0907827    
  0.4318521206E-03   607.0907827    
  0.4358306579E-03   620.6636100    
  0.4398091952E-03   631.8905165    
  0.4437877325E-03   668.5874200    
  0.4477662698E-03   702.1005739    
  0.4517448072E-03   718.1868878    
  0.4557233445E-03   749.3541209    
  0.4597018818E-03   720.5328086    
  0.4636804191E-03   764.7701717    
  0.4676589564E-03   769.1268817    
  0.4716374937E-03   820.2344414    
  0.4756160311E-03   802.1373383    
  0.4795945684E-03   797.2779310    
  0.4835731057E-03   873.1852245    
  0.4875516430E-03   898.6552215    
  0.4915301803E-03   948.9249523    
  0.4955087176E-03   899.6606161    
  0.4994872550E-03   912.8983119    
  0.5034657923E-03   956.1302804    
  0.5074443296E-03   988.4704739    
  0.5114228669E-03   1034.551060    
  0.5154014042E-03   1001.875735    
  0.5193799415E-03   1029.859219    
  0.5233584789E-03   1070.242569    
  0.5273370162E-03   1093.869343    
  0.5313155535E-03   1119.004208    
  0.5352940908E-03   1125.539273    
  0.5392726281E-03   1167.095584    
  0.5432511654E-03   1192.230450    
  0.5472297028E-03   1186.868345    
  0.5512082401E-03   1244.846101    
  0.5551867774E-03   1245.851496    
  0.5591653147E-03   1292.434780    
  0.5631438520E-03   1307.515699    
  0.5671223893E-03   1333.991090    
  0.5711009267E-03   1412.914568    
  0.5750794640E-03   1408.390292    
  0.5790580013E-03   1434.698118    
  0.5830365386E-03   1432.184631    
  0.5870150759E-03   1488.989427    
  0.5909936132E-03   1548.475275    
  0.5949721506E-03   1578.972245    
  0.5989506879E-03   1605.615203    
  0.6029292252E-03   1612.988097    
  0.6069077625E-03   1674.484734    
  0.6108862998E-03   1739.332687    
  0.6148648371E-03   1813.731888    
  0.6188433745E-03   1826.802018    
  0.6228219118E-03   1856.796291    
  0.6268004491E-03   1864.001619    
  0.6307789864E-03   1985.654368    
  0.6347575237E-03   2057.204951    
  0.6387360610E-03   2169.138885    
  0.6427145984E-03   2197.792632    
  0.6466931357E-03   2267.667558    
  0.6506716730E-03   2431.379315    
  0.6546502103E-03   2677.030732    
  0.6586287476E-03   2872.915117    
  0.6626072849E-03   3007.637996    
  0.6665858222E-03   3034.616084    
  0.6705643596E-03   3059.080687    
  0.6745428969E-03   3103.485616    
  0.6785214342E-03   3095.610025    
  0.6824999715E-03   3176.879423    
  0.6864785088E-03   3220.111391    
  0.6904570461E-03   3289.316054    
  0.6944355835E-03   3321.488682    
  0.6984141208E-03   3386.671766    
  0.7023926581E-03   3458.557481    
  0.7063711954E-03   3563.286087    
  0.7103497327E-03   3533.794512    
  0.7143282700E-03   3500.616489    
  0.7183068074E-03   3489.054451    
  0.7222853447E-03   3478.497808    
  0.7262638820E-03   3530.610762    
  0.7302424193E-03   3480.676163    
  0.7342209566E-03   3537.648524    
  0.7381994939E-03   3507.989383    
  0.7421780313E-03   3595.961412    
  0.7461565686E-03   3577.696743    
  0.7501351059E-03   3630.479961    
  0.7541136432E-03   3552.059180    
  0.7580921805E-03   3603.837003    
  0.7620707178E-03   3603.837003    
  0.7660492552E-03   3653.604037    
  0.7700277925E-03   3673.376798    
  0.7740063298E-03   3632.155618    
  0.7779848671E-03   3716.608766    
  0.7819634044E-03   3705.884557    
  0.7859419417E-03   3776.262180    
  0.7899204791E-03   3757.159682    
  0.7938990164E-03   3766.710931    
  0.7978775537E-03   3828.542700    
  0.8018560910E-03   3867.250393    
  0.8058346283E-03   3930.757819    
  0.8098131656E-03   3994.600378    
  0.8137917030E-03   3975.497880    
  0.8177702403E-03   4082.404841    
  0.8217487776E-03   4117.090955    
  0.8257273149E-03   4258.851596    
  0.8297058522E-03   4290.018829    
  0.8336843895E-03   4269.408239    
  0.8376629269E-03   4275.943304    
  0.8416414642E-03   4231.873507    
  0.8456200015E-03   4276.613568    
  0.8495985388E-03   4248.462518    
  0.8535770761E-03   4153.285161    
  0.8575556134E-03   4025.600045    
  0.8615341508E-03   3957.233211    
  0.8655126881E-03   3951.703541    
  0.8694912254E-03   4009.513731    
  0.8734697627E-03   3916.012032    
  0.8774483000E-03   3922.714662    
  0.8814268373E-03   3877.974602    
  0.8854053747E-03   3889.033943    
  0.8893839120E-03   3905.455388    
  0.8933624493E-03   3901.433810    
  0.8973409866E-03   3885.347496    
  0.9013195239E-03   3876.801642    
  0.9052980612E-03   3893.893350    
  0.9092765986E-03   3948.687357    
  0.9132551359E-03   3927.071372    
  0.9172336732E-03   3917.520124    
  0.9212122105E-03   3905.120257    
  0.9251907478E-03   3916.179597    
  0.9291692851E-03   3857.364012    
  0.9331478225E-03   3822.510332    
  0.9371263598E-03   3799.888953    
  0.9411048971E-03   3772.240602    
  0.9450834344E-03   3796.370072    
  0.9490619717E-03   3758.667774    
  0.9530405090E-03   3718.954687    
  0.9570190464E-03   3633.998842    
  0.9609975837E-03   3609.366674    
  0.9649761210E-03   3629.139434    
  0.9689546583E-03   3653.771603    
  0.9729331956E-03   3625.117856    
  0.9769117329E-03   3557.086154    
  0.9808902703E-03   3436.941497    
  0.9848688076E-03   3325.845392    
  0.9888473449E-03   3195.646789    
  0.9928258822E-03   3125.771863    
  0.9968044195E-03   3028.751283    
  0.1000782957E-02   2974.459973    
  0.1004761494E-02   2815.607624    
  0.1008740031E-02   2669.825404    
  0.1012718569E-02   2516.167594    
  0.1016697106E-02   2382.450110    
  0.1020675643E-02   2269.343215    
  0.1024654181E-02   2223.430195    
  0.1028632718E-02   2252.083941    
  0.1032611255E-02   2213.376248    
  0.1036589793E-02   2212.873551    
  0.1040568330E-02   2176.176648    
  0.1044546867E-02   2225.943681    
  0.1048525405E-02   2220.916708    
  0.1052503942E-02   2226.949076    
  0.1056482479E-02   2231.473352    
  0.1060461017E-02   2247.727231    
  0.1064439554E-02   2258.786572    
  0.1068418091E-02   2238.175982    
  0.1072396629E-02   2225.440984    
  0.1076375166E-02   2255.100125    
  0.1080353703E-02   2269.678347    
  0.1084332240E-02   2255.602822    
  0.1088310778E-02   2230.467957    
  0.1092289315E-02   2260.629795    
  0.1096267852E-02   2266.662163    
  0.1100246390E-02   2266.662163    
  0.1104224927E-02   2254.597428    
  0.1108203464E-02   2242.700258    
  0.1112182002E-02   2234.657101    
  0.1116160539E-02   2240.186772    
  0.1120139076E-02   2244.543482    
  0.1124117614E-02   2233.986838    
  0.1128096151E-02   2244.543482    
  0.1132074688E-02   2230.970654    
  0.1136053226E-02   2201.814210    
  0.1140031763E-02   2179.695529    
  0.1144010300E-02   2197.289935    
  0.1147988838E-02   2176.679345    
  0.1151967375E-02   2154.560663    
  0.1155945912E-02   2104.458498    
  0.1159924449E-02   2124.566391    
  0.1163902987E-02   2087.869487    
  0.1167881524E-02   2053.015807    
  0.1171860061E-02   2044.469953    
  0.1175838599E-02   1996.713709    
  0.1179817136E-02   1965.546475    
  0.1183795673E-02   1925.833388    
  0.1187774211E-02   1909.747074    
  0.1191752748E-02   1900.698523    
  0.1195731285E-02   1820.769651    
  0.1199709823E-02   1780.051169    
  0.1203688360E-02   1744.024528    
  0.1207666897E-02   1697.273679    
  0.1211645435E-02   1679.679273    
  0.1215623972E-02   1608.128689    
  0.1219602509E-02   1602.599019    
  0.1223581047E-02   1498.037979    
  0.1227559584E-02   1477.427389    
  0.1231538121E-02   1390.963452    
  0.1235516659E-02   1333.655959    
  0.1239495196E-02   1240.154260    
  0.1243473733E-02   1176.814399    
  0.1247452270E-02   1152.182231    
  0.1251430808E-02   1114.647498    
  0.1255409345E-02   1130.231115    
  0.1259387882E-02   1129.225720    
  0.1263366420E-02   1169.273939    
  0.1267344957E-02   1189.381831    
  0.1271323494E-02   1223.062551    
  0.1275302032E-02   1249.202811    
  0.1279280569E-02   1281.375439    
  0.1283259106E-02   1337.174840    
  0.1287237644E-02   1421.627988    
  0.1291216181E-02   1466.535614    
  0.1295194718E-02   1535.907843    
  0.1299173256E-02   1574.615535    
  0.1303151793E-02   1639.798620    
  0.1307130330E-02   1715.203216    
  0.1311108868E-02   1795.132088    
  0.1315087405E-02   1888.131090    
  0.1319065942E-02   1978.616605    
  0.1323044479E-02   2021.848574    
  0.1327023017E-02   2168.133491    
  0.1331001554E-02   2229.127431    
  0.1334980091E-02   2354.801758    
  0.1338958629E-02   2432.719841    
  0.1342937166E-02   2529.572855    
  0.1346915703E-02   2685.409021    
  0.1350894241E-02   2834.710122    
  0.1354872778E-02   3039.307926    
  0.1358851315E-02   3220.278957    
  0.1362829853E-02   3490.394977    
  0.1366808390E-02   3788.494481    
  0.1370786927E-02   4033.308070    
  0.1374765465E-02   4061.291554    
  0.1378744002E-02   3987.897747    
  0.1382722539E-02   3865.239604    
  0.1386701077E-02   3764.700142    
  0.1390679614E-02   3654.274300    
  0.1394658151E-02   3589.426347    
  0.1398636688E-02   3536.643130    
  0.1402615226E-02   3539.994445    
  0.1406593763E-02   3511.340699    
  0.1410572300E-02   3551.053786    
  0.1414550838E-02   3527.091881    
  0.1418529375E-02   3550.215957    
  0.1422507912E-02   3537.648524    
  0.1426486450E-02   3588.756084    
  0.1430464987E-02   3656.620221    
  0.1434443524E-02   3707.057517    
  0.1438422062E-02   3829.715660    
  0.1442400599E-02   3879.985391    
  0.1446379136E-02   4061.291554    
  0.1450357674E-02   4289.683698    
  0.1454336211E-02   4507.351632    
  0.1458314748E-02   4684.971348    
  0.1462293286E-02   4583.761623    
  0.1466271823E-02   4427.590326    
  0.1470250360E-02   4128.317862    
  0.1474228898E-02   3968.627683    
  0.1478207435E-02   3836.920989    
  0.1482185972E-02   3755.148893    
  0.1486164509E-02   3577.696743    
  0.1490143047E-02   3387.677161    
  0.1494121584E-02   3101.642392    
  0.1498100121E-02   2858.839592    
  0.1502078659E-02   2653.739091    
  0.1506057196E-02   2516.670291    
  0.1510035733E-02   2309.391434    
  0.1514014271E-02   2050.334755    
  0.1517992808E-02   1780.553866    
  0.1521971345E-02   1571.431786    
  0.1525949883E-02   1464.357259    
  0.1529928420E-02   1362.309706    
  0.1533906957E-02   1260.764849    
  0.1537885495E-02   1161.733479    
  0.1541864032E-02   1051.642769    
  0.1545842569E-02   976.2381727    
  0.1549821107E-02   843.5260833    
  0.1553799644E-02   740.9758324    
  0.1557778181E-02   582.1234830    
  0.1561756718E-02   446.8979071    
  0.1565735256E-02   348.3692347    
  0.1569713793E-02   340.3260777    
  0.1573692330E-02   312.1750285    
  0.1577670868E-02   302.6237796    
  0.1581649405E-02   281.0077953    
  0.1585627942E-02   284.5266765    
  0.1589606480E-02   259.3918111    
  0.1593585017E-02   245.8189838    
  0.1597563554E-02   222.1922103    
  0.1601542092E-02   228.7272753    
  0.1605520629E-02   199.0681341    
  0.1609499166E-02   198.5654368    
  0.1613477704E-02   173.9332687    
  0.1617456241E-02   161.3658360    
  0.1621434778E-02   151.3118898    
  0.1625413316E-02   135.7282732    
  0.1629391853E-02   120.6473540    
  0.1633370390E-02   96.01518589    
  0.1637348927E-02   73.39380701    
  0.1641327465E-02   43.48331717    
  0.1645306002E-02   18.85114906    
  0.1649284539E-02  0.2513486542    
  0.1653263077E-02   0.000000000    
  0.1657241614E-02   0.000000000    
  0.1661220151E-02   0.000000000    
  0.1665198689E-02   0.000000000    
  0.1669177226E-02   0.000000000    
  0.1673155763E-02   0.000000000    
  0.1677134301E-02   0.000000000    
  0.1681112838E-02   0.000000000    
  0.1685091375E-02   0.000000000    
  0.1689069913E-02   0.000000000    
  0.1693048450E-02   0.000000000    
  0.1697026987E-02   0.000000000    
  0.1701005525E-02   0.000000000    
  0.1704984062E-02   0.000000000    
  0.1708962599E-02   0.000000000    
  0.1712941136E-02   0.000000000    
  0.1716919674E-02   0.000000000    
  0.1720898211E-02   0.000000000    
  0.1724876748E-02   0.000000000    
  0.1728855286E-02   0.000000000    
  0.1732833823E-02   0.000000000    
  0.1736812360E-02   0.000000000    
  0.1740790898E-02   0.000000000    
  0.1744769435E-02   0.000000000    
  0.1748747972E-02   0.000000000    
  0.1752726510E-02   0.000000000    
  0.1756705047E-02   0.000000000    
  0.1760683584E-02   0.000000000    
  0.1764662122E-02   0.000000000    
  0.1768640659E-02   0.000000000    
  0.1772619196E-02   0.000000000    
  0.1776597734E-02   0.000000000    
  0.1780576271E-02   0.000000000    
  0.1784554808E-02   0.000000000    
  0.1788533346E-02   0.000000000    
  0.1792511883E-02   0.000000000    
  0.1796490420E-02   0.000000000    
  0.1800468957E-02   0.000000000    
  0.1804447495E-02   0.000000000    
