   0.000000000      0.1248848272E-35
  0.1367793241E-01  0.8178770349E-11
  0.2735586482E-01  0.1298112073E-09
  0.4103379724E-01  0.6484169145E-09
  0.5471172965E-01  0.2011243509E-08
  0.6838966206E-01  0.4793427485E-08
  0.8206759447E-01  0.9651822037E-08
  0.9574552688E-01  0.1727210258E-07
  0.1094234593      0.2831326937E-07
  0.1231013917      0.4335384407E-07
  0.1367793241      0.6284389144E-07
  0.1504572565      0.8706650488E-07
  0.1641351889      0.1161116194E-06
  0.1778131214      0.1498640245E-06
  0.1914910538      0.1880063284E-06
  0.2051689862      0.2300364665E-06
  0.2188469186      0.2752982539E-06
  0.2325248510      0.3230225369E-06
  0.2462027834      0.3723757861E-06
  0.2598807158      0.4225125450E-06
  0.2735586482      0.4726280295E-06
  0.2872365807      0.5220073730E-06
  0.3009145131      0.5700684905E-06
  0.3145924455      0.6163962485E-06
  0.3282703779      0.6607664880E-06
  0.3419483103      0.7031593803E-06
  0.3556262427      0.7437624925E-06
  0.3693041751      0.7829647183E-06
  0.3829821075      0.8213428154E-06
  0.3966600400      0.8596426208E-06
  0.4103379724      0.8987570722E-06
  0.4240159048      0.9397029414E-06
  0.4376938372      0.9835977241E-06
  0.4513717696      0.1031637489E-05
  0.4650497020      0.1085075754E-05
  0.4787276344      0.1145202719E-05
  0.4924055668      0.1213323559E-05
  0.5060834992      0.1290734039E-05
  0.5197614317      0.1378691549E-05
  0.5334393641      0.1478379811E-05
  0.5471172965      0.1590865996E-05
  0.5607952289      0.1717049755E-05
  0.5744731613      0.1857604748E-05
  0.5881510937      0.2012914382E-05
  0.6018290261      0.2183004732E-05
  0.6155069585      0.2367478712E-05
  0.6291848910      0.2565456439E-05
  0.6428628234      0.2775527282E-05
  0.6565407558      0.2995719149E-05
  0.6702186882      0.3223490141E-05
  0.6838966206      0.3455746788E-05
  0.6975745530      0.3688891637E-05
  0.7112524854      0.3918901175E-05
  0.7249304178      0.4141433008E-05
  0.7386083503      0.4351959045E-05
  0.7522862827      0.4545919343E-05
  0.7659642151      0.4718889444E-05
  0.7796421475      0.4866752651E-05
  0.7933200799      0.4985867807E-05
  0.8069980123      0.5073223004E-05
  0.8206759447      0.5126566119E-05
  0.8343538771      0.5144504277E-05
  0.8482356956      0.5133400461E-05
  0.8621175141      0.5100235552E-05
  0.8759993325      0.5045446034E-05
  0.8898811510      0.4969749029E-05
  0.9037629694      0.4874127082E-05
  0.9176447879      0.4759807466E-05
  0.9315266063      0.4628236582E-05
  0.9454084248      0.4481050180E-05
  0.9592902433      0.4320040209E-05
  0.9731720617      0.4147119206E-05
  0.9870538802      0.3964283167E-05
   1.000935699      0.3773573887E-05
   1.014817517      0.3577041707E-05
   1.028699336      0.3376709608E-05
   1.042581154      0.3174539494E-05
   1.056462972      0.2972401409E-05
   1.070344791      0.2772046359E-05
   1.084226609      0.2575083210E-05
   1.098108428      0.2382960066E-05
   1.111990246      0.2196950325E-05
   1.125872065      0.2018143491E-05
   1.139753883      0.1847440673E-05
   1.153635702      0.1685554560E-05
   1.167517520      0.1533013548E-05
   1.181399339      0.1390169593E-05
   1.195281157      0.1257209272E-05
   1.209162975      0.1134167489E-05
   1.223044794      0.1020943217E-05
   1.236926612      0.9173166592E-06
   1.250808431      0.8229672051E-06
   1.264690249      0.7374916249E-06
   1.278572068      0.6604219478E-06
   1.292453886      0.5912425673E-06
   1.306335705      0.5294061740E-06
   1.320217523      0.4743482055E-06
   1.334099342      0.4254995872E-06
   1.347981160      0.3822976251E-06
   1.361862979      0.3441949952E-06
   1.375744797      0.3106668481E-06
   1.389626615      0.2812161199E-06
   1.403508434      0.2553771899E-06
   1.417390252      0.2327180737E-06
   1.431272071      0.2128413687E-06
   1.445153889      0.1953841823E-06
   1.459035708      0.1800172807E-06
   1.472917526      0.1664436837E-06
   1.486799345      0.1543969131E-06
   1.500681163      0.1436390766E-06
   1.514562982      0.1339589325E-06
   1.528444800      0.1251700481E-06
   1.542326618      0.1171091237E-06
   1.556208437      0.1096345194E-06
   1.570090255      0.1026249882E-06
   1.583972074      0.9597858998E-07
   1.597853892      0.8961173958E-07
   1.611735711      0.8345832740E-07
   1.625617529      0.7746884187E-07
   1.639499348      0.7160942480E-07
   1.653381166      0.6586079597E-07
   1.667262985      0.6021699672E-07
   1.681144803      0.5468391899E-07
   1.695026621      0.4927760730E-07
   1.708908440      0.4402234286E-07
   1.722790258      0.3894854130E-07
   1.736672077      0.3409051591E-07
   1.750553895      0.2948417548E-07
   1.764435714      0.2516473916E-07
   1.778317532      0.2116455819E-07
   1.792199351      0.1751113686E-07
   1.806081169      0.1422544076E-07
   1.819962988      0.1132057077E-07
   1.833844806      0.8800866390E-08
   1.847726625      0.6661482340E-08
   1.861608443      0.4888459901E-08
   1.875490261      0.3459289640E-08
   1.889372080      0.2343937166E-08
   1.903253898      0.1506279255E-08
   1.917135717      0.9058759521E-09
   1.931017535      0.4999861129E-09
   1.944899354      0.2457205189E-09
   1.958781172      0.1022188990E-09
   1.972662991      0.3273549994E-10
   1.986544809      0.6522336193E-11
   2.000426628      0.4097646550E-12
   2.014308446      0.1248848272E-35
   2.027941873      0.8440570852E-12
   2.041575301      0.1348520908E-10
   2.055208728      0.6810280710E-10
   2.068842156      0.2145049900E-09
   2.082475583      0.5213966953E-09
   2.096109011      0.1075363278E-08
   2.109742438      0.1979578242E-08
   2.123375865      0.3352246150E-08
   2.137009293      0.5324794422E-08
   2.150642720      0.8039830475E-08
   2.164276148      0.1164888345E-07
   2.177909575      0.1630995267E-07
   2.191543002      0.2218488789E-07
   2.205176430      0.2943662922E-07
   2.218809857      0.3822633764E-07
   2.232443285      0.4871044962E-07
   2.246076712      0.6103769191E-07
   2.259710140      0.7534609511E-07
   2.273343567      0.9176004636E-07
   2.286976994      0.1103874233E-06
   2.300610422      0.1313168523E-06
   2.314243849      0.1546151351E-06
   2.327877277      0.1803248867E-06
   2.341510704      0.2084624282E-06
   2.355144132      0.2390159747E-06
   2.368777559      0.2719441587E-06
   2.382410986      0.3071749224E-06
   2.396044414      0.3446048130E-06
   2.409677841      0.3840987054E-06
   2.423311269      0.4254899757E-06
   2.436944696      0.4685811383E-06
   2.450578123      0.5131449560E-06
   2.464211551      0.5589260227E-06
   2.477844978      0.6056428115E-06
   2.491478406      0.6529901729E-06
   2.505111833      0.7006422588E-06
   2.518745261      0.7482558407E-06
   2.532378688      0.7954739822E-06
   2.546012115      0.8419300196E-06
   2.559645543      0.8872517943E-06
   2.573278970      0.9310660794E-06
   2.586912398      0.9730031342E-06
   2.600545825      0.1012701318E-05
   2.614179253      0.1049811689E-05
   2.627812680      0.1084002524E-05
   2.641446107      0.1114963667E-05
   2.655079535      0.1142410661E-05
   2.668712962      0.1166088567E-05
   2.682346390      0.1185775430E-05
   2.695979817      0.1201285309E-05
   2.709613245      0.1212470842E-05
   2.723246672      0.1219225280E-05
   2.736880099      0.1221483977E-05
     
   0.000000000      0.1248848272E-35
  0.1367793241E-01  0.8178770349E-11
  0.2735586482E-01  0.1298112073E-09
  0.4103379724E-01  0.6484169145E-09
  0.5471172965E-01  0.2011243509E-08
  0.6838966206E-01  0.4793427485E-08
  0.8206759447E-01  0.9651822037E-08
  0.9574552688E-01  0.1727210258E-07
  0.1094234593      0.2831326937E-07
  0.1231013917      0.4335384407E-07
  0.1367793241      0.6284389144E-07
  0.1504572565      0.8706650488E-07
  0.1641351889      0.1161116194E-06
  0.1778131214      0.1498640245E-06
  0.1914910538      0.1880063284E-06
  0.2051689862      0.2300364665E-06
  0.2188469186      0.2752982539E-06
  0.2325248510      0.3230225369E-06
  0.2462027834      0.3723757861E-06
  0.2598807158      0.4225125450E-06
  0.2735586482      0.4726280295E-06
  0.2872365807      0.5220073730E-06
  0.3009145131      0.5700684905E-06
  0.3145924455      0.6163962485E-06
  0.3282703779      0.6607664880E-06
  0.3419483103      0.7031593803E-06
  0.3556262427      0.7437624925E-06
  0.3693041751      0.7829647183E-06
  0.3829821075      0.8213428154E-06
  0.3966600400      0.8596426208E-06
  0.4103379724      0.8987570722E-06
  0.4240159048      0.9397029414E-06
  0.4376938372      0.9835977241E-06
  0.4513717696      0.1031637489E-05
  0.4650497020      0.1085075754E-05
  0.4787276344      0.1145202719E-05
  0.4924055668      0.1213323559E-05
  0.5060834992      0.1290734039E-05
  0.5197614317      0.1378691549E-05
  0.5334393641      0.1478379811E-05
  0.5471172965      0.1590865996E-05
  0.5607952289      0.1717049755E-05
  0.5744731613      0.1857604748E-05
  0.5881510937      0.2012914382E-05
  0.6018290261      0.2183004732E-05
  0.6155069585      0.2367478712E-05
  0.6291848910      0.2565456439E-05
  0.6428628234      0.2775527282E-05
  0.6565407558      0.2995719149E-05
  0.6702186882      0.3223490141E-05
  0.6838966206      0.3455746788E-05
  0.6975745530      0.3688891637E-05
  0.7112524854      0.3918901175E-05
  0.7249304178      0.4141433008E-05
  0.7386083503      0.4351959045E-05
  0.7522862827      0.4545919343E-05
  0.7659642151      0.4718889444E-05
  0.7796421475      0.4866752651E-05
  0.7933200799      0.4985867807E-05
  0.8069980123      0.5073223004E-05
  0.8206759447      0.5126566119E-05
  0.8343538771      0.5144504277E-05
  0.8482356956      0.5147653980E-05
  0.8621175141      0.5157121649E-05
  0.8759993325      0.5172962519E-05
  0.8898811510      0.5195267152E-05
  0.9037629694      0.5224159197E-05
  0.9176447879      0.5259792264E-05
  0.9315266063      0.5302345898E-05
  0.9454084248      0.5352020681E-05
  0.9592902433      0.5409032441E-05
  0.9731720617      0.5473605583E-05
  0.9870538802      0.5545965542E-05
   1.000935699      0.5626330356E-05
   1.014817517      0.5714901371E-05
   1.028699336      0.5811853092E-05
   1.042581154      0.5917322202E-05
   1.056462972      0.6031395804E-05
   1.070344791      0.6154098943E-05
   1.084226609      0.6285381529E-05
   1.098108428      0.6425104771E-05
   1.111990246      0.6272629671E-05
   1.125872065      0.6016061340E-05
   1.139753883      0.5761430185E-05
   1.153635702      0.5509771100E-05
   1.167517520      0.5262010121E-05
   1.181399339      0.5018962088E-05
   1.195281157      0.4781330238E-05
   1.209162975      0.4549707594E-05
   1.223044794      0.4324579953E-05
   1.236926612      0.4106330297E-05
   1.250808431      0.3895244406E-05
   1.264690249      0.3691517475E-05
   1.278572068      0.3495261514E-05
   1.292453886      0.3306513328E-05
   1.306335705      0.3125242886E-05
   1.320217523      0.2951361890E-05
   1.334099342      0.2784732392E-05
   1.347981160      0.2625175304E-05
   1.361862979      0.2472478676E-05
   1.375744797      0.2326405639E-05
   1.389626615      0.2186701911E-05
   1.403508434      0.2053102805E-05
   1.417390252      0.1925339669E-05
   1.431272071      0.1803145711E-05
   1.445153889      0.1686261183E-05
   1.459035708      0.1574437881E-05
   1.472917526      0.1467442957E-05
   1.486799345      0.1365062012E-05
   1.500681163      0.1267101478E-05
   1.514562982      0.1173390284E-05
   1.528444800      0.1083780799E-05
   1.542326618      0.9981490754E-06
   1.556208437      0.9163944103E-06
   1.570090255      0.8384382403E-06
   1.583972074      0.7642224199E-06
   1.597853892      0.6937069232E-06
   1.611735711      0.6268670313E-06
   1.625617529      0.5636900752E-06
   1.639499348      0.5041718205E-06
   1.653381166      0.4483125874E-06
   1.667262985      0.3961132120E-06
   1.681144803      0.3475709657E-06
   1.695026621      0.3026755507E-06
   1.708908440      0.2614052978E-06
   1.722790258      0.2237236887E-06
   1.736672077      0.1895763220E-06
   1.750553895      0.1588884345E-06
   1.764435714      0.1315630740E-06
   1.778317532      0.1074800070E-06
   1.792199351      0.8649542086E-07
   1.806081169      0.6844245845E-07
   1.819962988      0.5313259825E-07
   1.833844806      0.4035786319E-07
   1.847726625      0.2989381616E-07
   1.861608443      0.2150327121E-07
   1.875490261      0.1494062425E-07
   1.889372080      0.9956683590E-08
   1.903253898      0.6303860990E-08
   1.917135717      0.3741568514E-08
   1.931017535      0.2041656368E-08
   1.944899354      0.9937222230E-09
   1.958781172      0.4101239176E-09
   1.972662991      0.1305347796E-09
   1.986544809      0.2589392672E-10
   2.000426628      0.1622487919E-11
   2.014308446      0.1248848272E-35
   2.027941873      0.8440570852E-12
   2.041575301      0.1348520908E-10
   2.055208728      0.6810280710E-10
   2.068842156      0.2145049900E-09
   2.082475583      0.5213966953E-09
   2.096109011      0.1075363278E-08
   2.109742438      0.1979578242E-08
   2.123375865      0.3352246150E-08
   2.137009293      0.5324794422E-08
   2.150642720      0.8039830475E-08
   2.164276148      0.1164888345E-07
   2.177909575      0.1630995267E-07
   2.191543002      0.2218488789E-07
   2.205176430      0.2943662922E-07
   2.218809857      0.3822633764E-07
   2.232443285      0.4871044962E-07
   2.246076712      0.6103769191E-07
   2.259710140      0.7534609511E-07
   2.273343567      0.9176004636E-07
   2.286976994      0.1103874233E-06
   2.300610422      0.1313168523E-06
   2.314243849      0.1546151351E-06
   2.327877277      0.1803248867E-06
   2.341510704      0.2084624282E-06
   2.355144132      0.2390159747E-06
   2.368777559      0.2719441587E-06
   2.382410986      0.3071749224E-06
   2.396044414      0.3446048130E-06
   2.409677841      0.3840987054E-06
   2.423311269      0.4254899757E-06
   2.436944696      0.4685811383E-06
   2.450578123      0.5131449560E-06
   2.464211551      0.5589260227E-06
   2.477844978      0.6056428115E-06
   2.491478406      0.6529901729E-06
   2.505111833      0.7006422588E-06
   2.518745261      0.7482558407E-06
   2.532378688      0.7954739822E-06
   2.546012115      0.8419300196E-06
   2.559645543      0.8872517943E-06
   2.573278970      0.9310660794E-06
   2.586912398      0.9730031342E-06
   2.600545825      0.1012701318E-05
   2.614179253      0.1049811689E-05
   2.627812680      0.1084002524E-05
   2.641446107      0.1114963667E-05
   2.655079535      0.1142410661E-05
   2.668712962      0.1166088567E-05
   2.682346390      0.1185775430E-05
   2.695979817      0.1201285309E-05
   2.709613245      0.1212470842E-05
   2.723246672      0.1219225280E-05
   2.736880099      0.1221483977E-05
     
   0.000000000      0.1248848272E-35
  0.1367793241E-01  0.3025605838E-10
  0.2735586482E-01  0.4786753773E-09
  0.4103379724E-01  0.2378325366E-08
  0.5471172965E-01  0.7322747245E-08
  0.6838966206E-01  0.1728949802E-07
  0.8206759447E-01  0.3442280939E-07
  0.9574552688E-01  0.6080046791E-07
  0.1094234593      0.9821134716E-07
  0.1231013917      0.1479681097E-06
  0.1367793241      0.2107747816E-06
  0.1504572565      0.2866619010E-06
  0.1641351889      0.3749937384E-06
  0.1778131214      0.4745437755E-06
  0.1914910538      0.5836272800E-06
  0.2051689862      0.7002742942E-06
  0.2188469186      0.8224232453E-06
  0.2325248510      0.9481148775E-06
  0.2462027834      0.1075668147E-05
  0.2598807158      0.1203823596E-05
  0.2735586482      0.1331844818E-05
  0.2872365807      0.1459574084E-05
  0.3009145131      0.1587443260E-05
  0.3145924455      0.1716445094E-05
  0.3282703779      0.1848072433E-05
  0.3419483103      0.1984233806E-05
  0.3556262427      0.2127153221E-05
  0.3693041751      0.2279260444E-05
  0.3829821075      0.2443075907E-05
  0.3966600400      0.2621092425E-05
  0.4103379724      0.2815654500E-05
  0.4240159048      0.3028835565E-05
  0.4376938372      0.3262314193E-05
  0.4513717696      0.3517251871E-05
  0.4650497020      0.3794177131E-05
  0.4787276344      0.4092883165E-05
  0.4924055668      0.4412347838E-05
  0.5060834992      0.4750685919E-05
  0.5197614317      0.5105142831E-05
  0.5334393641      0.5472137252E-05
  0.5471172965      0.5847356436E-05
  0.5607952289      0.6225903660E-05
  0.5744731613      0.6602492097E-05
  0.5881510937      0.6971674469E-05
  0.6018290261      0.7328093612E-05
  0.6155069585      0.7666736227E-05
  0.6291848910      0.7983170989E-05
  0.6428628234      0.8273753029E-05
  0.6565407558      0.8535779447E-05
  0.6702186882      0.8767584749E-05
  0.6838966206      0.8968570271E-05
  0.6975745530      0.9139167234E-05
  0.7112524854      0.9280738373E-05
  0.7249304178      0.9395427562E-05
  0.7386083503      0.9485970095E-05
  0.7522862827      0.9555478087E-05
  0.7659642151      0.9607215803E-05
  0.7796421475      0.9644378863E-05
  0.7933200799      0.9669889473E-05
  0.8069980123      0.9686217526E-05
  0.8206759447      0.9695234985E-05
  0.8343538771      0.9698108709E-05
  0.8482356956      0.9686913394E-05
  0.8621175141      0.9653424234E-05
  0.8759993325      0.9597930021E-05
  0.8898811510      0.9520906905E-05
  0.9037629694      0.9423010775E-05
  0.9176447879      0.9305066833E-05
  0.9315266063      0.9168056604E-05
  0.9454084248      0.9013102693E-05
  0.9592902433      0.8841451611E-05
  0.9731720617      0.8654455067E-05
  0.9870538802      0.8453550121E-05
   1.000935699      0.8240238632E-05
   1.014817517      0.8016066415E-05
   1.028699336      0.7782602530E-05
   1.042581154      0.7541419096E-05
   1.056462972      0.7294072003E-05
   1.070344791      0.7042082853E-05
   1.084226609      0.6786922411E-05
   1.098108428      0.6529995806E-05
   1.111990246      0.6573027340E-05
   1.125872065      0.6728791473E-05
   1.139753883      0.6891909311E-05
   1.153635702      0.7061749835E-05
   1.167517520      0.7237526771E-05
   1.181399339      0.7418287944E-05
   1.195281157      0.7602906555E-05
   1.209162975      0.7790074926E-05
   1.223044794      0.7978301240E-05
   1.236926612      0.8165909834E-05
   1.250808431      0.8351045546E-05
   1.264690249      0.8531682607E-05
   1.278572068      0.8705638464E-05
   1.292453886      0.8870592840E-05
   1.306335705      0.9024112199E-05
   1.320217523      0.9163679661E-05
   1.334099342      0.9286730202E-05
   1.347981160      0.9390690839E-05
   1.361862979      0.9473025258E-05
   1.375744797      0.9531282180E-05
   1.389626615      0.9563146546E-05
   1.403508434      0.9566492419E-05
   1.417390252      0.9539436340E-05
   1.431272071      0.9480389753E-05
   1.445153889      0.9388108985E-05
   1.459035708      0.9261741235E-05
   1.472917526      0.9100865014E-05
   1.486799345      0.8905523515E-05
   1.500681163      0.8676249498E-05
   1.514562982      0.8414080439E-05
   1.528444800      0.8120562884E-05
   1.542326618      0.7797745232E-05
   1.556208437      0.7448158461E-05
   1.570090255      0.7074784664E-05
   1.583972074      0.6681013604E-05
   1.597853892      0.6270587914E-05
   1.611735711      0.5847537922E-05
   1.625617529      0.5416107443E-05
   1.639499348      0.4980672255E-05
   1.653381166      0.4545653240E-05
   1.667262985      0.4115426448E-05
   1.681144803      0.3694232498E-05
   1.695026621      0.3286087876E-05
   1.708908440      0.2894700693E-05
   1.722790258      0.2523393417E-05
   1.736672077      0.2175034970E-05
   1.750553895      0.1851984344E-05
   1.764435714      0.1556047587E-05
   1.778317532      0.1288449645E-05
   1.792199351      0.1049822114E-05
   1.806081169      0.8402074748E-06
   1.819962988      0.6590798683E-06
   1.833844806      0.5053819580E-06
   1.847726625      0.3775769006E-06
   1.861608443      0.2737139468E-06
   1.875490261      0.1915057441E-06
   1.889372080      0.1284150082E-06
   1.903253898      0.8174790454E-07
   1.917135717      0.4875123636E-07
   1.931017535      0.2671038609E-07
   1.944899354      0.1304490639E-07
   1.958781172      0.5398711750E-08
   1.972662991      0.1721976962E-08
   1.986544809      0.3421030654E-09
   2.000426628      0.2145526544E-10
   2.014308446      0.1248848272E-35
   2.027941873      0.3708983310E-10
   2.041575301      0.5903600893E-09
   2.055208728      0.2962911867E-08
   2.068842156      0.9251341716E-08
   2.082475583      0.2223667460E-07
   2.096109011      0.4523905914E-07
   2.109742438      0.8194317487E-07
   2.123375865      0.1362026842E-06
   2.137009293      0.2118330367E-06
   2.150642720      0.3124024524E-06
   2.164276148      0.4410309540E-06
   2.177909575      0.6002068834E-06
   2.191543002      0.7916294540E-06
   2.205176430      0.1016084605E-05
   2.218809857      0.1273359798E-05
   2.232443285      0.1562201533E-05
   2.246076712      0.1880317324E-05
   2.259710140      0.2224421792E-05
   2.273343567      0.2590324524E-05
   2.286976994      0.2973055442E-05
   2.300610422      0.3367021791E-05
   2.314243849      0.3766189554E-05
   2.327877277      0.4164281116E-05
   2.341510704      0.4554980502E-05
   2.355144132      0.4932137374E-05
   2.368777559      0.5289961319E-05
   2.382410986      0.5623198651E-05
   2.396044414      0.5927285026E-05
   2.409677841      0.6198468517E-05
   2.423311269      0.6433899326E-05
   2.436944696      0.6631684006E-05
   2.450578123      0.6790903761E-05
   2.464211551      0.6911598023E-05
   2.477844978      0.6994716010E-05
   2.491478406      0.7042040281E-05
   2.505111833      0.7056087264E-05
   2.518745261      0.7039990492E-05
   2.532378688      0.6997372606E-05
   2.546012115      0.6932212216E-05
   2.559645543      0.6848711426E-05
   2.573278970      0.6751169228E-05
   2.586912398      0.6643865132E-05
   2.600545825      0.6530956421E-05
   2.614179253      0.6416391268E-05
   2.627812680      0.6303838836E-05
   2.641446107      0.6196636344E-05
   2.655079535      0.6097752075E-05
   2.668712962      0.6009762480E-05
   2.682346390      0.5934840880E-05
   2.695979817      0.5874754882E-05
   2.709613245      0.5830869496E-05
   2.723246672      0.5804153083E-05
   2.736880099      0.5795183581E-05
     
