   0.000000000      0.1010643596E-02
  0.1615885685E-01  0.1009375258E-02
  0.3231771371E-01  0.1005583933E-02
  0.4847657056E-01  0.9993106555E-03
  0.6463542742E-01  0.9906237319E-03
  0.8079428427E-01  0.9796186028E-03
  0.9695314113E-01  0.9664176529E-03
  0.1131119980      0.9511699544E-03
  0.1292708548      0.9340509329E-03
  0.1454297117      0.9152619315E-03
  0.1615885685      0.8950296342E-03
  0.1777474254      0.8736052889E-03
  0.1939062823      0.8512636370E-03
  0.2100651391      0.8283014216E-03
  0.2262239960      0.8050352944E-03
  0.2423828528      0.7817988912E-03
  0.2585417097      0.7589387952E-03
  0.2747005665      0.7368090775E-03
  0.2908594234      0.7157641168E-03
  0.3070182802      0.6961494944E-03
  0.3231771371      0.6782909622E-03
  0.3393359940      0.6624818155E-03
  0.3554948508      0.6489694530E-03
  0.3716537077      0.6379423871E-03
  0.3878125645      0.6295193375E-03
  0.4039714214      0.6237421290E-03
  0.4201302782      0.6205737824E-03
  0.4362891351      0.6199024504E-03
  0.4524479919      0.6215508801E-03
  0.4686068488      0.6252901623E-03
  0.4847657056      0.6308559388E-03
  0.5009245625      0.6379651047E-03
  0.5170834194      0.6463313240E-03
  0.5332422762      0.6556782076E-03
  0.5494011331      0.6657495823E-03
  0.5655599899      0.6763167625E-03
  0.5817188468      0.6871830638E-03
  0.5978777036      0.6981859635E-03
  0.6140365605      0.7091973570E-03
  0.6301954173      0.7201223308E-03
  0.6463542742      0.7308968061E-03
  0.6625131310      0.7414843377E-03
  0.6786719879      0.7518722904E-03
  0.6948308448      0.7620675682E-03
  0.7109897016      0.7720920444E-03
  0.7271485585      0.7819778265E-03
  0.7433074153      0.7917624853E-03
  0.7594662722      0.8014843821E-03
  0.7756251290      0.8111782316E-03
  0.7917839859      0.8208710376E-03
  0.8079428427      0.8305785330E-03
  0.8241016996      0.8403022412E-03
  0.8402605564      0.8500272513E-03
  0.8564194133      0.8597207666E-03
  0.8725782702      0.8693314496E-03
  0.8887371270      0.8640474593E-03
  0.9048959839      0.8577288231E-03
  0.9210548407      0.8503591685E-03
  0.9372136976      0.8419285469E-03
  0.9533725544      0.8324332729E-03
  0.9695314113      0.8218757456E-03
  0.9856902681      0.8102642564E-03
   1.001849125      0.7976127841E-03
   1.018007982      0.7839407799E-03
   1.034166839      0.7692729429E-03
   1.050325696      0.7536389879E-03
   1.066484552      0.7370734064E-03
   1.082643409      0.7196152204E-03
   1.098802266      0.7013077323E-03
   1.114961123      0.6821982678E-03
   1.131119980      0.6623379160E-03
   1.147278837      0.6417812645E-03
   1.163437694      0.6205861310E-03
   1.179596550      0.5988132919E-03
   1.195755407      0.5765262082E-03
   1.211914264      0.5537907486E-03
   1.228073121      0.5306749109E-03
   1.244231978      0.5072485424E-03
   1.260390835      0.4835830578E-03
   1.276549692      0.4597511583E-03
   1.292708548      0.4358265490E-03
   1.308867405      0.4118836577E-03
   1.325026262      0.3879973536E-03
   1.341185119      0.3642426685E-03
   1.357343976      0.3406945182E-03
   1.373502833      0.3174274280E-03
   1.389661690      0.2945152591E-03
   1.405820546      0.2720309393E-03
   1.421979403      0.2500461965E-03
   1.438138260      0.2286312953E-03
   1.454297117      0.2078547773E-03
   1.470455974      0.1877832033E-03
   1.486614831      0.1684808971E-03
   1.502773687      0.1500096878E-03
   1.518932544      0.1324286464E-03
   1.535091401      0.1157938101E-03
   1.551250258      0.1001578799E-03
   1.567409115      0.8556987144E-04
   1.583567972      0.7207467810E-04
   1.599726829      0.5971247595E-04
   1.615885685      0.4851783747E-04
   1.632044542      0.3851830032E-04
   1.648203399      0.2973189717E-04
   1.664362256      0.2216267566E-04
   1.680521113      0.1579234777E-04
   1.696679970      0.1056483297E-04
   1.712838827      0.6359642558E-05
   1.728997683      0.2954817193E-05
   1.745156540     -0.2463522229E-10
   1.761407614      0.1683085184E-04
   1.777658689      0.3368403744E-04
   1.793909763      0.5058028796E-04
   1.810160837      0.6753726692E-04
   1.826411911      0.8456836813E-04
   1.842662985      0.1016818794E-03
   1.858914059      0.1188805841E-03
   1.875165134      0.1361618389E-03
   1.891416208      0.1535181281E-03
   1.907667282      0.1709380638E-03
   1.923918356      0.1884077687E-03
   1.940169430      0.2059125563E-03
   1.956420504      0.2234388006E-03
   1.972671579      0.2409758781E-03
   1.988922653      0.2585180515E-03
   2.005173727      0.2760661667E-03
   2.021424801      0.2936290311E-03
   2.037675875      0.3112243556E-03
   2.053926949      0.3288791518E-03
   2.070178024      0.3466295062E-03
   2.086429098      0.3645196777E-03
   2.102680172      0.3826005131E-03
   2.118931246      0.4009272153E-03
   2.135182320      0.4195565551E-03
   2.151433394      0.4385436659E-03
   2.167684469      0.4579386016E-03
   2.183935543      0.4777828712E-03
   2.200186617      0.4981061714E-03
   2.216437691      0.5189235347E-03
   2.232688765      0.5402330747E-03
   2.248939839      0.5620144705E-03
   2.265190914      0.5842282709E-03
   2.281441988      0.6068160432E-03
   2.297693062      0.6297013305E-03
   2.313944136      0.6527913420E-03
   2.330195210      0.6759792584E-03
   2.346446284      0.6991470214E-03
   2.362697359      0.7221684615E-03
   2.378948433      0.7449126250E-03
   2.395199507      0.7672471639E-03
   2.411450581      0.7890416692E-03
   2.427701655      0.8101708399E-03
   2.443952729      0.8305173955E-03
   2.460203804      0.8499746530E-03
   2.476454878      0.8530827456E-03
   2.492705952      0.8563244723E-03
   2.508957026      0.8615734288E-03
   2.525208100      0.8688442599E-03
   2.541459174      0.8780363359E-03
   2.557710249      0.8889405325E-03
   2.573961323      0.9012533266E-03
   2.590212397      0.9145962559E-03
   2.606463471      0.9285383933E-03
   2.622714545      0.9426195906E-03
   2.638965619      0.9563726928E-03
   2.655216694      0.9693435226E-03
   2.671467768      0.9811080110E-03
   2.687718842      0.9912862992E-03
   2.703969916      0.9995539374E-03
   2.720220990      0.1005650451E-02
   2.736472064      0.1009385595E-02
   2.752723139      0.1010643596E-02
   2.768555520      0.1009410219E-02
   2.784387902      0.1005720888E-02
   2.800220284      0.9996080253E-03
   2.816052665      0.9911257718E-03
   2.831885047      0.9803501347E-03
   2.847717429      0.9673792071E-03
   2.863549810      0.9523334565E-03
   2.879382192      0.9353560847E-03
   2.895214573      0.9166134571E-03
   2.911046955      0.8962955902E-03
   2.926879337      0.8746166703E-03
   2.942711718      0.8518155533E-03
   2.958544100      0.8281561578E-03
   2.974376482      0.8039276116E-03
   2.990208863      0.7794439386E-03
   3.006041245      0.7550429778E-03
   3.021873627      0.7310841155E-03
   3.037706008      0.7079442987E-03
   3.053538390      0.6860117118E-03
   3.069370772      0.6656765074E-03
   3.085203153      0.6473181463E-03
   3.101035535      0.6312893201E-03
   3.116867917      0.6178971326E-03
   3.132700298      0.6073831315E-03
   3.148532680      0.5999046905E-03
   3.164365062      0.5955207534E-03
   3.180197443      0.5941847214E-03
   3.196029825      0.5957461404E-03
   3.211862206      0.5999611274E-03
   3.227694588      0.6065097278E-03
   3.243526970      0.6150172621E-03
   3.259359351      0.6250764835E-03
   3.275191733      0.6362679394E-03
   3.291024115      0.6481769162E-03
   3.306856496      0.6604063551E-03
   3.322688878      0.6725858899E-03
   3.338521260      0.6843775999E-03
   3.354353641      0.6954792356E-03
   3.370186023      0.7056256556E-03
   3.386018405      0.7145890991E-03
   3.401850786      0.7221787793E-03
   3.417683168      0.7282401466E-03
   3.433515550      0.7326540605E-03
   3.449347931      0.7353360286E-03
   3.465180313      0.7362356084E-03
   3.480923541      0.7357812328E-03
   3.496666769      0.7344406460E-03
   3.512409997      0.7322808424E-03
   3.528153225      0.7294113739E-03
   3.543896453      0.7259811210E-03
   3.559639681      0.7221736528E-03
   3.575382910      0.7182010951E-03
   3.591126138      0.7142964681E-03
   3.606869366      0.7107045434E-03
   3.622612594      0.7076714135E-03
   3.638355822      0.7054331536E-03
   3.654099050      0.7042041749E-03
   3.669842278      0.7041660632E-03
   3.685585506      0.7054578221E-03
   3.701328734      0.7081684375E-03
   3.717071962      0.7123325171E-03
   3.732815191      0.7179294461E-03
   3.748558419      0.7248860934E-03
   3.764301647      0.7330826862E-03
   3.780044875      0.7423611398E-03
   3.795788103      0.7525349372E-03
   3.811531331      0.7633996259E-03
   3.827274559      0.7747431020E-03
   3.843017787      0.7863550423E-03
   3.858761015      0.7980350580E-03
   3.874504243      0.8095993490E-03
   3.890247471      0.8208857927E-03
   3.905990700      0.8317575179E-03
   3.921733928      0.8421050776E-03
   3.937477156      0.8518473688E-03
   3.953220384      0.8609314556E-03
   3.968963612      0.8693314496E-03
   3.984706840      0.8609314556E-03
   4.000450068      0.8518473688E-03
   4.016193296      0.8421050776E-03
   4.031936524      0.8317575179E-03
   4.047679752      0.8208857927E-03
   4.063422981      0.8095993490E-03
   4.079166209      0.7980350580E-03
   4.094909437      0.7863550423E-03
   4.110652665      0.7747431020E-03
   4.126395893      0.7633996259E-03
   4.142139121      0.7525349372E-03
   4.157882349      0.7423611398E-03
   4.173625577      0.7330826862E-03
   4.189368805      0.7248860934E-03
   4.205112033      0.7179294461E-03
   4.220855262      0.7123325171E-03
   4.236598490      0.7081684375E-03
   4.252341718      0.7054578221E-03
   4.268084946      0.7041660632E-03
   4.283828174      0.7042041749E-03
   4.299571402      0.7054331536E-03
   4.315314630      0.7076714135E-03
   4.331057858      0.7107045434E-03
   4.346801086      0.7142964681E-03
   4.362544314      0.7182010951E-03
   4.378287543      0.7221736528E-03
   4.394030771      0.7259811210E-03
   4.409773999      0.7294113739E-03
   4.425517227      0.7322808424E-03
   4.441260455      0.7344406460E-03
   4.457003683      0.7357812328E-03
   4.472746911      0.7362356084E-03
   4.488939120      0.7352917658E-03
   4.505131328      0.7324730222E-03
   4.521323537      0.7278175041E-03
   4.537515745      0.7213879976E-03
   4.553707954      0.7132708067E-03
   4.569900162      0.7035741448E-03
   4.586092371      0.6924260504E-03
   4.602284579      0.6799718199E-03
   4.618476788      0.6663709517E-03
   4.634668996      0.6517936017E-03
   4.650861205      0.6364165670E-03
   4.667053413      0.6204188283E-03
   4.683245622      0.6039767163E-03
   4.699437830      0.5802294526E-03
   4.715630039      0.5515910681E-03
   4.731822247      0.5235605397E-03
   4.748014456      0.4965113462E-03
   4.764206664      0.4707827693E-03
   4.780398873      0.4466635152E-03
   4.796591081      0.4243741998E-03
   4.812783290      0.4040504433E-03
   4.828975498      0.3857291252E-03
   4.845167707      0.3693407563E-03
   4.861359915      0.3547105209E-03
   4.877552124      0.3415691693E-03
   4.893744332      0.3295729241E-03
   4.909936541      0.3183296048E-03
   4.926128749      0.3074270576E-03
   4.942320958      0.2964600309E-03
   4.958513166      0.2850526621E-03
   4.974705375      0.2728751669E-03
   4.990897583      0.2596546080E-03
   5.007089792      0.2451804703E-03
   5.023282000      0.2293061445E-03
   5.039474209      0.2119474493E-03
   5.055666417      0.1930791607E-03
   5.071858626      0.1682547531E-03
   5.088050834      0.1435287422E-03
   5.104243043      0.1191114822E-03
   5.120435251      0.9495945959E-04
   5.136627460      0.7102482823E-04
   5.152819668      0.4725627345E-04
   5.169011877      0.2359987997E-04
   5.185204085     -0.2463522229E-10
   5.201441086     -0.8509294859E-05
   5.217678086     -0.1650222457E-04
   5.233915086     -0.2342322612E-04
   5.250152087     -0.2861715038E-04
   5.266389087     -0.3119908301E-04
   5.282626087     -0.2966558169E-04
   5.298863088     -0.1977981739E-04
   5.315100088      0.2548407982E-04
   5.331337088      0.4898712934E-04
   5.347574088      0.7079199203E-04
   5.363811089      0.8772049631E-04
   5.380048089      0.1034994379E-03
   5.396285089      0.1202789313E-03
   5.412522090      0.1379749287E-03
   5.428759090      0.1564999916E-03
   5.444996090      0.1757639945E-03
   5.461233091      0.1956748523E-03
   5.477470091      0.2161392652E-03
   5.493707091      0.2370634764E-03
   5.509944092      0.2583540376E-03
   5.526181092      0.2799185750E-03
   5.542418092      0.3016665506E-03
   5.558655093      0.3235100102E-03
   5.574892093      0.3453643136E-03
   5.591129093      0.3671488378E-03
   5.607366093      0.3887876453E-03
   5.623603094      0.4102101119E-03
   5.639840094      0.4313515037E-03
   5.656077094      0.4521534952E-03
   5.672314095      0.4725646223E-03
   5.688551095      0.4925406581E-03
   5.704788095      0.5120449064E-03
   5.721025096      0.5310484015E-03
   5.737262096      0.5495300087E-03
   5.753499096      0.5674764163E-03
   5.769736097      0.5848820126E-03
   5.785973097      0.6017486440E-03
   5.802210097      0.6180852473E-03
   5.818447098      0.6246724256E-03
   5.834684098      0.6295260561E-03
   5.850921098      0.6333802564E-03
   5.867158099      0.6363306249E-03
   5.883395099      0.6384837454E-03
   5.899632099      0.6399554391E-03
   5.915869099      0.6408685736E-03
   5.932106100      0.6413504149E-03
   5.948343100      0.6415295431E-03
   5.964580100      0.6415323985E-03
   5.980817101      0.6414795962E-03
   5.997054101      0.6414822415E-03
   6.013291101      0.6416385979E-03
   6.029528102      0.6420315854E-03
   6.045765102      0.6427276877E-03
   6.062002102      0.6437778312E-03
   6.078239103      0.6452205395E-03
   6.094476103      0.6470870260E-03
   6.110713103      0.6494068940E-03
   6.126950104      0.6522121543E-03
   6.143187104      0.6555371140E-03
   6.159424104      0.6594129382E-03
   6.175661104      0.6638579945E-03
   6.191898105      0.6688670858E-03
   6.208135105      0.6744030883E-03
   6.224372105      0.6803932753E-03
   6.240609106      0.6867307517E-03
   6.256846106      0.6932799935E-03
   6.273083106      0.6998848800E-03
   6.289320107      0.7063776718E-03
   6.305557107      0.7125877691E-03
   6.321794107      0.7183495364E-03
   6.338031108      0.7235088517E-03
   6.354268108      0.7279283049E-03
   6.370505108      0.7314911340E-03
   6.386742109      0.7341040680E-03
   6.402979109      0.7356992761E-03
   6.419216109      0.7362356084E-03
     
   0.000000000      0.1010643596E-02
  0.1615885685E-01  0.1010191085E-02
  0.3231771371E-01  0.1008837863E-02
  0.4847657056E-01  0.1006596839E-02
  0.6463542742E-01  0.1003489465E-02
  0.8079428427E-01  0.9995456345E-03
  0.9695314113E-01  0.9948035346E-03
  0.1131119980      0.9893094547E-03
  0.1292708548      0.9831175353E-03
  0.1454297117      0.9762894562E-03
  0.1615885685      0.9688940531E-03
  0.1777474254      0.9610068536E-03
  0.1939062823      0.9527095216E-03
  0.2100651391      0.9440891980E-03
  0.2262239960      0.9352377279E-03
  0.2423828528      0.9262507627E-03
  0.2585417097      0.9172267276E-03
  0.2747005665      0.9082656519E-03
  0.2908594234      0.8994678588E-03
  0.3070182802      0.8909325231E-03
  0.3231771371      0.8827561098E-03
  0.3393359940      0.8750307205E-03
  0.3554948508      0.8678423808E-03
  0.3716537077      0.8612693170E-03
  0.3878125645      0.8553802784E-03
  0.4039714214      0.8502329685E-03
  0.4201302782      0.8458726544E-03
  0.4362891351      0.8423310195E-03
  0.4524479919      0.8396253205E-03
  0.4686068488      0.8377578943E-03
  0.4847657056      0.8367160448E-03
  0.5009245625      0.8364723187E-03
  0.5170834194      0.8369851553E-03
  0.5332422762      0.8381998775E-03
  0.5494011331      0.8400499706E-03
  0.5655599899      0.8424585870E-03
  0.5817188468      0.8453402046E-03
  0.5978777036      0.8486023682E-03
  0.6140365605      0.8521474476E-03
  0.6301954173      0.8558743547E-03
  0.6463542742      0.8596801718E-03
  0.6625131310      0.8634616562E-03
  0.6786719879      0.8671165985E-03
  0.6948308448      0.8705450218E-03
  0.7109897016      0.8736502172E-03
  0.7271485585      0.8763396209E-03
  0.7433074153      0.8785255393E-03
  0.7594662722      0.8801257360E-03
  0.7756251290      0.8810638930E-03
  0.7917839859      0.8812699608E-03
  0.8079428427      0.8806804126E-03
  0.8241016996      0.8792384140E-03
  0.8402605564      0.8768939235E-03
  0.8564194133      0.8736037314E-03
  0.8725782702      0.8693314496E-03
  0.8887371270      0.8640474593E-03
  0.9048959839      0.8577288231E-03
  0.9210548407      0.8503591685E-03
  0.9372136976      0.8419285469E-03
  0.9533725544      0.8324332729E-03
  0.9695314113      0.8218757456E-03
  0.9856902681      0.8102642564E-03
   1.001849125      0.7976127841E-03
   1.018007982      0.7839407799E-03
   1.034166839      0.7692729429E-03
   1.050325696      0.7536389879E-03
   1.066484552      0.7370734064E-03
   1.082643409      0.7196152204E-03
   1.098802266      0.7013077323E-03
   1.114961123      0.6821982678E-03
   1.131119980      0.6623379160E-03
   1.147278837      0.6417812645E-03
   1.163437694      0.6205861310E-03
   1.179596550      0.5988132919E-03
   1.195755407      0.5765262082E-03
   1.211914264      0.5537907486E-03
   1.228073121      0.5306749109E-03
   1.244231978      0.5072485424E-03
   1.260390835      0.4835830578E-03
   1.276549692      0.4597511583E-03
   1.292708548      0.4358265490E-03
   1.308867405      0.4118836577E-03
   1.325026262      0.3879973536E-03
   1.341185119      0.3642426685E-03
   1.357343976      0.3406945182E-03
   1.373502833      0.3174274280E-03
   1.389661690      0.2945152591E-03
   1.405820546      0.2720309393E-03
   1.421979403      0.2500461965E-03
   1.438138260      0.2286312953E-03
   1.454297117      0.2078547773E-03
   1.470455974      0.1877832033E-03
   1.486614831      0.1684808971E-03
   1.502773687      0.1500096878E-03
   1.518932544      0.1324286464E-03
   1.535091401      0.1157938101E-03
   1.551250258      0.1001578799E-03
   1.567409115      0.8556987144E-04
   1.583567972      0.7207467810E-04
   1.599726829      0.5971247595E-04
   1.615885685      0.4851783747E-04
   1.632044542      0.3851830032E-04
   1.648203399      0.2973189717E-04
   1.664362256      0.2216267566E-04
   1.680521113      0.1579234777E-04
   1.696679970      0.1056483297E-04
   1.712838827      0.6359642558E-05
   1.728997683      0.2954817193E-05
   1.745156540     -0.2463522229E-10
   1.761407614      0.1683085184E-04
   1.777658689      0.3368403744E-04
   1.793909763      0.5058028796E-04
   1.810160837      0.6753726692E-04
   1.826411911      0.8456836813E-04
   1.842662985      0.1016818794E-03
   1.858914059      0.1188805841E-03
   1.875165134      0.1361618389E-03
   1.891416208      0.1535181281E-03
   1.907667282      0.1709380638E-03
   1.923918356      0.1884077687E-03
   1.940169430      0.2059125563E-03
   1.956420504      0.2234388006E-03
   1.972671579      0.2409758781E-03
   1.988922653      0.2585180515E-03
   2.005173727      0.2760661667E-03
   2.021424801      0.2936290311E-03
   2.037675875      0.3112243556E-03
   2.053926949      0.3288791518E-03
   2.070178024      0.3466295062E-03
   2.086429098      0.3645196777E-03
   2.102680172      0.3826005131E-03
   2.118931246      0.4009272153E-03
   2.135182320      0.4195565551E-03
   2.151433394      0.4385436659E-03
   2.167684469      0.4579386016E-03
   2.183935543      0.4777828712E-03
   2.200186617      0.4981061714E-03
   2.216437691      0.5189235347E-03
   2.232688765      0.5402330747E-03
   2.248939839      0.5620144705E-03
   2.265190914      0.5842282709E-03
   2.281441988      0.6068160432E-03
   2.297693062      0.6297013305E-03
   2.313944136      0.6527913420E-03
   2.330195210      0.6759792584E-03
   2.346446284      0.6991470214E-03
   2.362697359      0.7221684615E-03
   2.378948433      0.7449126250E-03
   2.395199507      0.7672471639E-03
   2.411450581      0.7890416692E-03
   2.427701655      0.8101708399E-03
   2.443952729      0.8305173955E-03
   2.460203804      0.8499746530E-03
   2.476454878      0.8684487039E-03
   2.492705952      0.8858601382E-03
   2.508957026      0.9021452740E-03
   2.525208100      0.9172568636E-03
   2.541459174      0.9311642596E-03
   2.557710249      0.9438530356E-03
   2.573961323      0.9553240744E-03
   2.590212397      0.9655921487E-03
   2.606463471      0.9746840385E-03
   2.622714545      0.9826362490E-03
   2.638965619      0.9894924064E-03
   2.655216694      0.9953004345E-03
   2.671467768      0.1000109622E-02
   2.687718842      0.1003967708E-02
   2.703969916      0.1006918117E-02
   2.720220990      0.1008997476E-02
   2.736472064      0.1010233536E-02
   2.752723139      0.1010643596E-02
   2.768555520      0.1010234800E-02
   2.784387902      0.1009015166E-02
   2.800220284      0.1007004888E-02
   2.816052665      0.1004237393E-02
   2.831885047      0.1000758989E-02
   2.847717429      0.9966283641E-03
   2.863549810      0.9919159157E-03
   2.879382192      0.9867029099E-03
   2.895214573      0.9810804450E-03
   2.911046955      0.9750323074E-03
   2.926879337      0.9683268033E-03
   2.942711718      0.9612755119E-03
   2.958544100      0.9539496516E-03
   2.974376482      0.9464228039E-03
   2.990208863      0.9387699376E-03
   3.006041245      0.9310663663E-03
   3.021873627      0.9233866516E-03
   3.037706008      0.9158034674E-03
   3.053538390      0.9083864481E-03
   3.069370772      0.9012010452E-03
   3.085203153      0.8943074228E-03
   3.101035535      0.8877594247E-03
   3.116867917      0.8816036468E-03
   3.132700298      0.8758786517E-03
   3.148532680      0.8706143546E-03
   3.164365062      0.8658316129E-03
   3.180197443      0.8615420373E-03
   3.196029825      0.8577480400E-03
   3.211862206      0.8544431230E-03
   3.227694588      0.8516124001E-03
   3.243526970      0.8492333351E-03
   3.259359351      0.8472766723E-03
   3.275191733      0.8457075242E-03
   3.291024115      0.8444865811E-03
   3.306856496      0.8435713998E-03
   3.322688878      0.8429177313E-03
   3.338521260      0.8424808481E-03
   3.354353641      0.8422168349E-03
   3.370186023      0.8420838113E-03
   3.386018405      0.8420430594E-03
   3.401850786      0.8420600341E-03
   3.417683168      0.8421052413E-03
   3.433515550      0.8421549691E-03
   3.449347931      0.8421918641E-03
   3.465180313      0.8422053472E-03
   3.480923541      0.8415731291E-03
   3.496666769      0.8396951955E-03
   3.512409997      0.8366275758E-03
   3.528153225      0.8324631760E-03
   3.543896453      0.8273309513E-03
   3.559639681      0.8213945209E-03
   3.575382910      0.8148500089E-03
   3.591126138      0.8079228422E-03
   3.606869366      0.8008632152E-03
   3.622612594      0.7939399405E-03
   3.638355822      0.7874324687E-03
   3.654099050      0.7816210024E-03
   3.669842278      0.7767748456E-03
   3.685585506      0.7731394270E-03
   3.701328734      0.7709227621E-03
   3.717071962      0.7702824229E-03
   3.732815191      0.7713142642E-03
   3.748558419      0.7740441464E-03
   3.764301647      0.7784236418E-03
   3.780044875      0.7843302624E-03
   3.795788103      0.7915721783E-03
   3.811531331      0.7998968611E-03
   3.827274559      0.8090026923E-03
   3.843017787      0.8185523988E-03
   3.858761015      0.8281872100E-03
   3.874504243      0.8375408214E-03
   3.890247471      0.8462525119E-03
   3.905990700      0.8539790371E-03
   3.921733928      0.8604051420E-03
   3.937477156      0.8652527018E-03
   3.953220384      0.8682885947E-03
   3.968963612      0.8693314496E-03
   3.984706840      0.8682885947E-03
   4.000450068      0.8652527018E-03
   4.016193296      0.8604051420E-03
   4.031936524      0.8539790371E-03
   4.047679752      0.8462525119E-03
   4.063422981      0.8375408214E-03
   4.079166209      0.8281872100E-03
   4.094909437      0.8185523988E-03
   4.110652665      0.8090026923E-03
   4.126395893      0.7998968611E-03
   4.142139121      0.7915721783E-03
   4.157882349      0.7843302624E-03
   4.173625577      0.7784236418E-03
   4.189368805      0.7740441464E-03
   4.205112033      0.7713142642E-03
   4.220855262      0.7702824229E-03
   4.236598490      0.7709227621E-03
   4.252341718      0.7731394270E-03
   4.268084946      0.7767748456E-03
   4.283828174      0.7816210024E-03
   4.299571402      0.7874324687E-03
   4.315314630      0.7939399405E-03
   4.331057858      0.8008632152E-03
   4.346801086      0.8079228422E-03
   4.362544314      0.8148500089E-03
   4.378287543      0.8213945209E-03
   4.394030771      0.8273309513E-03
   4.409773999      0.8324631760E-03
   4.425517227      0.8366275758E-03
   4.441260455      0.8396951955E-03
   4.457003683      0.8415731291E-03
   4.472746911      0.8422053472E-03
   4.488939120      0.8405408527E-03
   4.505131328      0.8355688205E-03
   4.521323537      0.8273534078E-03
   4.537515745      0.8160008913E-03
   4.553707954      0.8016586884E-03
   4.569900162      0.7845139859E-03
   4.586092371      0.7647919687E-03
   4.602284579      0.7427536352E-03
   4.618476788      0.7186931671E-03
   4.634668996      0.6929348019E-03
   4.650861205      0.6658291210E-03
   4.667053413      0.6377486180E-03
   4.683245622      0.6090823560E-03
   4.699437830      0.5872588007E-03
   4.715630039      0.5704206513E-03
   4.731822247      0.5535996717E-03
   4.748014456      0.5369102565E-03
   4.764206664      0.5204395683E-03
   4.780398873      0.5042442444E-03
   4.796591081      0.4883483343E-03
   4.812783290      0.4727427076E-03
   4.828975498      0.4573860788E-03
   4.845167707      0.4422076606E-03
   4.861359915      0.4271113147E-03
   4.877552124      0.4119809328E-03
   4.893744332      0.3966866761E-03
   4.909936541      0.3810916478E-03
   4.926128749      0.3650585703E-03
   4.942320958      0.3484560871E-03
   4.958513166      0.3311643859E-03
   4.974705375      0.3130799358E-03
   4.990897583      0.2941192253E-03
   5.007089792      0.2709177627E-03
   5.023282000      0.2446376562E-03
   5.039474209      0.2187803158E-03
   5.055666417      0.1933278421E-03
   5.071858626      0.1727302843E-03
   5.088050834      0.1509785890E-03
   5.104243043      0.1279447378E-03
   5.120435251      0.1037862226E-03
   5.136627460      0.7869122033E-04
   5.152819668      0.5287243071E-04
   5.169011877      0.2656092300E-04
   5.185204085     -0.2463522229E-10
   5.201441086     -0.9108428106E-06
   5.217678086      0.1957879817E-05
   5.233915086      0.5937368667E-05
   5.250152087      0.1132396537E-04
   5.266389087      0.1817098377E-04
   5.282626087      0.2645480286E-04
   5.298863088      0.3613521707E-04
   5.315100088      0.4716252748E-04
   5.331337088      0.5947945975E-04
   5.347574088      0.7302208463E-04
   5.363811089      0.9286553135E-04
   5.380048089      0.1155776980E-03
   5.396285089      0.1389685732E-03
   5.412522090      0.1629675445E-03
   5.428759090      0.1874597541E-03
   5.444996090      0.2123123963E-03
   5.461233091      0.2373867967E-03
   5.477470091      0.2625443573E-03
   5.493707091      0.2876494977E-03
   5.509944092      0.3125710450E-03
   5.526181092      0.3371828498E-03
   5.542418092      0.3613640756E-03
   5.558655093      0.3849994202E-03
   5.574892093      0.4079794050E-03
   5.591129093      0.4302007903E-03
   5.607366093      0.4515671280E-03
   5.623603094      0.4719894343E-03
   5.639840094      0.4913869526E-03
   5.656077094      0.5096879749E-03
   5.672314095      0.5268306866E-03
   5.688551095      0.5427640063E-03
   5.704788095      0.5574483928E-03
   5.721025096      0.5708565940E-03
   5.737262096      0.5829743165E-03
   5.753499096      0.5938007920E-03
   5.769736097      0.6033492173E-03
   5.785973097      0.6116470436E-03
   5.802210097      0.6187360866E-03
   5.818447098      0.6339073580E-03
   5.834684098      0.6492364921E-03
   5.850921098      0.6640994081E-03
   5.867158099      0.6785272540E-03
   5.883395099      0.6925546132E-03
   5.899632099      0.7062184628E-03
   5.915869099      0.7195570649E-03
   5.932106100      0.7326088148E-03
   5.948343100      0.7454110722E-03
   5.964580100      0.7579990073E-03
   5.980817101      0.7704044911E-03
   5.997054101      0.7826550638E-03
   6.013291101      0.7947730109E-03
   6.029528102      0.8062841233E-03
   6.045765102      0.7971279323E-03
   6.062002102      0.7890339791E-03
   6.078239103      0.7822409722E-03
   6.094476103      0.7769391573E-03
   6.110713103      0.7732559858E-03
   6.126950104      0.7712455428E-03
   6.143187104      0.7708848397E-03
   6.159424104      0.7720786623E-03
   6.175661104      0.7746720796E-03
   6.191898105      0.7784673932E-03
   6.208135105      0.7832415613E-03
   6.224372105      0.7887611065E-03
   6.240609106      0.7947932248E-03
   6.256846106      0.8011132313E-03
   6.273083106      0.8075091872E-03
   6.289320107      0.8137846667E-03
   6.305557107      0.8197604456E-03
   6.321794107      0.8252756374E-03
   6.338031108      0.8301885875E-03
   6.354268108      0.8343776750E-03
   6.370505108      0.8377420773E-03
   6.386742109      0.8402024874E-03
   6.402979109      0.8417017472E-03
   6.419216109      0.8422053472E-03
     
   0.000000000      0.1010643596E-02
  0.1615885685E-01  0.1010191085E-02
  0.3231771371E-01  0.1008837863E-02
  0.4847657056E-01  0.1006596839E-02
  0.6463542742E-01  0.1003489465E-02
  0.8079428427E-01  0.9995456345E-03
  0.9695314113E-01  0.9948035346E-03
  0.1131119980      0.9893094547E-03
  0.1292708548      0.9831175353E-03
  0.1454297117      0.9762894562E-03
  0.1615885685      0.9688940531E-03
  0.1777474254      0.9610068536E-03
  0.1939062823      0.9527095216E-03
  0.2100651391      0.9440891980E-03
  0.2262239960      0.9352377279E-03
  0.2423828528      0.9262507627E-03
  0.2585417097      0.9172267276E-03
  0.2747005665      0.9082656519E-03
  0.2908594234      0.8994678588E-03
  0.3070182802      0.8909325231E-03
  0.3231771371      0.8827561098E-03
  0.3393359940      0.8750307205E-03
  0.3554948508      0.8678423808E-03
  0.3716537077      0.8612693170E-03
  0.3878125645      0.8553802784E-03
  0.4039714214      0.8502329685E-03
  0.4201302782      0.8458726544E-03
  0.4362891351      0.8423310195E-03
  0.4524479919      0.8396253205E-03
  0.4686068488      0.8377578943E-03
  0.4847657056      0.8367160448E-03
  0.5009245625      0.8364723187E-03
  0.5170834194      0.8369851553E-03
  0.5332422762      0.8381998775E-03
  0.5494011331      0.8400499706E-03
  0.5655599899      0.8424585870E-03
  0.5817188468      0.8453402046E-03
  0.5978777036      0.8486023682E-03
  0.6140365605      0.8521474476E-03
  0.6301954173      0.8558743547E-03
  0.6463542742      0.8596801718E-03
  0.6625131310      0.8634616562E-03
  0.6786719879      0.8671165985E-03
  0.6948308448      0.8705450218E-03
  0.7109897016      0.8736502172E-03
  0.7271485585      0.8763396209E-03
  0.7433074153      0.8785255393E-03
  0.7594662722      0.8801257360E-03
  0.7756251290      0.8810638930E-03
  0.7917839859      0.8812699608E-03
  0.8079428427      0.8806804126E-03
  0.8241016996      0.8792384140E-03
  0.8402605564      0.8768939235E-03
  0.8564194133      0.8736037314E-03
  0.8725782702      0.8693314496E-03
  0.8887371270      0.8787895482E-03
  0.9048959839      0.8880077487E-03
  0.9210548407      0.8968826741E-03
  0.9372136976      0.9052969205E-03
  0.9533725544      0.9131215131E-03
  0.9695314113      0.9202186591E-03
  0.9856902681      0.9264446790E-03
   1.001849125      0.9316530082E-03
   1.018007982      0.9356971758E-03
   1.034166839      0.9384336836E-03
   1.050325696      0.9397247252E-03
   1.066484552      0.9394407008E-03
   1.082643409      0.9374624980E-03
   1.098802266      0.9336835176E-03
   1.114961123      0.9280114374E-03
   1.131119980      0.9203697091E-03
   1.147278837      0.9106987921E-03
   1.163437694      0.8989571296E-03
   1.179596550      0.8851218757E-03
   1.195755407      0.8691893840E-03
   1.211914264      0.8511754675E-03
   1.228073121      0.8311154425E-03
   1.244231978      0.8090639665E-03
   1.260390835      0.7850946835E-03
   1.276549692      0.7592996868E-03
   1.292708548      0.7317888126E-03
   1.308867405      0.7026887748E-03
   1.325026262      0.6721421540E-03
   1.341185119      0.6403062528E-03
   1.357343976      0.6073518285E-03
   1.373502833      0.5734617178E-03
   1.389661690      0.5388293649E-03
   1.405820546      0.5036572655E-03
   1.421979403      0.4681553421E-03
   1.438138260      0.4325392606E-03
   1.454297117      0.3970287052E-03
   1.470455974      0.3618456207E-03
   1.486614831      0.3272124388E-03
   1.502773687      0.2933502976E-03
   1.518932544      0.2604772668E-03
   1.535091401      0.2288065865E-03
   1.551250258      0.1985449254E-03
   1.567409115      0.1698906567E-03
   1.583567972      0.1430321364E-03
   1.599726829      0.1181459458E-03
   1.615885685      0.9539500369E-04
   1.632044542      0.7492633776E-04
   1.648203399      0.5686802420E-04
   1.664362256      0.4132410531E-04
   1.680521113      0.2836444067E-04
   1.696679970      0.1800139181E-04
   1.712838827      0.1013230005E-04
   1.728997683      0.4405136712E-05
   1.745156540     -0.2463522229E-10
   1.761407614      0.2838306082E-04
   1.777658689      0.5681648132E-04
   1.793909763      0.8535017448E-04
   1.810160837      0.1140330220E-03
   1.826411911      0.1429120305E-03
   1.842662985      0.1720311375E-03
   1.858914059      0.2014296216E-03
   1.875165134      0.2311401178E-03
   1.891416208      0.2611862934E-03
   1.907667282      0.2915802874E-03
   1.923918356      0.3223200544E-03
   1.940169430      0.3533867821E-03
   1.956420504      0.3847425591E-03
   1.972671579      0.4163284688E-03
   1.988922653      0.4480632639E-03
   2.005173727      0.4798427464E-03
   2.021424801      0.5115399428E-03
   2.037675875      0.5430061245E-03
   2.053926949      0.5740726842E-03
   2.070178024      0.6045538462E-03
   2.086429098      0.6342501574E-03
   2.102680172      0.6629526857E-03
   2.118931246      0.6904478325E-03
   2.135182320      0.7165226577E-03
   2.151433394      0.7409706060E-03
   2.167684469      0.7635975211E-03
   2.183935543      0.7842278301E-03
   2.200186617      0.8027107786E-03
   2.216437691      0.8189265922E-03
   2.232688765      0.8327924332E-03
   2.248939839      0.8442680061E-03
   2.265190914      0.8533606484E-03
   2.281441988      0.8601297089E-03
   2.297693062      0.8646899752E-03
   2.313944136      0.8672138591E-03
   2.330195210      0.8679319779E-03
   2.346446284      0.8671317060E-03
   2.362697359      0.8651532052E-03
   2.378948433      0.8623824231E-03
   2.395199507      0.8592405890E-03
   2.411450581      0.8561699079E-03
   2.427701655      0.8536154695E-03
   2.443952729      0.8520039007E-03
   2.460203804      0.8517199331E-03
   2.476454878      0.8684487039E-03
   2.492705952      0.8858601382E-03
   2.508957026      0.9021452740E-03
   2.525208100      0.9172568636E-03
   2.541459174      0.9311642596E-03
   2.557710249      0.9438530356E-03
   2.573961323      0.9553240744E-03
   2.590212397      0.9655921487E-03
   2.606463471      0.9746840385E-03
   2.622714545      0.9826362490E-03
   2.638965619      0.9894924064E-03
   2.655216694      0.9953004345E-03
   2.671467768      0.1000109622E-02
   2.687718842      0.1003967708E-02
   2.703969916      0.1006918117E-02
   2.720220990      0.1008997476E-02
   2.736472064      0.1010233536E-02
   2.752723139      0.1010643596E-02
   2.768555520      0.1010256171E-02
   2.784387902      0.1009097804E-02
   2.800220284      0.1007180192E-02
   2.816052665      0.1004522708E-02
   2.831885047      0.1001152225E-02
   2.847717429      0.9971028653E-03
   2.863549810      0.9924156733E-03
   2.879382192      0.9871382097E-03
   2.895214573      0.9813240679E-03
   2.911046955      0.9751482103E-03
   2.926879337      0.9690130281E-03
   2.942711718      0.9627871695E-03
   2.958544100      0.9565864448E-03
   2.974376482      0.9505280774E-03
   2.990208863      0.9447283850E-03
   3.006041245      0.9393003056E-03
   3.021873627      0.9343508265E-03
   3.037706008      0.9299783885E-03
   3.053538390      0.9262703575E-03
   3.069370772      0.9233006658E-03
   3.085203153      0.9211277300E-03
   3.101035535      0.9197927516E-03
   3.116867917      0.9193184923E-03
   3.132700298      0.9197085937E-03
   3.148532680      0.9209474834E-03
   3.164365062      0.9230008731E-03
   3.180197443      0.9258168203E-03
   3.196029825      0.9293272941E-03
   3.211862206      0.9334501590E-03
   3.227694588      0.9380914749E-03
   3.243526970      0.9431480044E-03
   3.259359351      0.9485098228E-03
   3.275191733      0.9540629327E-03
   3.291024115      0.9596918024E-03
   3.306856496      0.9652817654E-03
   3.322688878      0.9707212345E-03
   3.338521260      0.9759037014E-03
   3.354353641      0.9807295091E-03
   3.370186023      0.9851073922E-03
   3.386018405      0.9889557913E-03
   3.401850786      0.9922039532E-03
   3.417683168      0.9947928286E-03
   3.433515550      0.9966757824E-03
   3.449347931      0.9978191311E-03
   3.465180313      0.9982025174E-03
   3.480923541      0.9977950109E-03
   3.496666769      0.9965833992E-03
   3.512409997      0.9946000282E-03
   3.528153225      0.9918975539E-03
   3.543896453      0.9885470848E-03
   3.559639681      0.9846356281E-03
   3.575382910      0.9802628960E-03
   3.591126138      0.9755375485E-03
   3.606869366      0.9705729805E-03
   3.622612594      0.9654827927E-03
   3.638355822      0.9603761133E-03
   3.654099050      0.9553529738E-03
   3.669842278      0.9504999575E-03
   3.685585506      0.9458863502E-03
   3.701328734      0.9415610135E-03
   3.717071962      0.9375501739E-03
   3.732815191      0.9338562698E-03
   3.748558419      0.9304579383E-03
   3.764301647      0.9273111486E-03
   3.780044875      0.9243514127E-03
   3.795788103      0.9214969378E-03
   3.811531331      0.9186525343E-03
   3.827274559      0.9157140544E-03
   3.843017787      0.9125731308E-03
   3.858761015      0.9091219878E-03
   3.874504243      0.9052581202E-03
   3.890247471      0.9008886698E-03
   3.905990700      0.8959343619E-03
   3.921733928      0.8903329034E-03
   3.937477156      0.8840417734E-03
   3.953220384      0.8770403646E-03
   3.968963612      0.8693314496E-03
   3.984706840      0.8770403646E-03
   4.000450068      0.8840417734E-03
   4.016193296      0.8903329034E-03
   4.031936524      0.8959343619E-03
   4.047679752      0.9008886698E-03
   4.063422981      0.9052581202E-03
   4.079166209      0.9091219878E-03
   4.094909437      0.9125731308E-03
   4.110652665      0.9157140544E-03
   4.126395893      0.9186525343E-03
   4.142139121      0.9214969378E-03
   4.157882349      0.9243514127E-03
   4.173625577      0.9273111486E-03
   4.189368805      0.9304579383E-03
   4.205112033      0.9338562698E-03
   4.220855262      0.9375501739E-03
   4.236598490      0.9415610135E-03
   4.252341718      0.9458863502E-03
   4.268084946      0.9504999575E-03
   4.283828174      0.9553529738E-03
   4.299571402      0.9603761133E-03
   4.315314630      0.9654827927E-03
   4.331057858      0.9705729805E-03
   4.346801086      0.9755375485E-03
   4.362544314      0.9802628960E-03
   4.378287543      0.9846356281E-03
   4.394030771      0.9885470848E-03
   4.409773999      0.9918975539E-03
   4.425517227      0.9946000282E-03
   4.441260455      0.9965833992E-03
   4.457003683      0.9977950109E-03
   4.472746911      0.9982025174E-03
   4.488939120      0.9971205367E-03
   4.505131328      0.9938812476E-03
   4.521323537      0.9885045376E-03
   4.537515745      0.9810233134E-03
   4.553707954      0.9714831454E-03
   4.569900162      0.9599417756E-03
   4.586092371      0.9464684948E-03
   4.602284579      0.9311433965E-03
   4.618476788      0.9140565152E-03
   4.634668996      0.8953068613E-03
   4.650861205      0.8750013612E-03
   4.667053413      0.8532537177E-03
   4.683245622      0.8301832029E-03
   4.699437830      0.8059133976E-03
   4.715630039      0.7805708943E-03
   4.731822247      0.7542839780E-03
   4.748014456      0.7271813019E-03
   4.764206664      0.6993905742E-03
   4.780398873      0.6710372728E-03
   4.796591081      0.6422434049E-03
   4.812783290      0.6131263266E-03
   4.828975498      0.5837976390E-03
   4.845167707      0.5543621749E-03
   4.861359915      0.5249170901E-03
   4.877552124      0.4955510708E-03
   4.893744332      0.4663436680E-03
   4.909936541      0.4373647671E-03
   4.926128749      0.4086741985E-03
   4.942320958      0.3803214926E-03
   4.958513166      0.3523457799E-03
   4.974705375      0.3247758341E-03
   4.990897583      0.2976302519E-03
   5.007089792      0.2742214688E-03
   5.023282000      0.2533503126E-03
   5.039474209      0.2314946134E-03
   5.055666417      0.2086683875E-03
   5.071858626      0.1849100376E-03
   5.088050834      0.1602809656E-03
   5.104243043      0.1348636722E-03
   5.120435251      0.1087594368E-03
   5.136627460      0.8208565723E-04
   5.152819668      0.5497292413E-04
   5.169011877      0.2756189127E-04
   5.185204085     -0.2463522229E-10
   5.201441086      0.1824871846E-04
   5.217678086      0.3667299297E-04
   5.233915086      0.5544350124E-04
   5.250152087      0.7472144343E-04
   5.266389087      0.9465444690E-04
   5.282626087      0.1153731066E-03
   5.298863088      0.1369881870E-03
   5.315100088      0.1595884197E-03
   5.331337088      0.1832387814E-03
   5.347574088      0.2079791318E-03
   5.363811089      0.2338231404E-03
   5.380048089      0.2607575087E-03
   5.396285089      0.2887415761E-03
   5.412522090      0.3177074544E-03
   5.428759090      0.3475608362E-03
   5.444996090      0.3781825695E-03
   5.461233091      0.4094309973E-03
   5.477470091      0.4411449549E-03
   5.493707091      0.4731472413E-03
   5.509944092      0.5052483463E-03
   5.526181092      0.5372502230E-03
   5.542418092      0.5689499393E-03
   5.558655093      0.6001430979E-03
   5.574892093      0.6306269650E-03
   5.591129093      0.6602032933E-03
   5.607366093      0.6886808512E-03
   5.623603094      0.7158776848E-03
   5.639840094      0.7416231451E-03
   5.656077094      0.7657597136E-03
   5.672314095      0.7881446517E-03
   5.688551095      0.8086514996E-03
   5.704788095      0.8271714400E-03
   5.721025096      0.8436145403E-03
   5.737262096      0.8579108832E-03
   5.753499096      0.8700115903E-03
   5.769736097      0.8798897426E-03
   5.785973097      0.8875411990E-03
   5.802210097      0.8929853103E-03
   5.818447098      0.8962655245E-03
   5.834684098      0.8974498752E-03
   5.850921098      0.8966313391E-03
   5.867158099      0.8939280419E-03
   5.883395099      0.8894832834E-03
   5.899632099      0.8834653366E-03
   5.915869099      0.8760669628E-03
   5.932106100      0.8675045554E-03
   5.948343100      0.8580168029E-03
   5.964580100      0.8478627150E-03
   5.980817101      0.8373188160E-03
   5.997054101      0.8266752461E-03
   6.013291101      0.8162304558E-03
   6.029528102      0.8067745753E-03
   6.045765102      0.8186693300E-03
   6.062002102      0.8304597293E-03
   6.078239103      0.8421408508E-03
   6.094476103      0.8537003337E-03
   6.110713103      0.8651185119E-03
   6.126950104      0.8763687339E-03
   6.143187104      0.8874178539E-03
   6.159424104      0.8982268773E-03
   6.175661104      0.9087517356E-03
   6.191898105      0.9189441673E-03
   6.208135105      0.9287526769E-03
   6.224372105      0.9381235475E-03
   6.240609106      0.9470018793E-03
   6.256846106      0.9553326321E-03
   6.273083106      0.9630616497E-03
   6.289320107      0.9701366462E-03
   6.305557107      0.9765081388E-03
   6.321794107      0.9821303125E-03
   6.338031108      0.9869618053E-03
   6.354268108      0.9909664044E-03
   6.370505108      0.9941136459E-03
   6.386742109      0.9963793120E-03
   6.402979109      0.9977458229E-03
   6.419216109      0.9982025174E-03
     
