   0.000000000      0.8644623958E-07  0.1019852863E-08 -0.2089850144E-06
  0.5000000000     -0.4922748506E-07  0.1015602350E-08 -0.2091685305E-06
   1.000000000     -0.4529148319E-06  0.9612447865E-09 -0.2094131967E-06
   1.500000000     -0.1116944378E-05  0.8392404419E-09 -0.2097077474E-06
   2.000000000     -0.2028799134E-05  0.6553324862E-09 -0.2099872188E-06
   2.500000000     -0.3174740071E-05  0.4321333401E-09 -0.2101869665E-06
   3.000000000     -0.4542272130E-05  0.2053379989E-09 -0.2102943481E-06
   3.500000000     -0.6120336139E-05  0.1872021900E-10 -0.2103550900E-06
   4.000000000     -0.7897714864E-05 -0.9017690588E-10 -0.2104326124E-06
   4.500000000     -0.9861198698E-05 -0.1114240333E-09 -0.2105566255E-06
   5.000000000     -0.1199490837E-04 -0.7528173880E-10 -0.2107012209E-06
   5.500000000     -0.1428110766E-04 -0.4062271036E-10 -0.2108045873E-06
   6.000000000     -0.1670176215E-04 -0.6227395573E-10 -0.2108103152E-06
   6.500000000     -0.1923977112E-04 -0.1604584411E-09 -0.2106995298E-06
   7.000000000     -0.2187929258E-04 -0.3166659608E-09 -0.2104963332E-06
   7.500000000     -0.2460535190E-04 -0.4989821902E-09 -0.2102496239E-06
   8.000000000     -0.2740334353E-04 -0.6948261205E-09 -0.2100058248E-06
   8.500000000     -0.3025888494E-04 -0.9234801709E-09 -0.2097864082E-06
   9.000000000     -0.3315803445E-04 -0.1219840913E-08 -0.2095785362E-06
   9.500000000     -0.3608756978E-04 -0.1606334580E-08 -0.2093421781E-06
   10.00000000     -0.3903505363E-04 -0.2078375405E-08 -0.2090316023E-06
   10.50000000     -0.4198866413E-04 -0.2613791758E-08 -0.2086213393E-06
   11.00000000     -0.4493697609E-04 -0.3194259110E-08 -0.2081209843E-06
   11.50000000     -0.4786888739E-04 -0.3818340848E-08 -0.2075674665E-06
   12.00000000     -0.5077374112E-04 -0.4497143259E-08 -0.2069987052E-06
   12.50000000     -0.5364154780E-04 -0.5241150953E-08 -0.2064279117E-06
   13.00000000     -0.5646316156E-04 -0.6052764178E-08 -0.2058386033E-06
   13.50000000     -0.5923031005E-04 -0.6929598323E-08 -0.2052035580E-06
   14.00000000     -0.6193546639E-04 -0.7870995331E-08 -0.2045102822E-06
   14.50000000     -0.6457164100E-04 -0.8878255875E-08 -0.2037701705E-06
   15.00000000     -0.6713223084E-04 -0.9948501086E-08 -0.2030041540E-06
   15.50000000     -0.6961105581E-04 -0.1107090355E-07 -0.2022199984E-06
   16.00000000     -0.7200260891E-04 -0.1223188258E-07 -0.2014042320E-06
   16.50000000     -0.7430238665E-04 -0.1342536552E-07 -0.2005372836E-06
   17.00000000     -0.7650706612E-04 -0.1465758779E-07 -0.1996175024E-06
   17.50000000     -0.7861436371E-04 -0.1594094228E-07 -0.1986703870E-06
   18.00000000     -0.8062263558E-04 -0.1728274119E-07 -0.1977326392E-06
   18.50000000     -0.8253049422E-04 -0.1867996288E-07 -0.1968240542E-06
   19.00000000     -0.8433673002E-04 -0.2012443436E-07 -0.1959318846E-06
   19.50000000     -0.8604060240E-04 -0.2161177531E-07 -0.1950217731E-06
   20.00000000     -0.8764227527E-04 -0.2314395587E-07 -0.1940667971E-06
   20.50000000     -0.8914305802E-04 -0.2472305398E-07 -0.1930717422E-06
   21.00000000     -0.9054527361E-04 -0.2634389971E-07 -0.1920746892E-06
   21.50000000     -0.9185186777E-04 -0.2799446217E-07 -0.1911260177E-06
   22.00000000     -0.9306604637E-04 -0.2966387906E-07 -0.1902602057E-06
   22.50000000     -0.9419114998E-04 -0.3134913023E-07 -0.1894780889E-06
   23.00000000     -0.9523074409E-04 -0.3305265557E-07 -0.1887486193E-06
   23.50000000     -0.9618874426E-04 -0.3477341346E-07 -0.1880282138E-06
   24.00000000     -0.9706943388E-04 -0.3650156287E-07 -0.1872881735E-06
   24.50000000     -0.9787739481E-04 -0.3822329644E-07 -0.1865367936E-06
   25.00000000     -0.9861747174E-04 -0.3993108838E-07 -0.1858228043E-06
   25.50000000     -0.9929483196E-04 -0.4162816363E-07 -0.1852136513E-06
   26.00000000     -0.9991504282E-04 -0.4332176010E-07 -0.1847569730E-06
   26.50000000     -0.1004840327E-03 -0.4501176175E-07 -0.1844488970E-06
   27.00000000     -0.1010078978E-03 -0.4668646246E-07 -0.1842343413E-06
   27.50000000     -0.1014926726E-03 -0.4832975118E-07 -0.1840448437E-06
   28.00000000     -0.1019442428E-03 -0.4993187890E-07 -0.1838496079E-06
   28.50000000     -0.1023684738E-03 -0.5149240892E-07 -0.1836802940E-06
   29.00000000     -0.1027714647E-03 -0.5301289493E-07 -0.1836069525E-06
   29.50000000     -0.1031597419E-03 -0.5448841287E-07 -0.1836818748E-06
   30.00000000     -0.1035402615E-03 -0.5590834794E-07 -0.1838974674E-06
   30.50000000     -0.1039202193E-03 -0.5726613956E-07 -0.1841954444E-06
   31.00000000     -0.1043067688E-03 -0.5856676975E-07 -0.1845215237E-06
   31.50000000     -0.1047067696E-03 -0.5982208519E-07 -0.1848784972E-06
   32.00000000     -0.1051266535E-03 -0.6103683304E-07 -0.1853288470E-06
   32.50000000     -0.1055724454E-03 -0.6219898313E-07 -0.1859405649E-06
   33.00000000     -0.1060499237E-03 -0.6328462784E-07 -0.1867210416E-06
   33.50000000     -0.1065648334E-03 -0.6427340246E-07 -0.1875982326E-06
   34.00000000     -0.1071230271E-03 -0.6515986691E-07 -0.1884707709E-06
   34.50000000     -0.1077304348E-03 -0.6595063797E-07 -0.1892896339E-06
   35.00000000     -0.1083928856E-03 -0.6665151108E-07 -0.1901038213E-06
   35.50000000     -0.1091159164E-03 -0.6725802630E-07 -0.1910283155E-06
   36.00000000     -0.1099047029E-03 -0.6775762032E-07 -0.1921545791E-06
   36.50000000     -0.1107641150E-03 -0.6813829915E-07 -0.1934717863E-06
   37.00000000     -0.1116987598E-03 -0.6839254448E-07 -0.1948618089E-06
   37.50000000     -0.1127128965E-03 -0.6851236431E-07 -0.1961760299E-06
   38.00000000     -0.1138102846E-03 -0.6848296573E-07 -0.1973394162E-06
   38.50000000     -0.1149941762E-03 -0.6828449887E-07 -0.1984044290E-06
   39.00000000     -0.1162675799E-03 -0.6790111909E-07 -0.1995116789E-06
   39.50000000     -0.1176336378E-03 -0.6732639059E-07 -0.2007815011E-06
   40.00000000     -0.1190957355E-03 -0.6655676406E-07 -0.2022130504E-06
   40.50000000     -0.1206571024E-03 -0.6557860864E-07 -0.2036668418E-06
   41.00000000     -0.1223200969E-03 -0.6436333484E-07 -0.2049503282E-06
   41.50000000     -0.1240857417E-03 -0.6287763370E-07 -0.2059505510E-06
   42.00000000     -0.1259539719E-03 -0.6109855511E-07 -0.2067167518E-06
   42.50000000     -0.1279244942E-03 -0.5901558724E-07 -0.2074238593E-06
   43.00000000     -0.1299976047E-03 -0.5661463917E-07 -0.2082325663E-06
   43.50000000     -0.1321742910E-03 -0.5385974835E-07 -0.2091451140E-06
   44.00000000     -0.1344555296E-03 -0.5069390260E-07 -0.2099714033E-06
   44.50000000     -0.1368413724E-03 -0.4706164599E-07 -0.2104451498E-06
   45.00000000     -0.1393305852E-03 -0.4293115739E-07 -0.2104127755E-06
   45.50000000     -0.1419210813E-03 -0.3829011262E-07 -0.2099494891E-06
   46.00000000     -0.1446106822E-03 -0.3311501357E-07 -0.2093007701E-06
   46.50000000     -0.1473974944E-03 -0.2734334995E-07 -0.2086801549E-06
   47.00000000     -0.1502796330E-03 -0.2087930570E-07 -0.2080743636E-06
   47.50000000     -0.1532547007E-03 -0.1363128809E-07 -0.2072125525E-06
   48.00000000     -0.1563196589E-03 -0.5544498002E-08 -0.2057337049E-06
   48.50000000     -0.1594712893E-03  0.3408011652E-08 -0.2034288351E-06
   49.00000000     -0.1627067814E-03  0.1327269287E-07 -0.2003718151E-06
   49.50000000     -0.1660237879E-03  0.2415693464E-07 -0.1968391198E-06
   50.00000000     -0.1694197828E-03  0.3622101076E-07 -0.1930849961E-06
   50.50000000     -0.1728912664E-03  0.4962339371E-07 -0.1891471581E-06
   51.00000000     -0.1764335712E-03  0.6447045973E-07 -0.1848217547E-06
   51.50000000     -0.1800415071E-03  0.8082208988E-07 -0.1798024401E-06
   52.00000000     -0.1837103222E-03  0.9875326105E-07 -0.1738535620E-06
   52.50000000     -0.1874361742E-03  0.1184168375E-06 -0.1668838669E-06
   53.00000000     -0.1912157787E-03  0.1400490926E-06 -0.1588940467E-06
   53.50000000     -0.1950456411E-03  0.1639128478E-06 -0.1498822311E-06
   54.00000000     -0.1989215992E-03  0.1902327332E-06 -0.1398066202E-06
   54.50000000     -0.2028390184E-03  0.2191845996E-06 -0.1286222100E-06
   55.00000000     -0.2067933357E-03  0.2509484000E-06 -0.1163196746E-06
   55.50000000     -0.2107803796E-03  0.2857713591E-06 -0.1028893969E-06
   56.00000000     -0.2147962335E-03  0.3239756771E-06 -0.8821525558E-07
   56.50000000     -0.2188369335E-03  0.3658935390E-06 -0.7198753380E-07
   57.00000000     -0.2228984331E-03  0.4117757194E-06 -0.5372716455E-07
   57.50000000     -0.2269768980E-03  0.4617418338E-06 -0.3293036031E-07
   58.00000000     -0.2310689534E-03  0.5158062503E-06 -0.9250524929E-08
   58.50000000     -0.2351715124E-03  0.5739595876E-06  0.1738660992E-07
   59.00000000     -0.2392812875E-03  0.6362561737E-06  0.4678050835E-07
   59.50000000     -0.2433945034E-03  0.7028642455E-06  0.7853794026E-07
   60.00000000     -0.2475072050E-03  0.7740564580E-06  0.1121860039E-06
   60.50000000     -0.2516159644E-03  0.8501339365E-06  0.1472869496E-06
   61.00000000     -0.2557183281E-03  0.9312936052E-06  0.1835489364E-06
   61.50000000     -0.2598125327E-03  0.1017479817E-05  0.2209107992E-06
   62.00000000     -0.2638966987E-03  0.1108294714E-05  0.2595471121E-06
   62.50000000     -0.2679682370E-03  0.1203036163E-05  0.2997512135E-06
   63.00000000     -0.2720240206E-03  0.1300863322E-05  0.3417291904E-06
   63.50000000     -0.2760611608E-03  0.1400995549E-05  0.3854212324E-06
   64.00000000     -0.2800776662E-03  0.1502814331E-05  0.4304719294E-06
   64.50000000     -0.2840724110E-03  0.1605811212E-05  0.4763714730E-06
   65.00000000     -0.2880445341E-03  0.1709459121E-05  0.5226592089E-06
   65.50000000     -0.2919929303E-03  0.1813157247E-05  0.5690344658E-06
   66.00000000     -0.2959163624E-03  0.1916325952E-05  0.6153039834E-06
   66.50000000     -0.2998140753E-03  0.2018557942E-05  0.6612379973E-06
   67.00000000     -0.3036862892E-03  0.2119625377E-05  0.7064784221E-06
   67.50000000     -0.3075340818E-03  0.2219226641E-05  0.7505777092E-06
   68.00000000     -0.3113587596E-03  0.2316589778E-05  0.7931098440E-06
   68.50000000     -0.3151612747E-03  0.2410233570E-05  0.8337195083E-06
   69.00000000     -0.3189421392E-03  0.2498134310E-05  0.8720369755E-06
   69.50000000     -0.3227017998E-03  0.2578260622E-05  0.9075270963E-06
   70.00000000     -0.3264410716E-03  0.2649137534E-05  0.9394232924E-06
   70.50000000     -0.3301613183E-03  0.2710040692E-05  0.9668364904E-06
   71.00000000     -0.3338644045E-03  0.2760673432E-05  0.9889751160E-06
   71.50000000     -0.3375526370E-03  0.2800556637E-05  0.1005306963E-05
   72.00000000     -0.3412287735E-03  0.2828568577E-05  0.1015536381E-05
   72.50000000     -0.3448959573E-03  0.2842950496E-05  0.1019424775E-05
   73.00000000     -0.3485574479E-03  0.2841748762E-05  0.1016610969E-05
   73.50000000     -0.3522162754E-03  0.2823368886E-05  0.1006578473E-05
   74.00000000     -0.3558751324E-03  0.2786883244E-05  0.9887841108E-06
   74.50000000     -0.3595366730E-03  0.2731954323E-05  0.9628298982E-06
   75.00000000     -0.3632040154E-03  0.2658513073E-05  0.9285422789E-06
   75.50000000     -0.3668810368E-03  0.2566461978E-05  0.8859234525E-06
   76.00000000     -0.3705722282E-03  0.2455595814E-05  0.8350560371E-06
   76.50000000     -0.3742822606E-03  0.2325749487E-05  0.7760677812E-06
   77.00000000     -0.3780156080E-03  0.2177038455E-05  0.7091844021E-06
   77.50000000     -0.3817764156E-03  0.2010029326E-05  0.6348009839E-06
   78.00000000     -0.3855685131E-03  0.1825745739E-05  0.5534817194E-06
   78.50000000     -0.3893954045E-03  0.1625514927E-05  0.4658699637E-06
   79.00000000     -0.3932602501E-03  0.1410746222E-05  0.3725816026E-06
   79.50000000     -0.3971660216E-03  0.1182779266E-05  0.2741760790E-06
   80.00000000     -0.4011158749E-03  0.9429225464E-06  0.1712322008E-06
   80.50000000     -0.4051134758E-03  0.6927028647E-06  0.6446459563E-07
   81.00000000     -0.4091628975E-03  0.4341905766E-06 -0.4521531903E-07
   81.50000000     -0.4132680186E-03  0.1701510583E-06 -0.1567385104E-06
   82.00000000     -0.4174318184E-03 -0.9618431101E-07 -0.2689798428E-06
   82.50000000     -0.4216561208E-03 -0.3617065709E-06 -0.3808455989E-06
   83.00000000     -0.4259419705E-03 -0.6240698173E-06 -0.4913029560E-06
   83.50000000     -0.4302902853E-03 -0.8819519767E-06 -0.5993694886E-06
   84.00000000     -0.4347022363E-03 -0.1134683541E-05 -0.7041093815E-06
   84.50000000     -0.4391791348E-03 -0.1381400413E-05 -0.8046553650E-06
   85.00000000     -0.4437220949E-03 -0.1620236343E-05 -0.9002282470E-06
   85.50000000     -0.4483318761E-03 -0.1848098282E-05 -0.9901150399E-06
   86.00000000     -0.4530090102E-03 -0.2061207660E-05 -0.1073608213E-05
   86.50000000     -0.4577539463E-03 -0.2256082357E-05 -0.1149961155E-05
   87.00000000     -0.4625669362E-03 -0.2430349241E-05 -0.1218419971E-05
   87.50000000     -0.4674477177E-03 -0.2582928744E-05 -0.1278333358E-05
   88.00000000     -0.4723953323E-03 -0.2713599579E-05 -0.1329268193E-05
   88.50000000     -0.4774083051E-03 -0.2822366316E-05 -0.1371038988E-05
   89.00000000     -0.4824850382E-03 -0.2909099834E-05 -0.1403621219E-05
   89.50000000     -0.4876240426E-03 -0.2973596347E-05 -0.1427014261E-05
   90.00000000     -0.4928238085E-03 -0.3015810757E-05 -0.1441165243E-05
   90.50000000     -0.4980824870E-03 -0.3035910248E-05 -0.1446015038E-05
   91.00000000     -0.5033977248E-03 -0.3034043792E-05 -0.1441620325E-05
   91.50000000     -0.5087667972E-03 -0.3010076780E-05 -0.1428234965E-05
   92.00000000     -0.5141868744E-03 -0.2963644490E-05 -0.1406267220E-05
   92.50000000     -0.5196551705E-03 -0.2894615495E-05 -0.1376142890E-05
   93.00000000     -0.5251689350E-03 -0.2803660905E-05 -0.1338198351E-05
   93.50000000     -0.5307254656E-03 -0.2692470756E-05 -0.1292711540E-05
   94.00000000     -0.5363222767E-03 -0.2563405420E-05 -0.1240057710E-05
   94.50000000     -0.5419573119E-03 -0.2418809113E-05 -0.1180853904E-05
   95.00000000     -0.5476289298E-03 -0.2260458032E-05 -0.1115947077E-05
   95.50000000     -0.5533355540E-03 -0.2089463873E-05 -0.1046226202E-05
   96.00000000     -0.5590751979E-03 -0.1906566960E-05 -0.9723960501E-06
   96.50000000     -0.5648452383E-03 -0.1712493598E-05 -0.8948980903E-06
   97.00000000     -0.5706426192E-03 -0.1508128965E-05 -0.8140489319E-06
   97.50000000     -0.5764643180E-03 -0.1294538671E-05 -0.7302809505E-06
   98.00000000     -0.5823077173E-03 -0.1073040525E-05 -0.6442761568E-06
   98.50000000     -0.5881706776E-03 -0.8454090394E-06 -0.5568716414E-06
   99.00000000     -0.5940514144E-03 -0.6140317728E-06 -0.4688118239E-06
   99.50000000     -0.5999484242E-03 -0.3817344193E-06 -0.3805558058E-06
   100.0000000     -0.6058605557E-03 -0.1511998227E-06 -0.2922972505E-06
   100.5000000     -0.6117870534E-03  0.7574001476E-07 -0.2041645467E-06
   101.0000000     -0.6177273344E-03  0.2984845947E-06 -0.1164125223E-06
   101.5000000     -0.6236805110E-03  0.5174428518E-06 -0.2943495527E-07
   102.0000000     -0.6296450086E-03  0.7333331428E-06  0.5640082322E-07
   102.5000000     -0.6356186884E-03  0.9464371961E-06  0.1409320510E-06
   103.0000000     -0.6415995213E-03  0.1156232845E-05  0.2242214011E-06
   103.5000000     -0.6475863610E-03  0.1361546874E-05  0.3064033110E-06
   104.0000000     -0.6535792039E-03  0.1561039585E-05  0.3874998338E-06
   104.5000000     -0.6595787143E-03  0.1753678190E-05  0.4673687875E-06
   105.0000000     -0.6655854143E-03  0.1938939207E-05  0.5458126535E-06
   105.5000000     -0.6715992115E-03  0.2116700831E-05  0.6227239602E-06
   106.0000000     -0.6776195887E-03  0.2286982256E-05  0.6981168675E-06
   106.5000000     -0.6836461551E-03  0.2449741113E-05  0.7720121910E-06
   107.0000000     -0.6896789626E-03  0.2604838665E-05  0.8442839167E-06
   107.5000000     -0.6957183274E-03  0.2752113656E-05  0.9146050766E-06
   108.0000000     -0.7017644551E-03  0.2891403843E-05  0.9825300968E-06
   108.5000000     -0.7078173686E-03  0.3022405136E-05  0.1047624183E-05
   109.0000000     -0.7138772612E-03  0.3144423488E-05  0.1109517072E-05
   109.5000000     -0.7199449119E-03  0.3256208399E-05  0.1167838337E-05
   110.0000000     -0.7260217375E-03  0.3356026538E-05  0.1222097867E-05
   110.5000000     -0.7321094743E-03  0.3441949404E-05  0.1271610265E-05
   111.0000000     -0.7382098707E-03  0.3512149230E-05  0.1315509765E-05
   111.5000000     -0.7443246921E-03  0.3564989952E-05  0.1352828016E-05
   112.0000000     -0.7504559366E-03  0.3598879411E-05  0.1382578529E-05
   112.5000000     -0.7566059341E-03  0.3612055093E-05  0.1403813186E-05
   113.0000000     -0.7627772166E-03  0.3602522737E-05  0.1415643428E-05
   113.5000000     -0.7689723857E-03  0.3568216467E-05  0.1417222789E-05
   114.0000000     -0.7751942078E-03  0.3507241131E-05  0.1407687836E-05
   114.5000000     -0.7814458180E-03  0.3417978107E-05  0.1386082236E-05
   115.0000000     -0.7877306918E-03  0.3298951785E-05  0.1351329937E-05
   115.5000000     -0.7940522821E-03  0.3148567351E-05  0.1302322153E-05
   116.0000000     -0.8004136838E-03  0.2964970905E-05  0.1238108155E-05
   116.5000000     -0.8068177861E-03  0.2746239464E-05  0.1158081743E-05
   117.0000000     -0.8132679098E-03  0.2490899579E-05  0.1062031930E-05
   117.5000000     -0.8197683612E-03  0.2198529527E-05  0.9500229807E-06
   118.0000000     -0.8263243048E-03  0.1870089018E-05  0.8222137330E-06
   118.5000000     -0.8329409486E-03  0.1507747358E-05  0.6787853063E-06
   119.0000000     -0.8396226624E-03  0.1114299758E-05  0.5200540568E-06
   119.5000000     -0.8463726892E-03  0.6925632891E-06  0.3466803615E-06
   120.0000000     -0.8531935550E-03  0.2451830507E-06  0.1597985265E-06
   120.5000000     -0.8600877021E-03 -0.2250172483E-06 -0.3902827975E-07
   121.0000000     -0.8670577980E-03 -0.7144260924E-06 -0.2479560620E-06
   121.5000000     -0.8741065835E-03 -0.1218251415E-05 -0.4649447825E-06
   122.0000000     -0.8812365369E-03 -0.1730600850E-05 -0.6876870821E-06
   122.5000000     -0.8884496612E-03 -0.2244863180E-05 -0.9134595951E-06
   123.0000000     -0.8957474051E-03 -0.2753991578E-05 -0.1139076623E-05
   123.5000000     -0.9031305001E-03 -0.3250480936E-05 -0.1361051079E-05
   124.0000000     -0.9105986036E-03 -0.3726230651E-05 -0.1575878197E-05
   124.5000000     -0.9181499609E-03 -0.4172656018E-05 -0.1780229184E-05
   125.0000000     -0.9257814585E-03 -0.4581161184E-05 -0.1970902228E-05
   125.5000000     -0.9334891871E-03 -0.4943681493E-05 -0.2144584984E-05
   126.0000000     -0.9412691607E-03 -0.5252888728E-05 -0.2297655607E-05
   126.5000000     -0.9491176135E-03 -0.5501963587E-05 -0.2426231599E-05
   127.0000000     -0.9570305944E-03 -0.5684248644E-05 -0.2526477242E-05
   127.5000000     -0.9650031760E-03 -0.5793179362E-05 -0.2594973653E-05
   128.0000000     -0.9730289282E-03 -0.5822596427E-05 -0.2628920301E-05
   128.5000000     -0.9811000626E-03 -0.5767215588E-05 -0.2626096281E-05
   129.0000000     -0.9892080839E-03 -0.5622996243E-05 -0.2584712657E-05
   129.5000000     -0.9973444343E-03 -0.5387353781E-05 -0.2503353849E-05
   130.0000000     -0.1005500768E-02 -0.5059296881E-05 -0.2381094430E-05
   130.5000000     -0.1013668884E-02 -0.4639497796E-05 -0.2217711042E-05
   131.0000000     -0.1021840562E-02 -0.4130207322E-05 -0.2013842248E-05
   131.5000000     -0.1030007490E-02 -0.3535027928E-05 -0.1771020366E-05
   132.0000000     -0.1038161321E-02 -0.2858771005E-05 -0.1491613752E-05
   132.5000000     -0.1046293841E-02 -0.2107635009E-05 -0.1178763121E-05
   133.0000000     -0.1054397234E-02 -0.1289638662E-05 -0.8363515474E-06
   133.5000000     -0.1062464383E-02 -0.4149227559E-06 -0.4689837434E-06
   134.0000000     -0.1070489105E-02  0.5044202802E-06 -0.8193344053E-07
   134.5000000     -0.1078466333E-02  0.1454918925E-05  0.3189504329E-06
   135.0000000     -0.1086392329E-02  0.2422272285E-05  0.7273527478E-06
   135.5000000     -0.1094264970E-02  0.3391526258E-05  0.1136586804E-05
   136.0000000     -0.1102083898E-02  0.4346936917E-05  0.1539671559E-05
   136.5000000     -0.1109850382E-02  0.5271894992E-05  0.1929419681E-05
   137.0000000     -0.1117566996E-02  0.6149210110E-05  0.2298573091E-05
   137.5000000     -0.1125237547E-02  0.6961720608E-05  0.2639993543E-05
   138.0000000     -0.1132867445E-02  0.7692948603E-05  0.2946862926E-05
   138.5000000     -0.1140464159E-02  0.8327539685E-05  0.3212818416E-05
   139.0000000     -0.1148037178E-02  0.8851417956E-05  0.3431986919E-05
   139.5000000     -0.1155597344E-02  0.9251772488E-05  0.3598976817E-05
   140.0000000     -0.1163156126E-02  0.9517085679E-05  0.3708947824E-05
   140.5000000     -0.1170725489E-02  0.9637400806E-05  0.3757831556E-05
   141.0000000     -0.1178318351E-02  0.9604883646E-05  0.3742637693E-05
   141.5000000     -0.1185948985E-02  0.9414492369E-05  0.3661676754E-05
   142.0000000     -0.1193632789E-02  0.9064404936E-05  0.3514571338E-05
   142.5000000     -0.1201385525E-02  0.8555973019E-05  0.3302092765E-05
   143.0000000     -0.1209222617E-02  0.7893350044E-05  0.3026004680E-05
   143.5000000     -0.1217158945E-02  0.7083232827E-05  0.2689081952E-05
   144.0000000     -0.1225209032E-02  0.6135014638E-05  0.2295302849E-05
   144.5000000     -0.1233387137E-02  0.5061154008E-05  0.1850032065E-05
   145.0000000     -0.1241706940E-02  0.3877232037E-05  0.1359989836E-05
   145.5000000     -0.1250180878E-02  0.2601409989E-05  0.8329719028E-06
   146.0000000     -0.1258819486E-02  0.1253601623E-05  0.2774976995E-06
   146.5000000     -0.1267631037E-02 -0.1450185804E-06 -0.2973879039E-06
   147.0000000     -0.1276621478E-02 -0.1571916357E-05 -0.8821099952E-06
   147.5000000     -0.1285794428E-02 -0.3002917863E-05 -0.1466532118E-05
   148.0000000     -0.1295151025E-02 -0.4412397291E-05 -0.2040104536E-05
   148.5000000     -0.1304689696E-02 -0.5774142767E-05 -0.2592196986E-05
   149.0000000     -0.1314406055E-02 -0.7062492196E-05 -0.3112421070E-05
   149.5000000     -0.1324293001E-02 -0.8253157749E-05 -0.3590793295E-05
   150.0000000     -0.1334340901E-02 -0.9323501298E-05 -0.4017822012E-05
   150.5000000     -0.1344537684E-02 -0.1025244999E-04 -0.4384709519E-05
   151.0000000     -0.1354868901E-02 -0.1102041272E-04 -0.4683678517E-05
   151.5000000     -0.1365317901E-02 -0.1160950555E-04 -0.4908188961E-05
   152.0000000     -0.1375866190E-02 -0.1200422781E-04 -0.5052863646E-05
   152.5000000     -0.1386493936E-02 -0.1219243113E-04 -0.5113283695E-05
   153.0000000     -0.1397180495E-02 -0.1216609178E-04 -0.5086024991E-05
   153.5000000     -0.1407904818E-02 -0.1192141841E-04 -0.4969064065E-05
   154.0000000     -0.1418645667E-02 -0.1145838951E-04 -0.4762231071E-05
   154.5000000     -0.1429381690E-02 -0.1078039999E-04 -0.4467285784E-05
   155.0000000     -0.1440091659E-02 -0.9894536075E-05 -0.4087603155E-05
   155.5000000     -0.1450755061E-02 -0.8812155363E-05 -0.3627890758E-05
   156.0000000     -0.1461352883E-02 -0.7548957123E-05 -0.3094271477E-05
   156.5000000     -0.1471868220E-02 -0.6124295716E-05 -0.2494551386E-05
   157.0000000     -0.1482286618E-02 -0.4560427466E-05 -0.1838204575E-05
   157.5000000     -0.1492596361E-02 -0.2882411028E-05 -0.1135917880E-05
   158.0000000     -0.1502788814E-02 -0.1118402361E-05 -0.3990619220E-06
   158.5000000     -0.1512858515E-02  0.7005838252E-06  0.3604638202E-06
   159.0000000     -0.1522802844E-02  0.2541778053E-05  0.1130013738E-05
   159.5000000     -0.1532621678E-02  0.4371872400E-05  0.1896025372E-05
   160.0000000     -0.1542317574E-02  0.6157493308E-05  0.2644221674E-05
   160.5000000     -0.1551896376E-02  0.7865071901E-05  0.3360091711E-05
   161.0000000     -0.1561367508E-02  0.9460967546E-05  0.4029337597E-05
   161.5000000     -0.1570743634E-02  0.1091222510E-04  0.4638150709E-05
   162.0000000     -0.1580040119E-02  0.1218749377E-04  0.5173438109E-05
   162.5000000     -0.1589274872E-02  0.1325766340E-04  0.5623133557E-05
   163.0000000     -0.1598468396E-02  0.1409650030E-04  0.5976549874E-05
   163.5000000     -0.1607643570E-02  0.1468169681E-04  0.6224633976E-05
   164.0000000     -0.1616825029E-02  0.1499594926E-04  0.6360082898E-05
   164.5000000     -0.1626038568E-02  0.1502721301E-04  0.6377428009E-05
   165.0000000     -0.1635310809E-02  0.1476812073E-04  0.6273217912E-05
   165.5000000     -0.1644669009E-02  0.1421569656E-04  0.6046300457E-05
   166.0000000     -0.1654140784E-02  0.1337223500E-04  0.5698048142E-05
   166.5000000     -0.1663753732E-02  0.1224666624E-04  0.5232362841E-05
   167.0000000     -0.1673535056E-02  0.1085495309E-04  0.4655490052E-05
   167.5000000     -0.1683511178E-02  0.9219210815E-05  0.3975888857E-05
   168.0000000     -0.1693707235E-02  0.7366800529E-05  0.3204360541E-05
   168.5000000     -0.1704146307E-02  0.5330455759E-05  0.2354312471E-05
   169.0000000     -0.1714848431E-02  0.3148817375E-05  0.1441781473E-05
   169.5000000     -0.1725829728E-02  0.8659315421E-06  0.4849994940E-06
   170.0000000     -0.1737102130E-02 -0.1470552911E-05 -0.4962965353E-06
   170.5000000     -0.1748673597E-02 -0.3811208683E-05 -0.1481417948E-05
   171.0000000     -0.1760548094E-02 -0.6105535919E-05 -0.2448990354E-05
   171.5000000     -0.1772724790E-02 -0.8301905109E-05 -0.3377134365E-05
   172.0000000     -0.1785196957E-02 -0.1034795365E-04 -0.4243828598E-05
   172.5000000     -0.1797951505E-02 -0.1219202220E-04 -0.5027510684E-05
   173.0000000     -0.1810969330E-02 -0.1378516551E-04 -0.5707778227E-05
   173.5000000     -0.1824225847E-02 -0.1508298687E-04 -0.6266038015E-05
   174.0000000     -0.1837691387E-02 -0.1604696047E-04 -0.6686042412E-05
   174.5000000     -0.1851331842E-02 -0.1664535269E-04 -0.6954337656E-05
   175.0000000     -0.1865109756E-02 -0.1685403879E-04 -0.7060693928E-05
   175.5000000     -0.1878985392E-02 -0.1665743580E-04 -0.6998570059E-05
   176.0000000     -0.1892917319E-02 -0.1604945192E-04 -0.6765580458E-05
   176.5000000     -0.1906862860E-02 -0.1503407586E-04 -0.6363843779E-05
   177.0000000     -0.1920779001E-02 -0.1362544931E-04 -0.5800086950E-05
   177.5000000     -0.1934623805E-02 -0.1184781673E-04 -0.5085463926E-05
   178.0000000     -0.1948357895E-02 -0.9735807680E-05 -0.4235171402E-05
   178.5000000     -0.1961945836E-02 -0.7334794711E-05 -0.3268031254E-05
   179.0000000     -0.1975357389E-02 -0.4700460034E-05 -0.2206173201E-05
   179.5000000     -0.1988568392E-02 -0.1897098858E-05 -0.1074771007E-05
   180.0000000     -0.2001560917E-02  0.1004798088E-05  0.9836880940E-07
   180.5000000     -0.2014323007E-02  0.3930696086E-05  0.1283487717E-05
   181.0000000     -0.2026848869E-02  0.6803511167E-05  0.2449725903E-05
   181.5000000     -0.2039139894E-02  0.9544936782E-05  0.3565992233E-05
   182.0000000     -0.2051205805E-02  0.1207727167E-04  0.4601844747E-05
   182.5000000     -0.2063064988E-02  0.1432583110E-04  0.5528377466E-05
   183.0000000     -0.2074743952E-02  0.1622150759E-04  0.6318925424E-05
   183.5000000     -0.2086276601E-02  0.1770322545E-04  0.6949468979E-05
   184.0000000     -0.2097703705E-02  0.1872042761E-04  0.7399062532E-05
   184.5000000     -0.2109072438E-02  0.1923547776E-04  0.7650751769E-05
   185.0000000     -0.2120435779E-02  0.1922524389E-04  0.7692801887E-05
   185.5000000     -0.2131851616E-02  0.1868140921E-04  0.7519409966E-05
   186.0000000     -0.2143381280E-02  0.1761028681E-04  0.7130504652E-05
   186.5000000     -0.2155087597E-02  0.1603329689E-04  0.6531346160E-05
   187.0000000     -0.2167033230E-02  0.1398782135E-04  0.5732847056E-05
   187.5000000     -0.2179279585E-02  0.1152676231E-04  0.4752403394E-05
   188.0000000     -0.2191885231E-02  0.8716048875E-05  0.3614101515E-05
   188.5000000     -0.2204902912E-02  0.5631533077E-05  0.2347792005E-05
   189.0000000     -0.2218376116E-02  0.2357080733E-05  0.9878184509E-06
   189.5000000     -0.2232336902E-02 -0.1016402553E-05 -0.4276868371E-06
   190.0000000     -0.2246805071E-02 -0.4392882770E-05 -0.1857171636E-05
   190.5000000     -0.2261787527E-02 -0.7674873386E-05 -0.3256620932E-05
   191.0000000     -0.2277277677E-02 -0.1076750765E-04 -0.4581345999E-05
   191.5000000     -0.2293255500E-02 -0.1358124373E-04 -0.5787942185E-05
   192.0000000     -0.2309687953E-02 -0.1603325353E-04 -0.6835901793E-05
   192.5000000     -0.2326529015E-02 -0.1804910762E-04 -0.7689045709E-05
   193.0000000     -0.2343719906E-02 -0.1956565058E-04 -0.8316917417E-05
   193.5000000     -0.2361190700E-02 -0.2053395355E-04 -0.8695808872E-05
   194.0000000     -0.2378863217E-02 -0.2092065645E-04 -0.8809319123E-05
   194.5000000     -0.2396654267E-02 -0.2070774234E-04 -0.8649055324E-05
   195.0000000     -0.2414478862E-02 -0.1989251861E-04 -0.8215838078E-05
   195.5000000     -0.2432253109E-02 -0.1848885385E-04 -0.7520595075E-05
   196.0000000     -0.2449896112E-02 -0.1652846460E-04 -0.6583891309E-05
   196.5000000     -0.2467331339E-02 -0.1406048871E-04 -0.5434393401E-05
   197.0000000     -0.2484489171E-02 -0.1114960610E-04 -0.4107536238E-05
   197.5000000     -0.2501310870E-02 -0.7874589626E-05 -0.2644765970E-05
   198.0000000     -0.2517751824E-02 -0.4327838574E-05 -0.1092475489E-05
   198.5000000     -0.2533782722E-02 -0.6141235594E-06  0.4998767117E-06
   199.0000000     -0.2549389886E-02  0.3152820128E-05  0.2081783986E-05
   199.5000000     -0.2564575970E-02  0.6854572513E-05  0.3603215810E-05
   200.0000000     -0.2579360288E-02  0.1037130146E-04  0.5016015139E-05
   200.5000000     -0.2593778156E-02  0.1358458654E-04  0.6275588322E-05
   201.0000000     -0.2607880286E-02  0.1638158997E-04  0.7342463705E-05
   201.5000000     -0.2621732587E-02  0.1866023082E-04  0.8183304745E-05
   202.0000000     -0.2635414721E-02  0.2033343119E-04  0.8771830092E-05
   202.5000000     -0.2649016739E-02  0.2133232299E-04  0.9090006504E-05
   203.0000000     -0.2662635620E-02  0.2160985370E-04  0.9128807616E-05
   203.5000000     -0.2676372741E-02  0.2114436698E-04  0.8887893603E-05
   204.0000000     -0.2690330526E-02  0.1994118847E-04  0.8375020512E-05
   204.5000000     -0.2704607590E-02  0.1803238070E-04  0.7606254218E-05
   205.0000000     -0.2719295123E-02  0.1547667338E-04  0.6606305490E-05
   205.5000000     -0.2734476076E-02  0.1235937981E-04  0.5407474646E-05
   206.0000000     -0.2750224240E-02  0.8789951257E-05  0.4047569956E-05
   206.5000000     -0.2766600822E-02  0.4896943923E-05  0.2568750646E-05
   207.0000000     -0.2783650829E-02  0.8228435245E-06  0.1017646535E-05
   207.5000000     -0.2801401929E-02 -0.3280228073E-05 -0.5551654683E-06
   208.0000000     -0.2819864476E-02 -0.7255614034E-05 -0.2097322992E-05
   208.5000000     -0.2839030823E-02 -0.1094912401E-04 -0.3556905986E-05
   209.0000000     -0.2858874907E-02 -0.1421654745E-04 -0.4883309167E-05
   209.5000000     -0.2879353029E-02 -0.1692989794E-04 -0.6027808429E-05
   210.0000000     -0.2900404639E-02 -0.1898234341E-04 -0.6945412868E-05
   210.5000000     -0.2921952494E-02 -0.2029278172E-04 -0.7597529716E-05
   211.0000000     -0.2943903276E-02 -0.2081002883E-04 -0.7953862434E-05
   211.5000000     -0.2966149350E-02 -0.2051527172E-04 -0.7993271209E-05
   212.0000000     -0.2988571585E-02 -0.1942202250E-04 -0.7704668446E-05
   212.5000000     -0.3011043253E-02 -0.1757464017E-04 -0.7088651750E-05
   213.0000000     -0.3033434749E-02 -0.1504665014E-04 -0.6159371134E-05
   213.5000000     -0.3055618600E-02 -0.1193840561E-04 -0.4945483180E-05
   214.0000000     -0.3077475067E-02 -0.8373176309E-05 -0.3489566777E-05
   214.5000000     -0.3098898643E-02 -0.4492025635E-05 -0.1846601458E-05
   215.0000000     -0.3119804504E-02 -0.4481399198E-06 -0.8242240956E-07
   215.5000000     -0.3140133965E-02  0.3599460219E-05  0.1728128202E-05
   216.0000000     -0.3159858964E-02  0.7492458241E-05  0.3504314528E-05
   216.5000000     -0.3178985355E-02  0.1107896115E-04  0.5163804675E-05
   217.0000000     -0.3197553815E-02  0.1421828902E-04  0.6627323415E-05
   217.5000000     -0.3215638160E-02  0.1678555700E-04  0.7823378187E-05
   218.0000000     -0.3233342342E-02  0.1867579490E-04  0.8692651314E-05
   218.5000000     -0.3250796733E-02  0.1980681648E-04  0.9190988664E-05
   219.0000000     -0.3268152539E-02  0.2012136926E-04  0.9291126290E-05
   219.5000000     -0.3285574028E-02  0.1958988297E-04  0.8984649015E-05
   220.0000000     -0.3303230547E-02  0.1821387451E-04  0.8283742880E-05
   220.5000000     -0.3321289621E-02  0.1602843932E-04  0.7220262383E-05
   221.0000000     -0.3339910093E-02  0.1310224472E-04  0.5842165540E-05
   221.5000000     -0.3359235225E-02  0.9535284097E-05  0.4210398450E-05
   222.0000000     -0.3379387782E-02  0.5456354972E-05  0.2397040521E-05
   222.5000000     -0.3400467049E-02  0.1021097912E-05  0.4821585538E-06
   223.0000000     -0.3422545710E-02 -0.3591319626E-05 -0.1451304841E-05
   223.5000000     -0.3445666915E-02 -0.8184752246E-05 -0.3321899761E-05
   224.0000000     -0.3469843037E-02 -0.1255500113E-04 -0.5051943222E-05
   224.5000000     -0.3495055121E-02 -0.1649945873E-04 -0.6569575450E-05
   225.0000000     -0.3521252185E-02 -0.1982729574E-04 -0.7811862838E-05
   225.5000000     -0.3548351821E-02 -0.2237009793E-04 -0.8727541002E-05
   226.0000000     -0.3576242541E-02 -0.2399185879E-04 -0.9278126857E-05
   226.5000000     -0.3604786890E-02 -0.2459762754E-04 -0.9438290566E-05
   227.0000000     -0.3633826017E-02 -0.2414055112E-04 -0.9196597317E-05
   227.5000000     -0.3663186928E-02 -0.2262617710E-04 -0.8556138638E-05
   228.0000000     -0.3692691135E-02 -0.2011303142E-04 -0.7534434825E-05
   228.5000000     -0.3722162936E-02 -0.1671009969E-04 -0.6163324093E-05
   229.0000000     -0.3751437688E-02 -0.1257182342E-04 -0.4489380456E-05
   229.5000000     -0.3780370581E-02 -0.7889700200E-05 -0.2573827120E-05
   230.0000000     -0.3808844277E-02 -0.2880398868E-05 -0.4909901486E-06
   230.5000000     -0.3836774408E-02  0.2226767514E-05  0.1674129619E-05
   231.0000000     -0.3864114571E-02  0.7200261613E-05  0.3828625079E-05
   231.5000000     -0.3890860614E-02  0.1181573700E-04  0.5875422282E-05
   232.0000000     -0.3917050937E-02  0.1586666715E-04  0.7718103031E-05
   232.5000000     -0.3942763632E-02  0.1917442435E-04  0.9265697360E-05
   233.0000000     -0.3968114250E-02  0.2159436016E-04  0.1043710062E-04
   233.5000000     -0.3993252144E-02  0.2301863728E-04  0.1116594094E-04
   234.0000000     -0.4018352598E-02  0.2337900039E-04  0.1140574475E-04
   234.5000000     -0.4043609075E-02  0.2264947688E-04  0.1113413660E-04
   235.0000000     -0.4069227507E-02  0.2084689425E-04  0.1035557043E-04
   235.5000000     -0.4095418134E-02  0.1802931398E-04  0.9102505328E-05
   236.0000000     -0.4122385216E-02  0.1429460017E-04  0.7434265035E-05
   236.5000000     -0.4150318209E-02  0.9780580348E-05  0.5433536852E-05
   237.0000000     -0.4179382764E-02  0.4665023485E-05  0.3201777859E-05
   237.5000000     -0.4209711569E-02 -0.8384563748E-06  0.8540073832E-06
   238.0000000     -0.4241398628E-02 -0.6488647338E-05 -0.1487693116E-05
   238.5000000     -0.4274495140E-02 -0.1202493202E-04 -0.3701912684E-05
   239.0000000     -0.4309004494E-02 -0.1717545831E-04 -0.5675808028E-05
   239.5000000     -0.4344879736E-02 -0.2167004075E-04 -0.7311863604E-05
   240.0000000     -0.4382025587E-02 -0.2525737564E-04 -0.8532527534E-05
   240.5000000     -0.4420304013E-02 -0.2772117296E-04 -0.9283235040E-05
   241.0000000     -0.4459543126E-02 -0.2889398105E-04 -0.9534754928E-05
   241.5000000     -0.4499547262E-02 -0.2867100013E-04 -0.9283423904E-05
   242.0000000     -0.4540106294E-02 -0.2702287827E-04 -0.8548143070E-05
   242.5000000     -0.4581006201E-02 -0.2400334615E-04 -0.7367056234E-05
   243.0000000     -0.4622040501E-02 -0.1974917871E-04 -0.5795721366E-05
   243.5000000     -0.4663019065E-02 -0.1447391027E-04 -0.3903911212E-05
   244.0000000     -0.4703774922E-02 -0.8457830258E-05 -0.1770932142E-05
   244.5000000     -0.4744171453E-02 -0.2033546954E-05  0.5163430817E-06
   245.0000000     -0.4784108893E-02  0.4434659287E-05  0.2863133795E-05
   245.5000000     -0.4823528567E-02  0.1057548014E-04  0.5167883898E-05
   246.0000000     -0.4862416809E-02  0.1603505617E-04  0.7324165047E-05
   246.5000000     -0.4900810690E-02  0.2049966782E-04  0.9222208460E-05
   247.0000000     -0.4938802692E-02  0.2371630589E-04  0.1075262123E-04
   247.5000000     -0.4976540901E-02  0.2550871844E-04  0.1181255724E-04
   248.0000000     -0.5014227356E-02  0.2578540809E-04  0.1231262162E-04
   248.5000000     -0.5052115497E-02  0.2454008264E-04  0.1218597919E-04
   249.0000000     -0.5090501201E-02  0.2184913587E-04  0.1139955400E-04
   249.5000000     -0.5129705009E-02  0.1786581801E-04  0.9962501891E-05
   250.0000000     -0.5170048939E-02  0.1280592686E-04  0.7929985718E-05
   250.5000000     -0.5211832341E-02  0.6928657508E-05  0.5404561032E-05
   251.0000000     -0.5255309830E-02  0.5224454163E-06  0.2534165864E-05
   251.5000000     -0.5300670536E-02 -0.6105711344E-05 -0.4971138418E-06
   252.0000000     -0.5348021634E-02 -0.1264414454E-04 -0.3484759514E-05
   252.5000000     -0.5397382936E-02 -0.1878908605E-04 -0.6221844223E-05
   253.0000000     -0.5448688501E-02 -0.2425158085E-04 -0.8517724751E-05
   253.5000000     -0.5501791659E-02 -0.2876466052E-04 -0.1021612965E-04
   254.0000000     -0.5556481090E-02 -0.3209186605E-04 -0.1120857022E-04
   254.5000000     -0.5612503252E-02 -0.3403422673E-04 -0.1144095679E-04
   255.0000000     -0.5669579584E-02 -0.3444218187E-04 -0.1091479605E-04
   255.5000000     -0.5727422322E-02 -0.3323442971E-04 -0.9683029318E-05
   256.0000000     -0.5785750652E-02 -0.3041343973E-04 -0.7840376627E-05
   256.5000000     -0.5844302869E-02 -0.2607544681E-04 -0.5511209593E-05
   257.0000000     -0.5902846367E-02 -0.2041951965E-04 -0.2837774214E-05
   257.5000000     -0.5961184688E-02 -0.1374955899E-04  0.3033359570E-07
   258.0000000     -0.6019164624E-02 -0.6462435146E-05  0.2944146227E-05
   258.5000000     -0.6076687864E-02  0.9747105002E-06  0.5760595980E-05
   259.0000000     -0.6133717566E-02  0.8056629913E-05  0.8346614887E-05
   259.5000000     -0.6190279361E-02  0.1428243757E-04  0.1058214526E-04
   260.0000000     -0.6246464807E-02  0.1920166135E-04  0.1236192849E-04
   260.5000000     -0.6302429004E-02  0.2245526183E-04  0.1359804131E-04
   261.0000000     -0.6358381076E-02  0.2380847068E-04  0.1422482669E-04
   261.5000000     -0.6414574287E-02  0.2317256556E-04  0.1420449412E-04
   262.0000000     -0.6471290455E-02  0.2061095986E-04  0.1352927004E-04
   262.5000000     -0.6528822354E-02  0.1632863948E-04  0.1222080748E-04
   263.0000000     -0.6587461476E-02  0.1064886993E-04  0.1033183232E-04
   263.5000000     -0.6647486731E-02  0.3981279839E-05  0.7947405678E-05
   264.0000000     -0.6709155025E-02 -0.3216512252E-05  0.5182326262E-05
   264.5000000     -0.6772691926E-02 -0.1047716602E-04  0.2180461329E-05
   265.0000000     -0.6838275720E-02 -0.1735304097E-04 -0.8854235783E-06
   265.5000000     -0.6906019834E-02 -0.2343903390E-04 -0.3821192173E-05
   266.0000000     -0.6975957110E-02 -0.2839250095E-04 -0.6422210230E-05
   266.5000000     -0.7048023445E-02 -0.3194379493E-04 -0.8484548328E-05
   267.0000000     -0.7122045752E-02 -0.3389925008E-04 -0.9822269747E-05
   267.5000000     -0.7197744066E-02 -0.3414565993E-04 -0.1028987538E-04
   268.0000000     -0.7274749914E-02 -0.3265441766E-04 -0.9804256641E-05
   268.5000000     -0.7352635813E-02 -0.2948431040E-04 -0.8362029472E-05
   269.0000000     -0.7430958016E-02 -0.2478505323E-04 -0.6047629033E-05
   269.5000000     -0.7509305733E-02 -0.1879609634E-04 -0.3029092198E-05
   270.0000000     -0.7587338869E-02 -0.1184062347E-04  0.4591924258E-06
   270.5000000     -0.7664817164E-02 -0.4317522147E-05  0.4142580771E-05
   271.0000000     -0.7741619060E-02  0.3316571249E-05  0.7735345719E-05
   271.5000000     -0.7817738246E-02  0.1057671737E-04  0.1097110674E-04
   272.0000000     -0.7893270065E-02  0.1698066352E-04  0.1362889123E-04
   272.5000000     -0.7968394988E-02  0.2207951919E-04  0.1554841634E-04
   273.0000000     -0.8043354791E-02  0.2549115295E-04  0.1663470162E-04
   273.5000000     -0.8118428695E-02  0.2693187216E-04  0.1685349167E-04
   274.0000000     -0.8193917323E-02  0.2624286985E-04  0.1622133224E-04
   274.5000000     -0.8270133828E-02  0.2341300251E-04  0.1479347193E-04
   275.0000000     -0.8347390708E-02  0.1859345196E-04  0.1265328263E-04
   275.5000000     -0.8425983573E-02  0.1209875603E-04  0.9909806390E-05
   276.0000000     -0.8506178207E-02  0.4396235866E-05  0.6699482737E-05
   276.5000000     -0.8588192147E-02 -0.3921374028E-05  0.3188817267E-05
   277.0000000     -0.8672176345E-02 -0.1218720589E-04 -0.4211824693E-06
   277.5000000     -0.8758201610E-02 -0.1972644780E-04 -0.3898802312E-05
   278.0000000     -0.8846250470E-02 -0.2592480200E-04 -0.6995816147E-05
   278.5000000     -0.8936221993E-02 -0.3029003211E-04 -0.9468770200E-05
   279.0000000     -0.9027945741E-02 -0.3249870224E-04 -0.1110672110E-04
   279.5000000     -0.9121205605E-02 -0.3241883355E-04 -0.1175811830E-04
   280.0000000     -0.9215763020E-02 -0.3010176225E-04 -0.1135310896E-04
   280.5000000     -0.9311371533E-02 -0.2575645888E-04 -0.9913086485E-05
   281.0000000     -0.9407790036E-02 -0.1971860828E-04 -0.7546274799E-05
   281.5000000     -0.9504786029E-02 -0.1241576981E-04 -0.4439241601E-05
   282.0000000     -0.9602137413E-02 -0.4337018072E-05 -0.8375503115E-06
   282.5000000     -0.9699641245E-02  0.3992434280E-05  0.2977455321E-05
   283.0000000     -0.9797126386E-02  0.1203324115E-04  0.6702916802E-05
   283.5000000     -0.9894475993E-02  0.1924842973E-04  0.1003386308E-04
   284.0000000     -0.9991650545E-02  0.2512463368E-04  0.1268950882E-04
   284.5000000     -0.1008870097E-01  0.2920595167E-04  0.1443735722E-04
   285.0000000     -0.1018576469E-01  0.3113440000E-04  0.1512060349E-04
   285.5000000     -0.1028304557E-01  0.3068829721E-04  0.1468664634E-04
   286.0000000     -0.1038078013E-01  0.2781501202E-04  0.1319872749E-04
   286.5000000     -0.1047919544E-01  0.2265359874E-04  0.1082648526E-04
   287.0000000     -0.1057847765E-01  0.1554114114E-04  0.7822837920E-05
   287.5000000     -0.1067875758E-01  0.6993567041E-05  0.4485875738E-05
   288.0000000     -0.1078011756E-01 -0.2340848331E-05  0.1115721945E-05
   288.5000000     -0.1088261117E-01 -0.1174280510E-04 -0.2020763986E-05
   289.0000000     -0.1098628805E-01 -0.2049332984E-04 -0.4714103681E-05
   289.5000000     -0.1109121652E-01 -0.2794114849E-04 -0.6819215119E-05
   290.0000000     -0.1119748088E-01 -0.3355733810E-04 -0.8249023907E-05
   290.5000000     -0.1130516259E-01 -0.3697870388E-04 -0.8961594134E-05
   291.0000000     -0.1141431236E-01 -0.3802642509E-04 -0.8945922686E-05
   291.5000000     -0.1152491563E-01 -0.3671337584E-04 -0.8216117817E-05
   292.0000000     -0.1163686479E-01 -0.3324062481E-04 -0.6812622494E-05
   292.5000000     -0.1174995172E-01 -0.2797648170E-04 -0.4806439548E-05
   293.0000000     -0.1186389421E-01 -0.2142949308E-04 -0.2310475106E-05
   293.5000000     -0.1197837266E-01 -0.1419664966E-04  0.5131113693E-06
   294.0000000     -0.1209306330E-01 -0.6894969919E-05  0.3459911433E-05
   294.5000000     -0.1220767315E-01 -0.9222790759E-07  0.6298614568E-05
   295.0000000     -0.1232196019E-01  0.5755321489E-05  0.8792934527E-05
   295.5000000     -0.1243574416E-01  0.1033573193E-04  0.1072725092E-04
   296.0000000     -0.1254892218E-01  0.1348614723E-04  0.1193189302E-04
   296.5000000     -0.1266149578E-01  0.1518025382E-04  0.1230150233E-04
   297.0000000     -0.1277360653E-01  0.1550995373E-04  0.1180609218E-04
   297.5000000     -0.1288555936E-01  0.1466418470E-04  0.1049860419E-04
   298.0000000     -0.1299781621E-01  0.1290835575E-04  0.8513220730E-05
   298.5000000     -0.1311094056E-01  0.1056026653E-04  0.6052936633E-05
   299.0000000     -0.1322550737E-01  0.7953701861E-05  0.3370528588E-05
   299.5000000     -0.1334199676E-01  0.5399739082E-05  0.7413584913E-06
   300.0000000     -0.1346070471E-01  0.3148368744E-05 -0.1579562058E-05
   300.5000000     -0.1358171210E-01  0.1367231867E-05 -0.3405324212E-05
   301.0000000     -0.1370489864E-01  0.1534842052E-06 -0.4649848770E-05
   301.5000000     -0.1382999581E-01 -0.4463221073E-06 -0.5334838184E-05
   302.0000000     -0.1395665842E-01 -0.4234767081E-06 -0.5572470095E-05
   302.5000000     -0.1408452359E-01  0.1951232832E-06 -0.5517107361E-05
   303.0000000     -0.1421324754E-01  0.1331107940E-05 -0.5304969566E-05
   303.5000000     -0.1434252421E-01  0.2839404099E-05 -0.5016670682E-05
   304.0000000     -0.1447210173E-01  0.4522638974E-05 -0.4657119139E-05
   304.5000000     -0.1460180124E-01  0.6169325462E-05 -0.4169533380E-05
   305.0000000     -0.1473153886E-01  0.7592367480E-05 -0.3472897584E-05
   305.5000000     -0.1486133069E-01  0.8666997317E-05 -0.2499489243E-05
   306.0000000     -0.1499127944E-01  0.9337460401E-05 -0.1236047585E-05
   306.5000000     -0.1512153603E-01  0.9594923762E-05  0.2540028812E-06
   307.0000000     -0.1525223725E-01  0.9463149612E-05  0.1829468435E-05
   307.5000000     -0.1538346613E-01  0.9002499669E-05  0.3281142040E-05
   308.0000000     -0.1551522550E-01  0.8329009722E-05  0.4371677004E-05
   308.5000000     -0.1564744231E-01  0.7613581182E-05  0.4892260119E-05
   309.0000000     -0.1578000328E-01  0.7058504892E-05  0.4721922874E-05
   309.5000000     -0.1591280840E-01  0.6840652704E-05  0.3879337638E-05
   310.0000000     -0.1604582674E-01  0.7046538248E-05  0.2531502010E-05
   310.5000000     -0.1617912620E-01  0.7629052695E-05  0.9591218661E-06
   311.0000000     -0.1631289986E-01  0.8403332466E-05 -0.5211696346E-06
   311.5000000     -0.1644745845E-01  0.9107229999E-05 -0.1639699364E-05
   312.0000000     -0.1658318433E-01  0.9494176335E-05 -0.2228860307E-05
   312.5000000     -0.1672046330E-01  0.9449444310E-05 -0.2244244829E-05
   313.0000000     -0.1685959412E-01  0.9073404971E-05 -0.1756257645E-05
   313.5000000     -0.1700070127E-01  0.8694048209E-05 -0.9261244077E-06
   314.0000000     -0.1714368503E-01  0.8789030449E-05  0.2633592907E-07
   314.5000000     -0.1728820721E-01  0.9819791501E-05  0.8490224803E-06
   315.0000000     -0.1743373423E-01  0.1206959548E-04  0.1298921558E-05
   315.5000000     -0.1757962423E-01  0.1552648948E-04  0.1201980162E-05
   316.0000000     -0.1772523926E-01  0.1986627616E-04  0.5050029496E-06
   316.5000000     -0.1787006140E-01  0.2454773538E-04 -0.6929522284E-06
   317.0000000     -0.1801378441E-01  0.2896092751E-04 -0.2142919981E-05
   317.5000000     -0.1815637237E-01  0.3258362691E-04 -0.3488407944E-05
   318.0000000     -0.1829807154E-01  0.3509816264E-04 -0.4335509241E-05
   318.5000000     -0.1843935654E-01  0.3643481007E-04 -0.4328586448E-05
   319.0000000     -0.1858083235E-01  0.3674438065E-04 -0.3241456493E-05
   319.5000000     -0.1872310082E-01  0.3629128940E-04 -0.1061579048E-05
   320.0000000     -0.1886662877E-01  0.3531737027E-04  0.1953833685E-05
   320.5000000     -0.1901165190E-01  0.3391922477E-04  0.5280898339E-05
   321.0000000     -0.1915815931E-01  0.3202285124E-04  0.8243471054E-05
   321.5000000     -0.1930594476E-01  0.2947115540E-04  0.1019751342E-04
   322.0000000     -0.1945470665E-01  0.2616704926E-04  0.1073842583E-04
   322.5000000     -0.1960415692E-01  0.2218059981E-04  0.9850886787E-05
   323.0000000     -0.1975407678E-01  0.1772643884E-04  0.7941730121E-05
   323.5000000     -0.1990431771E-01  0.1302375942E-04  0.5741138249E-05
   324.0000000     -0.2005476308E-01  0.8134486552E-05  0.4098702792E-05
   324.5000000     -0.2020529013E-01  0.2890922056E-05  0.3734622237E-05
   325.0000000     -0.2035578543E-01 -0.3043190310E-05  0.5031482221E-05
   325.5000000     -0.2050619644E-01 -0.1002175111E-04  0.7939520200E-05
   326.0000000     -0.2065659284E-01 -0.1827850607E-04  0.1199720047E-04
   326.5000000     -0.2080718150E-01 -0.2782337313E-04  0.1647157031E-04
   327.0000000     -0.2095826710E-01 -0.3841312256E-04  0.2056504095E-04
   327.5000000     -0.2111015622E-01 -0.4954783171E-04  0.2360494265E-04
   328.0000000     -0.2126304700E-01 -0.6053232389E-04  0.2516886321E-04
   328.5000000     -0.2141695628E-01 -0.7060187769E-04  0.2512195740E-04
   329.0000000     -0.2157171138E-01 -0.7910567304E-04  0.2360997062E-04
   329.5000000     -0.2172701359E-01 -0.8568366901E-04  0.2101690559E-04
   330.0000000     -0.2188256273E-01 -0.9033550296E-04  0.1790330170E-04
   330.5000000     -0.2203818265E-01 -0.9336060971E-04  0.1491481526E-04
   331.0000000     -0.2219392123E-01 -0.9520905447E-04  0.1265297623E-04
   331.5000000     -0.2235003715E-01 -0.9634020602E-04  0.1152203457E-04
   332.0000000     -0.2250689521E-01 -0.9715688413E-04  0.1162373247E-04
   332.5000000     -0.2266481310E-01 -0.9801345971E-04  0.1274298752E-04
   333.0000000     -0.2282393968E-01 -0.9923367756E-04  0.1441724870E-04
   333.5000000     -0.2298423442E-01 -0.1010540094E-03  0.1607464555E-04
   334.0000000     -0.2314552877E-01 -0.1034674381E-03  0.1717847717E-04
   334.5000000     -0.2330759539E-01 -0.1060454419E-03  0.1737630040E-04
   335.0000000     -0.2347018024E-01 -0.1078824622E-03  0.1661468521E-04
   335.5000000     -0.2363297987E-01 -0.1077902084E-03  0.1517758460E-04
   336.0000000     -0.2379561694E-01 -0.1047690577E-03  0.1360923195E-04
   336.5000000     -0.2395769933E-01 -0.9851181873E-04  0.1248287320E-04
   337.0000000     -0.2411897542E-01 -0.8968781653E-04  0.1214620005E-04
   337.5000000     -0.2427950447E-01 -0.7978260288E-04  0.1255869718E-04
   338.0000000     -0.2443973816E-01 -0.7055930544E-04  0.1334437174E-04
   338.5000000     -0.2460042400E-01 -0.6338545094E-04  0.1403857302E-04
   339.0000000     -0.2476234366E-01 -0.5876582008E-04  0.1435311595E-04
   339.5000000     -0.2492599775E-01 -0.5623796803E-04  0.1427400604E-04
   340.0000000     -0.2509138366E-01 -0.5463924233E-04  0.1394631160E-04
   340.5000000     -0.2525798725E-01 -0.5257819487E-04  0.1346907325E-04
   341.0000000     -0.2542499009E-01 -0.4890766627E-04  0.1278353793E-04
   341.5000000     -0.2559160112E-01 -0.4301880546E-04  0.1171787820E-04
   342.0000000     -0.2575736900E-01 -0.3488327721E-04  0.1014140271E-04
   342.5000000     -0.2592232222E-01 -0.2490636669E-04  0.8079985627E-05
   343.0000000     -0.2608687200E-01 -0.1373999749E-04  0.5728336492E-05
   343.5000000     -0.2625153958E-01 -0.2201316133E-05  0.3354876075E-05
   344.0000000     -0.2641665178E-01  0.8771399408E-05  0.1177307999E-05
   344.5000000     -0.2658219775E-01  0.1819551249E-04 -0.7203858462E-06
   345.0000000     -0.2674791413E-01  0.2530034416E-04 -0.2418982658E-05
   345.5000000     -0.2691352899E-01  0.2982763997E-04 -0.4092422702E-05
   346.0000000     -0.2707898672E-01  0.3217236826E-04 -0.5879169955E-05
   346.5000000     -0.2724453629E-01  0.3322719450E-04 -0.7764376210E-05
   347.0000000     -0.2741066467E-01  0.3402664557E-04 -0.9555724492E-05
   347.5000000     -0.2757790108E-01  0.3537499070E-04 -0.1093680940E-04
   348.0000000     -0.2774658846E-01  0.3762475241E-04 -0.1158930971E-04
   348.5000000     -0.2791668644E-01  0.4061019599E-04 -0.1129504734E-04
   349.0000000     -0.2808774645E-01  0.4374461864E-04 -0.9991885573E-05
   349.5000000     -0.2825912454E-01  0.4626570373E-04 -0.7795318742E-05
   350.0000000     -0.2843034958E-01  0.4756578801E-04 -0.4981940292E-05
   350.5000000     -0.2860139401E-01  0.4748021170E-04 -0.1933190356E-05
   351.0000000     -0.2877262512E-01  0.4642344554E-04  0.9142585067E-06
   351.5000000     -0.2894447513E-01  0.4524820197E-04  0.3136565945E-05
   352.0000000     -0.2911712555E-01  0.4490009733E-04  0.4420086023E-05
   352.5000000     -0.2929045576E-01  0.4597993991E-04  0.4700096570E-05
   353.0000000     -0.2946424572E-01  0.4837618092E-04  0.4260363860E-05
   353.5000000     -0.2963841342E-01  0.5114608762E-04  0.3683626698E-05
   354.0000000     -0.2981310429E-01  0.5285047114E-04  0.3559105858E-05
   354.5000000     -0.2998862083E-01  0.5227279292E-04  0.4109512845E-05
   355.0000000     -0.3016532024E-01  0.4908929272E-04  0.4978902347E-05
   355.5000000     -0.3034350215E-01  0.4401098447E-04  0.5382680440E-05
   356.0000000     -0.3052323428E-01  0.3825525650E-04  0.4586143893E-05
   356.5000000     -0.3070418805E-01  0.3275727163E-04  0.2400259063E-05
   357.0000000     -0.3088561497E-01  0.2770138842E-04 -0.5536996547E-06
   357.5000000     -0.3106659099E-01  0.2266316166E-04 -0.3045374792E-05
   358.0000000     -0.3124647384E-01  0.1714855343E-04 -0.3822369008E-05
   358.5000000     -0.3142527954E-01  0.1110647591E-04 -0.2303455659E-05
   359.0000000     -0.3160369869E-01  0.5136587425E-05  0.1042935522E-05
   359.5000000     -0.3178271983E-01  0.2669919626E-06  0.4917200241E-05
   360.0000000     -0.3196310733E-01 -0.2536202941E-05  0.7916413843E-05
   360.5000000     -0.3214504168E-01 -0.2861210234E-05  0.9275513233E-05
   361.0000000     -0.3232810381E-01 -0.1125589226E-05  0.9180438374E-05
   361.5000000     -0.3251154001E-01  0.1559447949E-05  0.8526057127E-05
   362.0000000     -0.3269465123E-01  0.3789184261E-05  0.8310202561E-05
   362.5000000     -0.3287715041E-01  0.4263451054E-05  0.9026272750E-05
   363.0000000     -0.3305933326E-01  0.2087250869E-05  0.1033329717E-04
   363.5000000     -0.3324194837E-01 -0.3043765175E-05  0.1120275650E-04
   364.0000000     -0.3342579580E-01 -0.1079688233E-04  0.1051967994E-04
   364.5000000     -0.3361129849E-01 -0.2035836993E-04  0.7796274198E-05
   365.0000000     -0.3379836613E-01 -0.3082882833E-04  0.3543724386E-05
   365.5000000     -0.3398661146E-01 -0.4153167532E-04 -0.9100438092E-06
   366.0000000     -0.3417562289E-01 -0.5198897033E-04 -0.3980595032E-05
   366.5000000     -0.3436496752E-01 -0.6161521808E-04 -0.4501270043E-05
   367.0000000     -0.3455404408E-01 -0.6956201546E-04 -0.2228987423E-05
   367.5000000     -0.3474214190E-01 -0.7499815253E-04  0.1975255327E-05
   368.0000000     -0.3492885917E-01 -0.7765060984E-04  0.6462389435E-05
   368.5000000     -0.3511453087E-01 -0.7814018756E-04  0.9578721971E-05
   369.0000000     -0.3530015945E-01 -0.7768814799E-04  0.1050259701E-04
   369.5000000     -0.3548684150E-01 -0.7734322350E-04  0.9558939818E-05
   370.0000000     -0.3567515013E-01 -0.7725969592E-04  0.7866260783E-05
   370.5000000     -0.3586494206E-01 -0.7662483630E-04  0.6650354352E-05
   371.0000000     -0.3605556741E-01 -0.7436361863E-04  0.6680215692E-05
   371.5000000     -0.3624624996E-01 -0.7007070143E-04  0.7942728341E-05
   372.0000000     -0.3643644410E-01 -0.6436221392E-04  0.9564571623E-05
   372.5000000     -0.3662609275E-01 -0.5841929590E-04  0.1015632960E-04
   373.0000000     -0.3681569612E-01 -0.5312623962E-04  0.8698843577E-05
   373.5000000     -0.3700599154E-01 -0.4860257708E-04  0.5508745436E-05
   374.0000000     -0.3719739962E-01 -0.4452124239E-04  0.2392994998E-05
   374.5000000     -0.3738962602E-01 -0.4090455966E-04  0.1623622964E-05
   375.0000000     -0.3758182471E-01 -0.3855410567E-04  0.4332212939E-05
   375.5000000     -0.3777325767E-01 -0.3848117385E-04  0.9583372414E-05
   376.0000000     -0.3796395787E-01 -0.4075978254E-04  0.1480829287E-04
   376.5000000     -0.3815478893E-01 -0.4399203790E-04  0.1733940873E-04
   377.0000000     -0.3834676941E-01 -0.4618163090E-04  0.1595682912E-04
   377.5000000     -0.3854016153E-01 -0.4630323025E-04  0.1142824641E-04
   378.0000000     -0.3873411071E-01 -0.4499953836E-04  0.5736745594E-05
   378.5000000     -0.3892723576E-01 -0.4381818315E-04  0.6075152219E-06
   379.0000000     -0.3911877016E-01 -0.4390973764E-04 -0.3521159259E-05
   379.5000000     -0.3930930965E-01 -0.4540804294E-04 -0.7256928497E-05
   380.0000000     -0.3950043291E-01 -0.4766895000E-04 -0.1110771036E-04
   380.5000000     -0.3969335569E-01 -0.4973978658E-04 -0.1461360292E-04
   381.0000000     -0.3988778388E-01 -0.5071362115E-04 -0.1663835706E-04
   381.5000000     -0.4008210851E-01 -0.5004864764E-04 -0.1652709418E-04
   382.0000000     -0.4027487042E-01 -0.4781519010E-04 -0.1499245822E-04
   382.5000000     -0.4046608883E-01 -0.4464085549E-04 -0.1381080226E-04
   383.0000000     -0.4065720992E-01 -0.4130498786E-04 -0.1437661710E-04
   383.5000000     -0.4084985133E-01 -0.3828736465E-04 -0.1631819759E-04
   384.0000000     -0.4104462247E-01 -0.3563494439E-04 -0.1758313811E-04
   384.5000000     -0.4124100954E-01 -0.3318891050E-04 -0.1615520754E-04
   385.0000000     -0.4143808106E-01 -0.3087177665E-04 -0.1188917825E-04
   385.5000000     -0.4163513594E-01 -0.2881480691E-04 -0.6591503445E-05
   386.0000000     -0.4183176181E-01 -0.2736317941E-04 -0.2273497105E-05
   386.5000000     -0.4202761051E-01 -0.2709368543E-04  0.6208244762E-06
   387.0000000     -0.4222250156E-01 -0.2862159034E-04  0.3238972734E-05
   387.5000000     -0.4241691519E-01 -0.3205382503E-04  0.6764444683E-05
   388.0000000     -0.4261219621E-01 -0.3663961252E-04  0.1092511064E-04
   388.5000000     -0.4280993474E-01 -0.4126433588E-04  0.1405696926E-04
   389.0000000     -0.4301084912E-01 -0.4543785403E-04  0.1464701237E-04
   389.5000000     -0.4321412751E-01 -0.4950615437E-04  0.1283577952E-04
   390.0000000     -0.4341783496E-01 -0.5376657947E-04  0.1022132230E-04
   390.5000000     -0.4362013205E-01 -0.5764857431E-04  0.8182604381E-05
   391.0000000     -0.4382037127E-01 -0.6009261215E-04  0.6725988658E-05
   391.5000000     -0.4401921974E-01 -0.6076313076E-04  0.5238779591E-05
   392.0000000     -0.4421778654E-01 -0.6070560138E-04  0.3978840611E-05
   392.5000000     -0.4441668508E-01 -0.6157095016E-04  0.4107815706E-05
   393.0000000     -0.4461599590E-01 -0.6399463778E-04  0.6151156174E-05
   393.5000000     -0.4481597034E-01 -0.6682715058E-04  0.8981207528E-05
   394.0000000     -0.4501733198E-01 -0.6832226236E-04  0.1067253273E-04
   394.5000000     -0.4522059481E-01 -0.6809453586E-04  0.1015533082E-04
   395.0000000     -0.4542522627E-01 -0.6737660369E-04  0.7871470272E-05
   395.5000000     -0.4562982545E-01 -0.6721982106E-04  0.4847945521E-05
   396.0000000     -0.4583323912E-01 -0.6693517046E-04  0.1449010793E-05
   396.5000000     -0.4603543171E-01 -0.6473965022E-04 -0.2671760903E-05
   397.0000000     -0.4623739329E-01 -0.5965920723E-04 -0.7348344116E-05
   397.5000000     -0.4644040775E-01 -0.5255158646E-04 -0.1116068001E-04
   398.0000000     -0.4664534648E-01 -0.4553452354E-04 -0.1272470214E-04
   398.5000000     -0.4685224725E-01 -0.4063622025E-04 -0.1265973948E-04
   399.0000000     -0.4706023720E-01 -0.3871456170E-04 -0.1339466871E-04
   399.5000000     -0.4726787576E-01 -0.3914133616E-04 -0.1657670816E-04
   400.0000000     -0.4747395355E-01 -0.4034842045E-04 -0.2128373002E-04
   400.5000000     -0.4767840504E-01 -0.4078127004E-04 -0.2525275187E-04
   401.0000000     -0.4788263874E-01 -0.3976400140E-04 -0.2713381897E-04
   401.5000000     -0.4808869159E-01 -0.3774042821E-04 -0.2675804308E-04
   402.0000000     -0.4829760892E-01 -0.3549796842E-04 -0.2385128781E-04
   402.5000000     -0.4850849531E-01 -0.3291420675E-04 -0.1798780408E-04
   403.0000000     -0.4871930722E-01 -0.2888055929E-04 -0.1011547579E-04
   403.5000000     -0.4892870893E-01 -0.2296841427E-04 -0.2871442685E-05
   404.0000000     -0.4913712912E-01 -0.1683773372E-04  0.1647696117E-05
   404.5000000     -0.4934600435E-01 -0.1345664421E-04  0.3850189372E-05
   405.0000000     -0.4955620873E-01 -0.1487411284E-04  0.5387021632E-05
   405.5000000     -0.4976750554E-01 -0.2078158429E-04  0.6292663613E-05
   406.0000000     -0.4997933189E-01 -0.2896693949E-04  0.4794152436E-05
   406.5000000     -0.5019153541E-01 -0.3667500790E-04  0.2948205134E-06
   407.0000000     -0.5040407944E-01 -0.4172947735E-04 -0.4836331573E-05
   407.5000000     -0.5061655390E-01 -0.4326946003E-04 -0.7541670118E-05
   408.0000000     -0.5082852875E-01 -0.4231541521E-04 -0.7485666503E-05
   408.5000000     -0.5104025066E-01 -0.4132162467E-04 -0.6978411041E-05
   409.0000000     -0.5125247208E-01 -0.4211762780E-04 -0.7486797302E-05
   409.5000000     -0.5146563660E-01 -0.4420931409E-04 -0.7325472838E-05
   410.0000000     -0.5167973789E-01 -0.4574200554E-04 -0.3770413504E-05
   410.5000000     -0.5189492456E-01 -0.4581353404E-04  0.3058823590E-05
   411.0000000     -0.5211151663E-01 -0.4488859282E-04  0.9538549241E-05
   411.5000000     -0.5232920585E-01 -0.4340350570E-04  0.1215916069E-04
   412.0000000     -0.5254686783E-01 -0.4129873885E-04  0.1087138674E-04
   412.5000000     -0.5276349394E-01 -0.3878042399E-04  0.8338851468E-05
   413.0000000     -0.5297900728E-01 -0.3658678249E-04  0.6688418309E-05
   413.5000000     -0.5319413179E-01 -0.3538537954E-04  0.5984449097E-05
   414.0000000     -0.5340977090E-01 -0.3496201320E-04  0.5403027662E-05
   414.5000000     -0.5362651210E-01 -0.3409811632E-04  0.4555413609E-05
   415.0000000     -0.5384440593E-01 -0.3188111893E-04  0.3270848805E-05
   415.5000000     -0.5406312398E-01 -0.2904473999E-04  0.8737127231E-06
   416.0000000     -0.5428239873E-01 -0.2673520317E-04 -0.3283464055E-05
   416.5000000     -0.5450223691E-01 -0.2391098703E-04 -0.8247236607E-05
   417.0000000     -0.5472256160E-01 -0.1802181172E-04 -0.1118324423E-04
   417.5000000     -0.5494278368E-01 -0.9076970833E-05 -0.1012403848E-04
   418.0000000     -0.5516227988E-01 -0.1018659330E-05 -0.7086349101E-05
   418.5000000     -0.5538143660E-01  0.2271233380E-05 -0.6546311752E-05
   419.0000000     -0.5560145284E-01  0.6230105860E-06 -0.9787414038E-05
   419.5000000     -0.5582264520E-01 -0.3961528296E-05 -0.1277471591E-04
   420.0000000     -0.5604376031E-01 -0.1036965362E-04 -0.1152233546E-04
   420.5000000     -0.5626367794E-01 -0.1801557171E-04 -0.7558521744E-05
   421.0000000     -0.5648307994E-01 -0.2533612341E-04 -0.4999314119E-05
   421.5000000     -0.5670360826E-01 -0.3060989839E-04 -0.3693766168E-05
   422.0000000     -0.5692573802E-01 -0.3344560315E-04  0.7329134657E-07
   422.5000000     -0.5714834358E-01 -0.3433565626E-04  0.6467013087E-05
   423.0000000     -0.5737035885E-01 -0.3322112387E-04  0.1080540253E-04
   423.5000000     -0.5759194851E-01 -0.2946279347E-04  0.1002767871E-04
   424.0000000     -0.5781367290E-01 -0.2295879757E-04  0.5868272057E-05
   424.5000000     -0.5803547499E-01 -0.1382496483E-04  0.8068934649E-06
   425.0000000     -0.5825730802E-01 -0.1321641132E-05 -0.4551770717E-05
   425.5000000     -0.5848005005E-01  0.1413178757E-04 -0.8724452850E-05
   426.0000000     -0.5870454047E-01  0.2798560601E-04 -0.7892390800E-05
   426.5000000     -0.5893013735E-01  0.3452776801E-04  0.2285379118E-06
   427.0000000     -0.5915558550E-01  0.3326503611E-04  0.1282091449E-04
   427.5000000     -0.5938103005E-01  0.2874280494E-04  0.2416856518E-04
   428.0000000     -0.5960736872E-01  0.2380472498E-04  0.3054986986E-04
   428.5000000     -0.5983394205E-01  0.1704587360E-04  0.3169109497E-04
   429.0000000     -0.6005923960E-01  0.7212748630E-05  0.2845805017E-04
   429.5000000     -0.6028408991E-01 -0.3651513498E-05  0.2143359298E-04
   430.0000000     -0.6051143433E-01 -0.1220307211E-04  0.1200069046E-04
   430.5000000     -0.6074218906E-01 -0.1630805209E-04  0.3106193484E-05
   431.0000000     -0.6097381086E-01 -0.1590647248E-04 -0.2381607316E-05
   431.5000000     -0.6120401334E-01 -0.1335659872E-04 -0.3885549134E-05
   432.0000000     -0.6143351955E-01 -0.1225429871E-04 -0.3408086766E-05
   432.5000000     -0.6166382753E-01 -0.1496153369E-04 -0.3537240398E-05
   433.0000000     -0.6189443827E-01 -0.2133858029E-04 -0.5304099599E-05
   433.5000000     -0.6212398462E-01 -0.2913484239E-04 -0.8557724676E-05
   434.0000000     -0.6235266617E-01 -0.3591705568E-04 -0.1297186080E-04
   434.5000000     -0.6258187863E-01 -0.4161694136E-04 -0.1693399827E-04
   435.0000000     -0.6281207986E-01 -0.4801545661E-04 -0.1762703644E-04
   435.5000000     -0.6304249296E-01 -0.5545549182E-04 -0.1439691625E-04
   436.0000000     -0.6327277612E-01 -0.6166015268E-04 -0.9594730141E-05
   436.5000000     -0.6350356988E-01 -0.6366674620E-04 -0.4656353988E-05
   437.0000000     -0.6373523876E-01 -0.5992402610E-04  0.1305859731E-05
   437.5000000     -0.6396716511E-01 -0.5148311411E-04  0.7601154233E-05
   438.0000000     -0.6419856047E-01 -0.4170121988E-04  0.1074881287E-04
   438.5000000     -0.6442948029E-01 -0.3357690669E-04  0.9266360162E-05
   439.0000000     -0.6466092838E-01 -0.2750331253E-04  0.5560051133E-05
   439.5000000     -0.6489368417E-01 -0.2257006634E-04  0.7278788567E-06
   440.0000000     -0.6512698789E-01 -0.1887329978E-04 -0.6988563656E-05
   440.5000000     -0.6535927363E-01 -0.1735107478E-04 -0.1528234307E-04
   441.0000000     -0.6559063202E-01 -0.1838185874E-04 -0.1630033654E-04
   441.5000000     -0.6582324238E-01 -0.2044071285E-04 -0.6776222023E-05
   442.0000000     -0.6605842714E-01 -0.2019283772E-04  0.6377028333E-05
   442.5000000     -0.6629467440E-01 -0.1636658020E-04  0.1475685431E-04
   443.0000000     -0.6652977350E-01 -0.1349122677E-04  0.1742088379E-04
   443.5000000     -0.6676353970E-01 -0.1777103474E-04  0.1776767769E-04
   444.0000000     -0.6699707736E-01 -0.2824557021E-04  0.1669151077E-04
   444.5000000     -0.6723080355E-01 -0.3674028519E-04  0.1314118554E-04
   445.0000000     -0.6746480825E-01 -0.3764259254E-04  0.7219070498E-05
   445.5000000     -0.6770002281E-01 -0.3239260753E-04 -0.9388799504E-06
   446.0000000     -0.6793722010E-01 -0.2405375226E-04 -0.1141564013E-04
   446.5000000     -0.6817566160E-01 -0.1336299244E-04 -0.2122258206E-04
   447.0000000     -0.6841402279E-01 -0.1827548417E-05 -0.2509178198E-04
   447.5000000     -0.6865167615E-01  0.6352652193E-05 -0.2123657568E-04
   448.0000000     -0.6888868200E-01  0.8422018016E-05 -0.1298374110E-04
   448.5000000     -0.6912610232E-01  0.5865119373E-05 -0.5445211601E-05
   449.0000000     -0.6936568592E-01  0.1761070785E-05 -0.2600788035E-05
   449.5000000     -0.6960713066E-01 -0.2057252255E-05 -0.4363942967E-05
   450.0000000     -0.6984763203E-01 -0.5513719992E-05 -0.6455339658E-05
   450.5000000     -0.7008616433E-01 -0.9058776146E-05 -0.6574589949E-05
   451.0000000     -0.7032503704E-01 -0.1228402756E-04 -0.7155925623E-05
   451.5000000     -0.7056588369E-01 -0.1415490963E-04 -0.8532324264E-05
   452.0000000     -0.7080762470E-01 -0.1430251111E-04 -0.6576795114E-05
   452.5000000     -0.7104930592E-01 -0.1460990097E-04 -0.1936882781E-05
   453.0000000     -0.7129180707E-01 -0.1865250404E-04 -0.1948343554E-05
   453.5000000     -0.7153549766E-01 -0.2654171037E-04 -0.7699511519E-05
   454.0000000     -0.7177880542E-01 -0.3180495222E-04 -0.1050377701E-04
   454.5000000     -0.7202067862E-01 -0.2825686020E-04 -0.5962848046E-05
   455.0000000     -0.7226230499E-01 -0.1782014113E-04  0.7179633718E-06
   455.5000000     -0.7250491845E-01 -0.7033048316E-05  0.5937615323E-05
   456.0000000     -0.7274819556E-01 -0.2431816328E-06  0.1200228284E-04
   456.5000000     -0.7299190355E-01  0.9644055370E-06  0.1995724573E-04
   457.0000000     -0.7323626566E-01 -0.2047202415E-05  0.2664703083E-04
   457.5000000     -0.7348059853E-01 -0.4205414702E-05  0.2868656491E-04
   458.0000000     -0.7372449991E-01 -0.1387298972E-05  0.2671261401E-04
   458.5000000     -0.7396872938E-01  0.3839419612E-05  0.2418292854E-04
   459.0000000     -0.7421300510E-01  0.4736830917E-05  0.2208785130E-04
   459.5000000     -0.7445626606E-01 -0.4914626744E-06  0.1882269508E-04
   460.0000000     -0.7469918076E-01 -0.6599436797E-05  0.1478385756E-04
   460.5000000     -0.7494262964E-01 -0.9079040474E-05  0.1175663950E-04
   461.0000000     -0.7518616359E-01 -0.7572122248E-05  0.9432092273E-05
   461.5000000     -0.7543069412E-01 -0.3158258843E-05  0.7530843020E-05
   462.0000000     -0.7567780700E-01  0.1507794746E-05  0.7834171033E-05
   462.5000000     -0.7592581140E-01  0.3291035813E-05  0.9992562543E-05
   463.0000000     -0.7617207274E-01  0.2582589953E-05  0.9728145628E-05
   463.5000000     -0.7641751049E-01  0.4980817317E-06  0.6377236580E-05
   464.0000000     -0.7666430800E-01 -0.3355294884E-05  0.5742711490E-05
   464.5000000     -0.7691241749E-01 -0.4820800163E-05  0.8958151655E-05
   465.0000000     -0.7716139952E-01  0.1425722092E-05  0.9731166479E-05
   465.5000000     -0.7741185376E-01  0.1174451150E-04  0.7554314140E-05
   466.0000000     -0.7766272270E-01  0.1759736963E-04  0.7405854087E-05
   466.5000000     -0.7791158185E-01  0.1462981169E-04  0.6822805412E-05
   467.0000000     -0.7815860721E-01  0.4617603485E-05  0.2118671974E-05
   467.5000000     -0.7840656490E-01 -0.6265189337E-05 -0.5874693636E-06
   468.0000000     -0.7865694723E-01 -0.1289585203E-04  0.2253560228E-05
   468.5000000     -0.7890876928E-01 -0.1506876791E-04  0.3505751830E-05
   469.0000000     -0.7916035179E-01 -0.1359318156E-04  0.6507846744E-06
   469.5000000     -0.7941013594E-01 -0.8847857574E-05  0.6689807381E-06
   470.0000000     -0.7965809350E-01 -0.3832648261E-05  0.4825399627E-05
   470.5000000     -0.7990710057E-01 -0.3297488978E-06  0.6073304981E-05
   471.0000000     -0.8015956110E-01  0.2108710422E-05  0.2848980241E-05
   471.5000000     -0.8041331747E-01 -0.1433691943E-05  0.1034187312E-05
   472.0000000     -0.8066451307E-01 -0.1546002714E-04  0.2767866173E-05
   472.5000000     -0.8091359300E-01 -0.2962004921E-04  0.3337913635E-05
   473.0000000     -0.8116475440E-01 -0.2899055596E-04  0.2637033229E-06
   473.5000000     -0.8141975803E-01 -0.1607529806E-04 -0.3305510839E-05
   474.0000000     -0.8167584027E-01 -0.1589723715E-05 -0.5321219972E-05
   474.5000000     -0.8193017905E-01  0.1319756396E-04 -0.6184006497E-05
   475.0000000     -0.8218335701E-01  0.2516994563E-04 -0.4456980351E-05
   475.5000000     -0.8243695281E-01  0.2574284564E-04  0.1684438391E-05
   476.0000000     -0.8269107892E-01  0.1879610492E-04  0.8627764971E-05
   476.5000000     -0.8294623295E-01  0.1553512396E-04  0.1021881341E-04
   477.0000000     -0.8320283573E-01  0.1419366140E-04  0.7693726627E-05
   477.5000000     -0.8345933053E-01  0.5042436305E-05  0.5894281685E-05
   478.0000000     -0.8371456596E-01 -0.1199807774E-04  0.4340586731E-05
   478.5000000     -0.8396958895E-01 -0.2840749202E-04  0.2814515661E-05
   479.0000000     -0.8422561411E-01 -0.3992233814E-04  0.3776865373E-05
   479.5000000     -0.8448232375E-01 -0.4695699643E-04  0.6400270914E-05
   480.0000000     -0.8473885334E-01 -0.4885648683E-04  0.9542229646E-05
   480.5000000     -0.8499507053E-01 -0.4633914544E-04  0.1462519430E-04
   481.0000000     -0.8525179540E-01 -0.4375056976E-04  0.1923813634E-04
   481.5000000     -0.8550919236E-01 -0.4473296306E-04  0.2031598636E-04
   482.0000000     -0.8576628369E-01 -0.4766509844E-04  0.2120142256E-04
   482.5000000     -0.8602333506E-01 -0.4777164588E-04  0.2295099105E-04
   483.0000000     -0.8628135445E-01 -0.3890592909E-04  0.2114819807E-04
   483.5000000     -0.8654030362E-01 -0.1786691339E-04  0.1716145587E-04
   484.0000000     -0.8680003926E-01  0.4851442450E-05  0.1669632819E-04
   484.5000000     -0.8706000630E-01  0.1561118947E-04  0.1763774613E-04
   485.0000000     -0.8731950240E-01  0.1577781567E-04  0.1398926639E-04
   485.5000000     -0.8757915336E-01  0.1314269406E-04  0.6125588297E-05
   486.0000000     -0.8783912383E-01  0.1076606250E-04 -0.1596473410E-05
   486.5000000     -0.8809939446E-01  0.8305477628E-05 -0.5597273102E-05
   487.0000000     -0.8836097926E-01  0.2678005322E-05 -0.4312872017E-05
   487.5000000     -0.8862331896E-01 -0.6156372172E-05 -0.2812482595E-05
   488.0000000     -0.8888459601E-01 -0.1377448892E-04 -0.9129452939E-05
   488.5000000     -0.8914527807E-01 -0.1812881573E-04 -0.2116381355E-04
   489.0000000     -0.8940665166E-01 -0.2139427730E-04 -0.2641617428E-04
   489.5000000     -0.8966855355E-01 -0.2640083482E-04 -0.1790079476E-04
   490.0000000     -0.8993048928E-01 -0.3196613822E-04 -0.5946246595E-05
   490.5000000     -0.9019208769E-01 -0.3664543616E-04 -0.4290383341E-05
   491.0000000     -0.9045368367E-01 -0.4105315014E-04 -0.8152712932E-05
   491.5000000     -0.9071643431E-01 -0.4370647861E-04 -0.4584682339E-05
   492.0000000     -0.9098060112E-01 -0.4289553154E-04  0.2073759061E-05
   492.5000000     -0.9124493583E-01 -0.3914149769E-04  0.1731629497E-05
   493.0000000     -0.9150899991E-01 -0.3448801456E-04 -0.2329886672E-05
   493.5000000     -0.9177419343E-01 -0.3163785163E-04 -0.8836514414E-05
   494.0000000     -0.9204010814E-01 -0.2937224968E-04 -0.1891358886E-04
   494.5000000     -0.9230530083E-01 -0.2254262980E-04 -0.2188407366E-04
   495.0000000     -0.9257130204E-01 -0.1231933373E-04 -0.1479571920E-04
   495.5000000     -0.9283894739E-01 -0.6444911164E-05 -0.1022140508E-04
   496.0000000     -0.9310592867E-01 -0.3714031711E-05 -0.1097619280E-04
   496.5000000     -0.9337149335E-01  0.3124857420E-05 -0.6916297341E-05
   497.0000000     -0.9363777177E-01  0.1070401770E-04  0.3692162317E-05
   497.5000000     -0.9390515350E-01  0.1229471317E-04  0.1431713983E-04
   498.0000000     -0.9417128692E-01  0.1043436752E-04  0.2097767743E-04
   498.5000000     -0.9443583668E-01  0.4842085726E-05  0.2067479975E-04
   499.0000000     -0.9470078086E-01 -0.8218530763E-05  0.1480144919E-04
   499.5000000     -0.9496631114E-01 -0.2303808683E-04  0.6932153320E-05
   500.0000000     -0.9523320457E-01 -0.3707781056E-04 -0.6160247848E-05
   500.5000000     -0.9550316501E-01 -0.5015470867E-04 -0.2182212867E-04
   501.0000000     -0.9577351996E-01 -0.4875857739E-04 -0.2729928325E-04
   501.5000000     -0.9604172332E-01 -0.3114375880E-04 -0.2039821710E-04
   502.0000000     -0.9631019909E-01 -0.2051758386E-04 -0.1169076059E-04
   502.5000000     -0.9658112344E-01 -0.2649649998E-04 -0.8153911649E-05
   503.0000000     -0.9685343256E-01 -0.3652228476E-04 -0.9043478826E-05
   503.5000000     -0.9712491173E-01 -0.4287217353E-04 -0.9383252180E-05
   504.0000000     -0.9739464405E-01 -0.4360362996E-04 -0.5389698026E-05
   504.5000000     -0.9766374811E-01 -0.4029467245E-04 -0.9233415308E-07
   505.0000000     -0.9793353295E-01 -0.3414247518E-04  0.1175419309E-05
   505.5000000     -0.9820512943E-01 -0.2140368260E-04 -0.2770044820E-05
   506.0000000     -0.9847916881E-01 -0.7053805770E-05 -0.8799151607E-05
   506.5000000     -0.9875246712E-01 -0.1700951813E-05 -0.1500251242E-04
   507.0000000     -0.9902233662E-01 -0.7862473505E-05 -0.2161047746E-04
   507.5000000     -0.9929256285E-01 -0.1927808397E-04 -0.2318434531E-04
   508.0000000     -0.9956625578E-01 -0.2669955846E-04 -0.1845241837E-04
   508.5000000     -0.9984099758E-01 -0.2758447829E-04 -0.1624846949E-04
   509.0000000     -0.1001148404     -0.2559798823E-04 -0.1975428543E-04
   509.5000000     -0.1003878164     -0.2616663453E-04 -0.2432949727E-04
   510.0000000     -0.1006613872     -0.3373675427E-04 -0.2412244469E-04
   510.5000000     -0.1009364738     -0.4203770581E-04 -0.1726293576E-04
   511.0000000     -0.1012116071     -0.4423018270E-04 -0.8171082722E-05
