   0.000000000      0.2693020653E-10
  0.1345846785E-01  0.1507685009E-04
  0.2691693569E-01  0.3024971500E-04
  0.4037540354E-01  0.4561082574E-04
  0.5383387139E-01  0.6124509381E-04
  0.6729233924E-01  0.7722703995E-04
  0.8075080708E-01  0.9361834731E-04
  0.9420927493E-01  0.1104661297E-03
  0.1076677428      0.1278019365E-03
  0.1211262106      0.1456414559E-03
  0.1345846785      0.1639848385E-03
  0.1480431463      0.1828175356E-03
  0.1615016142      0.2021115403E-03
  0.1749600820      0.2218269247E-03
  0.1884185499      0.2419135732E-03
  0.2018770177      0.2623130312E-03
  0.2153354856      0.2829604005E-03
  0.2287939534      0.3037862273E-03
  0.2422524213      0.3247183402E-03
  0.2557108891      0.3456836059E-03
  0.2691693569      0.3666095729E-03
  0.2826278248      0.3874259851E-03
  0.2960862926      0.4080661441E-03
  0.3095447605      0.4284681050E-03
  0.3230032283      0.4485756919E-03
  0.3364616962      0.4683393211E-03
  0.3499201640      0.4877166199E-03
  0.3633786319      0.5066728339E-03
  0.3768370997      0.5251810158E-03
  0.3902955676      0.5432219929E-03
  0.4037540354      0.5607841150E-03
  0.4172125033      0.5778627874E-03
  0.4306709711      0.5944598000E-03
  0.4441294390      0.6105824710E-03
  0.4575879068      0.6262426258E-03
  0.4710463747      0.6414554429E-03
  0.4845048425      0.6562382020E-03
  0.4979633104      0.6706089735E-03
  0.5114217782      0.6845852974E-03
  0.5248802460      0.6981828959E-03
  0.5383387139      0.7114144698E-03
  0.5517971817      0.7242886227E-03
  0.5652556496      0.7368089559E-03
  0.5787141174      0.7489733679E-03
  0.5921725853      0.7607735851E-03
  0.6056310531      0.7721949414E-03
  0.6190895210      0.7832164113E-03
  0.6325479888      0.7938108931E-03
  0.6460064567      0.8039457267E-03
  0.6594649245      0.8135834232E-03
  0.6729233924      0.8226825751E-03
  0.6863818602      0.8311989100E-03
  0.6998403281      0.8390864497E-03
  0.7132987959      0.8462987311E-03
  0.7267572638      0.8527900500E-03
  0.7402157316      0.8585166863E-03
  0.7536741994      0.8634380743E-03
  0.7671326673      0.8675178855E-03
  0.7805911351      0.8707249936E-03
  0.7940496030      0.8730342979E-03
  0.8075080708      0.8744273837E-03
  0.8209665387      0.8748930061E-03
  0.8346256212      0.8747056726E-03
  0.8482847037      0.8741442237E-03
  0.8619437862      0.8732103099E-03
  0.8756028687      0.8719066676E-03
  0.8892619512      0.8702370971E-03
  0.9029210337      0.8682064325E-03
  0.9165801162      0.8658205026E-03
  0.9302391988      0.8630860843E-03
  0.9438982813      0.8600108473E-03
  0.9575573638      0.8566032914E-03
  0.9712164463      0.8528726766E-03
  0.9848755288      0.8488289455E-03
  0.9985346113      0.8444826398E-03
   1.012193694      0.8398448110E-03
   1.025852776      0.8349269247E-03
   1.039511859      0.8297407609E-03
   1.053170941      0.8242983102E-03
   1.066830024      0.8186116667E-03
   1.080489106      0.8126929182E-03
   1.094148189      0.8065540358E-03
   1.107807271      0.8002067625E-03
   1.121466354      0.7936625026E-03
   1.135125436      0.7869322138E-03
   1.148784519      0.7800263009E-03
   1.162443601      0.7729545155E-03
   1.176102684      0.7657258598E-03
   1.189761766      0.7583484978E-03
   1.203420849      0.7508296747E-03
   1.217079931      0.7431756443E-03
   1.230739014      0.7353916081E-03
   1.244398096      0.7274816637E-03
   1.258057179      0.7194487666E-03
   1.271716261      0.7112947039E-03
   1.285375344      0.7030200811E-03
   1.299034427      0.6946243231E-03
   1.312693509      0.6861056875E-03
   1.326352592      0.6774612934E-03
   1.340011674      0.6686871619E-03
   1.353670757      0.6597782703E-03
   1.367329839      0.6507286186E-03
   1.380988922      0.6415313072E-03
   1.394648004      0.6321786255E-03
   1.408307087      0.6226621487E-03
   1.421966169      0.6129728444E-03
   1.435625252      0.6031011842E-03
   1.449284334      0.5930372615E-03
   1.462943417      0.5827709133E-03
   1.476602499      0.5722918432E-03
   1.490261582      0.5615897470E-03
   1.503920664      0.5506544361E-03
   1.517579747      0.5394759604E-03
   1.531238829      0.5280447275E-03
   1.544897912      0.5163516178E-03
   1.558556994      0.5043880940E-03
   1.572216077      0.4921463052E-03
   1.585875159      0.4796191835E-03
   1.599534242      0.4668005325E-03
   1.613193324      0.4536851085E-03
   1.626852407      0.4402686925E-03
   1.640511489      0.4265481534E-03
   1.654170572      0.4125215016E-03
   1.667829654      0.3981879338E-03
   1.681488737      0.3835478683E-03
   1.695147819      0.3686029711E-03
   1.708806902      0.3533561723E-03
   1.722465984      0.3378116742E-03
   1.736125067      0.3219749500E-03
   1.749784149      0.3058527350E-03
   1.763443232      0.2894530084E-03
   1.777102314      0.2727849683E-03
   1.790761397      0.2558589985E-03
   1.804420479      0.2386866292E-03
   1.818079562      0.2212804900E-03
   1.831738644      0.2036542577E-03
   1.845397727      0.1858225977E-03
   1.859056809      0.1678011000E-03
   1.872715892      0.1496062113E-03
   1.886374974      0.1312551612E-03
   1.900034057      0.1127658857E-03
   1.913693139      0.9415694635E-04
   1.927352222      0.7544744689E-04
   1.941011304      0.5665694663E-04
   1.954670387      0.3780537215E-04
   1.968329469      0.1891292697E-04
   1.981988552      0.2693020653E-10
   1.995403229      0.1940073340E-04
   2.008817906      0.3877123680E-04
   2.022232583      0.5808139601E-04
   2.035647260      0.7730132807E-04
   2.049061937      0.9640149534E-04
   2.062476614      0.1153528181E-03
   2.075891291      0.1341267850E-03
   2.089305968      0.1526955605E-03
   2.102720644      0.1710320893E-03
   2.116135321      0.1891101969E-03
   2.129549998      0.2069046857E-03
   2.142964675      0.2243914264E-03
   2.156379352      0.2415474438E-03
   2.169794029      0.2583509970E-03
   2.183208706      0.2747816529E-03
   2.196623383      0.2908203529E-03
   2.210038060      0.3064494729E-03
   2.223452737      0.3216528740E-03
   2.236867414      0.3364159471E-03
   2.250282091      0.3507256467E-03
   2.263696768      0.3645705172E-03
   2.277111445      0.3779407094E-03
   2.290526122      0.3908279869E-03
   2.303940799      0.4032257232E-03
   2.317355476      0.4151288880E-03
   2.330770153      0.4265340234E-03
   2.344184830      0.4374392097E-03
   2.357599506      0.4478440203E-03
   2.371014183      0.4577494660E-03
   2.384428860      0.4671579293E-03
   2.397843537      0.4760730880E-03
   2.411258214      0.4844998287E-03
   2.424672891      0.4924441510E-03
   2.438087568      0.4999130625E-03
   2.451502245      0.5069144651E-03
   2.464916922      0.5134570338E-03
   2.478331599      0.5195500887E-03
   2.491746276      0.5252034611E-03
   2.505160953      0.5304273548E-03
   2.518575630      0.5352322045E-03
   2.531990307      0.5396285318E-03
   2.545404984      0.5436268008E-03
   2.558819661      0.5472372753E-03
   2.572234338      0.5504698784E-03
   2.585649015      0.5533340567E-03
   2.599063691      0.5558386509E-03
   2.612478368      0.5579917745E-03
   2.625893045      0.5598007021E-03
   2.639307722      0.5612717688E-03
   2.652722399      0.5624102826E-03
   2.666137076      0.5632204504E-03
   2.679551753      0.5637053200E-03
   2.692966430      0.5638667371E-03
     
   0.000000000      0.2693020653E-10
  0.1345846785E-01  0.1507685009E-04
  0.2691693569E-01  0.3024971500E-04
  0.4037540354E-01  0.4561082574E-04
  0.5383387139E-01  0.6124509381E-04
  0.6729233924E-01  0.7722703995E-04
  0.8075080708E-01  0.9361834731E-04
  0.9420927493E-01  0.1104661297E-03
  0.1076677428      0.1278019365E-03
  0.1211262106      0.1456414559E-03
  0.1345846785      0.1639848385E-03
  0.1480431463      0.1828175356E-03
  0.1615016142      0.2021115403E-03
  0.1749600820      0.2218269247E-03
  0.1884185499      0.2419135732E-03
  0.2018770177      0.2623130312E-03
  0.2153354856      0.2829604005E-03
  0.2287939534      0.3037862273E-03
  0.2422524213      0.3247183402E-03
  0.2557108891      0.3456836059E-03
  0.2691693569      0.3666095729E-03
  0.2826278248      0.3874259851E-03
  0.2960862926      0.4080661441E-03
  0.3095447605      0.4284681050E-03
  0.3230032283      0.4485756919E-03
  0.3364616962      0.4683393211E-03
  0.3499201640      0.4877166199E-03
  0.3633786319      0.5066728339E-03
  0.3768370997      0.5251810158E-03
  0.3902955676      0.5432219929E-03
  0.4037540354      0.5607841150E-03
  0.4172125033      0.5778627874E-03
  0.4306709711      0.5944598000E-03
  0.4441294390      0.6105824710E-03
  0.4575879068      0.6262426258E-03
  0.4710463747      0.6414554429E-03
  0.4845048425      0.6562382020E-03
  0.4979633104      0.6706089735E-03
  0.5114217782      0.6845852974E-03
  0.5248802460      0.6981828959E-03
  0.5383387139      0.7114144698E-03
  0.5517971817      0.7242886227E-03
  0.5652556496      0.7368089559E-03
  0.5787141174      0.7489733679E-03
  0.5921725853      0.7607735851E-03
  0.6056310531      0.7721949414E-03
  0.6190895210      0.7832164113E-03
  0.6325479888      0.7938108931E-03
  0.6460064567      0.8039457267E-03
  0.6594649245      0.8135834232E-03
  0.6729233924      0.8226825751E-03
  0.6863818602      0.8311989100E-03
  0.6998403281      0.8390864497E-03
  0.7132987959      0.8462987311E-03
  0.7267572638      0.8527900500E-03
  0.7402157316      0.8585166863E-03
  0.7536741994      0.8634380743E-03
  0.7671326673      0.8675178855E-03
  0.7805911351      0.8707249936E-03
  0.7940496030      0.8730342979E-03
  0.8075080708      0.8744273837E-03
  0.8209665387      0.8748930061E-03
  0.8346256212      0.8756690869E-03
  0.8482847037      0.8779880638E-03
  0.8619437862      0.8818224151E-03
  0.8756028687      0.8871271700E-03
  0.8892619512      0.8938411888E-03
  0.9029210337      0.9018888279E-03
  0.9165801162      0.9111818830E-03
  0.9302391988      0.9216216960E-03
  0.9438982813      0.9331013145E-03
  0.9575573638      0.9455076072E-03
  0.9712164463      0.9587232581E-03
  0.9848755288      0.9726285805E-03
  0.9985346113      0.9871031197E-03
   1.012193694      0.1002027025E-02
   1.025852776      0.1017282191E-02
   1.039511859      0.1032753186E-02
   1.053170941      0.1048327973E-02
   1.066830024      0.1063898460E-02
   1.080489106      0.1079360899E-02
   1.094148189      0.1094616155E-02
   1.107807271      0.1109569874E-02
   1.121466354      0.1124132571E-02
   1.135125436      0.1138219645E-02
   1.148784519      0.1151751356E-02
   1.162443601      0.1164652760E-02
   1.176102684      0.1176853615E-02
   1.189761766      0.1181718696E-02
   1.203420849      0.1161579445E-02
   1.217079931      0.1141224943E-02
   1.230739014      0.1120693909E-02
   1.244398096      0.1100023696E-02
   1.258057179      0.1079250070E-02
   1.271716261      0.1058407001E-02
   1.285375344      0.1037526451E-02
   1.299034427      0.1016638188E-02
   1.312693509      0.9957696070E-03
   1.326352592      0.9749455642E-03
   1.340011674      0.9541882391E-03
   1.353670757      0.9335170126E-03
   1.367329839      0.9129483708E-03
   1.380988922      0.8924958365E-03
   1.394648004      0.8721699280E-03
   1.408307087      0.8519781489E-03
   1.421966169      0.8319250093E-03
   1.435625252      0.8120120793E-03
   1.449284334      0.7922380745E-03
   1.462943417      0.7725989744E-03
   1.476602499      0.7530881711E-03
   1.490261582      0.7336966476E-03
   1.503920664      0.7144131832E-03
   1.517579747      0.6952245830E-03
   1.531238829      0.6761159289E-03
   1.544897912      0.6570708465E-03
   1.558556994      0.6380717866E-03
   1.572216077      0.6191003138E-03
   1.585875159      0.6001374006E-03
   1.599534242      0.5811637206E-03
   1.613193324      0.5621599374E-03
   1.626852407      0.5431069854E-03
   1.640511489      0.5239863372E-03
   1.654170572      0.5047802568E-03
   1.667829654      0.4854720327E-03
   1.681488737      0.4660461913E-03
   1.695147819      0.4464886862E-03
   1.708806902      0.4267870634E-03
   1.722465984      0.4069306012E-03
   1.736125067      0.3869104235E-03
   1.749784149      0.3667195876E-03
   1.763443232      0.3463531450E-03
   1.777102314      0.3258081780E-03
   1.790761397      0.3050838103E-03
   1.804420479      0.2841811952E-03
   1.818079562      0.2631034810E-03
   1.831738644      0.2418557549E-03
   1.845397727      0.2204449680E-03
   1.859056809      0.1988798422E-03
   1.872715892      0.1771707603E-03
   1.886374974      0.1553296414E-03
   1.900034057      0.1333698032E-03
   1.913693139      0.1113058121E-03
   1.927352222      0.8915332359E-04
   1.941011304      0.6692891379E-04
   1.954670387      0.4464990374E-04
   1.968329469      0.2233417819E-04
   1.981988552      0.2693020653E-10
   1.995403229      0.1940073340E-04
   2.008817906      0.3877123680E-04
   2.022232583      0.5808139601E-04
   2.035647260      0.7730132807E-04
   2.049061937      0.9640149534E-04
   2.062476614      0.1153528181E-03
   2.075891291      0.1341267850E-03
   2.089305968      0.1526955605E-03
   2.102720644      0.1710320893E-03
   2.116135321      0.1891101969E-03
   2.129549998      0.2069046857E-03
   2.142964675      0.2243914264E-03
   2.156379352      0.2415474438E-03
   2.169794029      0.2583509970E-03
   2.183208706      0.2747816529E-03
   2.196623383      0.2908203529E-03
   2.210038060      0.3064494729E-03
   2.223452737      0.3216528740E-03
   2.236867414      0.3364159471E-03
   2.250282091      0.3507256467E-03
   2.263696768      0.3645705172E-03
   2.277111445      0.3779407094E-03
   2.290526122      0.3908279869E-03
   2.303940799      0.4032257232E-03
   2.317355476      0.4151288880E-03
   2.330770153      0.4265340234E-03
   2.344184830      0.4374392097E-03
   2.357599506      0.4478440203E-03
   2.371014183      0.4577494660E-03
   2.384428860      0.4671579293E-03
   2.397843537      0.4760730880E-03
   2.411258214      0.4844998287E-03
   2.424672891      0.4924441510E-03
   2.438087568      0.4999130625E-03
   2.451502245      0.5069144651E-03
   2.464916922      0.5134570338E-03
   2.478331599      0.5195500887E-03
   2.491746276      0.5252034611E-03
   2.505160953      0.5304273548E-03
   2.518575630      0.5352322045E-03
   2.531990307      0.5396285318E-03
   2.545404984      0.5436268008E-03
   2.558819661      0.5472372753E-03
   2.572234338      0.5504698784E-03
   2.585649015      0.5533340567E-03
   2.599063691      0.5558386509E-03
   2.612478368      0.5579917745E-03
   2.625893045      0.5598007021E-03
   2.639307722      0.5612717688E-03
   2.652722399      0.5624102826E-03
   2.666137076      0.5632204504E-03
   2.679551753      0.5637053200E-03
   2.692966430      0.5638667371E-03
     
   0.000000000      0.2693020653E-10
  0.1345846785E-01  0.3608013939E-04
  0.2691693569E-01  0.7218148424E-04
  0.4037540354E-01  0.1083232391E-03
  0.5383387139E-01  0.1445206951E-03
  0.6729233924E-01  0.1807834902E-03
  0.8075080708E-01  0.2171141147E-03
  0.9420927493E-01  0.2535067253E-03
  0.1076677428      0.2899463096E-03
  0.1211262106      0.3264082328E-03
  0.1345846785      0.3628581747E-03
  0.1480431463      0.3992524535E-03
  0.1615016142      0.4355387167E-03
  0.1749600820      0.4716569673E-03
  0.1884185499      0.5075408846E-03
  0.2018770177      0.5431193908E-03
  0.2153354856      0.5783184103E-03
  0.2287939534      0.6130627649E-03
  0.2422524213      0.6472781468E-03
  0.2557108891      0.6808931113E-03
  0.2691693569      0.7138410301E-03
  0.2826278248      0.7460619496E-03
  0.2960862926      0.7775042988E-03
  0.3095447605      0.8081263933E-03
  0.3230032283      0.8378976859E-03
  0.3364616962      0.8667997182E-03
  0.3499201640      0.8948267308E-03
  0.3633786319      0.9219858960E-03
  0.3768370997      0.9482971462E-03
  0.3902955676      0.9737925781E-03
  0.4037540354      0.9985154269E-03
  0.4172125033      0.1022518615E-02
  0.4306709711      0.1045862898E-02
  0.4441294390      0.1068614656E-02
  0.4575879068      0.1090843365E-02
  0.4710463747      0.1112618860E-02
  0.4845048425      0.1134008446E-02
  0.4979633104      0.1155073987E-02
  0.5114217782      0.1175869080E-02
  0.5248802460      0.1196436429E-02
  0.5383387139      0.1216805530E-02
  0.5517971817      0.1236990786E-02
  0.5652556496      0.1256990111E-02
  0.5787141174      0.1276784102E-02
  0.5921725853      0.1296335814E-02
  0.6056310531      0.1315591133E-02
  0.6190895210      0.1334479729E-02
  0.6325479888      0.1352916553E-02
  0.6460064567      0.1370803796E-02
  0.6594649245      0.1388033240E-02
  0.6729233924      0.1404488899E-02
  0.6863818602      0.1420049866E-02
  0.6998403281      0.1434593264E-02
  0.7132987959      0.1447997214E-02
  0.7267572638      0.1460143744E-02
  0.7402157316      0.1470921551E-02
  0.7536741994      0.1480228575E-02
  0.7671326673      0.1487974317E-02
  0.7805911351      0.1494081865E-02
  0.7940496030      0.1498489593E-02
  0.8075080708      0.1501152502E-02
  0.8209665387      0.1502043204E-02
  0.8346256212      0.1501527159E-02
  0.8482847037      0.1499980421E-02
  0.8619437862      0.1497407179E-02
  0.8756028687      0.1493814393E-02
  0.8892619512      0.1489211769E-02
  0.9029210337      0.1483611720E-02
  0.9165801162      0.1477029311E-02
  0.9302391988      0.1469482201E-02
  0.9438982813      0.1460990569E-02
  0.9575573638      0.1451577030E-02
  0.9712164463      0.1441266540E-02
  0.9848755288      0.1430086289E-02
  0.9985346113      0.1418065588E-02
   1.012193694      0.1405235741E-02
   1.025852776      0.1391629904E-02
   1.039511859      0.1377282945E-02
   1.053170941      0.1362231282E-02
   1.066830024      0.1346512718E-02
   1.080489106      0.1330166268E-02
   1.094148189      0.1313231970E-02
   1.107807271      0.1295750697E-02
   1.121466354      0.1277763956E-02
   1.135125436      0.1259313679E-02
   1.148784519      0.1240442011E-02
   1.162443601      0.1221191093E-02
   1.176102684      0.1201602836E-02
   1.189761766      0.1188288275E-02
   1.203420849      0.1198895571E-02
   1.217079931      0.1208618683E-02
   1.230739014      0.1217405013E-02
   1.244398096      0.1225206056E-02
   1.258057179      0.1231977271E-02
   1.271716261      0.1237677957E-02
   1.285375344      0.1242271137E-02
   1.299034427      0.1245723435E-02
   1.312693509      0.1248004970E-02
   1.326352592      0.1249089246E-02
   1.340011674      0.1248953048E-02
   1.353670757      0.1247576345E-02
   1.367329839      0.1244942194E-02
   1.380988922      0.1241036648E-02
   1.394648004      0.1235848664E-02
   1.408307087      0.1229370022E-02
   1.421966169      0.1221595236E-02
   1.435625252      0.1212521475E-02
   1.449284334      0.1202148484E-02
   1.462943417      0.1190478502E-02
   1.476602499      0.1177516189E-02
   1.490261582      0.1163268547E-02
   1.503920664      0.1147744848E-02
   1.517579747      0.1130956561E-02
   1.531238829      0.1112917275E-02
   1.544897912      0.1093642633E-02
   1.558556994      0.1073150256E-02
   1.572216077      0.1051459674E-02
   1.585875159      0.1028592258E-02
   1.599534242      0.1004571149E-02
   1.613193324      0.9794211882E-03
   1.626852407      0.9531688509E-03
   1.640511489      0.9258421786E-03
   1.654170572      0.8974707119E-03
   1.667829654      0.8680854243E-03
   1.681488737      0.8377186573E-03
   1.695147819      0.8064040547E-03
   1.708806902      0.7741764992E-03
   1.722465984      0.7410720486E-03
   1.736125067      0.7071278736E-03
   1.749784149      0.6723821955E-03
   1.763443232      0.6368742252E-03
   1.777102314      0.6006441030E-03
   1.790761397      0.5637328388E-03
   1.804420479      0.5261822536E-03
   1.818079562      0.4880349210E-03
   1.831738644      0.4493341101E-03
   1.845397727      0.4101237290E-03
   1.859056809      0.3704482689E-03
   1.872715892      0.3303527484E-03
   1.886374974      0.2898826593E-03
   1.900034057      0.2490839124E-03
   1.913693139      0.2080027838E-03
   1.927352222      0.1666858619E-03
   1.941011304      0.1251799949E-03
   1.954670387      0.8353223802E-04
   1.968329469      0.4178980176E-04
   1.981988552      0.2693020653E-10
   1.995403229      0.3875837993E-04
   2.008817906      0.7750166322E-04
   2.022232583      0.1162146015E-03
   2.035647260      0.1548816445E-03
   2.049061937      0.1934867941E-03
   2.062476614      0.2320134630E-03
   2.075891291      0.2704443412E-03
   2.089305968      0.3087612701E-03
   2.102720644      0.3469451279E-03
   2.116135321      0.3849757257E-03
   2.129549998      0.4228317157E-03
   2.142964675      0.4604905141E-03
   2.156379352      0.4979282377E-03
   2.169794029      0.5351196553E-03
   2.183208706      0.5720381551E-03
   2.196623383      0.6086557283E-03
   2.210038060      0.6449429672E-03
   2.223452737      0.6808690808E-03
   2.236867414      0.7164019252E-03
   2.250282091      0.7515080494E-03
   2.263696768      0.7861527563E-03
   2.277111445      0.8203001770E-03
   2.290526122      0.8539133600E-03
   2.303940799      0.8869543716E-03
   2.317355476      0.9193844085E-03
   2.330770153      0.9511639216E-03
   2.344184830      0.9822527485E-03
   2.357599506      0.1012610255E-02
   2.371014183      0.1042195484E-02
   2.384428860      0.1070967312E-02
   2.397843537      0.1098884605E-02
   2.411258214      0.1125906388E-02
   2.424672891      0.1151992007E-02
   2.438087568      0.1177101300E-02
   2.451502245      0.1201194764E-02
   2.464916922      0.1224233725E-02
   2.478331599      0.1246180501E-02
   2.491746276      0.1266998568E-02
   2.505160953      0.1286652718E-02
   2.518575630      0.1305109214E-02
   2.531990307      0.1322335940E-02
   2.545404984      0.1338302541E-02
   2.558819661      0.1352980561E-02
   2.572234338      0.1366343572E-02
   2.585649015      0.1378367285E-02
   2.599063691      0.1389029666E-02
   2.612478368      0.1398311035E-02
   2.625893045      0.1406194148E-02
   2.639307722      0.1412664284E-02
   2.652722399      0.1417709305E-02
   2.666137076      0.1421319713E-02
   2.679551753      0.1423488692E-02
   2.692966430      0.1424212142E-02
     
