 -0.6000000000       0.000000000    
 -0.5976000000       0.000000000    
 -0.5952000000       0.000000000    
 -0.5928000000       0.000000000    
 -0.5904000000       0.000000000    
 -0.5880000000       0.000000000    
 -0.5856000000       0.000000000    
 -0.5832000000       0.000000000    
 -0.5808000000       0.000000000    
 -0.5784000000       0.000000000    
 -0.5760000000       0.000000000    
 -0.5736000000       0.000000000    
 -0.5712000000       0.000000000    
 -0.5688000000       0.000000000    
 -0.5664000000       0.000000000    
 -0.5640000000       0.000000000    
 -0.5616000000       0.000000000    
 -0.5592000000       0.000000000    
 -0.5568000000       0.000000000    
 -0.5544000000       0.000000000    
 -0.5520000000       0.000000000    
 -0.5496000000       0.000000000    
 -0.5472000000       0.000000000    
 -0.5448000000       0.000000000    
 -0.5424000000       0.000000000    
 -0.5400000000       0.000000000    
 -0.5376000000       0.000000000    
 -0.5352000000       0.000000000    
 -0.5328000000       0.000000000    
 -0.5304000000       0.000000000    
 -0.5280000000       0.000000000    
 -0.5256000000       0.000000000    
 -0.5232000000       0.000000000    
 -0.5208000000       0.000000000    
 -0.5184000000       0.000000000    
 -0.5160000000       0.000000000    
 -0.5136000000       0.000000000    
 -0.5112000000       0.000000000    
 -0.5088000000       0.000000000    
 -0.5064000000       0.000000000    
 -0.5040000000       0.000000000    
 -0.5016000000       0.000000000    
 -0.4992000000       0.000000000    
 -0.4968000000       0.000000000    
 -0.4944000000       0.000000000    
 -0.4920000000       0.000000000    
 -0.4896000000       0.000000000    
 -0.4872000000       0.000000000    
 -0.4848000000       0.000000000    
 -0.4824000000       0.000000000    
 -0.4800000000       0.000000000    
 -0.4776000000       0.000000000    
 -0.4752000000       0.000000000    
 -0.4728000000       0.000000000    
 -0.4704000000       0.000000000    
 -0.4680000000       0.000000000    
 -0.4656000000       0.000000000    
 -0.4632000000       0.000000000    
 -0.4608000000       0.000000000    
 -0.4584000000       0.000000000    
 -0.4560000000       0.000000000    
 -0.4536000000       0.000000000    
 -0.4512000000       0.000000000    
 -0.4488000000       0.000000000    
 -0.4464000000       0.000000000    
 -0.4440000000       0.000000000    
 -0.4416000000       0.000000000    
 -0.4392000000       0.000000000    
 -0.4368000000       0.000000000    
 -0.4344000000       0.000000000    
 -0.4320000000       0.000000000    
 -0.4296000000       0.000000000    
 -0.4272000000       0.000000000    
 -0.4248000000       0.000000000    
 -0.4224000000       0.000000000    
 -0.4200000000       0.000000000    
 -0.4176000000       0.000000000    
 -0.4152000000       0.000000000    
 -0.4128000000       0.000000000    
 -0.4104000000       0.000000000    
 -0.4080000000       0.000000000    
 -0.4056000000       0.000000000    
 -0.4032000000       0.000000000    
 -0.4008000000       0.000000000    
 -0.3984000000       0.000000000    
 -0.3960000000       0.000000000    
 -0.3936000000       0.000000000    
 -0.3912000000       0.000000000    
 -0.3888000000       0.000000000    
 -0.3864000000       0.000000000    
 -0.3840000000       0.000000000    
 -0.3816000000       0.000000000    
 -0.3792000000       0.000000000    
 -0.3768000000       0.000000000    
 -0.3744000000       0.000000000    
 -0.3720000000       0.000000000    
 -0.3696000000       0.000000000    
 -0.3672000000       0.000000000    
 -0.3648000000       0.000000000    
 -0.3624000000       0.000000000    
 -0.3600000000       0.000000000    
 -0.3576000000       0.000000000    
 -0.3552000000       0.000000000    
 -0.3528000000       0.000000000    
 -0.3504000000       0.000000000    
 -0.3480000000       0.000000000    
 -0.3456000000       0.000000000    
 -0.3432000000       0.000000000    
 -0.3408000000       0.000000000    
 -0.3384000000       0.000000000    
 -0.3360000000       0.000000000    
 -0.3336000000       0.000000000    
 -0.3312000000       0.000000000    
 -0.3288000000       0.000000000    
 -0.3264000000       0.000000000    
 -0.3240000000       0.000000000    
 -0.3216000000       0.000000000    
 -0.3192000000       0.000000000    
 -0.3168000000       0.000000000    
 -0.3144000000       0.000000000    
 -0.3120000000       0.000000000    
 -0.3096000000       0.000000000    
 -0.3072000000      0.5000000000E-02
 -0.3048000000      0.3000000000E-01
 -0.3024000000      0.9250000000E-01
 -0.3000000000      0.2283333333    
 -0.2976000000      0.4933333333    
 -0.2952000000       1.117500000    
 -0.2928000000       2.766666667    
 -0.2904000000       4.701666667    
 -0.2880000000       7.144166667    
 -0.2856000000       10.30000000    
 -0.2832000000       13.95333333    
 -0.2808000000       17.38833333    
 -0.2784000000       21.02750000    
 -0.2760000000       25.13833333    
 -0.2736000000       30.23166667    
 -0.2712000000       36.84500000    
 -0.2688000000       44.63916667    
 -0.2664000000       55.30333333    
 -0.2640000000       64.51750000    
 -0.2616000000       63.58416667    
 -0.2592000000       62.81083333    
 -0.2568000000       59.07416667    
 -0.2544000000       60.90333333    
 -0.2520000000       49.95250000    
 -0.2496000000       30.64166667    
 -0.2472000000       16.46666667    
 -0.2448000000       12.35666667    
 -0.2424000000       10.50833333    
 -0.2400000000       9.368333333    
 -0.2376000000       8.535833333    
 -0.2352000000       7.745000000    
 -0.2328000000       7.157500000    
 -0.2304000000       6.755000000    
 -0.2280000000       6.605833333    
 -0.2256000000       6.664166667    
 -0.2232000000       6.903333333    
 -0.2208000000       7.150000000    
 -0.2184000000       7.500833333    
 -0.2160000000       8.049166667    
 -0.2136000000       8.775000000    
 -0.2112000000       9.829166667    
 -0.2088000000       11.62750000    
 -0.2064000000       14.42166667    
 -0.2040000000       18.79083333    
 -0.2016000000       28.45083333    
 -0.1992000000       39.21583333    
 -0.1968000000       43.05166667    
 -0.1944000000       48.15583333    
 -0.1920000000       50.43666667    
 -0.1896000000       50.36833333    
 -0.1872000000       47.97750000    
 -0.1848000000       46.61500000    
 -0.1824000000       46.09750000    
 -0.1800000000       42.42833333    
 -0.1776000000       38.73583333    
 -0.1752000000       38.59000000    
 -0.1728000000       46.66500000    
 -0.1704000000       70.25000000    
 -0.1680000000       113.7491667    
 -0.1656000000       143.1591667    
 -0.1632000000       137.0108333    
 -0.1608000000       110.3133333    
 -0.1584000000       89.18750000    
 -0.1560000000       73.68750000    
 -0.1536000000       61.62750000    
 -0.1512000000       51.12083333    
 -0.1488000000       42.87166667    
 -0.1464000000       35.61333333    
 -0.1440000000       27.83750000    
 -0.1416000000       22.23000000    
 -0.1392000000       18.26583333    
 -0.1368000000       15.33083333    
 -0.1344000000       13.24333333    
 -0.1320000000       11.39833333    
 -0.1296000000       10.01083333    
 -0.1272000000       8.640000000    
 -0.1248000000       7.035000000    
 -0.1224000000       5.234166667    
 -0.1200000000       4.196666667    
 -0.1176000000       3.587500000    
 -0.1152000000       3.172500000    
 -0.1128000000       2.641666667    
 -0.1104000000       1.547500000    
 -0.1080000000      0.9366666667    
 -0.1056000000      0.5733333333    
 -0.1032000000      0.3300000000    
 -0.1008000000      0.1841666667    
 -0.9840000000E-01  0.9000000000E-01
 -0.9600000000E-01  0.8750000000E-01
 -0.9360000000E-01  0.1241666667    
 -0.9120000000E-01  0.2441666667    
 -0.8880000000E-01  0.4075000000    
 -0.8640000000E-01  0.6375000000    
 -0.8400000000E-01  0.9583333333    
 -0.8160000000E-01   1.426666667    
 -0.7920000000E-01   2.545833333    
 -0.7680000000E-01   8.681666667    
 -0.7440000000E-01   16.60916667    
 -0.7200000000E-01   25.36166667    
 -0.6960000000E-01   38.49333333    
 -0.6720000000E-01   46.55583333    
 -0.6480000000E-01   46.96916667    
 -0.6240000000E-01   48.48500000    
 -0.6000000000E-01   50.50750000    
 -0.5760000000E-01   53.47750000    
 -0.5520000000E-01   59.41000000    
 -0.5280000000E-01   69.00083333    
 -0.5040000000E-01   74.81583333    
 -0.4800000000E-01   75.96000000    
 -0.4560000000E-01   61.30083333    
 -0.4320000000E-01   49.10750000    
 -0.4080000000E-01   36.69500000    
 -0.3840000000E-01   26.27916667    
 -0.3600000000E-01   18.62500000    
 -0.3360000000E-01   26.51333333    
 -0.3120000000E-01   51.33083333    
 -0.2880000000E-01   84.43583333    
 -0.2640000000E-01   130.9466667    
 -0.2400000000E-01   166.8525000    
 -0.2160000000E-01   162.2741667    
 -0.1920000000E-01   126.8108333    
 -0.1680000000E-01   109.1391667    
 -0.1440000000E-01   133.9591667    
 -0.1200000000E-01   148.8750000    
 -0.9600000000E-02   162.2250000    
 -0.7200000000E-02   120.1783333    
 -0.4800000000E-02   52.86083333    
 -0.2400000000E-02   24.80500000    
   0.000000000       18.98416667    
  0.2400000000E-02   16.21416667    
  0.4800000000E-02   14.11916667    
  0.7200000000E-02   12.29333333    
  0.9600000000E-02   10.97250000    
  0.1200000000E-01   9.826666667    
  0.1440000000E-01   8.863333333    
  0.1680000000E-01   7.803333333    
  0.1920000000E-01   7.035833333    
  0.2160000000E-01   6.377500000    
  0.2400000000E-01   5.737500000    
  0.2640000000E-01   5.217500000    
  0.2880000000E-01   4.827500000    
  0.3120000000E-01   4.567500000    
  0.3360000000E-01   4.225000000    
  0.3600000000E-01   3.974166667    
  0.3840000000E-01   3.765000000    
  0.4080000000E-01   3.490833333    
  0.4320000000E-01   3.353333333    
  0.4560000000E-01   3.245833333    
  0.4800000000E-01   2.984166667    
  0.5040000000E-01   2.853333333    
  0.5280000000E-01   2.719166667    
  0.5520000000E-01   2.573333333    
  0.5760000000E-01   2.452500000    
  0.6000000000E-01   2.347500000    
  0.6240000000E-01   2.251666667    
  0.6480000000E-01   2.046666667    
  0.6720000000E-01   2.026666667    
  0.6960000000E-01   1.899166667    
  0.7200000000E-01   1.780000000    
  0.7440000000E-01   1.825000000    
  0.7680000000E-01   1.665000000    
  0.7920000000E-01   1.655000000    
  0.8160000000E-01   1.626666667    
  0.8400000000E-01   1.630833333    
  0.8640000000E-01   1.645000000    
  0.8880000000E-01   1.642500000    
  0.9120000000E-01   1.710000000    
  0.9360000000E-01   1.698333333    
  0.9600000000E-01   1.778333333    
  0.9840000000E-01   1.815833333    
  0.1008000000       1.867500000    
  0.1032000000       2.005833333    
  0.1056000000       2.066666667    
  0.1080000000       2.250000000    
  0.1104000000       2.281666667    
  0.1128000000       2.470000000    
  0.1152000000       2.684166667    
  0.1176000000       2.829166667    
  0.1200000000       3.201666667    
  0.1224000000       3.572500000    
  0.1248000000       4.046666667    
  0.1272000000       4.617500000    
  0.1296000000       5.293333333    
  0.1320000000       6.230833333    
  0.1344000000       7.167500000    
  0.1368000000       8.099166667    
  0.1392000000       9.271666667    
  0.1416000000       10.45583333    
  0.1440000000       11.88666667    
  0.1464000000       13.62083333    
  0.1488000000       15.69833333    
  0.1512000000       18.12916667    
  0.1536000000       20.17250000    
  0.1560000000       21.28166667    
  0.1584000000       20.88750000    
  0.1608000000       21.06500000    
  0.1632000000       21.71583333    
  0.1656000000       22.15833333    
  0.1680000000       23.17250000    
  0.1704000000       24.49166667    
  0.1728000000       25.87166667    
  0.1752000000       27.76416667    
  0.1776000000       27.84750000    
  0.1800000000       28.56750000    
  0.1824000000       29.92000000    
  0.1848000000       29.90166667    
  0.1872000000       29.06833333    
  0.1896000000       28.52500000    
  0.1920000000       28.03000000    
  0.1944000000       26.81916667    
  0.1968000000       26.46583333    
  0.1992000000       26.02333333    
  0.2016000000       25.66583333    
  0.2040000000       25.35333333    
  0.2064000000       24.06583333    
  0.2088000000       22.77750000    
  0.2112000000       22.38666667    
  0.2136000000       21.71833333    
  0.2160000000       20.79833333    
  0.2184000000       20.47916667    
  0.2208000000       21.32500000    
  0.2232000000       25.78416667    
  0.2256000000       29.91500000    
  0.2280000000       32.03916667    
  0.2304000000       32.59833333    
  0.2328000000       35.02500000    
  0.2352000000       37.57500000    
  0.2376000000       41.52083333    
  0.2400000000       47.47083333    
  0.2424000000       54.15916667    
  0.2448000000       58.76916667    
  0.2472000000       54.77333333    
  0.2496000000       50.47416667    
  0.2520000000       46.33500000    
  0.2544000000       40.97000000    
  0.2568000000       36.45583333    
  0.2592000000       34.82916667    
  0.2616000000       33.63833333    
  0.2640000000       30.99750000    
  0.2664000000       26.14083333    
  0.2688000000       24.17833333    
  0.2712000000       20.91083333    
  0.2736000000       4.166666667    
  0.2760000000      0.3941666667    
  0.2784000000      0.2000000000E-01
  0.2808000000       0.000000000    
  0.2832000000       0.000000000    
  0.2856000000       0.000000000    
  0.2880000000       0.000000000    
  0.2904000000       0.000000000    
  0.2928000000       0.000000000    
  0.2952000000       0.000000000    
  0.2976000000       0.000000000    
  0.3000000000       0.000000000    
  0.3024000000       0.000000000    
  0.3048000000       0.000000000    
  0.3072000000       0.000000000    
  0.3096000000       0.000000000    
  0.3120000000       0.000000000    
  0.3144000000       0.000000000    
  0.3168000000       0.000000000    
  0.3192000000       0.000000000    
  0.3216000000       0.000000000    
  0.3240000000       0.000000000    
  0.3264000000       0.000000000    
  0.3288000000       0.000000000    
  0.3312000000       0.000000000    
  0.3336000000       0.000000000    
  0.3360000000       0.000000000    
  0.3384000000       0.000000000    
  0.3408000000       0.000000000    
  0.3432000000       0.000000000    
  0.3456000000       0.000000000    
  0.3480000000       0.000000000    
  0.3504000000      0.1666666667E-02
  0.3528000000      0.3333333333E-02
  0.3552000000      0.1000000000E-01
  0.3576000000      0.1750000000E-01
  0.3600000000      0.4000000000E-01
  0.3624000000      0.5083333333E-01
  0.3648000000      0.8833333333E-01
  0.3672000000      0.1325000000    
  0.3696000000      0.1975000000    
  0.3720000000      0.2658333333    
  0.3744000000      0.3725000000    
  0.3768000000      0.5266666667    
  0.3792000000      0.7341666667    
  0.3816000000       1.002500000    
  0.3840000000       1.197500000    
  0.3864000000       1.330833333    
  0.3888000000       1.442500000    
  0.3912000000       1.556666667    
  0.3936000000       1.656666667    
  0.3960000000       1.745833333    
  0.3984000000       1.846666667    
  0.4008000000       1.980000000    
  0.4032000000       2.038333333    
  0.4056000000       2.154166667    
  0.4080000000       2.285833333    
  0.4104000000       2.280000000    
  0.4128000000       2.505000000    
  0.4152000000       2.525000000    
  0.4176000000       2.727500000    
  0.4200000000       2.743333333    
  0.4224000000       2.944166667    
  0.4248000000       3.066666667    
  0.4272000000       3.070833333    
  0.4296000000       3.365833333    
  0.4320000000       3.349166667    
  0.4344000000       3.649166667    
  0.4368000000       3.679166667    
  0.4392000000       3.880000000    
  0.4416000000       4.067500000    
  0.4440000000       4.232500000    
  0.4464000000       4.469166667    
  0.4488000000       4.579166667    
  0.4512000000       4.845833333    
  0.4536000000       5.067500000    
  0.4560000000       5.258333333    
  0.4584000000       5.612500000    
  0.4608000000       5.894166667    
  0.4632000000       6.262500000    
  0.4656000000       6.585000000    
  0.4680000000       7.224166667    
  0.4704000000       7.792500000    
  0.4728000000       8.760833333    
  0.4752000000       9.805000000    
  0.4776000000       11.11083333    
  0.4800000000       12.32250000    
  0.4824000000       13.92666667    
  0.4848000000       14.54166667    
  0.4872000000       15.01250000    
  0.4896000000       15.34416667    
  0.4920000000       15.54000000    
  0.4944000000       15.74250000    
  0.4968000000       15.73250000    
  0.4992000000       15.54333333    
  0.5016000000       15.60583333    
  0.5040000000       15.61750000    
  0.5064000000       15.71166667    
  0.5088000000       16.04250000    
  0.5112000000       16.30000000    
  0.5136000000       16.60750000    
  0.5160000000       16.77500000    
  0.5184000000       17.21166667    
  0.5208000000       17.42083333    
  0.5232000000       17.94083333    
  0.5256000000       18.24583333    
  0.5280000000       19.04500000    
  0.5304000000       19.45000000    
  0.5328000000       20.21833333    
  0.5352000000       21.29416667    
  0.5376000000       22.06500000    
  0.5400000000       22.17333333    
  0.5424000000       23.15583333    
  0.5448000000       23.98750000    
  0.5472000000       22.43500000    
  0.5496000000       18.89666667    
  0.5520000000       16.63333333    
  0.5544000000       15.11333333    
  0.5568000000       13.59583333    
  0.5592000000       12.42333333    
  0.5616000000       11.14750000    
  0.5640000000       10.05500000    
  0.5664000000       8.917500000    
  0.5688000000       7.934166667    
  0.5712000000       6.838333333    
  0.5736000000       5.934166667    
  0.5760000000       5.045000000    
  0.5784000000       4.368333333    
  0.5808000000       3.731666667    
  0.5832000000       3.260833333    
  0.5856000000       2.792500000    
  0.5880000000       2.370000000    
  0.5904000000       1.945833333    
  0.5928000000       1.700000000    
  0.5952000000       1.330833333    
  0.5976000000       1.141666667    
     
