 -0.1714229260E-03   0.000000000    
 -0.1676516216E-03  0.5737466555E-05
 -0.1638803172E-03  0.4173936743E-04
 -0.1601090129E-03  0.5695215127E-04
 -0.1563377085E-03  0.1134096502E-03
 -0.1525664041E-03  0.1115408636E-03
 -0.1487950997E-03  0.1626556268E-03
 -0.1450237954E-03  0.1402224894E-03
 -0.1412524910E-03  0.1667051637E-03
 -0.1374811866E-03  0.1436450583E-03
 -0.1337098823E-03  0.1745109656E-03
 -0.1299385779E-03  0.1774733459E-03
 -0.1261672735E-03  0.2131364764E-03
 -0.1223959691E-03  0.2072630122E-03
 -0.1186246648E-03  0.2044656435E-03
 -0.1148533604E-03  0.1769213654E-03
 -0.1110820560E-03  0.1606821214E-03
 -0.1073107517E-03  0.1824373091E-03
 -0.1035394473E-03  0.1728041382E-03
 -0.9976814292E-04  0.1978058003E-03
 -0.9599683855E-04  0.1888966441E-03
 -0.9222553417E-04  0.1738148733E-03
 -0.8845422980E-04  0.2062142623E-03
 -0.8468292543E-04  0.1788570937E-03
 -0.8091162106E-04  0.2381259014E-03
 -0.7714031669E-04  0.1820230455E-03
 -0.7336901232E-04  0.2157564158E-03
 -0.6959770795E-04  0.1697980798E-03
 -0.6582640357E-04  0.1210628528E-03
 -0.6205509920E-04  0.8790785542E-04
 -0.5828379483E-04  0.7663055419E-04
 -0.5451249046E-04  0.1034506486E-03
 -0.5074118609E-04  0.8401047302E-04
 -0.4696988172E-04  0.1096578275E-03
 -0.4319857735E-04  0.1008319022E-03
 -0.3942727297E-04  0.1113623664E-03
 -0.3565596860E-04  0.7052555935E-04
 -0.3188466423E-04  0.6200184849E-04
 -0.2811335986E-04  0.3211496358E-04
 -0.2434205549E-04  0.5020622769E-04
 -0.2057075112E-04  0.8747506877E-04
 -0.1679944675E-04  0.1027656678E-03
 -0.1302814237E-04  0.1014345800E-03
 -0.9256838003E-05  0.5361728524E-04
 -0.5485533631E-05  0.5268258482E-04
 -0.1714229260E-05  0.4845331619E-04
  0.2057075112E-05  0.4845331619E-04
  0.5828379483E-05  0.2749471123E-04
  0.9599683855E-05  0.1141868252E-04
  0.1337098823E-04  0.2596402536E-04
  0.1714229260E-04  0.2806561954E-04
  0.2091359697E-04  0.3041117831E-04
  0.2468490134E-04  0.4942738371E-04
  0.2845620571E-04  0.8225598623E-04
  0.3222751008E-04  0.8354710366E-04
  0.3599881445E-04  0.1440817624E-03
  0.3977011883E-04  0.1264892691E-03
  0.4354142320E-04  0.1610090254E-03
  0.4731272757E-04  0.1094741195E-03
  0.5108403194E-04  0.1230359285E-03
  0.5485533631E-04  0.1536507638E-03
  0.5862664068E-04  0.1511528557E-03
  0.6239794505E-04  0.1881786702E-03
  0.6616924943E-04  0.1766580991E-03
  0.6994055380E-04  0.1914641104E-03
  0.7371185817E-04  0.1985302485E-03
  0.7748316254E-04  0.1702264877E-03
  0.8125446691E-04  0.3004311368E-03
  0.8502577128E-04  0.3339591943E-03
  0.8879707566E-04  0.3952546818E-03
  0.9256838003E-04  0.3121700308E-03
  0.9633968440E-04  0.2697138238E-03
  0.1001109888E-03  0.2795759727E-03
  0.1038822931E-03  0.3002942523E-03
  0.1076535975E-03  0.3693243041E-03
  0.1114249019E-03  0.4932074311E-03
  0.1151962063E-03  0.4699907887E-03
  0.1189675106E-03  0.4985321716E-03
  0.1227388150E-03  0.4626686358E-03
  0.1265101194E-03  0.5375899591E-03
  0.1302814237E-03  0.5431705905E-03
  0.1340527281E-03  0.4705426593E-03
  0.1378240325E-03  0.5141185334E-03
  0.1415953369E-03  0.5850045660E-03
  0.1453666412E-03  0.7407723932E-03
  0.1491379456E-03  0.7769906362E-03
  0.1529092500E-03  0.6927712764E-03
  0.1566805543E-03  0.7030455354E-03
  0.1604518587E-03  0.6919676110E-03
  0.1642231631E-03  0.8253182776E-03
  0.1679944675E-03  0.9110428391E-03
  0.1717657718E-03  0.1029095606E-02
  0.1755370762E-03  0.1145408974E-02
  0.1793083806E-03  0.9824477838E-03
  0.1830796849E-03  0.9026158002E-03
  0.1868509893E-03  0.7663722350E-03
  0.1906222937E-03  0.1065392852E-02
  0.1943935981E-03  0.1349280905E-02
  0.1981649024E-03  0.1458733394E-02
  0.2019362068E-03  0.1409196311E-02
  0.2057075112E-03  0.1308784968E-02
  0.2094788155E-03  0.1346901361E-02
  0.2132501199E-03  0.1436606191E-02
  0.2170214243E-03  0.1512130638E-02
  0.2207927287E-03  0.1729625277E-02
  0.2245640330E-03  0.1646333200E-02
  0.2283353374E-03  0.1775402611E-02
  0.2321066418E-03  0.1732337628E-02
  0.2358779461E-03  0.2029704102E-02
  0.2396492505E-03  0.2094335228E-02
  0.2434205549E-03  0.2248433789E-02
  0.2471918593E-03  0.2085938689E-02
  0.2509631636E-03  0.2241069543E-02
  0.2547344680E-03  0.2441505065E-02
  0.2585057724E-03  0.2657456829E-02
  0.2622770767E-03  0.2549946311E-02
  0.2660483811E-03  0.2458028699E-02
  0.2698196855E-03  0.2797015603E-02
  0.2735909899E-03  0.3189936518E-02
  0.2773622942E-03  0.3377267456E-02
  0.2811335986E-03  0.3335754465E-02
  0.2849049030E-03  0.3340062065E-02
  0.2886762073E-03  0.3271183544E-02
  0.2924475117E-03  0.3461092029E-02
  0.2962188161E-03  0.3499041961E-02
  0.2999901205E-03  0.3837586357E-02
  0.3037614248E-03  0.4127305926E-02
  0.3075327292E-03  0.4724547870E-02
  0.3113040336E-03  0.4943581756E-02
  0.3150753379E-03  0.4797672969E-02
  0.3188466423E-03  0.4552293206E-02
  0.3226179467E-03  0.4617690969E-02
  0.3263892511E-03  0.5105548649E-02
  0.3301605554E-03  0.5541117170E-02
  0.3339318598E-03  0.5846144949E-02
  0.3377031642E-03  0.6582431362E-02
  0.3414744685E-03  0.6588560916E-02
  0.3452457729E-03  0.6926968341E-02
  0.3490170773E-03  0.6210781718E-02
  0.3527883817E-03  0.6474236504E-02
  0.3565596860E-03  0.7060534827E-02
  0.3603309904E-03  0.7932312528E-02
  0.3641022948E-03  0.8531045087E-02
  0.3678735991E-03  0.8343541920E-02
  0.3716449035E-03  0.8923652733E-02
  0.3754162079E-03  0.8648537132E-02
  0.3791875123E-03  0.9126840423E-02
  0.3829588166E-03  0.9676257474E-02
  0.3867301210E-03  0.1046883833E-01
  0.3905014254E-03  0.1072530166E-01
  0.3942727297E-03  0.1060148993E-01
  0.3980440341E-03  0.1105920315E-01
  0.4018153385E-03  0.1187334514E-01
  0.4055866429E-03  0.1240396813E-01
  0.4093579472E-03  0.1279567842E-01
  0.4131292516E-03  0.1285118033E-01
  0.4169005560E-03  0.1276475032E-01
  0.4206718603E-03  0.1325491918E-01
  0.4244431647E-03  0.1401276421E-01
  0.4282144691E-03  0.1462290252E-01
  0.4319857735E-03  0.1553544727E-01
  0.4357570778E-03  0.1541646038E-01
  0.4395283822E-03  0.1592399392E-01
  0.4432996866E-03  0.1566580851E-01
  0.4470709909E-03  0.1633099405E-01
  0.4508422953E-03  0.1743999755E-01
  0.4546135997E-03  0.1803674189E-01
  0.4583849041E-03  0.1895956930E-01
  0.4621562084E-03  0.1826531451E-01
  0.4659275128E-03  0.1898504871E-01
  0.4696988172E-03  0.1975323335E-01
  0.4734701215E-03  0.2059065489E-01
  0.4772414259E-03  0.2138109772E-01
  0.4810127303E-03  0.2130613584E-01
  0.4847840347E-03  0.2194335325E-01
  0.4885553390E-03  0.2234113203E-01
  0.4923266434E-03  0.2345318176E-01
  0.4960979478E-03  0.2454157548E-01
  0.4998692521E-03  0.2514847715E-01
  0.5036405565E-03  0.2529865173E-01
  0.5074118609E-03  0.2546792898E-01
  0.5111831653E-03  0.2649321637E-01
  0.5149544696E-03  0.2795359682E-01
  0.5187257740E-03  0.2881635931E-01
  0.5224970784E-03  0.2944158568E-01
  0.5262683827E-03  0.2989702769E-01
  0.5300396871E-03  0.3100497240E-01
  0.5338109915E-03  0.3231379520E-01
  0.5375822959E-03  0.3269880076E-01
  0.5413536002E-03  0.3378556504E-01
  0.5451249046E-03  0.3378761835E-01
  0.5488962090E-03  0.3594749989E-01
  0.5526675133E-03  0.3725368783E-01
  0.5564388177E-03  0.3859994546E-01
  0.5602101221E-03  0.3894342336E-01
  0.5639814265E-03  0.4053836277E-01
  0.5677527308E-03  0.4140667848E-01
  0.5715240352E-03  0.4383751579E-01
  0.5752953396E-03  0.4443766442E-01
  0.5790666439E-03  0.4567945811E-01
  0.5828379483E-03  0.4680730194E-01
  0.5866092527E-03  0.4871094667E-01
  0.5903805571E-03  0.5163820755E-01
  0.5941518614E-03  0.5292785488E-01
  0.5979231658E-03  0.5534277991E-01
  0.6016944702E-03  0.5713562513E-01
  0.6054657745E-03  0.5984713715E-01
  0.6092370789E-03  0.6254296171E-01
  0.6130083833E-03  0.6794106797E-01
  0.6167796877E-03  0.7325466129E-01
  0.6205509920E-03  0.8066899863E-01
  0.6243222964E-03  0.8902427237E-01
  0.6280936008E-03  0.9765505914E-01
  0.6318649051E-03  0.1018891210    
  0.6356362095E-03  0.1026411705    
  0.6394075139E-03  0.1019427967    
  0.6431788183E-03  0.1005993942    
  0.6469501226E-03  0.1020517808    
  0.6507214270E-03  0.1022060841    
  0.6544927314E-03  0.1048523834    
  0.6582640357E-03  0.1035911303    
  0.6620353401E-03  0.1040638211    
  0.6658066445E-03  0.1035288544    
  0.6695779489E-03  0.1054864361    
  0.6733492532E-03  0.1054258429    
  0.6771205576E-03  0.1070886728    
  0.6808918620E-03  0.1067122604    
  0.6846631663E-03  0.1084169652    
  0.6884344707E-03  0.1079517649    
  0.6922057751E-03  0.1101934528    
  0.6959770795E-03  0.1114620128    
  0.6997483838E-03  0.1133102021    
  0.7035196882E-03  0.1117362650    
  0.7072909926E-03  0.1130490331    
  0.7110622969E-03  0.1147168933    
  0.7148336013E-03  0.1166716031    
  0.7186049057E-03  0.1162937932    
  0.7223762101E-03  0.1168605393    
  0.7261475144E-03  0.1196579959    
  0.7299188188E-03  0.1221119245    
  0.7336901232E-03  0.1235816252    
  0.7374614275E-03  0.1238341663    
  0.7412327319E-03  0.1237611808    
  0.7450040363E-03  0.1260313959    
  0.7487753407E-03  0.1269100782    
  0.7525466450E-03  0.1298086969    
  0.7563179494E-03  0.1306044350    
  0.7600892538E-03  0.1337051694    
  0.7638605581E-03  0.1355241208    
  0.7676318625E-03  0.1369770764    
  0.7714031669E-03  0.1385155995    
  0.7751744713E-03  0.1414930638    
  0.7789457756E-03  0.1422499518    
  0.7827170800E-03  0.1456936707    
  0.7864883844E-03  0.1467543555    
  0.7902596887E-03  0.1500333761    
  0.7940309931E-03  0.1551534526    
  0.7978022975E-03  0.1548809079    
  0.8015736019E-03  0.1565377040    
  0.8053449062E-03  0.1516815615    
  0.8091162106E-03  0.1520108433    
  0.8128875150E-03  0.1531402853    
  0.8166588193E-03  0.1583218310    
  0.8204301237E-03  0.1570485415    
  0.8242014281E-03  0.1578215570    
  0.8279727325E-03  0.1554705995    
  0.8317440368E-03  0.1610350171    
  0.8355153412E-03  0.1610618572    
  0.8392866456E-03  0.1611261326    
  0.8430579499E-03  0.1644840800    
  0.8468292543E-03  0.1654057893    
  0.8506005587E-03  0.1690343339    
  0.8543718631E-03  0.1660335030    
  0.8581431674E-03  0.1690559649    
  0.8619144718E-03  0.1698359080    
  0.8656857762E-03  0.1747479695    
  0.8694570805E-03  0.1758278657    
  0.8732283849E-03  0.1773265630    
  0.8769996893E-03  0.1763147956    
  0.8807709937E-03  0.1798347630    
  0.8845422980E-03  0.1841590062    
  0.8883136024E-03  0.1885164819    
  0.8920849068E-03  0.1884058875    
  0.8958562111E-03  0.1891371067    
  0.8996275155E-03  0.1904017275    
  0.9033988199E-03  0.1968046103    
  0.9071701243E-03  0.1993764692    
  0.9109414286E-03  0.2024123828    
  0.9147127330E-03  0.2031919008    
  0.9184840374E-03  0.2043451454    
  0.9222553417E-03  0.2127412147    
  0.9260266461E-03  0.2166394556    
  0.9297979505E-03  0.2171530705    
  0.9335692549E-03  0.2133906988    
  0.9373405592E-03  0.2108133409    
  0.9411118636E-03  0.2164437076    
  0.9448831680E-03  0.2193653516    
  0.9486544723E-03  0.2182021251    
  0.9524257767E-03  0.2149730449    
  0.9561970811E-03  0.2164810497    
  0.9599683855E-03  0.2172370322    
  0.9637396898E-03  0.2115944975    
  0.9675109942E-03  0.1987712360    
  0.9712822986E-03  0.1945114221    
  0.9750536029E-03  0.1911596755    
  0.9788249073E-03  0.1900028915    
  0.9825962117E-03  0.1866473929    
  0.9863675161E-03  0.1819994400    
  0.9901388204E-03  0.1749718682    
  0.9939101248E-03  0.1695264120    
  0.9976814292E-03  0.1684427287    
  0.1001452734E-02  0.1661098048    
  0.1005224038E-02  0.1604877204    
  0.1008995342E-02  0.1574224405    
  0.1012766647E-02  0.1552140896    
  0.1016537951E-02  0.1578490075    
  0.1020309255E-02  0.1577835966    
  0.1024080560E-02  0.1645581717    
  0.1027851864E-02  0.1633502321    
  0.1031623169E-02  0.1663593864    
  0.1035394473E-02  0.1611815122    
  0.1039165777E-02  0.1688083255    
  0.1042937082E-02  0.1648900157    
  0.1046708386E-02  0.1672320552    
  0.1050479690E-02  0.1679760487    
  0.1054250995E-02  0.1749671196    
  0.1058022299E-02  0.1750441746    
  0.1061793603E-02  0.1690124668    
  0.1065564908E-02  0.1708559257    
  0.1069336212E-02  0.1735307133    
  0.1073107517E-02  0.1769570663    
  0.1076878821E-02  0.1752308016    
  0.1080650125E-02  0.1789643024    
  0.1084421430E-02  0.1798594102    
  0.1088192734E-02  0.1783958256    
  0.1091964038E-02  0.1789607804    
  0.1095735343E-02  0.1818769174    
  0.1099506647E-02  0.1842559067    
  0.1103277952E-02  0.1847525527    
  0.1107049256E-02  0.1833016015    
  0.1110820560E-02  0.1836864393    
  0.1114591865E-02  0.1846485984    
  0.1118363169E-02  0.1863022895    
  0.1122134473E-02  0.1858339016    
  0.1125905778E-02  0.1872084506    
  0.1129677082E-02  0.1925714112    
  0.1133448387E-02  0.1886514420    
  0.1137219691E-02  0.1876238383    
  0.1140990995E-02  0.1867157969    
  0.1144762300E-02  0.1909545639    
  0.1148533604E-02  0.1901419044    
  0.1152304908E-02  0.1871425775    
  0.1156076213E-02  0.1883562470    
  0.1159847517E-02  0.1893993431    
  0.1163618822E-02  0.1890455817    
  0.1167390126E-02  0.1894339959    
  0.1171161430E-02  0.1899845768    
  0.1174932735E-02  0.1906933933    
  0.1178704039E-02  0.1860613163    
  0.1182475343E-02  0.1850414880    
  0.1186246648E-02  0.1838650038    
  0.1190017952E-02  0.1889151486    
  0.1193789256E-02  0.1891707063    
  0.1197560561E-02  0.1817814877    
  0.1201331865E-02  0.1809437644    
  0.1205103170E-02  0.1780618260    
  0.1208874474E-02  0.1807688504    
  0.1212645778E-02  0.1765238735    
  0.1216417083E-02  0.1736252229    
  0.1220188387E-02  0.1657307134    
  0.1223959691E-02  0.1663450975    
  0.1227730996E-02  0.1643978720    
  0.1231502300E-02  0.1617591500    
  0.1235273605E-02  0.1547866333    
  0.1239044909E-02  0.1454378024    
  0.1242816213E-02  0.1415260774    
  0.1246587518E-02  0.1398150973    
  0.1250358822E-02  0.1443864692    
  0.1254130126E-02  0.1522162512    
  0.1257901431E-02  0.1538134721    
  0.1261672735E-02  0.1656558854    
  0.1265444040E-02  0.1694160089    
  0.1269215344E-02  0.1863609664    
  0.1272986648E-02  0.1891682717    
  0.1276757953E-02  0.2043096455    
  0.1280529257E-02  0.2119273596    
  0.1284300561E-02  0.2237143210    
  0.1288071866E-02  0.2401302463    
  0.1291843170E-02  0.2492608447    
  0.1295614475E-02  0.2691178600    
  0.1299385779E-02  0.2726586554    
  0.1303157083E-02  0.2981516394    
  0.1306928388E-02  0.3056065246    
  0.1310699692E-02  0.3334030884    
  0.1314470996E-02  0.3455856508    
  0.1318242301E-02  0.3736727088    
  0.1322013605E-02  0.3921982038    
  0.1325784909E-02  0.4216023276    
  0.1329556214E-02  0.4464733721    
  0.1333327518E-02  0.4885606780    
  0.1337098823E-02  0.5293293115    
  0.1340870127E-02  0.5712087121    
  0.1344641431E-02  0.6092278024    
  0.1348412736E-02  0.6321402922    
  0.1352184040E-02  0.6581634636    
  0.1355955344E-02  0.6897819174    
  0.1359726649E-02  0.7277070701    
  0.1363497953E-02  0.7658111794    
  0.1367269258E-02  0.7944359562    
  0.1371040562E-02  0.8069439684    
  0.1374811866E-02  0.8071119127    
  0.1378583171E-02  0.7850571318    
  0.1382354475E-02  0.7696369456    
  0.1386125779E-02  0.7406985334    
  0.1389897084E-02  0.7038042130    
  0.1393668388E-02  0.6683211884    
  0.1397439693E-02  0.6331990636    
  0.1401210997E-02  0.6155554505    
  0.1404982301E-02  0.5981621859    
  0.1408753606E-02  0.5850465243    
  0.1412524910E-02  0.5622384949    
  0.1416296214E-02  0.5280634846    
  0.1420067519E-02  0.4950788241    
  0.1423838823E-02  0.4756431611    
  0.1427610128E-02  0.4512279141    
  0.1431381432E-02  0.4380594139    
  0.1435152736E-02  0.4121428649    
  0.1438924041E-02  0.4051763573    
  0.1442695345E-02  0.3881901222    
  0.1446466649E-02  0.3752687662    
  0.1450237954E-02  0.3596433000    
  0.1454009258E-02  0.3489954676    
  0.1457780562E-02  0.3387981543    
  0.1461551867E-02  0.3290761601    
  0.1465323171E-02  0.3153487721    
  0.1469094476E-02  0.3048988716    
  0.1472865780E-02  0.2922620249    
  0.1476637084E-02  0.2823768758    
  0.1480408389E-02  0.2691156473    
  0.1484179693E-02  0.2593700731    
  0.1487950997E-02  0.2469504335    
  0.1491722302E-02  0.2342714159    
  0.1495493606E-02  0.2169254415    
  0.1499264911E-02  0.1872003164    
  0.1503036215E-02  0.1517896674    
  0.1506807519E-02  0.1178978800    
  0.1510578824E-02  0.9663782346E-01
  0.1514350128E-02  0.8044608755E-01
  0.1518121432E-02  0.5842795751E-01
  0.1521892737E-02  0.4320574524E-01
  0.1525664041E-02  0.3027602577E-01
  0.1529435346E-02  0.2727978222E-01
  0.1533206650E-02  0.2455957740E-01
  0.1536977954E-02  0.2318988395E-01
  0.1540749259E-02  0.2032926416E-01
  0.1544520563E-02  0.1765308815E-01
  0.1548291867E-02  0.1456423630E-01
  0.1552063172E-02  0.1136086999E-01
  0.1555834476E-02  0.6560863997E-02
  0.1559605781E-02  0.2466478261E-02
  0.1563377085E-02  0.2130017712E-03
  0.1567148389E-02   0.000000000    
  0.1570919694E-02   0.000000000    
  0.1574690998E-02   0.000000000    
  0.1578462302E-02   0.000000000    
  0.1582233607E-02   0.000000000    
  0.1586004911E-02   0.000000000    
  0.1589776215E-02   0.000000000    
  0.1593547520E-02   0.000000000    
  0.1597318824E-02   0.000000000    
  0.1601090129E-02   0.000000000    
  0.1604861433E-02   0.000000000    
  0.1608632737E-02   0.000000000    
  0.1612404042E-02   0.000000000    
  0.1616175346E-02   0.000000000    
  0.1619946650E-02   0.000000000    
  0.1623717955E-02   0.000000000    
  0.1627489259E-02   0.000000000    
  0.1631260564E-02   0.000000000    
  0.1635031868E-02   0.000000000    
  0.1638803172E-02   0.000000000    
  0.1642574477E-02   0.000000000    
  0.1646345781E-02   0.000000000    
  0.1650117085E-02   0.000000000    
  0.1653888390E-02   0.000000000    
  0.1657659694E-02   0.000000000    
  0.1661430999E-02   0.000000000    
  0.1665202303E-02   0.000000000    
  0.1668973607E-02   0.000000000    
  0.1672744912E-02   0.000000000    
  0.1676516216E-02   0.000000000    
  0.1680287520E-02   0.000000000    
  0.1684058825E-02   0.000000000    
  0.1687830129E-02   0.000000000    
  0.1691601434E-02   0.000000000    
  0.1695372738E-02   0.000000000    
  0.1699144042E-02   0.000000000    
  0.1702915347E-02   0.000000000    
  0.1706686651E-02   0.000000000    
  0.1710457955E-02   0.000000000    
