  0.7654964065E-01  0.3276555669E-05   1.409243361    
  0.8996555705E-01  0.3276619233E-05   1.409243045    
  0.1033814735      0.3276113359E-05   1.409242443    
  0.1167973899      0.3275726516E-05   1.409241659    
  0.1302133063      0.3274784435E-05   1.409240598    
  0.1436292227      0.3273392527E-05   1.409239434    
  0.1570451391      0.3272003731E-05   1.409238540    
  0.1704610555      0.3268689029E-05   1.409237205    
  0.1838769719      0.3263982140E-05   1.409236304    
  0.1972928883      0.3256479226E-05   1.409235111    
  0.2107088047      0.3247695836E-05   1.409234099    
  0.2241247211      0.3236813315E-05   1.409233079    
  0.2375406375      0.3223022738E-05   1.409231748    
  0.2509565539      0.3207304461E-05   1.409230845    
  0.2643724703      0.3187222966E-05   1.409230246    
  0.2777883867      0.3163998473E-05   1.409229319    
  0.2912043031      0.3137111146E-05   1.409228550    
  0.3046202195      0.3108380923E-05   1.409227658    
  0.3180361359      0.3075199537E-05   1.409226670    
  0.3314520523      0.3036937884E-05   1.409226015    
  0.3448679687      0.2992954611E-05   1.409225391    
  0.3582838851      0.2945611378E-05   1.409224945    
  0.3716998015      0.2894709149E-05   1.409224734    
  0.3851157179      0.2836529727E-05   1.409224028    
  0.3985316343      0.2773874452E-05   1.409223331    
  0.4119475507      0.2706428794E-05   1.409223162    
  0.4253634671      0.2629388306E-05   1.409223276    
  0.4387793835      0.2546083989E-05   1.409223298    
  0.4521952999      0.2455892281E-05   1.409222771    
  0.4656112163      0.2352350160E-05   1.409222864    
  0.4790271327      0.2245222596E-05   1.409223029    
  0.4924430491      0.2121249127E-05   1.409222704    
  0.5058589655      0.1983956634E-05   1.409223018    
  0.5192748819      0.1830388294E-05   1.409223315    
  0.5326907983      0.1646176566E-05   1.409223847    
  0.5461067147      0.1441630958E-05   1.409224778    
  0.5595226311      0.1179027973E-05   1.409225369    
  0.5729385475      0.8474179080E-06   1.409225695    
  0.5863544639      0.3604576692E-06   1.409225830    
  0.5997703803      0.3770019767E-07   1.409226589    
  0.6131862967      0.5888613524E-09   1.409226273    
  0.6266022131      0.3983004008E-09   1.409226236    
  0.6400181295      0.3021839716E-09   1.409226626    
  0.6534340459      0.2995985096E-09   1.409226395    
  0.6668499623      0.2042777769E-09   1.409226836    
  0.6802658787      0.2017430276E-09   1.409226854    
  0.6936817951      0.1576376585E-09   1.409226520    
  0.7070977115      0.1551070231E-09   1.409225909    
  0.7205136280      0.1524808175E-09   1.409226413    
  0.7339295444      0.1165748794E-09   1.409226836    
  0.7473454608      0.1140900927E-09   1.409225884    
  0.7607613772      0.1115666402E-09   1.409226343    
  0.7741772936      0.1089619616E-09   1.409226940    
  0.7875932100      0.8775661140E-10   1.409226311    
  0.8010091264      0.8531504076E-10   1.409225919    
  0.8144250428      0.8286820233E-10   1.409225840    
  0.8278409592      0.8040808709E-10   1.409226146    
  0.8412568756      0.7791805183E-10   1.409226912    
  0.8546727920      0.7539900149E-10   1.409226646    
  0.8680887084      0.7285601869E-10   1.409226938    
  0.8815046248      0.7029629397E-10   1.409226247    
  0.8949205412      0.6772800641E-10   1.409226212    
  0.9083364576      0.6515959543E-10   1.409226907    
  0.9217523740      0.6258924676E-10   1.409226718    
  0.9351682904      0.6003484973E-10   1.409225644    
  0.9485842068      0.5750443908E-10   1.409227160    
  0.9620001232      0.5500532260E-10   1.409226129    
  0.9754160396      0.5254419654E-10   1.409226048    
  0.9888319560      0.5012703489E-10   1.409226991    
   1.002247872      0.4775073631E-10   1.409227197    
   1.015663789      0.4542823032E-10   1.409226668    
   1.029079705      0.4316403338E-10   1.409227284    
   1.042495622      0.4095454140E-10   1.409227213    
   1.055911538      0.3881004404E-10   1.409226455    
   1.069327454      0.3673341885E-10   1.409226966    
   1.082743371      0.3472040339E-10   1.409226839    
   1.096159287      0.3277889738E-10   1.409226074    
   1.109575204      0.3091031158E-10   1.409226701    
   1.122991120      0.2910979449E-10   1.409226738    
   1.136407036      0.2738322539E-10   1.409226186    
