   0.000000000      0.4402694015E-10
  0.1367793241E-01  0.1566627696E-04
  0.2735586482E-01  0.3147846299E-04
  0.4103379724E-01  0.4757618889E-04
  0.5471172965E-01  0.6408704038E-04
  0.6838966206E-01  0.8112172859E-04
  0.8206759447E-01  0.9877047747E-04
  0.9574552688E-01  0.1171007388E-03
  0.1094234593      0.1361561925E-03
  0.1231013917      0.1559568787E-03
  0.1367793241      0.1765002460E-03
  0.1504572565      0.1977628824E-03
  0.1641351889      0.2197027144E-03
  0.1778131214      0.2422614883E-03
  0.1914910538      0.2653673911E-03
  0.2051689862      0.2889377036E-03
  0.2188469186      0.3128814104E-03
  0.2325248510      0.3371017154E-03
  0.2462027834      0.3614984288E-03
  0.2598807158      0.3859702028E-03
  0.2735586482      0.4104165996E-03
  0.2872365807      0.4347399791E-03
  0.3009145131      0.4588471971E-03
  0.3145924455      0.4826511029E-03
  0.3282703779      0.5060718273E-03
  0.3419483103      0.5290378515E-03
  0.3556262427      0.5514868468E-03
  0.3693041751      0.5733662785E-03
  0.3829821075      0.5946337646E-03
  0.3966600400      0.6152571870E-03
  0.4103379724      0.6352145515E-03
  0.4240159048      0.6544936017E-03
  0.4376938372      0.6730911911E-03
  0.4513717696      0.6910124297E-03
  0.4650497020      0.7082696224E-03
  0.4787276344      0.7248810282E-03
  0.4924055668      0.7408694718E-03
  0.5060834992      0.7562608492E-03
  0.5197614317      0.7710825741E-03
  0.5334393641      0.7853620151E-03
  0.5471172965      0.7991249782E-03
  0.5607952289      0.8123942884E-03
  0.5744731613      0.8251885233E-03
  0.5881510937      0.8375209450E-03
  0.6018290261      0.8493986707E-03
  0.6155069585      0.8608221119E-03
  0.6291848910      0.8717847016E-03
  0.6428628234      0.8822729139E-03
  0.6565407558      0.8922665726E-03
  0.6702186882      0.9017394274E-03
  0.6838966206      0.9106599711E-03
  0.6975745530      0.9189924591E-03
  0.7112524854      0.9266980873E-03
  0.7249304178      0.9337362788E-03
  0.7386083503      0.9400660319E-03
  0.7522862827      0.9456472757E-03
  0.7659642151      0.9504421897E-03
  0.7796421475      0.9544164391E-03
  0.7933200799      0.9575402900E-03
  0.8069980123      0.9597895680E-03
  0.8206759447      0.9611464332E-03
  0.8343538771      0.9615999498E-03
  0.8482356956      0.9614115758E-03
  0.8621175141      0.9608468677E-03
  0.8759993325      0.9599070634E-03
  0.8898811510      0.9585942147E-03
  0.9037629694      0.9569111713E-03
  0.9176447879      0.9548615566E-03
  0.9315266063      0.9524497389E-03
  0.9454084248      0.9496807953E-03
  0.9592902433      0.9465604700E-03
  0.9731720617      0.9430951269E-03
  0.9870538802      0.9392916969E-03
   1.000935699      0.9351576200E-03
   1.014817517      0.9307007829E-03
   1.028699336      0.9259294529E-03
   1.042581154      0.9208522072E-03
   1.056462972      0.9154778605E-03
   1.070344791      0.9098153889E-03
   1.084226609      0.9038738527E-03
   1.098108428      0.8976623175E-03
   1.111990246      0.8911897759E-03
   1.125872065      0.8844650681E-03
   1.139753883      0.8774968047E-03
   1.153635702      0.8702932908E-03
   1.167517520      0.8628624532E-03
   1.181399339      0.8552117702E-03
   1.195281157      0.8473482071E-03
   1.209162975      0.8392781548E-03
   1.223044794      0.8310073760E-03
   1.236926612      0.8225409566E-03
   1.250808431      0.8138832647E-03
   1.264690249      0.8050379169E-03
   1.278572068      0.7960077531E-03
   1.292453886      0.7867948194E-03
   1.306335705      0.7774003600E-03
   1.320217523      0.7678248184E-03
   1.334099342      0.7580678468E-03
   1.347981160      0.7481283257E-03
   1.361862979      0.7380043913E-03
   1.375744797      0.7276934723E-03
   1.389626615      0.7171923348E-03
   1.403508434      0.7064971342E-03
   1.417390252      0.6956034758E-03
   1.431272071      0.6845064801E-03
   1.445153889      0.6732008556E-03
   1.459035708      0.6616809752E-03
   1.472917526      0.6499409573E-03
   1.486799345      0.6379747502E-03
   1.500681163      0.6257762183E-03
   1.514562982      0.6133392302E-03
   1.528444800      0.6006577464E-03
   1.542326618      0.5877259078E-03
   1.556208437      0.5745381216E-03
   1.570090255      0.5610891456E-03
   1.583972074      0.5473741695E-03
   1.597853892      0.5333888929E-03
   1.611735711      0.5191295982E-03
   1.625617529      0.5045932193E-03
   1.639499348      0.4897774045E-03
   1.653381166      0.4746805742E-03
   1.667262985      0.4593019715E-03
   1.681144803      0.4436417072E-03
   1.695026621      0.4277007973E-03
   1.708908440      0.4114811945E-03
   1.722790258      0.3949858121E-03
   1.736672077      0.3782185410E-03
   1.750553895      0.3611842602E-03
   1.764435714      0.3438888399E-03
   1.778317532      0.3263391384E-03
   1.792199351      0.3085429913E-03
   1.806081169      0.2905091961E-03
   1.819962988      0.2722474884E-03
   1.833844806      0.2537685144E-03
   1.847726625      0.2350837960E-03
   1.861608443      0.2162056916E-03
   1.875490261      0.1971473513E-03
   1.889372080      0.1779226682E-03
   1.903253898      0.1585462241E-03
   1.917135717      0.1390332328E-03
   1.931017535      0.1193994785E-03
   1.944899354      0.9966125166E-04
   1.958781172      0.7983528210E-04
   1.972662991      0.5993866932E-04
   1.986544809      0.3998881104E-04
   2.000426628      0.2000333008E-04
   2.014308446      0.4402694015E-10
   2.027941873      0.2061756104E-04
   2.041575301      0.4120700091E-04
   2.055208728      0.6174029416E-04
   2.068842156      0.8218960631E-04
   2.082475583      0.1025273881E-03
   2.096109011      0.1227264680E-03
   2.109742438      0.1427601436E-03
   2.123375865      0.1626022693E-03
   2.137009293      0.1822273421E-03
   2.150642720      0.2016105834E-03
   2.164276148      0.2207280175E-03
   2.177909575      0.2395565451E-03
   2.191543002      0.2580740129E-03
   2.205176430      0.2762592773E-03
   2.218809857      0.2940922630E-03
   2.232443285      0.3115540158E-03
   2.246076712      0.3286267488E-03
   2.259710140      0.3452938820E-03
   2.273343567      0.3615400757E-03
   2.286976994      0.3773512556E-03
   2.300610422      0.3927146316E-03
   2.314243849      0.4076187084E-03
   2.327877277      0.4220532884E-03
   2.341510704      0.4360094670E-03
   2.355144132      0.4494796195E-03
   2.368777559      0.4624573807E-03
   2.382410986      0.4749376160E-03
   2.396044414      0.4869163848E-03
   2.409677841      0.4983908967E-03
   2.423311269      0.5093594594E-03
   2.436944696      0.5198214207E-03
   2.450578123      0.5297771023E-03
   2.464211551      0.5392277283E-03
   2.477844978      0.5481753477E-03
   2.491478406      0.5566227512E-03
   2.505111833      0.5645733839E-03
   2.518745261      0.5720312541E-03
   2.532378688      0.5790008388E-03
   2.546012115      0.5854869873E-03
   2.559645543      0.5914948232E-03
   2.573278970      0.5970296466E-03
   2.586912398      0.6020968364E-03
   2.600545825      0.6067017546E-03
   2.614179253      0.6108496536E-03
   2.627812680      0.6145455868E-03
   2.641446107      0.6177943243E-03
   2.655079535      0.6206002745E-03
   2.668712962      0.6229674121E-03
   2.682346390      0.6248992140E-03
   2.695979817      0.6263986039E-03
   2.709613245      0.6274679049E-03
   2.723246672      0.6281088034E-03
   2.736880099      0.6283223221E-03
     
   0.000000000      0.4402694015E-10
  0.1367793241E-01  0.1566627696E-04
  0.2735586482E-01  0.3147846299E-04
  0.4103379724E-01  0.4757618889E-04
  0.5471172965E-01  0.6408704038E-04
  0.6838966206E-01  0.8112172859E-04
  0.8206759447E-01  0.9877047747E-04
  0.9574552688E-01  0.1171007388E-03
  0.1094234593      0.1361561925E-03
  0.1231013917      0.1559568787E-03
  0.1367793241      0.1765002460E-03
  0.1504572565      0.1977628824E-03
  0.1641351889      0.2197027144E-03
  0.1778131214      0.2422614883E-03
  0.1914910538      0.2653673911E-03
  0.2051689862      0.2889377036E-03
  0.2188469186      0.3128814104E-03
  0.2325248510      0.3371017154E-03
  0.2462027834      0.3614984288E-03
  0.2598807158      0.3859702028E-03
  0.2735586482      0.4104165996E-03
  0.2872365807      0.4347399791E-03
  0.3009145131      0.4588471971E-03
  0.3145924455      0.4826511029E-03
  0.3282703779      0.5060718273E-03
  0.3419483103      0.5290378515E-03
  0.3556262427      0.5514868468E-03
  0.3693041751      0.5733662785E-03
  0.3829821075      0.5946337646E-03
  0.3966600400      0.6152571870E-03
  0.4103379724      0.6352145515E-03
  0.4240159048      0.6544936017E-03
  0.4376938372      0.6730911911E-03
  0.4513717696      0.6910124297E-03
  0.4650497020      0.7082696224E-03
  0.4787276344      0.7248810282E-03
  0.4924055668      0.7408694718E-03
  0.5060834992      0.7562608492E-03
  0.5197614317      0.7710825741E-03
  0.5334393641      0.7853620151E-03
  0.5471172965      0.7991249782E-03
  0.5607952289      0.8123942884E-03
  0.5744731613      0.8251885233E-03
  0.5881510937      0.8375209450E-03
  0.6018290261      0.8493986707E-03
  0.6155069585      0.8608221119E-03
  0.6291848910      0.8717847016E-03
  0.6428628234      0.8822729139E-03
  0.6565407558      0.8922665726E-03
  0.6702186882      0.9017394274E-03
  0.6838966206      0.9106599711E-03
  0.6975745530      0.9189924591E-03
  0.7112524854      0.9266980873E-03
  0.7249304178      0.9337362788E-03
  0.7386083503      0.9400660319E-03
  0.7522862827      0.9456472757E-03
  0.7659642151      0.9504421897E-03
  0.7796421475      0.9544164391E-03
  0.7933200799      0.9575402900E-03
  0.8069980123      0.9597895680E-03
  0.8206759447      0.9611464332E-03
  0.8343538771      0.9615999498E-03
  0.8482356956      0.9624885568E-03
  0.8621175141      0.9651434466E-03
  0.8759993325      0.9695321631E-03
  0.8898811510      0.9756017153E-03
  0.9037629694      0.9832801436E-03
  0.9176447879      0.9924785522E-03
  0.9315266063      0.1003093473E-02
  0.9454084248      0.1015009415E-02
  0.9592902433      0.1028101468E-02
  0.9731720617      0.1042237833E-02
  0.9870538802      0.1057282193E-02
   1.000935699      0.1073095858E-02
   1.014817517      0.1089539638E-02
   1.028699336      0.1106475436E-02
   1.042581154      0.1123767559E-02
   1.056462972      0.1141283768E-02
   1.070344791      0.1158896087E-02
   1.084226609      0.1176481408E-02
   1.098108428      0.1193921917E-02
   1.111990246      0.1211105371E-02
   1.125872065      0.1227925263E-02
   1.139753883      0.1244280888E-02
   1.153635702      0.1260077345E-02
   1.167517520      0.1275225471E-02
   1.181399339      0.1289641753E-02
   1.195281157      0.1303248200E-02
   1.209162975      0.1293180894E-02
   1.223044794      0.1275841441E-02
   1.236926612      0.1258203210E-02
   1.250808431      0.1240288991E-02
   1.264690249      0.1222120459E-02
   1.278572068      0.1203718055E-02
   1.292453886      0.1185100882E-02
   1.306335705      0.1166286613E-02
   1.320217523      0.1147291400E-02
   1.334099342      0.1128129816E-02
   1.347981160      0.1108814794E-02
   1.361862979      0.1089357588E-02
   1.375744797      0.1069767754E-02
   1.389626615      0.1050053143E-02
   1.403508434      0.1030219910E-02
   1.417390252      0.1010272545E-02
   1.431272071      0.9902139115E-03
   1.445153889      0.9700453154E-03
   1.459035708      0.9497665754E-03
   1.472917526      0.9293761169E-03
   1.486799345      0.9088710772E-03
   1.500681163      0.8882474232E-03
   1.514562982      0.8675000806E-03
   1.528444800      0.8466230727E-03
   1.542326618      0.8256096665E-03
   1.556208437      0.8044525258E-03
   1.570090255      0.7831438675E-03
   1.583972074      0.7616756205E-03
   1.597853892      0.7400395856E-03
   1.611735711      0.7182275924E-03
   1.625617529      0.6962316548E-03
   1.639499348      0.6740441197E-03
   1.653381166      0.6516578104E-03
   1.667262985      0.6290661616E-03
   1.681144803      0.6062633444E-03
   1.695026621      0.5832443823E-03
   1.708908440      0.5600052541E-03
   1.722790258      0.5365429862E-03
   1.736672077      0.5128557309E-03
   1.750553895      0.4889428320E-03
   1.764435714      0.4648048770E-03
   1.778317532      0.4404437352E-03
   1.792199351      0.4158625825E-03
   1.806081169      0.3910659127E-03
   1.819962988      0.3660595352E-03
   1.833844806      0.3408505607E-03
   1.847726625      0.3154473737E-03
   1.861608443      0.2898595934E-03
   1.875490261      0.2640980238E-03
   1.889372080      0.2381745930E-03
   1.903253898      0.2121022826E-03
   1.917135717      0.1858950489E-03
   1.931017535      0.1595677347E-03
   1.944899354      0.1331359751E-03
   1.958781172      0.1066160964E-03
   1.972662991      0.8002500880E-04
   1.986544809      0.5338009589E-04
   2.000426628      0.2669909907E-04
   2.014308446      0.4402694015E-10
   2.027941873      0.2061756104E-04
   2.041575301      0.4120700091E-04
   2.055208728      0.6174029416E-04
   2.068842156      0.8218960631E-04
   2.082475583      0.1025273881E-03
   2.096109011      0.1227264680E-03
   2.109742438      0.1427601436E-03
   2.123375865      0.1626022693E-03
   2.137009293      0.1822273421E-03
   2.150642720      0.2016105834E-03
   2.164276148      0.2207280175E-03
   2.177909575      0.2395565451E-03
   2.191543002      0.2580740129E-03
   2.205176430      0.2762592773E-03
   2.218809857      0.2940922630E-03
   2.232443285      0.3115540158E-03
   2.246076712      0.3286267488E-03
   2.259710140      0.3452938820E-03
   2.273343567      0.3615400757E-03
   2.286976994      0.3773512556E-03
   2.300610422      0.3927146316E-03
   2.314243849      0.4076187084E-03
   2.327877277      0.4220532884E-03
   2.341510704      0.4360094670E-03
   2.355144132      0.4494796195E-03
   2.368777559      0.4624573807E-03
   2.382410986      0.4749376160E-03
   2.396044414      0.4869163848E-03
   2.409677841      0.4983908967E-03
   2.423311269      0.5093594594E-03
   2.436944696      0.5198214207E-03
   2.450578123      0.5297771023E-03
   2.464211551      0.5392277283E-03
   2.477844978      0.5481753477E-03
   2.491478406      0.5566227512E-03
   2.505111833      0.5645733839E-03
   2.518745261      0.5720312541E-03
   2.532378688      0.5790008388E-03
   2.546012115      0.5854869873E-03
   2.559645543      0.5914948232E-03
   2.573278970      0.5970296466E-03
   2.586912398      0.6020968364E-03
   2.600545825      0.6067017546E-03
   2.614179253      0.6108496536E-03
   2.627812680      0.6145455868E-03
   2.641446107      0.6177943243E-03
   2.655079535      0.6206002745E-03
   2.668712962      0.6229674121E-03
   2.682346390      0.6248992140E-03
   2.695979817      0.6263986039E-03
   2.709613245      0.6274679049E-03
   2.723246672      0.6281088034E-03
   2.736880099      0.6283223221E-03
     
   0.000000000      0.4402694015E-10
  0.1367793241E-01  0.3588508390E-04
  0.2735586482E-01  0.7185103943E-04
  0.4103379724E-01  0.1079747715E-03
  0.5471172965E-01  0.1443254421E-03
  0.6838966206E-01  0.1809610618E-03
  0.8206759447E-01  0.2179255953E-03
  0.9574552688E-01  0.2552466952E-03
  0.1094234593      0.2929341326E-03
  0.1231013917      0.3309789535E-03
  0.1367793241      0.3693533525E-03
  0.1504572565      0.4080112211E-03
  0.1641351889      0.4468893070E-03
  0.1778131214      0.4859089015E-03
  0.1914910538      0.5249779656E-03
  0.2051689862      0.5639936001E-03
  0.2188469186      0.6028447667E-03
  0.2325248510      0.6414151719E-03
  0.2462027834      0.6795862299E-03
  0.2598807158      0.7172400275E-03
  0.2735586482      0.7542622197E-03
  0.2872365807      0.7905447919E-03
  0.3009145131      0.8259886270E-03
  0.3145924455      0.8605058239E-03
  0.3282703779      0.8940217140E-03
  0.3419483103      0.9264765294E-03
  0.3556262427      0.9578266786E-03
  0.3693041751      0.9880455921E-03
  0.3829821075      0.1017124102E-02
  0.3966600400      0.1045070334E-02
  0.4103379724      0.1071909086E-02
  0.4240159048      0.1097680703E-02
  0.4376938372      0.1122439437E-02
  0.4513717696      0.1146251334E-02
  0.4650497020      0.1169191678E-02
  0.4787276344      0.1191342060E-02
  0.4924055668      0.1212787165E-02
  0.5060834992      0.1233611353E-02
  0.5197614317      0.1253895195E-02
  0.5334393641      0.1273712048E-02
  0.5471172965      0.1293124857E-02
  0.5607952289      0.1312183274E-02
  0.5744731613      0.1330921257E-02
  0.5881510937      0.1349355236E-02
  0.6018290261      0.1367482936E-02
  0.6155069585      0.1385282899E-02
  0.6291848910      0.1402714731E-02
  0.6428628234      0.1419720053E-02
  0.6565407558      0.1436224097E-02
  0.6702186882      0.1452137875E-02
  0.6838966206      0.1467360827E-02
  0.6975745530      0.1481783821E-02
  0.7112524854      0.1495292405E-02
  0.7249304178      0.1507770171E-02
  0.7386083503      0.1519102139E-02
  0.7522862827      0.1529178033E-02
  0.7659642151      0.1537895384E-02
  0.7796421475      0.1545162352E-02
  0.7933200799      0.1550900223E-02
  0.8069980123      0.1555045517E-02
  0.8206759447      0.1557551666E-02
  0.8343538771      0.1558390236E-02
  0.8482356956      0.1557974166E-02
  0.8621175141      0.1556726932E-02
  0.8759993325      0.1554651464E-02
  0.8898811510      0.1551752623E-02
  0.9037629694      0.1548037185E-02
  0.9176447879      0.1543513798E-02
  0.9315266063      0.1538192941E-02
  0.9454084248      0.1532086870E-02
  0.9592902433      0.1525209555E-02
  0.9731720617      0.1517576602E-02
  0.9870538802      0.1509205177E-02
   1.000935699      0.1500113912E-02
   1.014817517      0.1490322807E-02
   1.028699336      0.1479853121E-02
   1.042581154      0.1468727260E-02
   1.056462972      0.1456968657E-02
   1.070344791      0.1444601637E-02
   1.084226609      0.1431651291E-02
   1.098108428      0.1418143333E-02
   1.111990246      0.1404103958E-02
   1.125872065      0.1389559692E-02
   1.139753883      0.1374537247E-02
   1.153635702      0.1359063364E-02
   1.167517520      0.1343164666E-02
   1.181399339      0.1326867501E-02
   1.195281157      0.1310197793E-02
   1.209162975      0.1315972201E-02
   1.223044794      0.1327746371E-02
   1.236926612      0.1338508395E-02
   1.250808431      0.1348200865E-02
   1.264690249      0.1356771117E-02
   1.278572068      0.1364171080E-02
   1.292453886      0.1370357116E-02
   1.306335705      0.1375289876E-02
   1.320217523      0.1378934154E-02
   1.334099342      0.1381258749E-02
   1.347981160      0.1382236335E-02
   1.361862979      0.1381843326E-02
   1.375744797      0.1380059759E-02
   1.389626615      0.1376869169E-02
   1.403508434      0.1372258475E-02
   1.417390252      0.1366217867E-02
   1.431272071      0.1358740696E-02
   1.445153889      0.1349823370E-02
   1.459035708      0.1339465242E-02
   1.472917526      0.1327668515E-02
   1.486799345      0.1314438139E-02
   1.500681163      0.1299781711E-02
   1.514562982      0.1283709377E-02
   1.528444800      0.1266233742E-02
   1.542326618      0.1247369768E-02
   1.556208437      0.1227134686E-02
   1.570090255      0.1205547903E-02
   1.583972074      0.1182630912E-02
   1.597853892      0.1158407203E-02
   1.611735711      0.1132902175E-02
   1.625617529      0.1106143047E-02
   1.639499348      0.1078158780E-02
   1.653381166      0.1048979987E-02
   1.667262985      0.1018638853E-02
   1.681144803      0.9871690575E-03
   1.695026621      0.9546056909E-03
   1.708908440      0.9209851817E-03
   1.722790258      0.8863452195E-03
   1.736672077      0.8507246818E-03
   1.750553895      0.8141635629E-03
   1.764435714      0.7767029041E-03
   1.778317532      0.7383847257E-03
   1.792199351      0.6992519616E-03
   1.806081169      0.6593483956E-03
   1.819962988      0.6187185990E-03
   1.833844806      0.5774078710E-03
   1.847726625      0.5354621801E-03
   1.861608443      0.4929281082E-03
   1.875490261      0.4498527957E-03
   1.889372080      0.4062838884E-03
   1.903253898      0.3622694866E-03
   1.917135717      0.3178580946E-03
   1.931017535      0.2730985726E-03
   1.944899354      0.2280400893E-03
   1.958781172      0.1827320755E-03
   1.972662991      0.1372241790E-03
   1.986544809      0.9156622044E-04
   2.000426628      0.4580814909E-04
   2.014308446      0.4402694015E-10
   2.027941873      0.4246119073E-04
   2.041575301      0.8489930112E-04
   2.055208728      0.1272911509E-03
   2.068842156      0.1696133612E-03
   2.082475583      0.2118422583E-03
   2.096109011      0.2539537810E-03
   2.109742438      0.2959233926E-03
   2.123375865      0.3377259992E-03
   2.137009293      0.3793358745E-03
   2.150642720      0.4207265919E-03
   2.164276148      0.4618709665E-03
   2.177909575      0.5027410052E-03
   2.191543002      0.5433078677E-03
   2.205176430      0.5835418372E-03
   2.218809857      0.6234123026E-03
   2.232443285      0.6628877519E-03
   2.246076712      0.7019357768E-03
   2.259710140      0.7405230886E-03
   2.273343567      0.7786155458E-03
   2.286976994      0.8161781926E-03
   2.300610422      0.8531753090E-03
   2.314243849      0.8895704704E-03
   2.327877277      0.9253266188E-03
   2.341510704      0.9604061419E-03
   2.355144132      0.9947709629E-03
   2.368777559      0.1028382638E-02
   2.382410986      0.1061202459E-02
   2.396044414      0.1093191571E-02
   2.409677841      0.1124311082E-02
   2.423311269      0.1154522194E-02
   2.436944696      0.1183786324E-02
   2.450578123      0.1212065239E-02
   2.464211551      0.1239321187E-02
   2.477844978      0.1265517031E-02
   2.491478406      0.1290616388E-02
   2.505111833      0.1314583762E-02
   2.518745261      0.1337384677E-02
   2.532378688      0.1358985811E-02
   2.546012115      0.1379355127E-02
   2.559645543      0.1398461995E-02
   2.573278970      0.1416277319E-02
   2.586912398      0.1432773648E-02
   2.600545825      0.1447925290E-02
   2.614179253      0.1461708417E-02
   2.627812680      0.1474101163E-02
   2.641446107      0.1485083709E-02
   2.655079535      0.1494638371E-02
   2.668712962      0.1502749670E-02
   2.682346390      0.1509404398E-02
   2.695979817      0.1514591671E-02
   2.709613245      0.1518302977E-02
   2.723246672      0.1520532211E-02
   2.736880099      0.1521275697E-02
     
