 -0.1716855986E-03   0.000000000    
 -0.1679085154E-03   0.000000000    
 -0.1641314322E-03   0.000000000    
 -0.1603543491E-03   0.000000000    
 -0.1565772659E-03   0.000000000    
 -0.1528001827E-03   0.000000000    
 -0.1490230996E-03   0.000000000    
 -0.1452460164E-03   0.000000000    
 -0.1414689332E-03   0.000000000    
 -0.1376918500E-03   0.000000000    
 -0.1339147669E-03   0.000000000    
 -0.1301376837E-03   0.000000000    
 -0.1263606005E-03   0.000000000    
 -0.1225835174E-03   0.000000000    
 -0.1188064342E-03   0.000000000    
 -0.1150293510E-03   0.000000000    
 -0.1112522679E-03   0.000000000    
 -0.1074751847E-03   0.000000000    
 -0.1036981015E-03   0.000000000    
 -0.9992101836E-04   0.000000000    
 -0.9614393519E-04   0.000000000    
 -0.9236685203E-04   0.000000000    
 -0.8858976886E-04   0.000000000    
 -0.8481268569E-04   0.000000000    
 -0.8103560252E-04   0.000000000    
 -0.7725851935E-04   0.000000000    
 -0.7348143618E-04   0.000000000    
 -0.6970435302E-04   0.000000000    
 -0.6592726985E-04   0.000000000    
 -0.6215018668E-04   0.000000000    
 -0.5837310351E-04   0.000000000    
 -0.5459602034E-04   0.000000000    
 -0.5081893717E-04   0.000000000    
 -0.4704185401E-04   0.000000000    
 -0.4326477084E-04   0.000000000    
 -0.3948768767E-04   0.000000000    
 -0.3571060450E-04   0.000000000    
 -0.3193352133E-04   0.000000000    
 -0.2815643816E-04   0.000000000    
 -0.2437935500E-04   0.000000000    
 -0.2060227183E-04   0.000000000    
 -0.1682518866E-04   0.000000000    
 -0.1304810549E-04   0.000000000    
 -0.9271022322E-05   0.000000000    
 -0.5493939154E-05   0.000000000    
 -0.1716855986E-05  0.7942636861    
  0.2060227183E-05   0.000000000    
  0.5837310351E-05   0.000000000    
  0.9614393519E-05   0.000000000    
  0.1339147669E-04   1.059018248    
  0.1716855986E-04   0.000000000    
  0.2094564302E-04   0.000000000    
  0.2472272619E-04   5.824600365    
  0.2849980936E-04   0.000000000    
  0.3227689253E-04   4.765582117    
  0.3605397570E-04   0.000000000    
  0.3983105887E-04   7.413127737    
  0.4360814203E-04   3.706563868    
  0.4738522520E-04   6.354109489    
  0.5116230837E-04   14.29674635    
  0.5493939154E-04   9.001655109    
  0.5871647471E-04   6.354109489    
  0.6249355788E-04   6.354109489    
  0.6627064104E-04   19.06232847    
  0.7004772421E-04   6.354109489    
  0.7382480738E-04   18.53281934    
  0.7760189055E-04   28.59349270    
  0.8137897372E-04   15.88527372    
  0.8515605689E-04   18.00331022    
  0.8893314005E-04   17.47380109    
  0.9271022322E-04   16.94429197    
  0.9648730639E-04   33.35907482    
  0.1002643896E-03   31.77054744    
  0.1040414727E-03   31.77054744    
  0.1078185559E-03   25.41643796    
  0.1115956391E-03   25.41643796    
  0.1153727222E-03   45.53778467    
  0.1191498054E-03   41.30171168    
  0.1229268886E-03   31.77054744    
  0.1267039717E-03   51.36238503    
  0.1304810549E-03   47.65582117    
  0.1342581381E-03   37.59514781    
  0.1380352212E-03   46.06729379    
  0.1418123044E-03   58.77551277    
  0.1455893876E-03   38.12465693    
  0.1493664707E-03   82.60342335    
  0.1531435539E-03   55.59845803    
  0.1569206371E-03   75.71980474    
  0.1606977203E-03   61.95256752    
  0.1644748034E-03   57.18698540    
  0.1682518866E-03   76.24931387    
  0.1720289698E-03   84.72145985    
  0.1758060529E-03   85.78047810    
  0.1795831361E-03   86.83949635    
  0.1833602193E-03   92.13458759    
  0.1871373024E-03   76.24931387    
  0.1909143856E-03   100.0772244    
  0.1946914688E-03   88.95753284    
  0.1984685519E-03   139.7904088    
  0.2022456351E-03   88.42802372    
  0.2060227183E-03   114.3739708    
  0.2097998014E-03   117.5510255    
  0.2135768846E-03   102.1952609    
  0.2173539678E-03   119.1395529    
  0.2211310509E-03   176.3265383    
  0.2249081341E-03   125.4936624    
  0.2286852173E-03   126.5526807    
  0.2324623005E-03   154.0871551    
  0.2362393836E-03   139.7904088    
  0.2400164668E-03   135.0248266    
  0.2437935500E-03   179.5035931    
  0.2475706331E-03   184.2691752    
  0.2513477163E-03   169.4429197    
  0.2551247995E-03   179.5035931    
  0.2589018826E-03   159.3822463    
  0.2626789658E-03   190.6232847    
  0.2664560490E-03   184.2691752    
  0.2702331321E-03   231.9249963    
  0.2740102153E-03   204.3905219    
  0.2777872985E-03   227.1594142    
  0.2815643816E-03   203.3315036    
  0.2853414648E-03   216.0397226    
  0.2891185480E-03   246.2217427    
  0.2928956311E-03   258.9299617    
  0.2966727143E-03   236.1610693    
  0.3004497975E-03   295.4660912    
  0.3042268806E-03   205.4495401    
  0.3080039638E-03   277.9922901    
  0.3117810470E-03   295.4660912    
  0.3155581302E-03   287.5234544    
  0.3193352133E-03   302.8792190    
  0.3231122965E-03   343.1219124    
  0.3268893797E-03   246.2217427    
  0.3306664628E-03   344.7104398    
  0.3344435460E-03   336.7678029    
  0.3382206292E-03   339.9448577    
  0.3419977123E-03   387.0711697    
  0.3457747955E-03   309.7628376    
  0.3495518787E-03   381.7760785    
  0.3533289618E-03   390.7777336    
  0.3571060450E-03   371.7154051    
  0.3608831282E-03   396.6023339    
  0.3646602113E-03   446.3761916    
  0.3684372945E-03   395.5433157    
  0.3722143777E-03   432.0794452    
  0.3759914608E-03   457.4958832    
  0.3797685440E-03   433.6679726    
  0.3835456272E-03   445.8466825    
  0.3873227104E-03   479.7352664    
  0.3910997935E-03   487.6779033    
  0.3948768767E-03   524.7435420    
  0.3986539599E-03   524.2140328    
  0.4024310430E-03   484.5008485    
  0.4062081262E-03   533.7451971    
  0.4099852094E-03   580.8715091    
  0.4137622925E-03   560.7501624    
  0.4175393757E-03   554.3960529    
  0.4213164589E-03   600.4633467    
  0.4250935420E-03   559.1616350    
  0.4288706252E-03   616.3486204    
  0.4326477084E-03   669.8290419    
  0.4364247915E-03   650.2372044    
  0.4402018747E-03   646.5306405    
  0.4439789579E-03   692.5979343    
  0.4477560410E-03   700.5405711    
  0.4515331242E-03   616.3486204    
  0.4553102074E-03   765.1406843    
  0.4590872906E-03   749.7849197    
  0.4628643737E-03   778.3784124    
  0.4666414569E-03   764.0816660    
  0.4704185401E-03   711.6602628    
  0.4741956232E-03   845.0965620    
  0.4779727064E-03   820.7391423    
  0.4817497896E-03   909.1671660    
  0.4855268727E-03   781.5554671    
  0.4893039559E-03   905.4606022    
  0.4930810391E-03   829.2112883    
  0.4968581222E-03   965.8246423    
  0.5006352054E-03   962.1180784    
  0.5044122886E-03   930.8770401    
  0.5081893717E-03   961.0590602    
  0.5119664549E-03   953.1164233    
  0.5157435381E-03   1030.954265    
  0.5195206212E-03   1078.610086    
  0.5232977044E-03   1035.190338    
  0.5270747876E-03   1125.206889    
  0.5308518707E-03   1078.610086    
  0.5346289539E-03   1119.911797    
  0.5384060371E-03   1210.457858    
  0.5421831203E-03   1174.980746    
  0.5459602034E-03   1118.323270    
  0.5497372866E-03   1299.415390    
  0.5535143698E-03   1234.285768    
  0.5572914529E-03   1347.071212    
  0.5610685361E-03   1267.644843    
  0.5648456193E-03   1343.364648    
  0.5686227024E-03   1338.069557    
  0.5723997856E-03   1458.268128    
  0.5761768688E-03   1497.981312    
  0.5799539519E-03   1445.030400    
  0.5837310351E-03   1550.402715    
  0.5875081183E-03   1455.091073    
  0.5912852014E-03   1578.996208    
  0.5950622846E-03   1705.548889    
  0.5988393678E-03   1752.145692    
  0.6026164509E-03   1701.312816    
  0.6063935341E-03   1779.150657    
  0.6101706173E-03   1709.255452    
  0.6139477005E-03   1903.055792    
  0.6177247836E-03   2014.252708    
  0.6215018668E-03   1902.526283    
  0.6252789500E-03   2182.636609    
  0.6290560331E-03   2235.587522    
  0.6328331163E-03   2391.792713    
  0.6366101995E-03   2634.837401    
  0.6403872826E-03   2688.847332    
  0.6441643658E-03   2807.986885    
  0.6479414490E-03   2963.662567    
  0.6517185321E-03   3196.117073    
  0.6554956153E-03   3323.199263    
  0.6592726985E-03   3370.855084    
  0.6630497816E-03   3413.745323    
  0.6668268648E-03   3499.525801    
  0.6706039480E-03   3453.458507    
  0.6743810311E-03   3447.104398    
  0.6781581143E-03   3337.496009    
  0.6819351975E-03   3556.712786    
  0.6857122806E-03   3443.927343    
  0.6894893638E-03   3408.979741    
  0.6932664470E-03   3596.955480    
  0.6970435302E-03   3447.104398    
  0.7008206133E-03   3655.201483    
  0.7045976965E-03   3467.755254    
  0.7083747797E-03   3544.004567    
  0.7121518628E-03   3671.086757    
  0.7159289460E-03   3548.770150    
  0.7197060292E-03   3609.134190    
  0.7234831123E-03   3656.790011    
  0.7272601955E-03   3647.258847    
  0.7310372787E-03   3737.804907    
  0.7348143618E-03   3685.913013    
  0.7385914450E-03   3693.326140    
  0.7423685282E-03   3772.752509    
  0.7461456113E-03   3715.565524    
  0.7499226945E-03   3715.565524    
  0.7536997777E-03   3874.418261    
  0.7574768608E-03   3752.101653    
  0.7612539440E-03   3817.231275    
  0.7650310272E-03   3834.705077    
  0.7688081104E-03   4022.151306    
  0.7725851935E-03   3874.947770    
  0.7763622767E-03   3930.016719    
  0.7801393599E-03   3793.403365    
  0.7839164430E-03   4023.739834    
  0.7876935262E-03   4057.098909    
  0.7914706094E-03   4023.739834    
  0.7952476925E-03   4099.989148    
  0.7990247757E-03   3976.084013    
  0.8028018589E-03   4003.088978    
  0.8065789420E-03   4196.889317    
  0.8103560252E-03   4228.659865    
  0.8141331084E-03   3995.675850    
  0.8179101915E-03   4211.186064    
  0.8216872747E-03   4058.687436    
  0.8254643579E-03   4146.056441    
  0.8292414410E-03   4153.999078    
  0.8330185242E-03   4022.151306    
  0.8367956074E-03   4198.477845    
  0.8405726906E-03   4014.208670    
  0.8443497737E-03   3937.959356    
  0.8481268569E-03   4311.263288    
  0.8519039401E-03   3876.536297    
  0.8556810232E-03   3922.074082    
  0.8594581064E-03   4214.363118    
  0.8632351896E-03   3931.605246    
  0.8670122727E-03   4206.420482    
  0.8707893559E-03   3944.313465    
  0.8745664391E-03   4004.677505    
  0.8783435222E-03   4038.036580    
  0.8821206054E-03   4171.472879    
  0.8858976886E-03   3909.365863    
  0.8896747717E-03   4111.638348    
  0.8934518549E-03   3969.729903    
  0.8972289381E-03   4125.405586    
  0.9010060212E-03   4098.400620    
  0.9047831044E-03   4117.462949    
  0.9085601876E-03   3930.016719    
  0.9123372707E-03   4122.228531    
  0.9161143539E-03   4069.807128    
  0.9198914371E-03   4235.013974    
  0.9236685203E-03   4111.108839    
  0.9274456034E-03   3970.259412    
  0.9312226866E-03   4290.612432    
  0.9349997698E-03   4269.961577    
  0.9387768529E-03   4072.984182    
  0.9425539361E-03   4320.794452    
  0.9463310193E-03   4219.128701    
  0.9501081024E-03   4489.178354    
  0.9538851856E-03   4454.230752    
  0.9576622688E-03   3883.949425    
  0.9614393519E-03   3893.480589    
  0.9652164351E-03   3500.055310    
  0.9689935183E-03   3534.473403    
  0.9727706014E-03   3453.458507    
  0.9765476846E-03   3266.012277    
  0.9803247678E-03   3293.017243    
  0.9841018509E-03   3056.326664    
  0.9878789341E-03   3208.825292    
  0.9916560173E-03   2818.047558    
  0.9954331005E-03   2941.952693    
  0.9992101836E-03   2695.730951    
  0.1002987267E-02   2580.297962    
  0.1006764350E-02   2457.451845    
  0.1010541433E-02   2289.067943    
  0.1014318516E-02   2317.661436    
  0.1018095599E-02   2422.504243    
  0.1021872683E-02   2201.698938    
  0.1025649766E-02   2438.389516    
  0.1029426849E-02   2282.713834    
  0.1033203932E-02   2282.713834    
  0.1036981015E-02   2371.671367    
  0.1040758098E-02   2362.669712    
  0.1044535182E-02   2338.312292    
  0.1048312265E-02   2320.838491    
  0.1052089348E-02   2325.604073    
  0.1055866431E-02   2327.192600    
  0.1059643514E-02   2311.307327    
  0.1063420597E-02   2389.145168    
  0.1067197681E-02   2362.140202    
  0.1070974764E-02   2209.641575    
  0.1074751847E-02   2412.973078    
  0.1078528930E-02   2289.597452    
  0.1082306013E-02   2324.015546    
  0.1086083096E-02   2352.609038    
  0.1089860180E-02   2330.369655    
  0.1093637263E-02   2223.938321    
  0.1097414346E-02   2324.015546    
  0.1101191429E-02   2292.244998    
  0.1104968512E-02   2244.589177    
  0.1108745596E-02   2344.666401    
  0.1112522679E-02   2284.831870    
  0.1116299762E-02   2166.751336    
  0.1120076845E-02   2241.412122    
  0.1123853928E-02   2281.125306    
  0.1127631011E-02   2297.010580    
  0.1131408095E-02   2061.908529    
  0.1135185178E-02   2270.005615    
  0.1138962261E-02   2220.761266    
  0.1142739344E-02   2193.756301    
  0.1146516427E-02   2156.161153    
  0.1150293510E-02   2157.220171    
  0.1154070594E-02   2203.287465    
  0.1157847677E-02   2050.788838    
  0.1161624760E-02   2111.152878    
  0.1165401843E-02   2122.272569    
  0.1169178926E-02   2176.282500    
  0.1172956009E-02   1883.993463    
  0.1176733093E-02   2127.038151    
  0.1180510176E-02   2025.901909    
  0.1184287259E-02   1920.529593    
  0.1188064342E-02   2061.908529    
  0.1191841425E-02   1965.008359    
  0.1195618508E-02   1957.065723    
  0.1199395592E-02   1817.275314    
  0.1203172675E-02   1895.113155    
  0.1206949758E-02   1961.831305    
  0.1210726841E-02   1573.171608    
  0.1214503924E-02   1960.242777    
  0.1218281007E-02   1640.948775    
  0.1222058091E-02   1780.739184    
  0.1225835174E-02   1606.001173    
  0.1229612257E-02   1474.153401    
  0.1233389340E-02   1626.652029    
  0.1237166423E-02   1385.195869    
  0.1240943506E-02   1446.089418    
  0.1244720590E-02   1280.353062    
  0.1248497673E-02   1272.410425    
  0.1252274756E-02   1450.325491    
  0.1256051839E-02   1221.577549    
  0.1259828922E-02   1612.355283    
  0.1263606005E-02   1359.779431    
  0.1267383089E-02   1699.724288    
  0.1271160172E-02   1587.468354    
  0.1274937255E-02   1785.504766    
  0.1278714338E-02   1963.419832    
  0.1282491421E-02   1979.305106    
  0.1286268504E-02   2276.359724    
  0.1290045588E-02   2352.609038    
  0.1293822671E-02   2647.016111    
  0.1297599754E-02   2587.711089    
  0.1301376837E-02   3022.967589    
  0.1305153920E-02   3092.862794    
  0.1308931003E-02   3359.735392    
  0.1312708087E-02   3734.627852    
  0.1316485170E-02   4312.851816    
  0.1320262253E-02   4583.430978    
  0.1324039336E-02   4670.270474    
  0.1327816419E-02   4727.457460    
  0.1331593502E-02   4862.482286    
  0.1335370586E-02   4922.846326    
  0.1339147669E-02   5018.157969    
  0.1342924752E-02   5010.744841    
  0.1346701835E-02   5180.187761    
  0.1350478918E-02   5180.187761    
  0.1354256001E-02   5289.796149    
  0.1358033085E-02   5150.005741    
  0.1361810168E-02   5220.430454    
  0.1365587251E-02   5227.843582    
  0.1369364334E-02   4818.003520    
  0.1373141417E-02   4892.664306    
  0.1376918500E-02   4385.924075    
  0.1380695584E-02   4405.515912    
  0.1384472667E-02   4146.056441    
  0.1388249750E-02   4150.822024    
  0.1392026833E-02   3650.435901    
  0.1395803916E-02   3458.224089    
  0.1399580999E-02   3399.978086    
  0.1403358083E-02   3005.493788    
  0.1407135166E-02   3108.748067    
  0.1410912249E-02   2872.057489    
  0.1414689332E-02   2775.157319    
  0.1418466415E-02   2702.614569    
  0.1422243498E-02   2597.242254    
  0.1426020582E-02   2460.628900    
  0.1429797665E-02   2368.494312    
  0.1433574748E-02   2356.315602    
  0.1437351831E-02   2270.005615    
  0.1441128914E-02   2080.970858    
  0.1444905997E-02   2104.798768    
  0.1448683081E-02   2027.490436    
  0.1452460164E-02   1912.586956    
  0.1456237247E-02   1885.581991    
  0.1460014330E-02   1774.914584    
  0.1463791413E-02   1672.719323    
  0.1467568496E-02   1721.963671    
  0.1471345580E-02   1518.632168    
  0.1475122663E-02   1555.697807    
  0.1478899746E-02   1385.195869    
  0.1482676829E-02   1399.492615    
  0.1486453912E-02   1241.169387    
  0.1490230996E-02   1186.629947    
  0.1494008079E-02   1126.795416    
  0.1497785162E-02   1050.016593    
  0.1501562245E-02   908.6376569    
  0.1505339328E-02   839.2719617    
  0.1509116411E-02   789.4981040    
  0.1512893495E-02   613.7010748    
  0.1516670578E-02   529.5091241    
  0.1520447661E-02   336.7678029    
  0.1524224744E-02   228.7479416    
  0.1528001827E-02   260.5184890    
  0.1531778910E-02   184.2691752    
  0.1535555994E-02   211.2741405    
  0.1539333077E-02   152.4986277    
  0.1543110160E-02   160.4412646    
  0.1546887243E-02   127.0821898    
  0.1550664326E-02   120.7280803    
  0.1554441409E-02   92.13458759    
  0.1558218493E-02   54.00993066    
  0.1561995576E-02   5.559845803    
  0.1565772659E-02   0.000000000    
  0.1569549742E-02   0.000000000    
  0.1573326825E-02   0.000000000    
  0.1577103908E-02   0.000000000    
  0.1580880992E-02   0.000000000    
  0.1584658075E-02   0.000000000    
  0.1588435158E-02   0.000000000    
  0.1592212241E-02   0.000000000    
  0.1595989324E-02   0.000000000    
  0.1599766407E-02   0.000000000    
  0.1603543491E-02   0.000000000    
  0.1607320574E-02   0.000000000    
  0.1611097657E-02   0.000000000    
  0.1614874740E-02   0.000000000    
  0.1618651823E-02   0.000000000    
  0.1622428906E-02   0.000000000    
  0.1626205990E-02   0.000000000    
  0.1629983073E-02   0.000000000    
  0.1633760156E-02   0.000000000    
  0.1637537239E-02   0.000000000    
  0.1641314322E-02   0.000000000    
  0.1645091405E-02   0.000000000    
  0.1648868489E-02   0.000000000    
  0.1652645572E-02   0.000000000    
  0.1656422655E-02   0.000000000    
  0.1660199738E-02   0.000000000    
  0.1663976821E-02   0.000000000    
  0.1667753904E-02   0.000000000    
  0.1671530988E-02   0.000000000    
  0.1675308071E-02   0.000000000    
  0.1679085154E-02   0.000000000    
  0.1682862237E-02   0.000000000    
  0.1686639320E-02   0.000000000    
  0.1690416403E-02   0.000000000    
  0.1694193487E-02   0.000000000    
  0.1697970570E-02   0.000000000    
  0.1701747653E-02   0.000000000    
  0.1705524736E-02   0.000000000    
  0.1709301819E-02   0.000000000    
  0.1713078902E-02   0.000000000    
