   0.000000000      0.1752569920E-07
  0.1367793241E-01  0.1822526003E-07
  0.2735586482E-01  0.2039251038E-07
  0.4103379724E-01  0.2422620478E-07
  0.5471172965E-01  0.3003513652E-07
  0.6838966206E-01  0.3820681236E-07
  0.8206759447E-01  0.4916807155E-07
  0.9574552688E-01  0.6334153184E-07
  0.1094234593      0.8110208938E-07
  0.1231013917      0.1027375991E-06
  0.1367793241      0.1284173406E-06
  0.1504572565      0.1581710030E-06
  0.1641351889      0.1918798074E-06
  0.1778131214      0.2292801614E-06
  0.1914910538      0.2699790393E-06
  0.2051689862      0.3134792342E-06
  0.2188469186      0.3592118340E-06
  0.2325248510      0.4065727963E-06
  0.2462027834      0.4549603647E-06
  0.2598807158      0.5038102615E-06
  0.2735586482      0.5526260558E-06
  0.2872365807      0.6010027688E-06
  0.3009145131      0.6486425415E-06
  0.3145924455      0.6953619618E-06
  0.3282703779      0.7410913539E-06
  0.3419483103      0.7858668978E-06
  0.3556262427      0.8298168492E-06
  0.3693041751      0.8731433475E-06
  0.3829821075      0.9161013575E-06
  0.3966600400      0.9589762109E-06
  0.4103379724      0.1002061051E-05
  0.4240159048      0.1045635270E-05
  0.4376938372      0.1089944814E-05
  0.4513717696      0.1135185039E-05
  0.4650497020      0.1181486649E-05
  0.4787276344      0.1228905107E-05
  0.4924055668      0.1277413854E-05
  0.5060834992      0.1326901545E-05
  0.5197614317      0.1377173438E-05
  0.5334393641      0.1427956933E-05
  0.5471172965      0.1478911098E-05
  0.5607952289      0.1529639804E-05
  0.5744731613      0.1579707916E-05
  0.5881510937      0.1628659700E-05
  0.6018290261      0.1676038482E-05
  0.6155069585      0.1721406407E-05
  0.6291848910      0.1764363121E-05
  0.6428628234      0.1804562212E-05
  0.6565407558      0.1841724377E-05
  0.6702186882      0.1875646514E-05
  0.6838966206      0.1906206197E-05
  0.6975745530      0.1933361346E-05
  0.7112524854      0.1957145210E-05
  0.7249304178      0.1977657140E-05
  0.7386083503      0.1995049848E-05
  0.7522862827      0.2009514088E-05
  0.7659642151      0.2021261811E-05
  0.7796421475      0.2030508866E-05
  0.7933200799      0.2037458339E-05
  0.8069980123      0.2042285484E-05
  0.8206759447      0.2045125092E-05
  0.8343538771      0.2046061981E-05
  0.8482356956      0.2043586856E-05
  0.8621175141      0.2036180821E-05
  0.8759993325      0.2023901647E-05
  0.8898811510      0.2006844750E-05
  0.9037629694      0.1985141915E-05
  0.9176447879      0.1958959533E-05
  0.9315266063      0.1928496405E-05
  0.9454084248      0.1893981129E-05
  0.9592902433      0.1855669142E-05
  0.9731720617      0.1813839460E-05
  0.9870538802      0.1768791170E-05
   1.000935699      0.1720839750E-05
   1.014817517      0.1670313271E-05
   1.028699336      0.1617548549E-05
   1.042581154      0.1562887309E-05
   1.056462972      0.1506672427E-05
   1.070344791      0.1449244303E-05
   1.084226609      0.1390937416E-05
   1.098108428      0.1332077118E-05
   1.111990246      0.1272976703E-05
   1.125872065      0.1213934772E-05
   1.139753883      0.1155232954E-05
   1.153635702      0.1097133956E-05
   1.167517520      0.1039879997E-05
   1.181399339      0.9836916014E-06
   1.195281157      0.9287667555E-06
   1.209162975      0.8752804220E-06
   1.223044794      0.8233843900E-06
   1.236926612      0.7732074417E-06
   1.250808431      0.7248558085E-06
   1.264690249      0.6784138879E-06
   1.278572068      0.6339451881E-06
   1.292453886      0.5914934664E-06
   1.306335705      0.5510840270E-06
   1.320217523      0.5127251426E-06
   1.334099342      0.4764095659E-06
   1.347981160      0.4421160986E-06
   1.361862979      0.4098111866E-06
   1.375744797      0.3794505138E-06
   1.389626615      0.3509805686E-06
   1.403508434      0.3243401616E-06
   1.417390252      0.2994618749E-06
   1.431272071      0.2762734286E-06
   1.445153889      0.2546989509E-06
   1.459035708      0.2346601448E-06
   1.472917526      0.2160773437E-06
   1.486799345      0.1988704539E-06
   1.500681163      0.1829597836E-06
   1.514562982      0.1682667592E-06
   1.528444800      0.1547145333E-06
   1.542326618      0.1422284896E-06
   1.556208437      0.1307366500E-06
   1.570090255      0.1201699925E-06
   1.583972074      0.1104626869E-06
   1.597853892      0.1015522572E-06
   1.611735711      0.9337967809E-07
   1.625617529      0.8588941562E-07
   1.639499348      0.7902941828E-07
   1.653381166      0.7275106763E-07
   1.667262985      0.6700909522E-07
   1.681144803      0.6176147272E-07
   1.695026621      0.5696928154E-07
   1.708908440      0.5259656752E-07
   1.722790258      0.4861018578E-07
   1.736672077      0.4497964002E-07
   1.750553895      0.4167692035E-07
   1.764435714      0.3867634261E-07
   1.778317532      0.3595439210E-07
   1.792199351      0.3348957398E-07
   1.806081169      0.3126227184E-07
   1.819962988      0.2925461607E-07
   1.833844806      0.2745036266E-07
   1.847726625      0.2583478318E-07
   1.861608443      0.2439456607E-07
   1.875490261      0.2311772919E-07
   1.889372080      0.2199354339E-07
   1.903253898      0.2101246653E-07
   1.917135717      0.2016608734E-07
   1.931017535      0.1944707842E-07
   1.944899354      0.1884915738E-07
   1.958781172      0.1836705542E-07
   1.972662991      0.1799649244E-07
   1.986544809      0.1773415787E-07
   2.000426628      0.1757769657E-07
   2.014308446      0.1752569920E-07
   2.027941873      0.1771263449E-07
   2.041575301      0.1827870171E-07
   2.055208728      0.1923958026E-07
   2.068842156      0.2062105536E-07
   2.082475583      0.2245850313E-07
   2.096109011      0.2479618131E-07
   2.109742438      0.2768633706E-07
   2.123375865      0.3118814578E-07
   2.137009293      0.3536649837E-07
   2.150642720      0.4029065591E-07
   2.164276148      0.4603279341E-07
   2.177909575      0.5266645595E-07
   2.191543002      0.6026495169E-07
   2.205176430      0.6889970737E-07
   2.218809857      0.7863861269E-07
   2.232443285      0.8954437982E-07
   2.246076712      0.1016729442E-06
   2.259710140      0.1150719324E-06
   2.273343567      0.1297792210E-06
   2.286976994      0.1458216110E-06
   2.300610422      0.1632136367E-06
   2.314243849      0.1819565316E-06
   2.327877277      0.2020373659E-06
   2.341510704      0.2234283711E-06
   2.355144132      0.2460864633E-06
   2.368777559      0.2699529750E-06
   2.382410986      0.2949535993E-06
   2.396044414      0.3209985516E-06
   2.409677841      0.3479829471E-06
   2.423311269      0.3757873905E-06
   2.436944696      0.4042787742E-06
   2.450578123      0.4333112718E-06
   2.464211551      0.4627275191E-06
   2.477844978      0.4923599657E-06
   2.491478406      0.5220323811E-06
   2.505111833      0.5515614981E-06
   2.518745261      0.5807587698E-06
   2.532378688      0.6094322226E-06
   2.546012115      0.6373883774E-06
   2.559645543      0.6644342191E-06
   2.573278970      0.6903791867E-06
   2.586912398      0.7150371610E-06
   2.600545825      0.7382284242E-06
   2.614179253      0.7597815680E-06
   2.627812680      0.7795353253E-06
   2.641446107      0.7973403037E-06
   2.655079535      0.8130605993E-06
   2.668712962      0.8265752707E-06
   2.682346390      0.8377796550E-06
   2.695979817      0.8465865101E-06
   2.709613245      0.8529269687E-06
   2.723246672      0.8567512932E-06
   2.736880099      0.8580294206E-06
     
   0.000000000      0.1752569920E-07
  0.1367793241E-01  0.1822526003E-07
  0.2735586482E-01  0.2039251038E-07
  0.4103379724E-01  0.2422620478E-07
  0.5471172965E-01  0.3003513652E-07
  0.6838966206E-01  0.3820681236E-07
  0.8206759447E-01  0.4916807155E-07
  0.9574552688E-01  0.6334153184E-07
  0.1094234593      0.8110208938E-07
  0.1231013917      0.1027375991E-06
  0.1367793241      0.1284173406E-06
  0.1504572565      0.1581710030E-06
  0.1641351889      0.1918798074E-06
  0.1778131214      0.2292801614E-06
  0.1914910538      0.2699790393E-06
  0.2051689862      0.3134792342E-06
  0.2188469186      0.3592118340E-06
  0.2325248510      0.4065727963E-06
  0.2462027834      0.4549603647E-06
  0.2598807158      0.5038102615E-06
  0.2735586482      0.5526260558E-06
  0.2872365807      0.6010027688E-06
  0.3009145131      0.6486425415E-06
  0.3145924455      0.6953619618E-06
  0.3282703779      0.7410913539E-06
  0.3419483103      0.7858668978E-06
  0.3556262427      0.8298168492E-06
  0.3693041751      0.8731433475E-06
  0.3829821075      0.9161013575E-06
  0.3966600400      0.9589762109E-06
  0.4103379724      0.1002061051E-05
  0.4240159048      0.1045635270E-05
  0.4376938372      0.1089944814E-05
  0.4513717696      0.1135185039E-05
  0.4650497020      0.1181486649E-05
  0.4787276344      0.1228905107E-05
  0.4924055668      0.1277413854E-05
  0.5060834992      0.1326901545E-05
  0.5197614317      0.1377173438E-05
  0.5334393641      0.1427956933E-05
  0.5471172965      0.1478911098E-05
  0.5607952289      0.1529639804E-05
  0.5744731613      0.1579707916E-05
  0.5881510937      0.1628659700E-05
  0.6018290261      0.1676038482E-05
  0.6155069585      0.1721406407E-05
  0.6291848910      0.1764363121E-05
  0.6428628234      0.1804562212E-05
  0.6565407558      0.1841724377E-05
  0.6702186882      0.1875646514E-05
  0.6838966206      0.1906206197E-05
  0.6975745530      0.1933361346E-05
  0.7112524854      0.1957145210E-05
  0.7249304178      0.1977657140E-05
  0.7386083503      0.1995049848E-05
  0.7522862827      0.2009514088E-05
  0.7659642151      0.2021261811E-05
  0.7796421475      0.2030508866E-05
  0.7933200799      0.2037458339E-05
  0.8069980123      0.2042285484E-05
  0.8206759447      0.2045125092E-05
  0.8343538771      0.2046061981E-05
  0.8482356956      0.2049785284E-05
  0.8621175141      0.2060962645E-05
  0.8759993325      0.2079616005E-05
  0.8898811510      0.2105780535E-05
  0.9037629694      0.2139502542E-05
  0.9176447879      0.2180836555E-05
  0.9315266063      0.2229841595E-05
  0.9454084248      0.2286576656E-05
  0.9592902433      0.2351095419E-05
  0.9731720617      0.2423440243E-05
  0.9870538802      0.2503635482E-05
   1.000935699      0.2591680190E-05
   1.014817517      0.2687540308E-05
   1.028699336      0.2791140417E-05
   1.042581154      0.2902355202E-05
   1.056462972      0.3021000745E-05
   1.070344791      0.3146825838E-05
   1.084226609      0.3279503489E-05
   1.098108428      0.3418622827E-05
   1.111990246      0.3563681643E-05
   1.125872065      0.3714079805E-05
   1.139753883      0.3869113786E-05
   1.153635702      0.4027972586E-05
   1.167517520      0.4189735280E-05
   1.181399339      0.4353370457E-05
   1.195281157      0.4426627210E-05
   1.209162975      0.4310620077E-05
   1.223044794      0.4192134643E-05
   1.236926612      0.4071376866E-05
   1.250808431      0.3948560558E-05
   1.264690249      0.3823907462E-05
   1.278572068      0.3697647278E-05
   1.292453886      0.3570017623E-05
   1.306335705      0.3441263900E-05
   1.320217523      0.3311639072E-05
   1.334099342      0.3181403328E-05
   1.347981160      0.3050823622E-05
   1.361862979      0.2920173075E-05
   1.375744797      0.2789730239E-05
   1.389626615      0.2659778210E-05
   1.403508434      0.2530603574E-05
   1.417390252      0.2402495213E-05
   1.431272071      0.2275742943E-05
   1.445153889      0.2150636001E-05
   1.459035708      0.2027461397E-05
   1.472917526      0.1906502126E-05
   1.486799345      0.1788035270E-05
   1.500681163      0.1672330003E-05
   1.514562982      0.1559645522E-05
   1.528444800      0.1450228935E-05
   1.542326618      0.1344313128E-05
   1.556208437      0.1242114652E-05
   1.570090255      0.1143831657E-05
   1.583972074      0.1049641921E-05
   1.597853892      0.9597009921E-06
   1.611735711      0.8741405006E-06
   1.625617529      0.7930666700E-06
   1.639499348      0.7165590622E-06
   1.653381166      0.6446695924E-06
   1.667262985      0.5774218463E-06
   1.681144803      0.5148107242E-06
   1.695026621      0.4568024366E-06
   1.708908440      0.4033348683E-06
   1.722790258      0.3543183218E-06
   1.736672077      0.3096366471E-06
   1.750553895      0.2691487538E-06
   1.764435714      0.2326904984E-06
   1.778317532      0.2000769297E-06
   1.792199351      0.1711048693E-06
   1.806081169      0.1455557964E-06
   1.819962988      0.1231989991E-06
   1.833844806      0.1037949505E-06
   1.847726625      0.8709885829E-07
   1.861608443      0.7286433570E-07
   1.875490261      0.6084713609E-07
   1.889372080      0.5080889075E-07
   1.903253898      0.4252078868E-07
   1.917135717      0.3576713639E-07
   1.931017535      0.3034873689E-07
   1.944899354      0.2608602925E-07
   1.958781172      0.2282193363E-07
   1.972662991      0.2042435122E-07
   1.986544809      0.1878827441E-07
   2.000426628      0.1783746919E-07
   2.014308446      0.1752569920E-07
   2.027941873      0.1771263449E-07
   2.041575301      0.1827870171E-07
   2.055208728      0.1923958026E-07
   2.068842156      0.2062105536E-07
   2.082475583      0.2245850313E-07
   2.096109011      0.2479618131E-07
   2.109742438      0.2768633706E-07
   2.123375865      0.3118814578E-07
   2.137009293      0.3536649837E-07
   2.150642720      0.4029065591E-07
   2.164276148      0.4603279341E-07
   2.177909575      0.5266645595E-07
   2.191543002      0.6026495169E-07
   2.205176430      0.6889970737E-07
   2.218809857      0.7863861269E-07
   2.232443285      0.8954437982E-07
   2.246076712      0.1016729442E-06
   2.259710140      0.1150719324E-06
   2.273343567      0.1297792210E-06
   2.286976994      0.1458216110E-06
   2.300610422      0.1632136367E-06
   2.314243849      0.1819565316E-06
   2.327877277      0.2020373659E-06
   2.341510704      0.2234283711E-06
   2.355144132      0.2460864633E-06
   2.368777559      0.2699529750E-06
   2.382410986      0.2949535993E-06
   2.396044414      0.3209985516E-06
   2.409677841      0.3479829471E-06
   2.423311269      0.3757873905E-06
   2.436944696      0.4042787742E-06
   2.450578123      0.4333112718E-06
   2.464211551      0.4627275191E-06
   2.477844978      0.4923599657E-06
   2.491478406      0.5220323811E-06
   2.505111833      0.5515614981E-06
   2.518745261      0.5807587698E-06
   2.532378688      0.6094322226E-06
   2.546012115      0.6373883774E-06
   2.559645543      0.6644342191E-06
   2.573278970      0.6903791867E-06
   2.586912398      0.7150371610E-06
   2.600545825      0.7382284242E-06
   2.614179253      0.7597815680E-06
   2.627812680      0.7795353253E-06
   2.641446107      0.7973403037E-06
   2.655079535      0.8130605993E-06
   2.668712962      0.8265752707E-06
   2.682346390      0.8377796550E-06
   2.695979817      0.8465865101E-06
   2.709613245      0.8529269687E-06
   2.723246672      0.8567512932E-06
   2.736880099      0.8580294206E-06
     
   0.000000000      0.1752569920E-07
  0.1367793241E-01  0.1852203720E-07
  0.2735586482E-01  0.2166886434E-07
  0.4103379724E-01  0.2743404822E-07
  0.5471172965E-01  0.3657893781E-07
  0.6838966206E-01  0.5013121558E-07
  0.8206759447E-01  0.6934788538E-07
  0.9574552688E-01  0.9566938848E-07
  0.1094234593      0.1306661159E-06
  0.1231013917      0.1759788490E-06
  0.1367793241      0.2332549031E-06
  0.1504572565      0.3040819596E-06
  0.1641351889      0.3899217377E-06
  0.1778131214      0.4920457646E-06
  0.1914910538      0.6114755367E-06
  0.2051689862      0.7489293151E-06
  0.2188469186      0.9047776599E-06
  0.2325248510      0.1079009565E-05
  0.2462027834      0.1271210726E-05
  0.2598807158      0.1480555053E-05
  0.2735586482      0.1705810042E-05
  0.2872365807      0.1945356079E-05
  0.3009145131      0.2197219175E-05
  0.3145924455      0.2459116054E-05
  0.3282703779      0.2728509992E-05
  0.3419483103      0.3002675318E-05
  0.3556262427      0.3278768114E-05
  0.3693041751      0.3553900405E-05
  0.3829821075      0.3825214961E-05
  0.3966600400      0.4089957898E-05
  0.4103379724      0.4345546367E-05
  0.4240159048      0.4589628944E-05
  0.4376938372      0.4820136713E-05
  0.4513717696      0.5035323516E-05
  0.4650497020      0.5233794406E-05
  0.4787276344      0.5414521879E-05
  0.4924055668      0.5576850043E-05
  0.5060834992      0.5720487378E-05
  0.5197614317      0.5845489197E-05
  0.5334393641      0.5952231275E-05
  0.5471172965      0.6041376362E-05
  0.5607952289      0.6113835443E-05
  0.5744731613      0.6170725653E-05
  0.5881510937      0.6213326671E-05
  0.6018290261      0.6243037300E-05
  0.6155069585      0.6261333701E-05
  0.6291848910      0.6269730492E-05
  0.6428628234      0.6269745648E-05
  0.6565407558      0.6262869823E-05
  0.6702186882      0.6250540445E-05
  0.6838966206      0.6234120667E-05
  0.6975745530      0.6214883024E-05
  0.7112524854      0.6193997480E-05
  0.7249304178      0.6172523379E-05
  0.7386083503      0.6151404749E-05
  0.7522862827      0.6131468318E-05
  0.7659642151      0.6113423612E-05
  0.7796421475      0.6097864497E-05
  0.7933200799      0.6085271581E-05
  0.8069980123      0.6076014945E-05
  0.8206759447      0.6070356747E-05
  0.8343538771      0.6068453360E-05
  0.8482356956      0.6065791836E-05
  0.8621175141      0.6057811675E-05
  0.8759993325      0.6044526089E-05
  0.8898811510      0.6025957044E-05
  0.9037629694      0.6002135174E-05
  0.9176447879      0.5973099668E-05
  0.9315266063      0.5938898132E-05
  0.9454084248      0.5899586427E-05
  0.9592902433      0.5855228485E-05
  0.9731720617      0.5805896129E-05
  0.9870538802      0.5751668865E-05
   1.000935699      0.5692633694E-05
   1.014817517      0.5628884920E-05
   1.028699336      0.5560523972E-05
   1.042581154      0.5487659247E-05
   1.056462972      0.5410405977E-05
   1.070344791      0.5328886118E-05
   1.084226609      0.5243228278E-05
   1.098108428      0.5153567678E-05
   1.111990246      0.5060046145E-05
   1.125872065      0.4962812146E-05
   1.139753883      0.4862020855E-05
   1.153635702      0.4757834249E-05
   1.167517520      0.4650421239E-05
   1.181399339      0.4539957814E-05
   1.195281157      0.4517737773E-05
   1.209162975      0.4681591825E-05
   1.223044794      0.4843588514E-05
   1.236926612      0.5002294042E-05
   1.250808431      0.5156196593E-05
   1.264690249      0.5303720738E-05
   1.278572068      0.5443244503E-05
   1.292453886      0.5573118982E-05
   1.306335705      0.5691690281E-05
   1.320217523      0.5797323536E-05
   1.334099342      0.5888428631E-05
   1.347981160      0.5963487184E-05
   1.361862979      0.6021080301E-05
   1.375744797      0.6059916533E-05
   1.389626615      0.6078859408E-05
   1.403508434      0.6076953895E-05
   1.417390252      0.6053451110E-05
   1.431272071      0.6007830589E-05
   1.445153889      0.5939819451E-05
   1.459035708      0.5849407831E-05
   1.472917526      0.5736859987E-05
   1.486799345      0.5602720591E-05
   1.500681163      0.5447815796E-05
   1.514562982      0.5273248769E-05
   1.528444800      0.5080389547E-05
   1.542326618      0.4870859168E-05
   1.556208437      0.4646508210E-05
   1.570090255      0.4409390011E-05
   1.583972074      0.4161728992E-05
   1.597853892      0.3905884674E-05
   1.611735711      0.3644312090E-05
   1.625617529      0.3379519438E-05
   1.639499348      0.3114023926E-05
   1.653381166      0.2850306821E-05
   1.667262985      0.2590768810E-05
   1.681144803      0.2337686756E-05
   1.695026621      0.2093172977E-05
   1.708908440      0.1859138101E-05
   1.722790258      0.1637258505E-05
   1.736672077      0.1428949224E-05
   1.750553895      0.1235343117E-05
   1.764435714      0.1057276872E-05
   1.778317532      0.8952843122E-06
   1.792199351      0.7495972139E-06
   1.806081169      0.6201536889E-06
   1.819962988      0.5066139325E-06
   1.833844806      0.4083829530E-06
   1.847726625      0.3246396835E-06
   1.861608443      0.2543716913E-06
   1.875490261      0.1964145310E-06
   1.889372080      0.1494946446E-06
   1.903253898      0.1122745992E-06
   1.917135717      0.8339937776E-07
   1.931017535      0.6154239662E-07
   1.944899354      0.4544992395E-07
   1.958781172      0.3398261368E-07
   1.972662991      0.2615294639E-07
   1.986544809      0.2115748476E-07
   2.000426628      0.1840299949E-07
   2.014308446      0.1752569920E-07
   2.027941873      0.1874808310E-07
   2.041575301      0.2265029179E-07
   2.055208728      0.2992670316E-07
   2.068842156      0.4169910521E-07
   2.082475583      0.5946505235E-07
   2.096109011      0.8502872581E-07
   2.109742438      0.1204172856E-06
   2.123375865      0.1677863156E-06
   2.137009293      0.2293184146E-06
   2.150642720      0.3071192528E-06
   2.164276148      0.4031154909E-06
   2.177909575      0.5189588359E-06
   2.191543002      0.6559402027E-06
   2.205176430      0.8149174743E-06
   2.218809857      0.9962597282E-06
   2.232443285      0.1199810061E-05
   2.246076712      0.1424868325E-05
   2.259710140      0.1670194233E-05
   2.273343567      0.1934030428E-05
   2.286976994      0.2214144301E-05
   2.300610422      0.2507886593E-05
   2.314243849      0.2812264170E-05
   2.327877277      0.3124023878E-05
   2.341510704      0.3439744011E-05
   2.355144132      0.3755929750E-05
   2.368777559      0.4069108892E-05
   2.382410986      0.4375924333E-05
   2.396044414      0.4673220057E-05
   2.409677841      0.4958117762E-05
   2.423311269      0.5228081813E-05
   2.436944696      0.5480970747E-05
   2.450578123      0.5715074223E-05
   2.464211551      0.5929134915E-05
   2.477844978      0.6122355489E-05
   2.491478406      0.6294391356E-05
   2.505111833      0.6445330394E-05
   2.518745261      0.6575661240E-05
   2.532378688      0.6686232043E-05
   2.546012115      0.6778201766E-05
   2.559645543      0.6852986204E-05
   2.573278970      0.6912200840E-05
   2.586912398      0.6957602567E-05
   2.600545825      0.6991032071E-05
   2.614179253      0.7014358442E-05
   2.627812680      0.7029427267E-05
   2.641446107      0.7038013148E-05
   2.655079535      0.7041777286E-05
   2.668712962      0.7042230500E-05
   2.682346390      0.7040701782E-05
   2.695979817      0.7038312332E-05
   2.709613245      0.7035954871E-05
   2.723246672      0.7034277958E-05
   2.736880099      0.7033675034E-05
     
