   0.000000000       11.17590407    
  0.1250000000E-02   11.17652447    
  0.2500000000E-02   11.17838616    
  0.3750000000E-02   11.18149065    
  0.5000000000E-02   11.18584046    
  0.6250000000E-02   11.19143913    
  0.7500000000E-02   11.19829121    
  0.8750000000E-02   11.20640230    
  0.1000000000E-01   11.21577901    
  0.1125000000E-01   11.22642905    
  0.1250000000E-01   11.23836119    
  0.1375000000E-01   11.25158529    
  0.1500000000E-01   11.26611233    
  0.1625000000E-01   11.28195444    
  0.1750000000E-01   11.29912491    
  0.1875000000E-01   11.31763825    
  0.2000000000E-01   11.33751017    
  0.2125000000E-01   11.35875768    
  0.2250000000E-01   11.38139909    
  0.2375000000E-01   11.40545406    
  0.2500000000E-01   11.43094364    
  0.2625000000E-01   11.45789037    
  0.2750000000E-01   11.48631825    
  0.2875000000E-01   11.51625288    
  0.3000000000E-01   11.54772148    
  0.3125000000E-01   11.58075296    
  0.3250000000E-01   11.61537804    
  0.3375000000E-01   11.65162926    
  0.3500000000E-01   11.68954114    
  0.3625000000E-01   11.72915022    
  0.3750000000E-01   11.77049518    
  0.3875000000E-01   11.81361696    
  0.4000000000E-01   11.85855889    
  0.4125000000E-01   11.90536676    
  0.4250000000E-01   11.95408903    
  0.4375000000E-01   12.00477693    
  0.4500000000E-01   12.05748466    
  0.4625000000E-01   12.11226950    
  0.4750000000E-01   12.16919210    
  0.4875000000E-01   12.22831657    
  0.5000000000E-01   12.28971080    
  0.5125000000E-01   12.35344664    
  0.5250000000E-01   12.41960019    
  0.5375000000E-01   12.48825206    
  0.5500000000E-01   12.55948771    
  0.5625000000E-01   12.63339777    
  0.5750000000E-01   12.71007840    
  0.5875000000E-01   12.78963172    
  0.6000000000E-01   12.87216622    
  0.6125000000E-01   12.95779726    
  0.6250000000E-01   13.04664759    
  0.6375000000E-01   13.13884793    
  0.6500000000E-01   13.23453763    
  0.6625000000E-01   13.33386535    
  0.6750000000E-01   13.43698985    
  0.6875000000E-01   13.54408085    
  0.7000000000E-01   13.65531999    
  0.7125000000E-01   13.77090187    
  0.7250000000E-01   13.89103528    
  0.7375000000E-01   14.01594445    
  0.7500000000E-01   14.14587058    
  0.7625000000E-01   14.28107344    
  0.7750000000E-01   14.42183328    
  0.7875000000E-01   14.56845285    
  0.8000000000E-01   14.72125980    
  0.8125000000E-01   14.88060933    
  0.8250000000E-01   15.04688721    
  0.8375000000E-01   15.22051322    
  0.8500000000E-01   15.40194511    
  0.8625000000E-01   15.59168303    
  0.8750000000E-01   15.79027479    
  0.8875000000E-01   15.99832177    
  0.9000000000E-01   16.21648584    
  0.9125000000E-01   16.44549732    
  0.9250000000E-01   16.68616440    
  0.9375000000E-01   16.93938392    
  0.9500000000E-01   17.20615425    
  0.9625000000E-01   17.48759020    
  0.9750000000E-01   17.78494081    
  0.9875000000E-01   18.09961016    
  0.1000000000       18.43318204    
  0.1012500000       18.78744903    
  0.1025000000       19.16444660    
  0.1037500000       19.56649272    
  0.1050000000       19.99623304    
  0.1062500000       20.45669055    
  0.1075000000       20.95131637    
  0.1087500000       21.48403332    
  0.1100000000       22.05925374    
  0.1112500000       22.68183218    
  0.1125000000       23.35686991    
  0.1137500000       24.08919921    
  0.1150000000       24.88218923    
  0.1162500000       25.73513972    
  0.1175000000       26.63780929    
  0.1187500000       27.55948390    
  0.1200000000       28.42929980    
  0.1212500000       29.10957539    
  0.1225000000       29.39065155    
  0.1237500000       29.08916662    
  0.1250000000       28.27984121    
  0.1262500000       27.38214824    
  0.1275000000       26.88353439    
  0.1287500000       27.03681360    
  0.1300000000       27.75472801    
  0.1312500000       28.69446464    
  0.1325000000       29.42090741    
  0.1337500000       29.59053621    
  0.1350000000       29.18239111    
  0.1362500000       28.51745051    
  0.1375000000       27.88542356    
  0.1387500000       27.25621194    
  0.1400000000       26.40179147    
  0.1412500000       25.08320894    
  0.1425000000       23.27149814    
  0.1437500000       21.35098084    
  0.1450000000       19.77026932    
  0.1462500000       18.55299807    
  0.1475000000       17.31391573    
  0.1487500000       15.53640976    
  0.1500000000       12.85392738    
  0.1512500000       9.445410935    
  0.1525000000       6.022950455    
  0.1537500000       3.049998238    
  0.1550000000      0.4696160537    
  0.1562500000      -1.774958968    
  0.1575000000      -3.498895006    
  0.1587500000      -4.577308110    
  0.1600000000      -5.190242437    
  0.1612500000      -5.667387323    
  0.1625000000      -6.214927921    
  0.1637500000      -6.854047992    
  0.1650000000      -7.563624420    
  0.1662500000      -8.359310639    
  0.1675000000      -9.182186673    
  0.1687500000      -9.806089765    
  0.1700000000      -10.03530563    
  0.1712500000      -9.868272348    
  0.1725000000      -9.359736575    
  0.1737500000      -8.556939958    
  0.1750000000      -7.591457491    
  0.1762500000      -6.695472974    
  0.1775000000      -6.138515191    
  0.1787500000      -6.108690719    
  0.1800000000      -6.532684610    
  0.1812500000      -7.094893852    
  0.1825000000      -7.545768909    
  0.1837500000      -7.862878890    
  0.1850000000      -8.093952153    
  0.1862500000      -8.194888447    
  0.1875000000      -8.066006125    
  0.1887500000      -7.700821340    
  0.1900000000      -7.266109592    
  0.1912500000      -6.992055243    
  0.1925000000      -7.004889818    
  0.1937500000      -7.284195352    
  0.1950000000      -7.740617642    
  0.1962500000      -8.309063125    
  0.1975000000      -8.958623214    
  0.1987500000      -9.623623989    
  0.2000000000      -10.18497708    
  0.2012500000      -10.54934870    
  0.2025000000      -10.70514260    
  0.2037500000      -10.70866209    
  0.2050000000      -10.64523215    
  0.2062500000      -10.58101553    
  0.2075000000      -10.51815053    
  0.2087500000      -10.39643949    
  0.2100000000      -10.17387879    
  0.2112500000      -9.876207829    
  0.2125000000      -9.567282525    
  0.2137500000      -9.308774798    
  0.2150000000      -9.124928903    
  0.2162500000      -8.999806953    
  0.2175000000      -8.914767459    
  0.2187500000      -8.868971056    
  0.2200000000      -8.854016538    
  0.2212500000      -8.840211971    
  0.2225000000      -8.795676193    
  0.2237500000      -8.685565252    
  0.2250000000      -8.484712521    
  0.2262500000      -8.212857333    
  0.2275000000      -7.918321263    
  0.2287500000      -7.633708895    
  0.2300000000      -7.370316479    
  0.2312500000      -7.143713676    
  0.2325000000      -6.975295223    
  0.2337500000      -6.867684786    
  0.2350000000      -6.810013624    
  0.2362500000      -6.792411287    
  0.2375000000      -6.806937800    
  0.2387500000      -6.859109932    
  0.2400000000      -6.953517800    
  0.2412500000      -7.067307148    
  0.2425000000      -7.171557547    
  0.2437500000      -7.249639797    
  0.2450000000      -7.277518876    
  0.2462500000      -7.233363022    
  0.2475000000      -7.132537147    
  0.2487500000      -7.027217377    
  0.2500000000      -6.970514654    
  0.2512500000      -6.972542358    
  0.2525000000      -6.988178694    
  0.2537500000      -6.962612069    
  0.2550000000      -6.883582463    
  0.2562500000      -6.769171972    
  0.2575000000      -6.626594131    
  0.2587500000      -6.455098752    
  0.2600000000      -6.271642761    
  0.2612500000      -6.102644044    
  0.2625000000      -5.959148709    
  0.2637500000      -5.837141491    
  0.2650000000      -5.731905183    
  0.2662500000      -5.640704314    
  0.2675000000      -5.560320779    
  0.2687500000      -5.491598937    
  0.2700000000      -5.439725081    
  0.2712500000      -5.401115942    
  0.2725000000      -5.362958920    
  0.2737500000      -5.318487072    
  0.2750000000      -5.262877683    
  0.2762500000      -5.186934950    
  0.2775000000      -5.087668375    
  0.2787500000      -4.969193393    
  0.2800000000      -4.835643616    
  0.2812500000      -4.692720981    
  0.2825000000      -4.550457666    
  0.2837500000      -4.418353408    
  0.2850000000      -4.300965557    
  0.2862500000      -4.202902322    
  0.2875000000      -4.128264076    
  0.2887500000      -4.069159419    
  0.2900000000      -4.009038090    
  0.2912500000      -3.941652227    
  0.2925000000      -3.875363858    
  0.2937500000      -3.827513633    
  0.2950000000      -3.816772684    
  0.2962500000      -3.841886316    
  0.2975000000      -3.874117300    
  0.2987500000      -3.886524191    
  0.3000000000      -3.878455483    
  0.3012500000      -3.867122590    
  0.3025000000      -3.868519241    
  0.3037500000      -3.884536842    
  0.3050000000      -3.902951340    
  0.3062500000      -3.908665037    
  0.3075000000      -3.891911673    
  0.3087500000      -3.848322890    
  0.3100000000      -3.779782041    
  0.3112500000      -3.693956914    
  0.3125000000      -3.600127692    
  0.3137500000      -3.507415334    
  0.3150000000      -3.423692861    
  0.3162500000      -3.351590116    
  0.3175000000      -3.287618323    
  0.3187500000      -3.225752706    
  0.3200000000      -3.161265314    
  0.3212500000      -3.095037310    
  0.3225000000      -3.034515660    
  0.3237500000      -2.985833441    
  0.3250000000      -2.945852487    
  0.3262500000      -2.905143839    
  0.3275000000      -2.857558627    
  0.3287500000      -2.803243161    
  0.3300000000      -2.746228032    
  0.3312500000      -2.691349810    
  0.3325000000      -2.639266220    
  0.3337500000      -2.584327178    
  0.3350000000      -2.521410273    
  0.3362500000      -2.453012686    
  0.3375000000      -2.388323935    
  0.3387500000      -2.337525813    
  0.3400000000      -2.304948192    
  0.3412500000      -2.285830231    
  0.3425000000      -2.272962107    
  0.3437500000      -2.267263022    
  0.3450000000      -2.276950423    
  0.3462500000      -2.307372724    
  0.3475000000      -2.355501467    
  0.3487500000      -2.409057096    
  0.3500000000      -2.448415233    
  0.3512500000      -2.458904568    
  0.3525000000      -2.441414307    
  0.3537500000      -2.406152923    
  0.3550000000      -2.363818679    
  0.3562500000      -2.323720702    
  0.3575000000      -2.290626812    
  0.3587500000      -2.262847472    
  0.3600000000      -2.237016129    
  0.3612500000      -2.211355129    
  0.3625000000      -2.185824399    
  0.3637500000      -2.162429192    
  0.3650000000      -2.142329482    
  0.3662500000      -2.121953849    
  0.3675000000      -2.095591820    
  0.3687500000      -2.063918870    
  0.3700000000      -2.035908949    
  0.3712500000      -2.019854750    
  0.3725000000      -2.016612979    
  0.3737500000      -2.024069763    
  0.3750000000      -2.042112689    
  0.3762500000      -2.068243352    
  0.3775000000      -2.094035838    
  0.3787500000      -2.110683829    
  0.3800000000      -2.113302901    
  0.3812500000      -2.101604263    
  0.3825000000      -2.081008059    
  0.3837500000      -2.058646228    
  0.3850000000      -2.036145425    
  0.3862500000      -2.009831280    
  0.3875000000      -1.978008798    
  0.3887500000      -1.943740344    
  0.3900000000      -1.911338266    
  0.3912500000      -1.882411821    
  0.3925000000      -1.855074398    
  0.3937500000      -1.828137046    
  0.3950000000      -1.803371293    
  0.3962500000      -1.782714027    
  0.3975000000      -1.768170381    
  0.3987500000      -1.761417423    
  0.4000000000      -1.759256153    
  0.4012500000      -1.754869577    
  0.4025000000      -1.744218495    
  0.4037500000      -1.726372361    
  0.4050000000      -1.700722133    
  0.4062500000      -1.667065339    
  0.4075000000      -1.626469009    
  0.4087500000      -1.581259823    
  0.4100000000      -1.534202070    
  0.4112500000      -1.487139441    
  0.4125000000      -1.440883919    
  0.4137500000      -1.396438662    
  0.4150000000      -1.355658529    
  0.4162500000      -1.320698596    
  0.4175000000      -1.293107017    
  0.4187500000      -1.273784364    
  0.4200000000      -1.263839190    
  0.4212500000      -1.265028352    
  0.4225000000      -1.277125353    
  0.4237500000      -1.295412262    
  0.4250000000      -1.313666809    
  0.4262500000      -1.328222348    
  0.4275000000      -1.337771695    
  0.4287500000      -1.340908171    
  0.4300000000      -1.336242066    
  0.4312500000      -1.324977507    
  0.4325000000      -1.310632480    
  0.4337500000      -1.295359603    
  0.4350000000      -1.277875709    
  0.4362500000      -1.255619563    
  0.4375000000      -1.228135953    
  0.4387500000      -1.197962837    
  0.4400000000      -1.169134642    
  0.4412500000      -1.145070599    
  0.4425000000      -1.127020333    
  0.4437500000      -1.113266590    
  0.4450000000      -1.099993717    
  0.4462500000      -1.084873012    
  0.4475000000      -1.069863604    
  0.4487500000      -1.059471548    
  0.4500000000      -1.056984181    
  0.4512500000      -1.061568758    
  0.4525000000      -1.067709227    
  0.4537500000      -1.069444068    
  0.4550000000      -1.065297491    
  0.4562500000      -1.056917047    
  0.4575000000      -1.044825966    
  0.4587500000      -1.028043631    
  0.4600000000      -1.006861680    
  0.4612500000     -0.9839078004    
  0.4625000000     -0.9624674396    
  0.4637500000     -0.9443807922    
  0.4650000000     -0.9290866411    
  0.4662500000     -0.9142293245    
  0.4675000000     -0.8977140929    
  0.4687500000     -0.8795000262    
  0.4700000000     -0.8607306317    
  0.4712500000     -0.8420981256    
  0.4725000000     -0.8241516852    
  0.4737500000     -0.8082189239    
  0.4750000000     -0.7959282021    
  0.4762500000     -0.7875394407    
  0.4775000000     -0.7810797821    
  0.4787500000     -0.7739839831    
  0.4800000000     -0.7650762981    
  0.4812500000     -0.7546670272    
  0.4825000000     -0.7438193373    
  0.4837500000     -0.7335545011    
  0.4850000000     -0.7242037419    
  0.4862500000     -0.7151592917    
  0.4875000000     -0.7050355623    
  0.4887500000     -0.6926781635    
  0.4900000000     -0.6780896705    
  0.4912500000     -0.6619572176    
  0.4925000000     -0.6451178240    
  0.4937500000     -0.6287082566    
  0.4950000000     -0.6140275027    
  0.4962500000     -0.6021071751    
  0.4975000000     -0.5930877377    
  0.4987500000     -0.5858991798    
  0.5000000000     -0.5797736006    
  0.5012500000     -0.5758585647    
  0.5025000000     -0.5757403704    
  0.5037500000     -0.5784890027    
  0.5050000000     -0.5803036524    
  0.5062500000     -0.5779867934    
  0.5075000000     -0.5714703432    
  0.5087500000     -0.5622156512    
  0.5100000000     -0.5514930039    
  0.5112500000     -0.5404889790    
  0.5125000000     -0.5299329782    
  0.5137500000     -0.5193345384    
  0.5150000000     -0.5079363480    
  0.5162500000     -0.4961438166    
  0.5175000000     -0.4851789720    
  0.5187500000     -0.4757839099    
  0.5200000000     -0.4679263788    
  0.5212500000     -0.4617313951    
  0.5225000000     -0.4575096276    
  0.5237500000     -0.4547277822    
  0.5250000000     -0.4519446169    
  0.5262500000     -0.4479409584    
  0.5275000000     -0.4425246462    
  0.5287500000     -0.4360164896    
  0.5300000000     -0.4284215178    
  0.5312500000     -0.4194874024    
  0.5325000000     -0.4092551364    
  0.5337500000     -0.3981688923    
  0.5350000000     -0.3867315469    
  0.5362500000     -0.3752386239    
  0.5375000000     -0.3637668618    
  0.5387500000     -0.3523356607    
  0.5400000000     -0.3410306162    
  0.5412500000     -0.3300185747    
  0.5425000000     -0.3195621888    
  0.5437500000     -0.3100694168    
  0.5450000000     -0.3020596464    
  0.5462500000     -0.2958866796    
  0.5475000000     -0.2913335048    
  0.5487500000     -0.2875370512    
  0.5500000000     -0.2834020153    
  0.5512500000     -0.2781126612    
  0.5525000000     -0.2713919585    
  0.5537500000     -0.2635058177    
  0.5550000000     -0.2549614238    
  0.5562500000     -0.2461965884    
  0.5575000000     -0.2374797011    
  0.5587500000     -0.2289183528    
  0.5600000000     -0.2205123882    
  0.5612500000     -0.2122482337    
  0.5625000000     -0.2041670934    
  0.5637500000     -0.1964027954    
  0.5650000000     -0.1892232461    
  0.5662500000     -0.1829957732    
  0.5675000000     -0.1779224964    
  0.5687500000     -0.1736209116    
  0.5700000000     -0.1692381726    
  0.5712500000     -0.1641958029    
  0.5725000000     -0.1584464031    
  0.5737500000     -0.1521866367    
  0.5750000000     -0.1456530561    
  0.5762500000     -0.1390227767    
  0.5775000000     -0.1323710498    
  0.5787500000     -0.1257175704    
  0.5800000000     -0.1190847771    
  0.5812500000     -0.1125041039    
  0.5825000000     -0.1060009287    
  0.5837500000     -0.9958887737E-01
  0.5850000000     -0.9327233023E-01
  0.5862500000     -0.8705042948E-01
  0.5875000000     -0.8091998516E-01
  0.5887500000     -0.7487719443E-01
  0.5900000000     -0.6891870218E-01
  0.5912500000     -0.6304246408E-01
  0.5925000000     -0.5724857442E-01
  0.5937500000     -0.5153942809E-01
  0.5950000000     -0.4591696368E-01
  0.5962500000     -0.4037518399E-01
  0.5975000000     -0.3489628145E-01
  0.5987500000     -0.2946247762E-01
  0.6000000000     -0.2406831650E-01
  0.6012500000     -0.1871703916E-01
  0.6025000000     -0.1341282106E-01
  0.6037500000     -0.8157988848E-02
  0.6050000000     -0.2953395836E-02
  0.6062500000      0.2200479261E-02
  0.6075000000      0.7302283714E-02
  0.6087500000      0.1234811881E-01
  0.6100000000      0.1732910850E-01
  0.6112500000      0.2222905971E-01
  0.6125000000      0.2702748051E-01
  0.6137500000      0.3171824690E-01
  0.6150000000      0.3633557707E-01
  0.6162500000      0.4093865299E-01
  0.6175000000      0.4555864739E-01
  0.6187500000      0.5018750173E-01
  0.6200000000      0.5480555426E-01
  0.6212500000      0.5939896981E-01
  0.6225000000      0.6396104726E-01
  0.6237500000      0.6848866853E-01
  0.6250000000      0.7297984620E-01
  0.6262500000      0.7743332917E-01
  0.6275000000      0.8184866743E-01
  0.6287500000      0.8622601351E-01
  0.6300000000      0.9056585183E-01
  0.6312500000      0.9486880343E-01
  0.6325000000      0.9913550636E-01
  0.6337500000      0.1033665355    
  0.6350000000      0.1075623451    
  0.6362500000      0.1117232818    
  0.6375000000      0.1158498076    
  0.6387500000      0.1199428901    
  0.6400000000      0.1240039015    
  0.6412500000      0.1280338149    
  0.6425000000      0.1320327996    
  0.6437500000      0.1360003972    
  0.6450000000      0.1399355332    
  0.6462500000      0.1438363078    
  0.6475000000      0.1477004171    
  0.6487500000      0.1515275874    
  0.6500000000      0.1553227526    
  0.6512500000      0.1590937752    
  0.6525000000      0.1628447827    
  0.6537500000      0.1665749970    
  0.6550000000      0.1702821491    
  0.6562500000      0.1739645995    
  0.6575000000      0.1776215945    
  0.6587500000      0.1812529539    
  0.6600000000      0.1848587885    
  0.6612500000      0.1884393406    
  0.6625000000      0.1919948329    
  0.6637500000      0.1955251628    
  0.6650000000      0.1990294868    
  0.6662500000      0.2025057868    
  0.6675000000      0.2059501040    
  0.6687500000      0.2093548762    
  0.6700000000      0.2127079141    
  0.6712500000      0.2159985031    
  0.6725000000      0.2192344480    
  0.6737500000      0.2224491185    
  0.6750000000      0.2256742041    
  0.6762500000      0.2289151152    
  0.6775000000      0.2321603227    
  0.6787500000      0.2353974285    
  0.6800000000      0.2386185558    
  0.6812500000      0.2418196865    
  0.6825000000      0.2449990612    
  0.6837500000      0.2481560728    
  0.6850000000      0.2512906626    
  0.6862500000      0.2544030199    
  0.6875000000      0.2574934363    
  0.6887500000      0.2605622380    
  0.6900000000      0.2636097540    
  0.6912500000      0.2666363035    
  0.6925000000      0.2696421907    
  0.6937500000      0.2726277036    
  0.6950000000      0.2755931150    
  0.6962500000      0.2785386836    
  0.6975000000      0.2814646557    
  0.6987500000      0.2843712667    
  0.7000000000      0.2872587420    
  0.7012500000      0.2901272988    
  0.7025000000      0.2929771464    
  0.7037500000      0.2958084876    
  0.7050000000      0.2986215190    
  0.7062500000      0.3014164320    
  0.7075000000      0.3041934127    
  0.7087500000      0.3069526430    
  0.7100000000      0.3096943005    
  0.7112500000      0.3124185590    
  0.7125000000      0.3151255888    
  0.7137500000      0.3178155567    
  0.7150000000      0.3204886265    
  0.7162500000      0.3231449591    
  0.7175000000      0.3257847123    
  0.7187500000      0.3284080416    
  0.7200000000      0.3310150997    
  0.7212500000      0.3336060370    
  0.7225000000      0.3361810016    
  0.7237500000      0.3387401391    
  0.7250000000      0.3412835933    
  0.7262500000      0.3438115056    
  0.7275000000      0.3463240156    
  0.7287500000      0.3488212608    
  0.7300000000      0.3513033768    
  0.7312500000      0.3537704974    
  0.7325000000      0.3562227547    
  0.7337500000      0.3586602787    
  0.7350000000      0.3610831982    
  0.7362500000      0.3634916398    
  0.7375000000      0.3658857290    
  0.7387500000      0.3682655892    
  0.7400000000      0.3706313426    
  0.7412500000      0.3729831097    
  0.7425000000      0.3753210097    
  0.7437500000      0.3776451601    
  0.7450000000      0.3799556770    
  0.7462500000      0.3822526754    
  0.7475000000      0.3845362686    
  0.7487500000      0.3868065686    
  0.7500000000      0.3890636861    
  0.7512500000      0.3913077307    
  0.7525000000      0.3935388104    
  0.7537500000      0.3957570321    
  0.7550000000      0.3979625016    
  0.7562500000      0.4001553232    
  0.7575000000      0.4023356002    
  0.7587500000      0.4045034347    
  0.7600000000      0.4066589277    
  0.7612500000      0.4088021789    
  0.7625000000      0.4109332870    
  0.7637500000      0.4130523497    
  0.7650000000      0.4151594634    
  0.7662500000      0.4172547237    
  0.7675000000      0.4193382248    
  0.7687500000      0.4214100602    
  0.7700000000      0.4234703223    
  0.7712500000      0.4255191024    
  0.7725000000      0.4275564908    
  0.7737500000      0.4295825771    
  0.7750000000      0.4315974496    
  0.7762500000      0.4336011959    
  0.7775000000      0.4355939026    
  0.7787500000      0.4375756553    
  0.7800000000      0.4395465388    
  0.7812500000      0.4415066370    
  0.7825000000      0.4434560330    
  0.7837500000      0.4453948088    
  0.7850000000      0.4473230458    
  0.7862500000      0.4492408244    
  0.7875000000      0.4511482243    
  0.7887500000      0.4530453243    
  0.7900000000      0.4549322025    
  0.7912500000      0.4568089359    
  0.7925000000      0.4586756011    
  0.7937500000      0.4605322738    
  0.7950000000      0.4623790288    
  0.7962500000      0.4642159403    
  0.7975000000      0.4660430818    
  0.7987500000      0.4678605259    
  0.8000000000      0.4696683445    
  0.8012500000      0.4714666090    
  0.8025000000      0.4732553898    
  0.8037500000      0.4750347568    
  0.8050000000      0.4768047792    
  0.8062500000      0.4785655256    
  0.8075000000      0.4803170636    
  0.8087500000      0.4820594604    
  0.8100000000      0.4837927827    
  0.8112500000      0.4855170962    
  0.8125000000      0.4872324662    
  0.8137500000      0.4889389573    
  0.8150000000      0.4906366335    
  0.8162500000      0.4923255581    
  0.8175000000      0.4940057941    
  0.8187500000      0.4956774034    
  0.8200000000      0.4973404478    
  0.8212500000      0.4989949883    
  0.8225000000      0.5006410852    
  0.8237500000      0.5022787985    
  0.8250000000      0.5039081874    
  0.8262500000      0.5055293108    
  0.8275000000      0.5071422268    
  0.8287500000      0.5087469932    
  0.8300000000      0.5103436670    
  0.8312500000      0.5119323048    
  0.8325000000      0.5135129628    
  0.8337500000      0.5150856965    
  0.8350000000      0.5166505611    
  0.8362500000      0.5182076109    
  0.8375000000      0.5197569002    
  0.8387500000      0.5212984825    
  0.8400000000      0.5228324109    
  0.8412500000      0.5243587380    
  0.8425000000      0.5258775159    
  0.8437500000      0.5273887962    
  0.8450000000      0.5288926303    
  0.8462500000      0.5303890689    
  0.8475000000      0.5318781621    
  0.8487500000      0.5333599600    
  0.8500000000      0.5348345118    
  0.8512500000      0.5363018665    
  0.8525000000      0.5377620728    
  0.8537500000      0.5392151786    
  0.8550000000      0.5406612316    
  0.8562500000      0.5421002792    
  0.8575000000      0.5435323682    
  0.8587500000      0.5449575449    
  0.8600000000      0.5463758555    
  0.8612500000      0.5477873456    
  0.8625000000      0.5491920604    
  0.8637500000      0.5505900448    
  0.8650000000      0.5519813431    
  0.8662500000      0.5533659996    
  0.8675000000      0.5547440579    
  0.8687500000      0.5561155613    
  0.8700000000      0.5574805528    
  0.8712500000      0.5588390749    
  0.8725000000      0.5601911699    
  0.8737500000      0.5615368797    
  0.8750000000      0.5628762458    
  0.8762500000      0.5642093093    
  0.8775000000      0.5655361110    
  0.8787500000      0.5668566915    
  0.8800000000      0.5681710908    
  0.8812500000      0.5694793488    
  0.8825000000      0.5707815048    
  0.8837500000      0.5720775981    
  0.8850000000      0.5733676674    
  0.8862500000      0.5746517513    
  0.8875000000      0.5759298879    
  0.8887500000      0.5772021150    
  0.8900000000      0.5784684701    
  0.8912500000      0.5797289906    
  0.8925000000      0.5809837133    
  0.8937500000      0.5822326749    
  0.8950000000      0.5834759117    
  0.8962500000      0.5847134596    
  0.8975000000      0.5859453545    
  0.8987500000      0.5871716317    
  0.9000000000      0.5883923264    
  0.9012500000      0.5896074735    
  0.9025000000      0.5908171076    
  0.9037500000      0.5920212630    
  0.9050000000      0.5932199737    
  0.9062500000      0.5944132734    
  0.9075000000      0.5956011957    
  0.9087500000      0.5967837737    
  0.9100000000      0.5979610405    
  0.9112500000      0.5991330287    
  0.9125000000      0.6002997707    
  0.9137500000      0.6014612987    
  0.9150000000      0.6026176447    
  0.9162500000      0.6037688403    
  0.9175000000      0.6049149168    
  0.9187500000      0.6060559056    
  0.9200000000      0.6071918375    
  0.9212500000      0.6083227432    
  0.9225000000      0.6094486531    
  0.9237500000      0.6105695975    
  0.9250000000      0.6116856062    
  0.9262500000      0.6127967091    
  0.9275000000      0.6139029357    
  0.9287500000      0.6150043152    
  0.9300000000      0.6161008766    
  0.9312500000      0.6171926489    
  0.9325000000      0.6182796605    
  0.9337500000      0.6193619400    
  0.9350000000      0.6204395154    
  0.9362500000      0.6215124146    
  0.9375000000      0.6225806656    
  0.9387500000      0.6236442957    
  0.9400000000      0.6247033322    
  0.9412500000      0.6257578024    
  0.9425000000      0.6268077330    
  0.9437500000      0.6278531508    
  0.9450000000      0.6288940822    
  0.9462500000      0.6299305537    
  0.9475000000      0.6309625912    
  0.9487500000      0.6319902206    
  0.9500000000      0.6330134678    
  0.9512500000      0.6340323581    
  0.9525000000      0.6350469169    
  0.9537500000      0.6360571694    
  0.9550000000      0.6370631404    
  0.9562500000      0.6380648548    
  0.9575000000      0.6390623371    
  0.9587500000      0.6400556117    
  0.9600000000      0.6410447029    
  0.9612500000      0.6420296346    
  0.9625000000      0.6430104307    
  0.9637500000      0.6439871150    
  0.9650000000      0.6449597108    
  0.9662500000      0.6459282416    
  0.9675000000      0.6468927305    
  0.9687500000      0.6478532006    
  0.9700000000      0.6488096745    
  0.9712500000      0.6497621751    
  0.9725000000      0.6507107247    
  0.9737500000      0.6516553458    
  0.9750000000      0.6525960605    
  0.9762500000      0.6535328907    
  0.9775000000      0.6544658585    
  0.9787500000      0.6553949854    
  0.9800000000      0.6563202930    
  0.9812500000      0.6572418027    
  0.9825000000      0.6581595356    
  0.9837500000      0.6590735130    
  0.9850000000      0.6599837557    
  0.9862500000      0.6608902844    
  0.9875000000      0.6617931199    
  0.9887500000      0.6626922826    
  0.9900000000      0.6635877929    
  0.9912500000      0.6644796709    
  0.9925000000      0.6653679366    
  0.9937500000      0.6662526101    
  0.9950000000      0.6671337111    
  0.9962500000      0.6680112591    
  0.9975000000      0.6688852737    
  0.9987500000      0.6697557743    
     
   0.000000000       0.000000000    
  0.1250000000E-02  0.4985250980E-02
  0.2500000000E-02  0.9974571219E-02
  0.3750000000E-02  0.1497203888E-01
  0.5000000000E-02  0.1998174996E-01
  0.6250000000E-02  0.2500782733E-01
  0.7500000000E-02  0.3005442985E-01
  0.8750000000E-02  0.3512576167E-01
  0.1000000000E-01  0.4022608169E-01
  0.1125000000E-01  0.4535971332E-01
  0.1250000000E-01  0.5053105450E-01
  0.1375000000E-01  0.5574458797E-01
  0.1500000000E-01  0.6100489207E-01
  0.1625000000E-01  0.6631665185E-01
  0.1750000000E-01  0.7168467070E-01
  0.1875000000E-01  0.7711388256E-01
  0.2000000000E-01  0.8260936466E-01
  0.2125000000E-01  0.8817635106E-01
  0.2250000000E-01  0.9382024677E-01
  0.2375000000E-01  0.9954664287E-01
  0.2500000000E-01  0.1053613324    
  0.2625000000E-01  0.1112703275    
  0.2750000000E-01  0.1172798771    
  0.2875000000E-01  0.1233964866    
  0.3000000000E-01  0.1296269385    
  0.3125000000E-01  0.1359783142    
  0.3250000000E-01  0.1424580181    
  0.3375000000E-01  0.1490738033    
  0.3500000000E-01  0.1558337984    
  0.3625000000E-01  0.1627465382    
  0.3750000000E-01  0.1698209954    
  0.3875000000E-01  0.1770666151    
  0.4000000000E-01  0.1844933533    
  0.4125000000E-01  0.1921117173    
  0.4250000000E-01  0.1999328107    
  0.4375000000E-01  0.2079683820    
  0.4500000000E-01  0.2162308774    
  0.4625000000E-01  0.2247334992    
  0.4750000000E-01  0.2334902693    
  0.4875000000E-01  0.2425160985    
  0.5000000000E-01  0.2518268635    
  0.5125000000E-01  0.2614394910    
  0.5250000000E-01  0.2713720500    
  0.5375000000E-01  0.2816438550    
  0.5500000000E-01  0.2922755788    
  0.5625000000E-01  0.3032893780    
  0.5750000000E-01  0.3147090323    
  0.5875000000E-01  0.3265600998    
  0.6000000000E-01  0.3388700889    
  0.6125000000E-01  0.3516686518    
  0.6250000000E-01  0.3649877995    
  0.6375000000E-01  0.3788621439    
  0.6500000000E-01  0.3933291696    
  0.6625000000E-01  0.4084295399    
  0.6750000000E-01  0.4242074427    
  0.6875000000E-01  0.4407109821    
  0.7000000000E-01  0.4579926225    
  0.7125000000E-01  0.4761096948    
  0.7250000000E-01  0.4951249740    
  0.7375000000E-01  0.5151073407    
  0.7500000000E-01  0.5361325409    
  0.7625000000E-01  0.5582840625    
  0.7750000000E-01  0.5816541478    
  0.7875000000E-01  0.6063449706    
  0.8000000000E-01  0.6324700069    
  0.8125000000E-01  0.6601556391    
  0.8250000000E-01  0.6895430422    
  0.8375000000E-01  0.7207904093    
  0.8500000000E-01  0.7540755926    
  0.8625000000E-01  0.7895992517    
  0.8750000000E-01  0.8275886278    
  0.8875000000E-01  0.8683020933    
  0.9000000000E-01  0.9120346693    
  0.9125000000E-01  0.9591247615    
  0.9250000000E-01   1.009962437    
  0.9375000000E-01   1.064999670    
  0.9500000000E-01   1.124763129    
  0.9625000000E-01   1.189870255    
  0.9750000000E-01   1.261049665    
  0.9875000000E-01   1.339167299    
  0.1000000000       1.425260244    
  0.1012500000       1.520580968    
  0.1025000000       1.626655838    
  0.1037500000       1.745363467    
  0.1050000000       1.879040937    
  0.1062500000       2.030629774    
  0.1075000000       2.203879283    
  0.1087500000       2.403633726    
  0.1100000000       2.636243310    
  0.1112500000       2.910159171    
  0.1125000000       3.236801414    
  0.1137500000       3.631825194    
  0.1150000000       4.116935872    
  0.1162500000       4.722349172    
  0.1175000000       5.489611626    
  0.1187500000       6.473054857    
  0.1200000000       7.733828136    
  0.1212500000       9.310743362    
  0.1225000000       11.14409577    
  0.1237500000       12.97359694    
  0.1250000000       14.38298837    
  0.1262500000       15.11645214    
  0.1275000000       15.31046052    
  0.1287500000       15.38928903    
  0.1300000000       15.81805848    
  0.1312500000       16.88477212    
  0.1325000000       18.60527728    
  0.1337500000       20.70187810    
  0.1350000000       22.73608054    
  0.1362500000       24.47221035    
  0.1375000000       26.06272407    
  0.1387500000       27.77102077    
  0.1400000000       29.68174092    
  0.1412500000       31.64624107    
  0.1425000000       33.29036243    
  0.1437500000       34.34998302    
  0.1450000000       35.06011823    
  0.1462500000       35.92329216    
  0.1475000000       37.25073328    
  0.1487500000       38.96896726    
  0.1500000000       40.58557227    
  0.1512500000       41.39110949    
  0.1525000000       41.13917589    
  0.1537500000       40.21925875    
  0.1550000000       38.96276682    
  0.1562500000       37.36463503    
  0.1575000000       35.46232246    
  0.1587500000       33.55738303    
  0.1600000000       31.97238651    
  0.1612500000       30.77145842    
  0.1625000000       29.79835271    
  0.1637500000       28.89172384    
  0.1650000000       27.98248696    
  0.1662500000       26.99307595    
  0.1675000000       25.77280990    
  0.1687500000       24.25723348    
  0.1700000000       22.61021344    
  0.1712500000       21.03698651    
  0.1725000000       19.65265708    
  0.1737500000       18.57941134    
  0.1750000000       17.95781166    
  0.1762500000       17.84895835    
  0.1775000000       18.16360336    
  0.1787500000       18.62258040    
  0.1800000000       18.86045219    
  0.1812500000       18.71313737    
  0.1825000000       18.30579994    
  0.1837500000       17.80579096    
  0.1850000000       17.24379866    
  0.1862500000       16.59929121    
  0.1875000000       15.94746114    
  0.1887500000       15.47403012    
  0.1900000000       15.32859697    
  0.1912500000       15.48282441    
  0.1925000000       15.76639169    
  0.1937500000       16.00706080    
  0.1950000000       16.11963296    
  0.1962500000       16.08694297    
  0.1975000000       15.88273876    
  0.1987500000       15.45708248    
  0.2000000000       14.81206285    
  0.2012500000       14.03728880    
  0.2025000000       13.25165527    
  0.2037500000       12.54277409    
  0.2050000000       11.93697427    
  0.2062500000       11.39719512    
  0.2075000000       10.85739476    
  0.2087500000       10.29626094    
  0.2100000000       9.767798315    
  0.2112500000       9.337482679    
  0.2125000000       9.030181991    
  0.2137500000       8.821713296    
  0.2150000000       8.658044792    
  0.2162500000       8.498729047    
  0.2175000000       8.333815681    
  0.2187500000       8.155023092    
  0.2200000000       7.938077974    
  0.2212500000       7.667527845    
  0.2225000000       7.345747263    
  0.2237500000       6.988387520    
  0.2250000000       6.641702125    
  0.2262500000       6.361230188    
  0.2275000000       6.166082792    
  0.2287500000       6.042706814    
  0.2300000000       5.979543486    
  0.2312500000       5.973496759    
  0.2325000000       6.006927217    
  0.2337500000       6.051157319    
  0.2350000000       6.089590607    
  0.2362500000       6.114204762    
  0.2375000000       6.124312016    
  0.2387500000       6.119278877    
  0.2400000000       6.077479723    
  0.2412500000       5.976157635    
  0.2425000000       5.817742510    
  0.2437500000       5.610051880    
  0.2450000000       5.362330515    
  0.2462500000       5.110481257    
  0.2475000000       4.904398265    
  0.2487500000       4.766635490    
  0.2500000000       4.669890670    
  0.2512500000       4.553148291    
  0.2525000000       4.374266059    
  0.2537500000       4.148320784    
  0.2550000000       3.918774024    
  0.2562500000       3.706198570    
  0.2575000000       3.511423418    
  0.2587500000       3.346400133    
  0.2600000000       3.227548454    
  0.2612500000       3.150639550    
  0.2625000000       3.096141354    
  0.2637500000       3.050424783    
  0.2650000000       3.008732477    
  0.2662500000       2.967970670    
  0.2675000000       2.927032281    
  0.2687500000       2.887365453    
  0.2700000000       2.843938058    
  0.2712500000       2.784732702    
  0.2725000000       2.706436816    
  0.2737500000       2.613530073    
  0.2750000000       2.506795896    
  0.2762500000       2.391359865    
  0.2775000000       2.279207507    
  0.2787500000       2.179064000    
  0.2800000000       2.096369087    
  0.2812500000       2.037136678    
  0.2825000000       2.004368965    
  0.2837500000       1.994323078    
  0.2850000000       2.001445261    
  0.2862500000       2.021178473    
  0.2875000000       2.042998069    
  0.2887500000       2.053712965    
  0.2900000000       2.054130427    
  0.2912500000       2.058751487    
  0.2925000000       2.080322834    
  0.2937500000       2.121975597    
  0.2950000000       2.169134776    
  0.2962500000       2.191702232    
  0.2975000000       2.173324314    
  0.2987500000       2.129299853    
  0.3000000000       2.085286142    
  0.3012500000       2.052493662    
  0.3025000000       2.023260160    
  0.3037500000       1.980751788    
  0.3050000000       1.913815851    
  0.3062500000       1.823739255    
  0.3075000000       1.719138925    
  0.3087500000       1.611345420    
  0.3100000000       1.512500806    
  0.3112500000       1.431174686    
  0.3125000000       1.370667666    
  0.3137500000       1.330415537    
  0.3150000000       1.305185483    
  0.3162500000       1.286292236    
  0.3175000000       1.266849262    
  0.3187500000       1.244981095    
  0.3200000000       1.223999293    
  0.3212500000       1.210194464    
  0.3225000000       1.205630723    
  0.3237500000       1.203496329    
  0.3250000000       1.194317597    
  0.3262500000       1.175873642    
  0.3275000000       1.153688748    
  0.3287500000       1.134310529    
  0.3300000000       1.121384081    
  0.3312500000       1.113836804    
  0.3325000000       1.106703277    
  0.3337500000       1.097889143    
  0.3350000000       1.093185598    
  0.3362500000       1.101456810    
  0.3375000000       1.127097137    
  0.3387500000       1.166486126    
  0.3400000000       1.209705461    
  0.3412500000       1.248373915    
  0.3425000000       1.283322230    
  0.3437500000       1.320489971    
  0.3450000000       1.359393011    
  0.3462500000       1.390385172    
  0.3475000000       1.400602378    
  0.3487500000       1.379604197    
  0.3500000000       1.327469162    
  0.3512500000       1.259452597    
  0.3525000000       1.194657696    
  0.3537500000       1.143708517    
  0.3550000000       1.109445217    
  0.3562500000       1.089362286    
  0.3575000000       1.076400994    
  0.3587500000       1.064503005    
  0.3600000000       1.052237384    
  0.3612500000       1.040445241    
  0.3625000000       1.030674669    
  0.3637500000       1.023251927    
  0.3650000000       1.015294637    
  0.3662500000       1.003857047    
  0.3675000000      0.9921820869    
  0.3687500000      0.9887996691    
  0.3700000000      0.9978583677    
  0.3712500000       1.014185382    
  0.3725000000       1.030070446    
  0.3737500000       1.041820404    
  0.3750000000       1.046212995    
  0.3762500000       1.036892742    
  0.3775000000       1.010071763    
  0.3787500000      0.9688336533    
  0.3800000000      0.9200720681    
  0.3812500000      0.8721032483    
  0.3825000000      0.8311645298    
  0.3837500000      0.7966473312    
  0.3850000000      0.7635428513    
  0.3862500000      0.7304083632    
  0.3875000000      0.7009894607    
  0.3887500000      0.6785615603    
  0.3900000000      0.6624384021    
  0.3912500000      0.6491727817    
  0.3925000000      0.6367580082    
  0.3937500000      0.6266416292    
  0.3950000000      0.6199402225    
  0.3962500000      0.6158410342    
  0.3975000000      0.6128502376    
  0.3987500000      0.6066761889    
  0.4000000000      0.5916097066    
  0.4012500000      0.5667872978    
  0.4025000000      0.5357943781    
  0.4037500000      0.5017624889    
  0.4050000000      0.4670015618    
  0.4062500000      0.4342996155    
  0.4075000000      0.4065640239    
  0.4087500000      0.3858868454    
  0.4100000000      0.3727904446    
  0.4112500000      0.3666031731    
  0.4125000000      0.3669318995    
  0.4137500000      0.3740935117    
  0.4150000000      0.3882348807    
  0.4162500000      0.4084718665    
  0.4175000000      0.4331148791    
  0.4187500000      0.4604530952    
  0.4200000000      0.4889468401    
  0.4212500000      0.5156998021    
  0.4225000000      0.5352657077    
  0.4237500000      0.5430111197    
  0.4250000000      0.5388519381    
  0.4262500000      0.5256454517    
  0.4275000000      0.5058038150    
  0.4287500000      0.4809982230    
  0.4300000000      0.4542762184    
  0.4312500000      0.4294974930    
  0.4325000000      0.4080022677    
  0.4337500000      0.3878398685    
  0.4350000000      0.3670314019    
  0.4362500000      0.3466325037    
  0.4375000000      0.3300773511    
  0.4387500000      0.3203378728    
  0.4400000000      0.3179339264    
  0.4412500000      0.3207205394    
  0.4425000000      0.3249354137    
  0.4437500000      0.3270411307    
  0.4450000000      0.3263282180    
  0.4462500000      0.3258594376    
  0.4475000000      0.3291723842    
  0.4487500000      0.3363538621    
  0.4500000000      0.3434362964    
  0.4512500000      0.3445274312    
  0.4525000000      0.3360882582    
  0.4537500000      0.3202148185    
  0.4550000000      0.3016439793    
  0.4562500000      0.2826654032    
  0.4575000000      0.2632814352    
  0.4587500000      0.2445191794    
  0.4600000000      0.2290607064    
  0.4612500000      0.2188379104    
  0.4625000000      0.2133217161    
  0.4637500000      0.2099526029    
  0.4650000000      0.2058846403    
  0.4662500000      0.1998771983    
  0.4675000000      0.1930933395    
  0.4687500000      0.1875240210    
  0.4700000000      0.1839706387    
  0.4712500000      0.1824231823    
  0.4725000000      0.1831829834    
  0.4737500000      0.1863832395    
  0.4750000000      0.1908057996    
  0.4762500000      0.1938856790    
  0.4775000000      0.1936386073    
  0.4787500000      0.1903506024    
  0.4800000000      0.1857335796    
  0.4812500000      0.1813438567    
  0.4825000000      0.1778570844    
  0.4837500000      0.1749328104    
  0.4850000000      0.1715957202    
  0.4862500000      0.1668654324    
  0.4875000000      0.1605468621    
  0.4887500000      0.1537076430    
  0.4900000000      0.1478290290    
  0.4912500000      0.1438742061    
  0.4925000000      0.1424598868    
  0.4937500000      0.1439110481    
  0.4950000000      0.1479291106    
  0.4962500000      0.1534875866    
  0.4975000000      0.1590411499    
  0.4987500000      0.1636745044    
  0.5000000000      0.1680726750    
  0.5012500000      0.1728658457    
  0.5025000000      0.1763583105    
  0.5037500000      0.1753411513    
  0.5050000000      0.1685630260    
  0.5062500000      0.1583991315    
  0.5075000000      0.1480806081    
  0.5087500000      0.1391761579    
  0.5100000000      0.1321459014    
  0.5112500000      0.1269266832    
  0.5125000000      0.1226498335    
  0.5137500000      0.1185203294    
  0.5150000000      0.1150212898    
  0.5162500000      0.1131803239    
  0.5175000000      0.1131333805    
  0.5187500000      0.1140648803    
  0.5200000000      0.1153016047    
  0.5212500000      0.1165610326    
  0.5225000000      0.1170436781    
  0.5237500000      0.1155294169    
  0.5250000000      0.1115418580    
  0.5262500000      0.1057956809    
  0.5275000000      0.9932360113E-01
  0.5287500000      0.9254694534E-01
  0.5300000000      0.8549522263E-01
  0.5312500000      0.7846971339E-01
  0.5325000000      0.7206823565E-01
  0.5337500000      0.6671508770E-01
  0.5350000000      0.6245382558E-01
  0.5362500000      0.5910921734E-01
  0.5375000000      0.5653332103E-01
  0.5387500000      0.5471639141E-01
  0.5400000000      0.5372730185E-01
  0.5412500000      0.5364273451E-01
  0.5425000000      0.5452080425E-01
  0.5437500000      0.5632469944E-01
  0.5450000000      0.5873689833E-01
  0.5462500000      0.6100539290E-01
  0.5475000000      0.6214098865E-01
  0.5487500000      0.6145415241E-01
  0.5500000000      0.5894463224E-01
  0.5512500000      0.5521908896E-01
  0.5525000000      0.5115543857E-01
  0.5537500000      0.4749616467E-01
  0.5550000000      0.4458266719E-01
  0.5562500000      0.4242618658E-01
  0.5575000000      0.4088690814E-01
  0.5587500000      0.3980034825E-01
  0.5600000000      0.3906786739E-01
  0.5612500000      0.3868716129E-01
  0.5625000000      0.3871570767E-01
  0.5637500000      0.3922673426E-01
  0.5650000000      0.4022823864E-01
  0.5662500000      0.4149716288E-01
  0.5675000000      0.4243686142E-01
  0.5687500000      0.4233329593E-01
  0.5700000000      0.4102621957E-01
  0.5712500000      0.3900328492E-01
  0.5725000000      0.3681673391E-01
  0.5737500000      0.3478984387E-01
  0.5750000000      0.3304210836E-01
  0.5762500000      0.3155216090E-01
  0.5775000000      0.3025584236E-01
  0.5787500000      0.2912163302E-01
  0.5800000000      0.2814419603E-01
  0.5812500000      0.2731317039E-01
  0.5825000000      0.2660714997E-01
  0.5837500000      0.2600155426E-01
  0.5850000000      0.2547471188E-01
  0.5862500000      0.2500976365E-01
  0.5875000000      0.2459438559E-01
  0.5887500000      0.2421990997E-01
  0.5900000000      0.2388044435E-01
  0.5912500000      0.2357197876E-01
  0.5925000000      0.2329104792E-01
  0.5937500000      0.2303224054E-01
  0.5950000000      0.2278484617E-01
  0.5962500000      0.2253352513E-01
  0.5975000000      0.2226931334E-01
  0.5987500000      0.2199878762E-01
  0.6000000000      0.2173516179E-01
  0.6012500000      0.2148674979E-01
  0.6025000000      0.2125604206E-01
  0.6037500000      0.2104311202E-01
  0.6050000000      0.2084799414E-01
  0.6062500000      0.2067171066E-01
  0.6075000000      0.2051662919E-01
  0.6087500000      0.2038628596E-01
  0.6100000000      0.2028388582E-01
  0.6112500000      0.2020737477E-01
  0.6125000000      0.2013917632E-01
  0.6137500000      0.2003869777E-01
  0.6150000000      0.1986386976E-01
  0.6162500000      0.1961586465E-01
  0.6175000000      0.1933675638E-01
  0.6187500000      0.1906393705E-01
  0.6200000000      0.1881141776E-01
  0.6212500000      0.1857934478E-01
  0.6225000000      0.1836448488E-01
  0.6237500000      0.1816425863E-01
  0.6250000000      0.1797668660E-01
  0.6262500000      0.1779977729E-01
  0.6275000000      0.1763162614E-01
  0.6287500000      0.1747065161E-01
  0.6300000000      0.1731565789E-01
  0.6312500000      0.1716578746E-01
  0.6325000000      0.1702044596E-01
  0.6337500000      0.1687922290E-01
  0.6350000000      0.1674178685E-01
  0.6362500000      0.1660772043E-01
  0.6375000000      0.1647637060E-01
  0.6387500000      0.1634707014E-01
  0.6400000000      0.1621980553E-01
  0.6412500000      0.1609536996E-01
  0.6425000000      0.1597474881E-01
  0.6437500000      0.1585871777E-01
  0.6450000000      0.1574773064E-01
  0.6462500000      0.1564143103E-01
  0.6475000000      0.1553741945E-01
  0.6487500000      0.1543042698E-01
  0.6500000000      0.1531527195E-01
  0.6512500000      0.1519245781E-01
  0.6525000000      0.1506754288E-01
  0.6537500000      0.1494542893E-01
  0.6550000000      0.1482814225E-01
  0.6562500000      0.1471594362E-01
  0.6575000000      0.1460857182E-01
  0.6587500000      0.1450581414E-01
  0.6600000000      0.1440768336E-01
  0.6612500000      0.1431449261E-01
  0.6625000000      0.1422698397E-01
  0.6637500000      0.1414644732E-01
  0.6650000000      0.1407466453E-01
  0.6662500000      0.1401374309E-01
  0.6675000000      0.1396589043E-01
  0.6687500000      0.1393218539E-01
  0.6700000000      0.1390786649E-01
  0.6712500000      0.1387479931E-01
  0.6725000000      0.1380385563E-01
  0.6737500000      0.1368019234E-01
  0.6750000000      0.1352131606E-01
  0.6762500000      0.1335621258E-01
  0.6775000000      0.1320192484E-01
  0.6787500000      0.1306264806E-01
  0.6800000000      0.1293678917E-01
  0.6812500000      0.1282145135E-01
  0.6825000000      0.1271404114E-01
  0.6837500000      0.1261259152E-01
  0.6850000000      0.1251569117E-01
  0.6862500000      0.1242234275E-01
  0.6875000000      0.1233183966E-01
  0.6887500000      0.1224367595E-01
  0.6900000000      0.1215748399E-01
  0.6912500000      0.1207299230E-01
  0.6925000000      0.1198999697E-01
  0.6937500000      0.1190834221E-01
  0.6950000000      0.1182790703E-01
  0.6962500000      0.1174859589E-01
  0.6975000000      0.1167033213E-01
  0.6987500000      0.1159305333E-01
  0.7000000000      0.1151670788E-01
  0.7012500000      0.1144125252E-01
  0.7025000000      0.1136665047E-01
  0.7037500000      0.1129287008E-01
  0.7050000000      0.1121988378E-01
  0.7062500000      0.1114766728E-01
  0.7075000000      0.1107619895E-01
  0.7087500000      0.1100545933E-01
  0.7100000000      0.1093543078E-01
  0.7112500000      0.1086609716E-01
  0.7125000000      0.1079744359E-01
  0.7137500000      0.1072945628E-01
  0.7150000000      0.1066212234E-01
  0.7162500000      0.1059542968E-01
  0.7175000000      0.1052936690E-01
  0.7187500000      0.1046392318E-01
  0.7200000000      0.1039908826E-01
  0.7212500000      0.1033485232E-01
  0.7225000000      0.1027120598E-01
  0.7237500000      0.1020814021E-01
  0.7250000000      0.1014564633E-01
  0.7262500000      0.1008371597E-01
  0.7275000000      0.1002234105E-01
  0.7287500000      0.9961513717E-02
  0.7300000000      0.9901226380E-02
  0.7312500000      0.9841471658E-02
  0.7325000000      0.9782242375E-02
  0.7337500000      0.9723531543E-02
  0.7350000000      0.9665332354E-02
  0.7362500000      0.9607638166E-02
  0.7375000000      0.9550442496E-02
  0.7387500000      0.9493739009E-02
  0.7400000000      0.9437521511E-02
  0.7412500000      0.9381783944E-02
  0.7425000000      0.9326520377E-02
  0.7437500000      0.9271725000E-02
  0.7450000000      0.9217392122E-02
  0.7462500000      0.9163516163E-02
  0.7475000000      0.9110091652E-02
  0.7487500000      0.9057113219E-02
  0.7500000000      0.9004575596E-02
  0.7512500000      0.8952473612E-02
  0.7525000000      0.8900802185E-02
  0.7537500000      0.8849556328E-02
  0.7550000000      0.8798731136E-02
  0.7562500000      0.8748321792E-02
  0.7575000000      0.8698323559E-02
  0.7587500000      0.8648731779E-02
  0.7600000000      0.8599541873E-02
  0.7612500000      0.8550749336E-02
  0.7625000000      0.8502349734E-02
  0.7637500000      0.8454338706E-02
  0.7650000000      0.8406711960E-02
  0.7662500000      0.8359465270E-02
  0.7675000000      0.8312594479E-02
  0.7687500000      0.8266095489E-02
  0.7700000000      0.8219964269E-02
  0.7712500000      0.8174196847E-02
  0.7725000000      0.8128789311E-02
  0.7737500000      0.8083737807E-02
  0.7750000000      0.8039038538E-02
  0.7762500000      0.7994687764E-02
  0.7775000000      0.7950681799E-02
  0.7787500000      0.7907017009E-02
  0.7800000000      0.7863689814E-02
  0.7812500000      0.7820696684E-02
  0.7825000000      0.7778034140E-02
  0.7837500000      0.7735698751E-02
  0.7850000000      0.7693687135E-02
  0.7862500000      0.7651995957E-02
  0.7875000000      0.7610621928E-02
  0.7887500000      0.7569561805E-02
  0.7900000000      0.7528812389E-02
  0.7912500000      0.7488370523E-02
  0.7925000000      0.7448233096E-02
  0.7937500000      0.7408397036E-02
  0.7950000000      0.7368859314E-02
  0.7962500000      0.7329616942E-02
  0.7975000000      0.7290666969E-02
  0.7987500000      0.7252006485E-02
  0.8000000000      0.7213632619E-02
  0.8012500000      0.7175542535E-02
  0.8025000000      0.7137733437E-02
  0.8037500000      0.7100202563E-02
  0.8050000000      0.7062947188E-02
  0.8062500000      0.7025964621E-02
  0.8075000000      0.6989252206E-02
  0.8087500000      0.6952807321E-02
  0.8100000000      0.6916627377E-02
  0.8112500000      0.6880709819E-02
  0.8125000000      0.6845052121E-02
  0.8137500000      0.6809651793E-02
  0.8150000000      0.6774506373E-02
  0.8162500000      0.6739613430E-02
  0.8175000000      0.6704970565E-02
  0.8187500000      0.6670575405E-02
  0.8200000000      0.6636425611E-02
  0.8212500000      0.6602518869E-02
  0.8225000000      0.6568852894E-02
  0.8237500000      0.6535425429E-02
  0.8250000000      0.6502234246E-02
  0.8262500000      0.6469277141E-02
  0.8275000000      0.6436551938E-02
  0.8287500000      0.6404056488E-02
  0.8300000000      0.6371788666E-02
  0.8312500000      0.6339746373E-02
  0.8325000000      0.6307927535E-02
  0.8337500000      0.6276330103E-02
  0.8350000000      0.6244952051E-02
  0.8362500000      0.6213791377E-02
  0.8375000000      0.6182846103E-02
  0.8387500000      0.6152114275E-02
  0.8400000000      0.6121593959E-02
  0.8412500000      0.6091283246E-02
  0.8425000000      0.6061180248E-02
  0.8437500000      0.6031283098E-02
  0.8450000000      0.6001589952E-02
  0.8462500000      0.5972098987E-02
  0.8475000000      0.5942808399E-02
  0.8487500000      0.5913716407E-02
  0.8500000000      0.5884821247E-02
  0.8512500000      0.5856121178E-02
  0.8525000000      0.5827614478E-02
  0.8537500000      0.5799299443E-02
  0.8550000000      0.5771174388E-02
  0.8562500000      0.5743237650E-02
  0.8575000000      0.5715487581E-02
  0.8587500000      0.5687922552E-02
  0.8600000000      0.5660540953E-02
  0.8612500000      0.5633341192E-02
  0.8625000000      0.5606321694E-02
  0.8637500000      0.5579480900E-02
  0.8650000000      0.5552817270E-02
  0.8662500000      0.5526329280E-02
  0.8675000000      0.5500015423E-02
  0.8687500000      0.5473874208E-02
  0.8700000000      0.5447904159E-02
  0.8712500000      0.5422103819E-02
  0.8725000000      0.5396471743E-02
  0.8737500000      0.5371006505E-02
  0.8750000000      0.5345706692E-02
  0.8762500000      0.5320570906E-02
  0.8775000000      0.5295597765E-02
  0.8787500000      0.5270785902E-02
  0.8800000000      0.5246133964E-02
  0.8812500000      0.5221640610E-02
  0.8825000000      0.5197304517E-02
  0.8837500000      0.5173124374E-02
  0.8850000000      0.5149098884E-02
  0.8862500000      0.5125226762E-02
  0.8875000000      0.5101506740E-02
  0.8887500000      0.5077937560E-02
  0.8900000000      0.5054517978E-02
  0.8912500000      0.5031246764E-02
  0.8925000000      0.5008122698E-02
  0.8937500000      0.4985144576E-02
  0.8950000000      0.4962311204E-02
  0.8962500000      0.4939621401E-02
  0.8975000000      0.4917073999E-02
  0.8987500000      0.4894667839E-02
  0.9000000000      0.4872401778E-02
  0.9012500000      0.4850274680E-02
  0.9025000000      0.4828285425E-02
  0.9037500000      0.4806432901E-02
  0.9050000000      0.4784716009E-02
  0.9062500000      0.4763133660E-02
  0.9075000000      0.4741684778E-02
  0.9087500000      0.4720368294E-02
  0.9100000000      0.4699183153E-02
  0.9112500000      0.4678128309E-02
  0.9125000000      0.4657202728E-02
  0.9137500000      0.4636405384E-02
  0.9150000000      0.4615735263E-02
  0.9162500000      0.4595191359E-02
  0.9175000000      0.4574772678E-02
  0.9187500000      0.4554478235E-02
  0.9200000000      0.4534307055E-02
  0.9212500000      0.4514258172E-02
  0.9225000000      0.4494330629E-02
  0.9237500000      0.4474523479E-02
  0.9250000000      0.4454835785E-02
  0.9262500000      0.4435266618E-02
  0.9275000000      0.4415815058E-02
  0.9287500000      0.4396480194E-02
  0.9300000000      0.4377261124E-02
  0.9312500000      0.4358156955E-02
  0.9325000000      0.4339166802E-02
  0.9337500000      0.4320289788E-02
  0.9350000000      0.4301525046E-02
  0.9362500000      0.4282871717E-02
  0.9375000000      0.4264328947E-02
  0.9387500000      0.4245895895E-02
  0.9400000000      0.4227571725E-02
  0.9412500000      0.4209355608E-02
  0.9425000000      0.4191246727E-02
  0.9437500000      0.4173244268E-02
  0.9450000000      0.4155347427E-02
  0.9462500000      0.4137555408E-02
  0.9475000000      0.4119867421E-02
  0.9487500000      0.4102282684E-02
  0.9500000000      0.4084800423E-02
  0.9512500000      0.4067419870E-02
  0.9525000000      0.4050140265E-02
  0.9537500000      0.4032960855E-02
  0.9550000000      0.4015880893E-02
  0.9562500000      0.3998899640E-02
  0.9575000000      0.3982016364E-02
  0.9587500000      0.3965230338E-02
  0.9600000000      0.3948540843E-02
  0.9612500000      0.3931947167E-02
  0.9625000000      0.3915448604E-02
  0.9637500000      0.3899044454E-02
  0.9650000000      0.3882734023E-02
  0.9662500000      0.3866516626E-02
  0.9675000000      0.3850391580E-02
  0.9687500000      0.3834358212E-02
  0.9700000000      0.3818415853E-02
  0.9712500000      0.3802563841E-02
  0.9725000000      0.3786801519E-02
  0.9737500000      0.3771128236E-02
  0.9750000000      0.3755543348E-02
  0.9762500000      0.3740046216E-02
  0.9775000000      0.3724636207E-02
  0.9787500000      0.3709312692E-02
  0.9800000000      0.3694075050E-02
  0.9812500000      0.3678922665E-02
  0.9825000000      0.3663854925E-02
  0.9837500000      0.3648871225E-02
  0.9850000000      0.3633970964E-02
  0.9862500000      0.3619153547E-02
  0.9875000000      0.3604418385E-02
  0.9887500000      0.3589764894E-02
  0.9900000000      0.3575192493E-02
  0.9912500000      0.3560700608E-02
  0.9925000000      0.3546288670E-02
  0.9937500000      0.3531956115E-02
  0.9950000000      0.3517702383E-02
  0.9962500000      0.3503526919E-02
  0.9975000000      0.3489429174E-02
  0.9987500000      0.3475408602E-02
