   0.000000000       11.66588532    
  0.1250000000E-02   11.65430648    
  0.2500000000E-02   11.61124981    
  0.3750000000E-02   11.51356928    
  0.5000000000E-02   11.33618510    
  0.6250000000E-02   11.08496950    
  0.7500000000E-02   10.81533017    
  0.8750000000E-02   10.58797550    
  0.1000000000E-01   10.42531540    
  0.1125000000E-01   10.32538260    
  0.1250000000E-01   10.27976752    
  0.1375000000E-01   10.27373754    
  0.1500000000E-01   10.28929980    
  0.1625000000E-01   10.31195281    
  0.1750000000E-01   10.33401056    
  0.1875000000E-01   10.35352667    
  0.2000000000E-01   10.37034339    
  0.2125000000E-01   10.38534219    
  0.2250000000E-01   10.40206854    
  0.2375000000E-01   10.42376516    
  0.2500000000E-01   10.45035451    
  0.2625000000E-01   10.48026076    
  0.2750000000E-01   10.51241792    
  0.2875000000E-01   10.54606657    
  0.3000000000E-01   10.58034798    
  0.3125000000E-01   10.61452198    
  0.3250000000E-01   10.64829180    
  0.3375000000E-01   10.68195032    
  0.3500000000E-01   10.71615309    
  0.3625000000E-01   10.75142730    
  0.3750000000E-01   10.78797059    
  0.3875000000E-01   10.82576250    
  0.4000000000E-01   10.86470568    
  0.4125000000E-01   10.90465691    
  0.4250000000E-01   10.94532003    
  0.4375000000E-01   10.98615689    
  0.4500000000E-01   11.02646878    
  0.4625000000E-01   11.06589616    
  0.4750000000E-01   11.10512901    
  0.4875000000E-01   11.14544997    
  0.5000000000E-01   11.18726601    
  0.5125000000E-01   11.23021645    
  0.5250000000E-01   11.27459524    
  0.5375000000E-01   11.32151176    
  0.5500000000E-01   11.37173449    
  0.5625000000E-01   11.42511348    
  0.5750000000E-01   11.48098154    
  0.5875000000E-01   11.53876936    
  0.6000000000E-01   11.59836383    
  0.6125000000E-01   11.66002470    
  0.6250000000E-01   11.72397672    
  0.6375000000E-01   11.79023497    
  0.6500000000E-01   11.85873416    
  0.6625000000E-01   11.92944054    
  0.6750000000E-01   12.00236633    
  0.6875000000E-01   12.07754405    
  0.7000000000E-01   12.15499526    
  0.7125000000E-01   12.23471210    
  0.7250000000E-01   12.31669111    
  0.7375000000E-01   12.40106751    
  0.7500000000E-01   12.48822782    
  0.7625000000E-01   12.57862618    
  0.7750000000E-01   12.67250732    
  0.7875000000E-01   12.76992981    
  0.8000000000E-01   12.87092234    
  0.8125000000E-01   12.97555135    
  0.8250000000E-01   13.08391475    
  0.8375000000E-01   13.19611514    
  0.8500000000E-01   13.31223858    
  0.8625000000E-01   13.43237337    
  0.8750000000E-01   13.55672765    
  0.8875000000E-01   13.68577681    
  0.9000000000E-01   13.82014461    
  0.9125000000E-01   13.96029233    
  0.9250000000E-01   14.10647790    
  0.9375000000E-01   14.25892054    
  0.9500000000E-01   14.41790102    
  0.9625000000E-01   14.58377697    
  0.9750000000E-01   14.75697281    
  0.9875000000E-01   14.93797229    
  0.1000000000       15.12731937    
  0.1012500000       15.32562492    
  0.1025000000       15.53357150    
  0.1037500000       15.75191509    
  0.1050000000       15.98149371    
  0.1062500000       16.22324573    
  0.1075000000       16.47823250    
  0.1087500000       16.74765820    
  0.1100000000       17.03288436    
  0.1112500000       17.33544886    
  0.1125000000       17.65709364    
  0.1137500000       17.99979326    
  0.1150000000       18.36577460    
  0.1162500000       18.75751579    
  0.1175000000       19.17769827    
  0.1187500000       19.62905547    
  0.1200000000       20.11400104    
  0.1212500000       20.63379473    
  0.1225000000       21.18675427    
  0.1237500000       21.76456884    
  0.1250000000       22.34517818    
  0.1262500000       22.88095862    
  0.1275000000       23.28651801    
  0.1287500000       23.44969343    
  0.1300000000       23.30623288    
  0.1312500000       22.94598268    
  0.1325000000       22.60991062    
  0.1337500000       22.55880956    
  0.1350000000       22.91764885    
  0.1362500000       23.62914353    
  0.1375000000       24.54219570    
  0.1387500000       25.48729144    
  0.1400000000       26.29425940    
  0.1412500000       26.81782719    
  0.1425000000       26.99746089    
  0.1437500000       26.88689145    
  0.1450000000       26.61995937    
  0.1462500000       26.29193583    
  0.1475000000       25.84624877    
  0.1487500000       25.23837557    
  0.1500000000       24.63027612    
  0.1512500000       24.25348519    
  0.1525000000       24.17246299    
  0.1537500000       24.25674511    
  0.1550000000       24.27821973    
  0.1562500000       24.00545031    
  0.1575000000       23.36816322    
  0.1587500000       22.49749292    
  0.1600000000       21.48572012    
  0.1612500000       20.28305745    
  0.1625000000       18.85350783    
  0.1637500000       17.21839501    
  0.1650000000       15.37906101    
  0.1662500000       13.27847992    
  0.1675000000       10.84726159    
  0.1687500000       8.143736706    
  0.1700000000       5.452482046    
  0.1712500000       3.078634736    
  0.1725000000       1.083328444    
  0.1737500000     -0.6798127544    
  0.1750000000      -2.398544048    
  0.1762500000      -4.093826040    
  0.1775000000      -5.504856629    
  0.1787500000      -6.321029385    
  0.1800000000      -6.442488533    
  0.1812500000      -5.957280231    
  0.1825000000      -5.059098583    
  0.1837500000      -4.042200943    
  0.1850000000      -3.232313967    
  0.1862500000      -2.844639338    
  0.1875000000      -2.920050747    
  0.1887500000      -3.389136243    
  0.1900000000      -4.139978322    
  0.1912500000      -4.993079474    
  0.1925000000      -5.680476155    
  0.1937500000      -5.958466854    
  0.1950000000      -5.798532232    
  0.1962500000      -5.365532098    
  0.1975000000      -4.819008635    
  0.1987500000      -4.284064922    
  0.2000000000      -3.921634767    
  0.2012500000      -3.873955684    
  0.2025000000      -4.162290855    
  0.2037500000      -4.683145724    
  0.2050000000      -5.286239240    
  0.2062500000      -5.888783582    
  0.2075000000      -6.500589633    
  0.2087500000      -7.169462720    
  0.2100000000      -7.958038022    
  0.2112500000      -8.874168848    
  0.2125000000      -9.824656310    
  0.2137500000      -10.63217438    
  0.2150000000      -11.11342243    
  0.2162500000      -11.21482368    
  0.2175000000      -11.01839659    
  0.2187500000      -10.66430360    
  0.2200000000      -10.28947644    
  0.2212500000      -9.973347702    
  0.2225000000      -9.735670359    
  0.2237500000      -9.589092818    
  0.2250000000      -9.545543858    
  0.2262500000      -9.574854580    
  0.2275000000      -9.621513927    
  0.2287500000      -9.642493979    
  0.2300000000      -9.612183258    
  0.2312500000      -9.527090907    
  0.2325000000      -9.406374905    
  0.2337500000      -9.261464441    
  0.2350000000      -9.064871943    
  0.2362500000      -8.791664938    
  0.2375000000      -8.478553021    
  0.2387500000      -8.197018422    
  0.2400000000      -8.001941193    
  0.2412500000      -7.916186632    
  0.2425000000      -7.925996481    
  0.2437500000      -7.996574932    
  0.2450000000      -8.094422474    
  0.2462500000      -8.174047464    
  0.2475000000      -8.200019114    
  0.2487500000      -8.200048515    
  0.2500000000      -8.237830320    
  0.2512500000      -8.329109249    
  0.2525000000      -8.414889572    
  0.2537500000      -8.435251310    
  0.2550000000      -8.402010028    
  0.2562500000      -8.362861480    
  0.2575000000      -8.333448953    
  0.2587500000      -8.287874491    
  0.2600000000      -8.198767669    
  0.2612500000      -8.070583978    
  0.2625000000      -7.917737162    
  0.2637500000      -7.732721975    
  0.2650000000      -7.508774259    
  0.2662500000      -7.261596185    
  0.2675000000      -7.008429674    
  0.2687500000      -6.757795714    
  0.2700000000      -6.524118406    
  0.2712500000      -6.331715744    
  0.2725000000      -6.202164742    
  0.2737500000      -6.140982086    
  0.2750000000      -6.132027987    
  0.2762500000      -6.140570097    
  0.2775000000      -6.134437462    
  0.2787500000      -6.111013304    
  0.2800000000      -6.084979060    
  0.2812500000      -6.052434203    
  0.2825000000      -5.991885783    
  0.2837500000      -5.887709990    
  0.2850000000      -5.738695068    
  0.2862500000      -5.560384940    
  0.2875000000      -5.379941004    
  0.2887500000      -5.218994201    
  0.2900000000      -5.081630146    
  0.2912500000      -4.964121423    
  0.2925000000      -4.868101406    
  0.2937500000      -4.792050413    
  0.2950000000      -4.724151301    
  0.2962500000      -4.659490024    
  0.2975000000      -4.603612330    
  0.2987500000      -4.559699686    
  0.3000000000      -4.537103914    
  0.3012500000      -4.553927583    
  0.3025000000      -4.608110162    
  0.3037500000      -4.665372049    
  0.3050000000      -4.691811867    
  0.3062500000      -4.680893920    
  0.3075000000      -4.645279156    
  0.3087500000      -4.597033682    
  0.3100000000      -4.541341689    
  0.3112500000      -4.483021935    
  0.3125000000      -4.426647674    
  0.3137500000      -4.368723764    
  0.3150000000      -4.302164024    
  0.3162500000      -4.224915734    
  0.3175000000      -4.137679465    
  0.3187500000      -4.043116812    
  0.3200000000      -3.948665696    
  0.3212500000      -3.860010684    
  0.3225000000      -3.774947099    
  0.3237500000      -3.688177003    
  0.3250000000      -3.597922073    
  0.3262500000      -3.508310180    
  0.3275000000      -3.428555205    
  0.3287500000      -3.364198508    
  0.3300000000      -3.308886162    
  0.3312500000      -3.249778415    
  0.3325000000      -3.178980212    
  0.3337500000      -3.096860517    
  0.3350000000      -3.008242899    
  0.3362500000      -2.919250132    
  0.3375000000      -2.833526850    
  0.3387500000      -2.749032456    
  0.3400000000      -2.663348102    
  0.3412500000      -2.580152814    
  0.3425000000      -2.506918564    
  0.3437500000      -2.452624420    
  0.3450000000      -2.423938182    
  0.3462500000      -2.418800989    
  0.3475000000      -2.434232531    
  0.3487500000      -2.478663395    
  0.3500000000      -2.562642787    
  0.3512500000      -2.682432280    
  0.3525000000      -2.817524837    
  0.3537500000      -2.935571292    
  0.3550000000      -3.004170163    
  0.3562500000      -3.012174418    
  0.3575000000      -2.975992936    
  0.3587500000      -2.920329830    
  0.3600000000      -2.859402353    
  0.3612500000      -2.798588158    
  0.3625000000      -2.742679753    
  0.3637500000      -2.697244109    
  0.3650000000      -2.666924475    
  0.3662500000      -2.649306588    
  0.3675000000      -2.633356971    
  0.3687500000      -2.610752157    
  0.3700000000      -2.581665078    
  0.3712500000      -2.547293397    
  0.3725000000      -2.505701179    
  0.3737500000      -2.457624553    
  0.3750000000      -2.410832292    
  0.3762500000      -2.374832930    
  0.3775000000      -2.352556076    
  0.3787500000      -2.341148494    
  0.3800000000      -2.339769224    
  0.3812500000      -2.348170927    
  0.3825000000      -2.359406428    
  0.3837500000      -2.362866457    
  0.3850000000      -2.351297718    
  0.3862500000      -2.324480464    
  0.3875000000      -2.289981450    
  0.3887500000      -2.257239655    
  0.3900000000      -2.228610977    
  0.3912500000      -2.198651864    
  0.3925000000      -2.162711610    
  0.3937500000      -2.121706156    
  0.3950000000      -2.079041167    
  0.3962500000      -2.036012752    
  0.3975000000      -1.991711166    
  0.3987500000      -1.946978717    
  0.4000000000      -1.905611853    
  0.4012500000      -1.871443196    
  0.4025000000      -1.847385004    
  0.4037500000      -1.834857863    
  0.4050000000      -1.829657747    
  0.4062500000      -1.822969987    
  0.4075000000      -1.809839274    
  0.4087500000      -1.791717774    
  0.4100000000      -1.773061118    
  0.4112500000      -1.759225704    
  0.4125000000      -1.752995945    
  0.4137500000      -1.752580671    
  0.4150000000      -1.753344548    
  0.4162500000      -1.748997942    
  0.4175000000      -1.734249043    
  0.4187500000      -1.708954428    
  0.4200000000      -1.677326282    
  0.4212500000      -1.643905707    
  0.4225000000      -1.613267238    
  0.4237500000      -1.590569185    
  0.4250000000      -1.579799331    
  0.4262500000      -1.582592088    
  0.4275000000      -1.598667852    
  0.4287500000      -1.624818758    
  0.4300000000      -1.652753855    
  0.4312500000      -1.672289400    
  0.4325000000      -1.678318704    
  0.4337500000      -1.671758655    
  0.4350000000      -1.655064480    
  0.4362500000      -1.630837315    
  0.4375000000      -1.602290599    
  0.4387500000      -1.571798821    
  0.4400000000      -1.539180569    
  0.4412500000      -1.502601231    
  0.4425000000      -1.461819730    
  0.4437500000      -1.419191272    
  0.4450000000      -1.378344094    
  0.4462500000      -1.343121722    
  0.4475000000      -1.316243164    
  0.4487500000      -1.297665387    
  0.4500000000      -1.284970756    
  0.4512500000      -1.275859624    
  0.4525000000      -1.269429052    
  0.4537500000      -1.265471200    
  0.4550000000      -1.263254541    
  0.4562500000      -1.261447950    
  0.4575000000      -1.258475121    
  0.4587500000      -1.253095720    
  0.4600000000      -1.244979511    
  0.4612500000      -1.233100960    
  0.4625000000      -1.215224445    
  0.4637500000      -1.190183446    
  0.4650000000      -1.159257842    
  0.4662500000      -1.126235073    
  0.4675000000      -1.096507447    
  0.4687500000      -1.074024188    
  0.4700000000      -1.058051451    
  0.4712500000      -1.043873924    
  0.4725000000      -1.027503892    
  0.4737500000      -1.008900116    
  0.4750000000     -0.9907326928    
  0.4762500000     -0.9752809848    
  0.4775000000     -0.9627725018    
  0.4787500000     -0.9521199904    
  0.4800000000     -0.9428379714    
  0.4812500000     -0.9359933340    
  0.4825000000     -0.9330509120    
  0.4837500000     -0.9337720692    
  0.4850000000     -0.9352468824    
  0.4862500000     -0.9331709950    
  0.4875000000     -0.9247145455    
  0.4887500000     -0.9107175575    
  0.4900000000     -0.8944702991    
  0.4912500000     -0.8785137292    
  0.4925000000     -0.8635046082    
  0.4937500000     -0.8498004839    
  0.4950000000     -0.8382791318    
  0.4962500000     -0.8292399690    
  0.4975000000     -0.8224139924    
  0.4987500000     -0.8174824909    
  0.5000000000     -0.8142533421    
  0.5012500000     -0.8133343439    
  0.5025000000     -0.8146931317    
  0.5037500000     -0.8158575729    
  0.5050000000     -0.8142723457    
  0.5062500000     -0.8094665113    
  0.5075000000     -0.8017441448    
  0.5087500000     -0.7909309190    
  0.5100000000     -0.7766267934    
  0.5112500000     -0.7598022156    
  0.5125000000     -0.7429406319    
  0.5137500000     -0.7277376805    
  0.5150000000     -0.7139857800    
  0.5162500000     -0.7009228677    
  0.5175000000     -0.6885285954    
  0.5187500000     -0.6775224700    
  0.5200000000     -0.6696579225    
  0.5212500000     -0.6672800548    
  0.5225000000     -0.6702610116    
  0.5237500000     -0.6744072267    
  0.5250000000     -0.6752425562    
  0.5262500000     -0.6724232563    
  0.5275000000     -0.6688321800    
  0.5287500000     -0.6671197923    
  0.5300000000     -0.6677175695    
  0.5312500000     -0.6687328482    
  0.5325000000     -0.6680209973    
  0.5337500000     -0.6644706049    
  0.5350000000     -0.6574054085    
  0.5362500000     -0.6463563300    
  0.5375000000     -0.6314593062    
  0.5387500000     -0.6137489553    
  0.5400000000     -0.5950536275    
  0.5412500000     -0.5773277868    
  0.5425000000     -0.5614904049    
  0.5437500000     -0.5469856388    
  0.5450000000     -0.5330414399    
  0.5462500000     -0.5199444997    
  0.5475000000     -0.5086441448    
  0.5487500000     -0.5000611035    
  0.5500000000     -0.4944998296    
  0.5512500000     -0.4907893726    
  0.5525000000     -0.4865660040    
  0.5537500000     -0.4804388777    
  0.5550000000     -0.4733681583    
  0.5562500000     -0.4675038641    
  0.5575000000     -0.4647029890    
  0.5587500000     -0.4654924924    
  0.5600000000     -0.4683190875    
  0.5612500000     -0.4706949093    
  0.5625000000     -0.4708275463    
  0.5637500000     -0.4678109555    
  0.5650000000     -0.4613233126    
  0.5662500000     -0.4516370878    
  0.5675000000     -0.4397638701    
  0.5687500000     -0.4272282785    
  0.5700000000     -0.4151517203    
  0.5712500000     -0.4039355612    
  0.5725000000     -0.3937606140    
  0.5737500000     -0.3849908354    
  0.5750000000     -0.3782037341    
  0.5762500000     -0.3736426795    
  0.5775000000     -0.3704009953    
  0.5787500000     -0.3667913668    
  0.5800000000     -0.3620191429    
  0.5812500000     -0.3568622383    
  0.5825000000     -0.3523916158    
  0.5837500000     -0.3486003778    
  0.5850000000     -0.3448862760    
  0.5862500000     -0.3414081564    
  0.5875000000     -0.3390422620    
  0.5887500000     -0.3380820536    
  0.5900000000     -0.3373545515    
  0.5912500000     -0.3348838078    
  0.5925000000     -0.3292754245    
  0.5937500000     -0.3203392147    
  0.5950000000     -0.3090125301    
  0.5962500000     -0.2967833188    
  0.5975000000     -0.2849587297    
  0.5987500000     -0.2744529520    
  0.6000000000     -0.2659128907    
  0.6012500000     -0.2594242775    
  0.6025000000     -0.2540889359    
  0.6037500000     -0.2485631459    
  0.6050000000     -0.2421406798    
  0.6062500000     -0.2351890749    
  0.6075000000     -0.2286354907    
  0.6087500000     -0.2230110001    
  0.6100000000     -0.2181701783    
  0.6112500000     -0.2137432695    
  0.6125000000     -0.2094826845    
  0.6137500000     -0.2055018676    
  0.6150000000     -0.2022862021    
  0.6162500000     -0.1999819511    
  0.6175000000     -0.1978953021    
  0.6187500000     -0.1951055813    
  0.6200000000     -0.1910803903    
  0.6212500000     -0.1856189271    
  0.6225000000     -0.1786936314    
  0.6237500000     -0.1706404993    
  0.6250000000     -0.1621807955    
  0.6262500000     -0.1539711738    
  0.6275000000     -0.1461522219    
  0.6287500000     -0.1382743735    
  0.6300000000     -0.1297289723    
  0.6312500000     -0.1203504250    
  0.6325000000     -0.1105621129    
  0.6337500000     -0.1010321852    
  0.6350000000     -0.9236878597E-01
  0.6362500000     -0.8485358101E-01
  0.6375000000     -0.7840343407E-01
  0.6387500000     -0.7277517738E-01
  0.6400000000     -0.6769645678E-01
  0.6412500000     -0.6296898715E-01
  0.6425000000     -0.5851633847E-01
  0.6437500000     -0.5445330075E-01
  0.6450000000     -0.5109982492E-01
  0.6462500000     -0.4885026403E-01
  0.6475000000     -0.4802120929E-01
  0.6487500000     -0.4876692633E-01
  0.6500000000     -0.5075753584E-01
  0.6512500000     -0.5300450334E-01
  0.6525000000     -0.5439122628E-01
  0.6537500000     -0.5428555963E-01
  0.6550000000     -0.5241194570E-01
  0.6562500000     -0.4850531394E-01
  0.6575000000     -0.4255724166E-01
  0.6587500000     -0.3506384330E-01
  0.6600000000     -0.2670947909E-01
  0.6612500000     -0.1813546232E-01
  0.6625000000     -0.9973611733E-02
  0.6637500000     -0.2718510833E-02
  0.6650000000      0.3386128725E-02
  0.6662500000      0.8207574825E-02
  0.6675000000      0.1175705001E-01
  0.6687500000      0.1446181965E-01
  0.6700000000      0.1690939744E-01
  0.6712500000      0.1911830025E-01
  0.6725000000      0.2054960143E-01
  0.6737500000      0.2086807997E-01
  0.6750000000      0.2038617003E-01
  0.6762500000      0.1991446843E-01
  0.6775000000      0.2028080582E-01
  0.6787500000      0.2174453410E-01
  0.6800000000      0.2394233818E-01
  0.6812500000      0.2665580352E-01
  0.6825000000      0.3021000292E-01
  0.6837500000      0.3477452383E-01
  0.6850000000      0.3998831962E-01
  0.6862500000      0.4547461340E-01
  0.6875000000      0.5108222377E-01
  0.6887500000      0.5675271763E-01
  0.6900000000      0.6255126666E-01
  0.6912500000      0.6859973170E-01
  0.6925000000      0.7472502117E-01
  0.6937500000      0.8038712009E-01
  0.6950000000      0.8514782833E-01
  0.6962500000      0.8908265361E-01
  0.6975000000      0.9272484977E-01
  0.6987500000      0.9664964232E-01
  0.7000000000      0.1010248792    
  0.7012500000      0.1056370554    
  0.7025000000      0.1101589436    
  0.7037500000      0.1142741223    
  0.7050000000      0.1178690694    
  0.7062500000      0.1210346309    
  0.7075000000      0.1239090175    
  0.7087500000      0.1265944966    
  0.7100000000      0.1289723473    
  0.7112500000      0.1307598718    
  0.7125000000      0.1319236176    
  0.7137500000      0.1328611497    
  0.7150000000      0.1341419016    
  0.7162500000      0.1361376733    
  0.7175000000      0.1389357972    
  0.7187500000      0.1426587465    
  0.7200000000      0.1474543279    
  0.7212500000      0.1531039447    
  0.7225000000      0.1590333624    
  0.7237500000      0.1647002663    
  0.7250000000      0.1698738738    
  0.7262500000      0.1745826272    
  0.7275000000      0.1789123362    
  0.7287500000      0.1829172938    
  0.7300000000      0.1865522012    
  0.7312500000      0.1897618312    
  0.7325000000      0.1926997459    
  0.7337500000      0.1955583640    
  0.7350000000      0.1982558884    
  0.7362500000      0.2005500939    
  0.7375000000      0.2022977875    
  0.7387500000      0.2034767124    
  0.7400000000      0.2041362513    
  0.7412500000      0.2045182881    
  0.7425000000      0.2051087300    
  0.7437500000      0.2063326561    
  0.7450000000      0.2082686757    
  0.7462500000      0.2108039234    
  0.7475000000      0.2138439735    
  0.7487500000      0.2172264903    
  0.7500000000      0.2207518789    
  0.7512500000      0.2243849316    
  0.7525000000      0.2281075657    
  0.7537500000      0.2317212422    
  0.7550000000      0.2351143122    
  0.7562500000      0.2384660526    
  0.7575000000      0.2419648625    
  0.7587500000      0.2456284689    
  0.7600000000      0.2494250504    
  0.7612500000      0.2532454157    
  0.7625000000      0.2568479009    
  0.7637500000      0.2600833537    
  0.7650000000      0.2630360912    
  0.7662500000      0.2657935724    
  0.7675000000      0.2682843217    
  0.7687500000      0.2703854846    
  0.7700000000      0.2721046192    
  0.7712500000      0.2736647888    
  0.7725000000      0.2753658399    
  0.7737500000      0.2774413792    
  0.7750000000      0.2800098542    
  0.7762500000      0.2830617838    
  0.7775000000      0.2864490387    
  0.7787500000      0.2898893469    
  0.7800000000      0.2930462797    
  0.7812500000      0.2957401355    
  0.7825000000      0.2981533905    
  0.7837500000      0.3006708133    
  0.7850000000      0.3034775995    
  0.7862500000      0.3064802448    
  0.7875000000      0.3094985835    
  0.7887500000      0.3124249898    
  0.7900000000      0.3152266190    
  0.7912500000      0.3178588008    
  0.7925000000      0.3202725902    
  0.7937500000      0.3225223412    
  0.7950000000      0.3247430599    
  0.7962500000      0.3270049092    
  0.7975000000      0.3293745810    
  0.7987500000      0.3320164205    
  0.8000000000      0.3349899259    
  0.8012500000      0.3380230004    
  0.8025000000      0.3406032859    
  0.8037500000      0.3422764913    
  0.8050000000      0.3429648802    
  0.8062500000      0.3430922303    
  0.8075000000      0.3432719800    
  0.8087500000      0.3438522901    
  0.8100000000      0.3449296995    
  0.8112500000      0.3465820680    
  0.8125000000      0.3487977018    
  0.8137500000      0.3513832935    
  0.8150000000      0.3540808277    
  0.8162500000      0.3567355836    
  0.8175000000      0.3593662652    
  0.8187500000      0.3621102349    
  0.8200000000      0.3650701273    
  0.8212500000      0.3681803466    
  0.8225000000      0.3712246033    
  0.8237500000      0.3739383061    
  0.8250000000      0.3761269060    
  0.8262500000      0.3777390440    
  0.8275000000      0.3788357558    
  0.8287500000      0.3796008826    
  0.8300000000      0.3803445517    
  0.8312500000      0.3813412963    
  0.8325000000      0.3826933886    
  0.8337500000      0.3843618557    
  0.8350000000      0.3862616212    
  0.8362500000      0.3882538317    
  0.8375000000      0.3901551147    
  0.8387500000      0.3919014540    
  0.8400000000      0.3936015377    
  0.8412500000      0.3953661363    
  0.8425000000      0.3972356694    
  0.8437500000      0.3992421803    
  0.8450000000      0.4014191629    
  0.8462500000      0.4037509655    
  0.8475000000      0.4061833948    
  0.8487500000      0.4086799006    
  0.8500000000      0.4112419337    
  0.8512500000      0.4138565806    
  0.8525000000      0.4164635401    
  0.8537500000      0.4189899646    
  0.8550000000      0.4213919696    
  0.8562500000      0.4236640247    
  0.8575000000      0.4258159703    
  0.8587500000      0.4278588058    
  0.8600000000      0.4298077011    
  0.8612500000      0.4316809976    
  0.8625000000      0.4335005027    
  0.8637500000      0.4352853534    
  0.8650000000      0.4370676591    
  0.8662500000      0.4389197636    
  0.8675000000      0.4409056201    
  0.8687500000      0.4430240852    
  0.8700000000      0.4452315782    
  0.8712500000      0.4474786638    
  0.8725000000      0.4497177413    
  0.8737500000      0.4519113481    
  0.8750000000      0.4540478922    
  0.8762500000      0.4561255448    
  0.8775000000      0.4581136055    
  0.8787500000      0.4599644504    
  0.8800000000      0.4616618374    
  0.8812500000      0.4632306503    
  0.8825000000      0.4647203467    
  0.8837500000      0.4661859494    
  0.8850000000      0.4676687762    
  0.8862500000      0.4692038910    
  0.8875000000      0.4708034389    
  0.8887500000      0.4724426620    
  0.8900000000      0.4741070685    
  0.8912500000      0.4758307727    
  0.8925000000      0.4776603257    
  0.8937500000      0.4795847244    
  0.8950000000      0.4815297791    
  0.8962500000      0.4834068478    
  0.8975000000      0.4851419573    
  0.8987500000      0.4866912040    
  0.9000000000      0.4880551988    
  0.9012500000      0.4892619475    
  0.9025000000      0.4903559008    
  0.9037500000      0.4914062462    
  0.9050000000      0.4925050674    
  0.9062500000      0.4937590948    
  0.9075000000      0.4952294086    
  0.9087500000      0.4968856722    
  0.9100000000      0.4986508107    
  0.9112500000      0.5004685513    
  0.9125000000      0.5023174774    
  0.9137500000      0.5041783990    
  0.9150000000      0.5060126128    
  0.9162500000      0.5077721202    
  0.9175000000      0.5094327017    
  0.9187500000      0.5110219757    
  0.9200000000      0.5125972152    
  0.9212500000      0.5141827889    
  0.9225000000      0.5157568188    
  0.9237500000      0.5172998379    
  0.9250000000      0.5188199244    
  0.9262500000      0.5203359128    
  0.9275000000      0.5218574946    
  0.9287500000      0.5233690532    
  0.9300000000      0.5248304156    
  0.9312500000      0.5261842997    
  0.9325000000      0.5273714301    
  0.9337500000      0.5284003339    
  0.9350000000      0.5293790156    
  0.9362500000      0.5303964820    
  0.9375000000      0.5314445971    
  0.9387500000      0.5325132683    
  0.9400000000      0.5336693858    
  0.9412500000      0.5349884103    
  0.9425000000      0.5364630488    
  0.9437500000      0.5380181244    
  0.9450000000      0.5395615548    
  0.9462500000      0.5410068878    
  0.9475000000      0.5422894670    
  0.9487500000      0.5434008799    
  0.9500000000      0.5444311615    
  0.9512500000      0.5455284325    
  0.9525000000      0.5467740407    
  0.9537500000      0.5481483567    
  0.9550000000      0.5495937660    
  0.9562500000      0.5510613148    
  0.9575000000      0.5525177681    
  0.9587500000      0.5539422869    
  0.9600000000      0.5553255016    
  0.9612500000      0.5566746441    
  0.9625000000      0.5580151012    
  0.9637500000      0.5593652170    
  0.9650000000      0.5607146134    
  0.9662500000      0.5620386606    
  0.9675000000      0.5633279522    
  0.9687500000      0.5645989992    
  0.9700000000      0.5658684007    
  0.9712500000      0.5671294520    
  0.9725000000      0.5683640331    
  0.9737500000      0.5695621750    
  0.9750000000      0.5707239505    
  0.9762500000      0.5718654871    
  0.9775000000      0.5730258582    
  0.9787500000      0.5742347609    
  0.9800000000      0.5754861805    
  0.9812500000      0.5767539529    
  0.9825000000      0.5780125817    
  0.9837500000      0.5792469325    
  0.9850000000      0.5804565660    
  0.9862500000      0.5816526780    
  0.9875000000      0.5828464421    
  0.9887500000      0.5840422446    
  0.9900000000      0.5852412615    
  0.9912500000      0.5864414629    
  0.9925000000      0.5876367280    
  0.9937500000      0.5888227486    
  0.9950000000      0.5900019178    
  0.9962500000      0.5911788045    
  0.9975000000      0.5923531765    
  0.9987500000      0.5935202445    
     
   0.000000000       0.000000000    
  0.1250000000E-02  0.2106769079    
  0.2500000000E-02  0.4326592792    
  0.3750000000E-02  0.6647871022    
  0.5000000000E-02  0.8782870378    
  0.6250000000E-02   1.018177003    
  0.7500000000E-02   1.047770042    
  0.8750000000E-02  0.9858522044    
  0.1000000000E-01  0.8750672595    
  0.1125000000E-01  0.7469865512    
  0.1250000000E-01  0.6238754306    
  0.1375000000E-01  0.5217200270    
  0.1500000000E-01  0.4462655561    
  0.1625000000E-01  0.3940527254    
  0.1750000000E-01  0.3574764102    
  0.1875000000E-01  0.3299381195    
  0.2000000000E-01  0.3072004621    
  0.2125000000E-01  0.2852620381    
  0.2250000000E-01  0.2617835875    
  0.2375000000E-01  0.2384279787    
  0.2500000000E-01  0.2179413757    
  0.2625000000E-01  0.2012923693    
  0.2750000000E-01  0.1883982739    
  0.2875000000E-01  0.1791588013    
  0.3000000000E-01  0.1732992488    
  0.3125000000E-01  0.1701321181    
  0.3250000000E-01  0.1686794256    
  0.3375000000E-01  0.1680420608    
  0.3500000000E-01  0.1678132433    
  0.3625000000E-01  0.1681003293    
  0.3750000000E-01  0.1691817166    
  0.3875000000E-01  0.1712845944    
  0.4000000000E-01  0.1745573193    
  0.4125000000E-01  0.1791503401    
  0.4250000000E-01  0.1852235886    
  0.4375000000E-01  0.1927899439    
  0.4500000000E-01  0.2014217539    
  0.4625000000E-01  0.2100278738    
  0.4750000000E-01  0.2174173367    
  0.4875000000E-01  0.2234903581    
  0.5000000000E-01  0.2289651439    
  0.5125000000E-01  0.2338739964    
  0.5250000000E-01  0.2375416176    
  0.5375000000E-01  0.2399065169    
  0.5500000000E-01  0.2418776830    
  0.5625000000E-01  0.2444907070    
  0.5750000000E-01  0.2482102436    
  0.5875000000E-01  0.2528827974    
  0.6000000000E-01  0.2581013502    
  0.6125000000E-01  0.2636720333    
  0.6250000000E-01  0.2697207542    
  0.6375000000E-01  0.2764243920    
  0.6500000000E-01  0.2838505931    
  0.6625000000E-01  0.2919903097    
  0.6750000000E-01  0.3008191860    
  0.6875000000E-01  0.3103251097    
  0.7000000000E-01  0.3205029231    
  0.7125000000E-01  0.3313160496    
  0.7250000000E-01  0.3426298956    
  0.7375000000E-01  0.3541981432    
  0.7500000000E-01  0.3658488156    
  0.7625000000E-01  0.3777061595    
  0.7750000000E-01  0.3900721041    
  0.7875000000E-01  0.4031796094    
  0.8000000000E-01  0.4171434868    
  0.8125000000E-01  0.4320222495    
  0.8250000000E-01  0.4478650816    
  0.8375000000E-01  0.4647213732    
  0.8500000000E-01  0.4826149048    
  0.8625000000E-01  0.5014830732    
  0.8750000000E-01  0.5211401037    
  0.8875000000E-01  0.5414243489    
  0.9000000000E-01  0.5624601036    
  0.9125000000E-01  0.5846141174    
  0.9250000000E-01  0.6082275927    
  0.9375000000E-01  0.6335200950    
  0.9500000000E-01  0.6606447061    
  0.9625000000E-01  0.6897478746    
  0.9750000000E-01  0.7209982229    
  0.9875000000E-01  0.7545968201    
  0.1000000000      0.7907821545    
  0.1012500000      0.8298385841    
  0.1025000000      0.8721098966    
  0.1037500000      0.9180098874    
  0.1050000000      0.9680294225    
  0.1062500000       1.022750070    
  0.1075000000       1.082870672    
  0.1087500000       1.149247729    
  0.1100000000       1.222943587    
  0.1112500000       1.305282256    
  0.1125000000       1.397928143    
  0.1137500000       1.503003021    
  0.1150000000       1.623254205    
  0.1162500000       1.762295554    
  0.1175000000       1.924957035    
  0.1187500000       2.117795025    
  0.1200000000       2.349833173    
  0.1212500000       2.633608065    
  0.1225000000       2.986524119    
  0.1237500000       3.432182377    
  0.1250000000       4.000192209    
  0.1262500000       4.719856862    
  0.1275000000       5.597654591    
  0.1287500000       6.570480493    
  0.1300000000       7.468773347    
  0.1312500000       8.081105540    
  0.1325000000       8.305890525    
  0.1337500000       8.239061288    
  0.1350000000       8.125865615    
  0.1362500000       8.205967193    
  0.1375000000       8.618643845    
  0.1387500000       9.414314746    
  0.1400000000       10.57158551    
  0.1412500000       11.98566826    
  0.1425000000       13.48627218    
  0.1437500000       14.91245173    
  0.1450000000       16.19441789    
  0.1462500000       17.39527153    
  0.1475000000       18.56687910    
  0.1487500000       19.58908087    
  0.1500000000       20.33770968    
  0.1512500000       20.90939007    
  0.1525000000       21.55782197    
  0.1537500000       22.49526285    
  0.1550000000       23.80021250    
  0.1562500000       25.37669972    
  0.1575000000       26.99144190    
  0.1587500000       28.50707880    
  0.1600000000       29.97619133    
  0.1612500000       31.43516702    
  0.1625000000       32.82679904    
  0.1637500000       34.10883187    
  0.1650000000       35.28030230    
  0.1662500000       36.31831536    
  0.1675000000       37.09825586    
  0.1687500000       37.38837290    
  0.1700000000       37.04425492    
  0.1712500000       36.21006327    
  0.1725000000       35.16918393    
  0.1737500000       34.09035419    
  0.1750000000       32.93117427    
  0.1762500000       31.46728154    
  0.1775000000       29.55311441    
  0.1787500000       27.34622771    
  0.1800000000       25.17254502    
  0.1812500000       23.32215777    
  0.1825000000       22.01412490    
  0.1837500000       21.36408199    
  0.1850000000       21.30458207    
  0.1862500000       21.60227384    
  0.1875000000       21.98800062    
  0.1887500000       22.25585807    
  0.1900000000       22.24997281    
  0.1912500000       21.84569431    
  0.1925000000       21.02855437    
  0.1937500000       19.98912837    
  0.1950000000       19.03557277    
  0.1962500000       18.35869214    
  0.1975000000       18.00186989    
  0.1987500000       17.98329971    
  0.2000000000       18.28124684    
  0.2012500000       18.76175265    
  0.2025000000       19.22795876    
  0.2037500000       19.53172380    
  0.2050000000       19.64574945    
  0.2062500000       19.64300625    
  0.2075000000       19.58977479    
  0.2087500000       19.50682993    
  0.2100000000       19.35298055    
  0.2112500000       19.01579519    
  0.2125000000       18.38436352    
  0.2137500000       17.42378419    
  0.2150000000       16.24554982    
  0.2162500000       15.05969549    
  0.2175000000       14.03758425    
  0.2187500000       13.26000303    
  0.2200000000       12.71566557    
  0.2212500000       12.33511018    
  0.2225000000       12.05625401    
  0.2237500000       11.84159788    
  0.2250000000       11.63714768    
  0.2262500000       11.38386036    
  0.2275000000       11.06232436    
  0.2287500000       10.68554417    
  0.2300000000       10.28061309    
  0.2312500000       9.880874913    
  0.2325000000       9.504512479    
  0.2337500000       9.139413714    
  0.2350000000       8.779616300    
  0.2362500000       8.471992048    
  0.2375000000       8.276009724    
  0.2387500000       8.201091368    
  0.2400000000       8.210907033    
  0.2412500000       8.248989783    
  0.2425000000       8.260366408    
  0.2437500000       8.215601388    
  0.2450000000       8.101731128    
  0.2462500000       7.920121667    
  0.2475000000       7.716619262    
  0.2487500000       7.547312963    
  0.2500000000       7.405377145    
  0.2512500000       7.225019523    
  0.2525000000       6.965008016    
  0.2537500000       6.663821850    
  0.2550000000       6.382303443    
  0.2562500000       6.127725374    
  0.2575000000       5.865881323    
  0.2587500000       5.575470743    
  0.2600000000       5.273167735    
  0.2612500000       4.985220647    
  0.2625000000       4.712548687    
  0.2637500000       4.451589349    
  0.2650000000       4.221170262    
  0.2662500000       4.039169907    
  0.2675000000       3.906167817    
  0.2687500000       3.822444817    
  0.2700000000       3.793056766    
  0.2712500000       3.813516768    
  0.2725000000       3.861734245    
  0.2737500000       3.903821410    
  0.2750000000       3.906952522    
  0.2762500000       3.855779759    
  0.2775000000       3.765067921    
  0.2787500000       3.661096286    
  0.2800000000       3.546745366    
  0.2812500000       3.407570175    
  0.2825000000       3.243546082    
  0.2837500000       3.073058169    
  0.2850000000       2.921571840    
  0.2862500000       2.811844532    
  0.2875000000       2.750873003    
  0.2887500000       2.726023363    
  0.2900000000       2.719780817    
  0.2912500000       2.724806918    
  0.2925000000       2.737061306    
  0.2937500000       2.746148746    
  0.2950000000       2.748525812    
  0.2962500000       2.753167042    
  0.2975000000       2.764328871    
  0.2987500000       2.782429759    
  0.3000000000       2.810582017    
  0.3012500000       2.835825771    
  0.3025000000       2.824692192    
  0.3037500000       2.757991336    
  0.3050000000       2.652144082    
  0.3062500000       2.537053658    
  0.3075000000       2.429966051    
  0.3087500000       2.332933929    
  0.3100000000       2.244642156    
  0.3112500000       2.164698671    
  0.3125000000       2.087888913    
  0.3137500000       2.007446381    
  0.3150000000       1.924506958    
  0.3162500000       1.844433459    
  0.3175000000       1.771446926    
  0.3187500000       1.710468080    
  0.3200000000       1.663435048    
  0.3212500000       1.624772678    
  0.3225000000       1.588196590    
  0.3237500000       1.553732146    
  0.3250000000       1.526228488    
  0.3262500000       1.510848967    
  0.3275000000       1.506875970    
  0.3287500000       1.503928266    
  0.3300000000       1.490592650    
  0.3312500000       1.465598102    
  0.3325000000       1.437233721    
  0.3337500000       1.414738886    
  0.3350000000       1.403723119    
  0.3362500000       1.405336460    
  0.3375000000       1.416378838    
  0.3387500000       1.434361340    
  0.3400000000       1.463150510    
  0.3412500000       1.508472320    
  0.3425000000       1.572552711    
  0.3437500000       1.653285936    
  0.3450000000       1.742150437    
  0.3462500000       1.830235456    
  0.3475000000       1.917981257    
  0.3487500000       2.005818467    
  0.3500000000       2.079307270    
  0.3512500000       2.114487609    
  0.3525000000       2.091829290    
  0.3537500000       2.006325124    
  0.3550000000       1.876515726    
  0.3562500000       1.739270627    
  0.3575000000       1.624717153    
  0.3587500000       1.540224062    
  0.3600000000       1.479646951    
  0.3612500000       1.438066342    
  0.3625000000       1.412870006    
  0.3637500000       1.400148207    
  0.3650000000       1.391981796    
  0.3662500000       1.377006857    
  0.3675000000       1.350220449    
  0.3687500000       1.317207527    
  0.3700000000       1.284122375    
  0.3712500000       1.252196065    
  0.3725000000       1.223601838    
  0.3737500000       1.204872625    
  0.3750000000       1.200790732    
  0.3762500000       1.207870470    
  0.3775000000       1.217444985    
  0.3787500000       1.224302640    
  0.3800000000       1.226567818    
  0.3812500000       1.218620398    
  0.3825000000       1.194222686    
  0.3837500000       1.154315625    
  0.3850000000       1.106711209    
  0.3862500000       1.062110088    
  0.3875000000       1.027781024    
  0.3887500000       1.001968516    
  0.3900000000      0.9768261411    
  0.3912500000      0.9483545360    
  0.3925000000      0.9198410456    
  0.3937500000      0.8959863580    
  0.3950000000      0.8779110211    
  0.3962500000      0.8642086686    
  0.3975000000      0.8550979538    
  0.3987500000      0.8531471987    
  0.4000000000      0.8595349431    
  0.4012500000      0.8725655268    
  0.4025000000      0.8889592319    
  0.4037500000      0.9028587705    
  0.4050000000      0.9074069459    
  0.4062500000      0.9019307130    
  0.4075000000      0.8926995908    
  0.4087500000      0.8858906895    
  0.4100000000      0.8844338662    
  0.4112500000      0.8872884923    
  0.4125000000      0.8893985945    
  0.4137500000      0.8854267699    
  0.4150000000      0.8722998079    
  0.4162500000      0.8502266054    
  0.4175000000      0.8242151433    
  0.4187500000      0.8017407626    
  0.4200000000      0.7875964405    
  0.4212500000      0.7834685736    
  0.4225000000      0.7898510113    
  0.4237500000      0.8051780192    
  0.4250000000      0.8252076529    
  0.4262500000      0.8444462812    
  0.4275000000      0.8569249939    
  0.4287500000      0.8558194659    
  0.4300000000      0.8363760483    
  0.4312500000      0.8008905040    
  0.4325000000      0.7572874757    
  0.4337500000      0.7124022991    
  0.4350000000      0.6698947839    
  0.4362500000      0.6321392082    
  0.4375000000      0.5999875589    
  0.4387500000      0.5721499220    
  0.4400000000      0.5467932200    
  0.4412500000      0.5243639893    
  0.4425000000      0.5076915485    
  0.4437500000      0.4992902303    
  0.4450000000      0.4999227208    
  0.4462500000      0.5083081420    
  0.4475000000      0.5209700264    
  0.4487500000      0.5335413742    
  0.4500000000      0.5433333458    
  0.4512500000      0.5500129515    
  0.4525000000      0.5539485766    
  0.4537500000      0.5548368797    
  0.4550000000      0.5518308311    
  0.4562500000      0.5444326877    
  0.4575000000      0.5327382199    
  0.4587500000      0.5176740621    
  0.4600000000      0.4999405033    
  0.4612500000      0.4794450543    
  0.4625000000      0.4574289863    
  0.4637500000      0.4372631772    
  0.4650000000      0.4228711193    
  0.4662500000      0.4170736298    
  0.4675000000      0.4196221157    
  0.4687500000      0.4262134886    
  0.4700000000      0.4310543504    
  0.4712500000      0.4315865582    
  0.4725000000      0.4300627683    
  0.4737500000      0.4302554894    
  0.4750000000      0.4337641797    
  0.4762500000      0.4394324492    
  0.4775000000      0.4452892041    
  0.4787500000      0.4505550280    
  0.4800000000      0.4558620830    
  0.4812500000      0.4616184048    
  0.4825000000      0.4664121313    
  0.4837500000      0.4673059934    
  0.4850000000      0.4619563845    
  0.4862500000      0.4508510461    
  0.4875000000      0.4376919971    
  0.4887500000      0.4269256161    
  0.4900000000      0.4204806589    
  0.4912500000      0.4175458987    
  0.4925000000      0.4169715856    
  0.4937500000      0.4185129738    
  0.4950000000      0.4216457550    
  0.4962500000      0.4252570695    
  0.4975000000      0.4285916538    
  0.4987500000      0.4311918240    
  0.5000000000      0.4329773503    
  0.5012500000      0.4335370425    
  0.5025000000      0.4308901548    
  0.5037500000      0.4235889359    
  0.5050000000      0.4129139206    
  0.5062500000      0.4008432262    
  0.5075000000      0.3883288006    
  0.5087500000      0.3759178249    
  0.5100000000      0.3649429577    
  0.5112500000      0.3574222509    
  0.5125000000      0.3539463662    
  0.5137500000      0.3530728913    
  0.5150000000      0.3533207573    
  0.5162500000      0.3545702807    
  0.5175000000      0.3574352326    
  0.5187500000      0.3625260041    
  0.5200000000      0.3700249893    
  0.5212500000      0.3780071827    
  0.5225000000      0.3822184006    
  0.5237500000      0.3799885158    
  0.5250000000      0.3734661366    
  0.5262500000      0.3669787456    
  0.5275000000      0.3625049481    
  0.5287500000      0.3588711234    
  0.5300000000      0.3534098732    
  0.5312500000      0.3443603339    
  0.5325000000      0.3320263708    
  0.5337500000      0.3174705471    
  0.5350000000      0.3017249487    
  0.5362500000      0.2861073701    
  0.5375000000      0.2722663133    
  0.5387500000      0.2617419409    
  0.5400000000      0.2553272303    
  0.5412500000      0.2525172470    
  0.5425000000      0.2517484010    
  0.5437500000      0.2518058339    
  0.5450000000      0.2528470388    
  0.5462500000      0.2555218805    
  0.5475000000      0.2598299753    
  0.5487500000      0.2649811722    
  0.5500000000      0.2693918279    
  0.5512500000      0.2713777682    
  0.5525000000      0.2708412295    
  0.5537500000      0.2698046221    
  0.5550000000      0.2704112708    
  0.5562500000      0.2731289724    
  0.5575000000      0.2767285898    
  0.5587500000      0.2787646166    
  0.5600000000      0.2770297336    
  0.5612500000      0.2711308097    
  0.5625000000      0.2620811451    
  0.5637500000      0.2512595317    
  0.5650000000      0.2401300816    
  0.5662500000      0.2301836169    
  0.5675000000      0.2226693464    
  0.5687500000      0.2179712945    
  0.5700000000      0.2155560558    
  0.5712500000      0.2147941751    
  0.5725000000      0.2153726177    
  0.5737500000      0.2170955498    
  0.5750000000      0.2194436339    
  0.5762500000      0.2212385324    
  0.5775000000      0.2212221352    
  0.5787500000      0.2194049573    
  0.5800000000      0.2171686678    
  0.5812500000      0.2156364502    
  0.5825000000      0.2145294815    
  0.5837500000      0.2130001566    
  0.5850000000      0.2110322329    
  0.5862500000      0.2091766544    
  0.5875000000      0.2072197133    
  0.5887500000      0.2038422540    
  0.5900000000      0.1977395444    
  0.5912500000      0.1889627761    
  0.5925000000      0.1789309193    
  0.5937500000      0.1695468739    
  0.5950000000      0.1623565681    
  0.5962500000      0.1579756251    
  0.5975000000      0.1561783382    
  0.5987500000      0.1563539257    
  0.6000000000      0.1576054621    
  0.6012500000      0.1586533952    
  0.6025000000      0.1584361112    
  0.6037500000      0.1569685675    
  0.6050000000      0.1552286033    
  0.6062500000      0.1542190549    
  0.6075000000      0.1541249293    
  0.6087500000      0.1543571585    
  0.6100000000      0.1543378169    
  0.6112500000      0.1538967147    
  0.6125000000      0.1531835029    
  0.6137500000      0.1524703097    
  0.6150000000      0.1516380124    
  0.6162500000      0.1499176931    
  0.6175000000      0.1466528193    
  0.6187500000      0.1419468078    
  0.6200000000      0.1363448231    
  0.6212500000      0.1304201229    
  0.6225000000      0.1247851362    
  0.6237500000      0.1200874823    
  0.6250000000      0.1166038799    
  0.6262500000      0.1140212921    
  0.6275000000      0.1116971125    
  0.6287500000      0.1092089645    
  0.6300000000      0.1067602887    
  0.6312500000      0.1050297915    
  0.6325000000      0.1045904313    
  0.6337500000      0.1055913907    
  0.6350000000      0.1077613870    
  0.6362500000      0.1105566613    
  0.6375000000      0.1134957683    
  0.6387500000      0.1163035256    
  0.6400000000      0.1189043358    
  0.6412500000      0.1213812960    
  0.6425000000      0.1239160322    
  0.6437500000      0.1267231527    
  0.6450000000      0.1298920781    
  0.6462500000      0.1332549717    
  0.6475000000      0.1364012935    
  0.6487500000      0.1386552082    
  0.6500000000      0.1391205750    
  0.6512500000      0.1372232441    
  0.6525000000      0.1331713606    
  0.6537500000      0.1276287909    
  0.6550000000      0.1211778290    
  0.6562500000      0.1144258354    
  0.6575000000      0.1082338814    
  0.6587500000      0.1033520982    
  0.6600000000      0.1001252185    
  0.6612500000      0.9864215636E-01
  0.6625000000      0.9878506789E-01
  0.6637500000      0.1001799253    
  0.6650000000      0.1023786218    
  0.6662500000      0.1049556893    
  0.6675000000      0.1073702570    
  0.6687500000      0.1091539388    
  0.6700000000      0.1104189994    
  0.6712500000      0.1116687337    
  0.6725000000      0.1129674247    
  0.6737500000      0.1137159966    
  0.6750000000      0.1131727251    
  0.6762500000      0.1110064012    
  0.6775000000      0.1075566579    
  0.6787500000      0.1035907131    
  0.6800000000      0.9955637138E-01
  0.6812500000      0.9529400849E-01
  0.6825000000      0.9077061122E-01
  0.6837500000      0.8648919839E-01
  0.6850000000      0.8284853094E-01
  0.6862500000      0.7982071731E-01
  0.6875000000      0.7727845515E-01
  0.6887500000      0.7511576893E-01
  0.6900000000      0.7325608210E-01
  0.6912500000      0.7184783846E-01
  0.6925000000      0.7122506083E-01
  0.6937500000      0.7144588320E-01
  0.6950000000      0.7204824165E-01
  0.6962500000      0.7237810661E-01
  0.6975000000      0.7207548184E-01
  0.6987500000      0.7132396088E-01
  0.7000000000      0.7061941339E-01
  0.7012500000      0.7031932780E-01
  0.7025000000      0.7053813096E-01
  0.7037500000      0.7115543626E-01
  0.7050000000      0.7188494871E-01
  0.7062500000      0.7252108375E-01
  0.7075000000      0.7299157243E-01
  0.7087500000      0.7336774780E-01
  0.7100000000      0.7377254425E-01
  0.7112500000      0.7405192193E-01
  0.7125000000      0.7373434264E-01
  0.7137500000      0.7242818790E-01
  0.7150000000      0.7013142554E-01
  0.7162500000      0.6717521736E-01
  0.7175000000      0.6386886433E-01
  0.7187500000      0.6041200906E-01
  0.7200000000      0.5722401372E-01
  0.7212500000      0.5487021257E-01
  0.7225000000      0.5362409235E-01
  0.7237500000      0.5332077669E-01
  0.7250000000      0.5359005043E-01
  0.7262500000      0.5415382690E-01
  0.7275000000      0.5488877537E-01
  0.7287500000      0.5576760203E-01
  0.7300000000      0.5678057070E-01
  0.7312500000      0.5777948790E-01
  0.7325000000      0.5860894869E-01
  0.7337500000      0.5937930141E-01
  0.7350000000      0.6029835320E-01
  0.7362500000      0.6135643853E-01
  0.7375000000      0.6235800868E-01
  0.7387500000      0.6307743379E-01
  0.7400000000      0.6325176499E-01
  0.7412500000      0.6257864972E-01
  0.7425000000      0.6096625087E-01
  0.7437500000      0.5870703438E-01
  0.7450000000      0.5622178860E-01
  0.7462500000      0.5375801310E-01
  0.7475000000      0.5147273473E-01
  0.7487500000      0.4950908105E-01
  0.7500000000      0.4784982315E-01
  0.7512500000      0.4641430451E-01
  0.7525000000      0.4527176889E-01
  0.7537500000      0.4443574246E-01
  0.7550000000      0.4367286057E-01
  0.7562500000      0.4280497622E-01
  0.7575000000      0.4192044932E-01
  0.7587500000      0.4116485431E-01
  0.7600000000      0.4064614944E-01
  0.7612500000      0.4049636618E-01
  0.7625000000      0.4072415693E-01
  0.7637500000      0.4112164641E-01
  0.7650000000      0.4151314943E-01
  0.7662500000      0.4191940113E-01
  0.7675000000      0.4237545578E-01
  0.7687500000      0.4276737177E-01
  0.7700000000      0.4284387285E-01
  0.7712500000      0.4240416648E-01
  0.7725000000      0.4144475049E-01
  0.7737500000      0.4012104706E-01
  0.7750000000      0.3867231157E-01
  0.7762500000      0.3736403212E-01
  0.7775000000      0.3643474918E-01
  0.7787500000      0.3601196078E-01
  0.7800000000      0.3600302611E-01
  0.7812500000      0.3606407833E-01
  0.7825000000      0.3583170580E-01
  0.7837500000      0.3527781614E-01
  0.7850000000      0.3467208505E-01
  0.7862500000      0.3425186846E-01
  0.7875000000      0.3407277216E-01
  0.7887500000      0.3407380382E-01
  0.7900000000      0.3420247151E-01
  0.7912500000      0.3442566617E-01
  0.7925000000      0.3465018051E-01
  0.7937500000      0.3474445701E-01
  0.7950000000      0.3467944578E-01
  0.7962500000      0.3450159551E-01
  0.7975000000      0.3421320276E-01
  0.7987500000      0.3390441936E-01
  0.8000000000      0.3388889686E-01
  0.8012500000      0.3449837581E-01
  0.8025000000      0.3577054838E-01
  0.8037500000      0.3733205669E-01
  0.8050000000      0.3853459736E-01
  0.8062500000      0.3885168391E-01
  0.8075000000      0.3823856798E-01
  0.8087500000      0.3699147217E-01
  0.8100000000      0.3536177075E-01
  0.8112500000      0.3355759910E-01
  0.8125000000      0.3185866080E-01
  0.8137500000      0.3048513881E-01
  0.8150000000      0.2946327153E-01
  0.8162500000      0.2865778159E-01
  0.8175000000      0.2791318285E-01
  0.8187500000      0.2719399109E-01
  0.8200000000      0.2663736326E-01
  0.8212500000      0.2644627608E-01
  0.8225000000      0.2673606712E-01
  0.8237500000      0.2746064285E-01
  0.8250000000      0.2841873484E-01
  0.8262500000      0.2934852258E-01
  0.8275000000      0.3000172682E-01
  0.8287500000      0.3015735943E-01
  0.8300000000      0.2973847827E-01
  0.8312500000      0.2888391057E-01
  0.8325000000      0.2783141222E-01
  0.8337500000      0.2677081794E-01
  0.8350000000      0.2582622492E-01
  0.8362500000      0.2508066776E-01
  0.8375000000      0.2449042628E-01
  0.8387500000      0.2387468902E-01
  0.8400000000      0.2311207995E-01
  0.8412500000      0.2221989843E-01
  0.8425000000      0.2124255146E-01
  0.8437500000      0.2020837807E-01
  0.8450000000      0.1917475040E-01
  0.8462500000      0.1821710294E-01
  0.8475000000      0.1737198113E-01
  0.8487500000      0.1663232551E-01
  0.8500000000      0.1600081690E-01
  0.8512500000      0.1551848743E-01
  0.8525000000      0.1521615726E-01
  0.8537500000      0.1507607310E-01
  0.8550000000      0.1504399304E-01
  0.8562500000      0.1506533422E-01
  0.8575000000      0.1510383117E-01
  0.8587500000      0.1513158168E-01
  0.8600000000      0.1512452219E-01
  0.8612500000      0.1506307299E-01
  0.8625000000      0.1493261233E-01
  0.8637500000      0.1472042506E-01
  0.8650000000      0.1440141326E-01
  0.8662500000      0.1397297837E-01
  0.8675000000      0.1349933046E-01
  0.8687500000      0.1306723988E-01
  0.8700000000      0.1273134327E-01
  0.8712500000      0.1251426841E-01
  0.8725000000      0.1241787396E-01
  0.8737500000      0.1242256613E-01
  0.8750000000      0.1250327638E-01
  0.8762500000      0.1265837348E-01
  0.8775000000      0.1289474601E-01
  0.8787500000      0.1318177552E-01
  0.8800000000      0.1345452682E-01
  0.8812500000      0.1365274604E-01
  0.8825000000      0.1373984594E-01
  0.8837500000      0.1371135998E-01
  0.8850000000      0.1358231940E-01
  0.8862500000      0.1337923468E-01
  0.8875000000      0.1314815145E-01
  0.8887500000      0.1291649777E-01
  0.8900000000      0.1266903118E-01
  0.8912500000      0.1239330849E-01
  0.8925000000      0.1213540160E-01
  0.8937500000      0.1198130637E-01
  0.8950000000      0.1198698680E-01
  0.8962500000      0.1215209019E-01
  0.8975000000      0.1243391963E-01
  0.8987500000      0.1275792577E-01
  0.9000000000      0.1304257805E-01
  0.9012500000      0.1322306358E-01
  0.9025000000      0.1324342990E-01
  0.9037500000      0.1306245075E-01
  0.9050000000      0.1266694505E-01
  0.9062500000      0.1209957499E-01
  0.9075000000      0.1147324582E-01
  0.9087500000      0.1090329731E-01
  0.9100000000      0.1044014143E-01
  0.9112500000      0.1007917191E-01
  0.9125000000      0.9811986908E-02
  0.9137500000      0.9647602813E-02
  0.9150000000      0.9592295781E-02
  0.9162500000      0.9623517132E-02
  0.9175000000      0.9684576404E-02
  0.9187500000      0.9718178243E-02
  0.9200000000      0.9716849107E-02
  0.9212500000      0.9719422237E-02
  0.9225000000      0.9750444055E-02
  0.9237500000      0.9797371146E-02
  0.9250000000      0.9843770958E-02
  0.9262500000      0.9892838413E-02
  0.9275000000      0.9968090541E-02
  0.9287500000      0.1010051723E-01
  0.9300000000      0.1030724592E-01
  0.9312500000      0.1057942376E-01
  0.9325000000      0.1085563787E-01
  0.9337500000      0.1102135791E-01
  0.9350000000      0.1101358898E-01
  0.9362500000      0.1088330136E-01
  0.9375000000      0.1068396922E-01
  0.9387500000      0.1039217339E-01
  0.9400000000      0.9988607707E-02
  0.9412500000      0.9543257074E-02
  0.9425000000      0.9167891247E-02
  0.9437500000      0.8933866698E-02
  0.9450000000      0.8856619658E-02
  0.9462500000      0.8905239144E-02
  0.9475000000      0.9002469518E-02
  0.9487500000      0.9029476961E-02
  0.9500000000      0.8878841233E-02
  0.9512500000      0.8551786634E-02
  0.9525000000      0.8154158808E-02
  0.9537500000      0.7787729770E-02
  0.9550000000      0.7496693395E-02
  0.9562500000      0.7285067529E-02
  0.9575000000      0.7140487898E-02
  0.9587500000      0.7043165889E-02
  0.9600000000      0.6968542430E-02
  0.9612500000      0.6890592551E-02
  0.9625000000      0.6799344562E-02
  0.9637500000      0.6712820755E-02
  0.9650000000      0.6653234344E-02
  0.9662500000      0.6619495325E-02
  0.9675000000      0.6588705374E-02
  0.9687500000      0.6544927997E-02
  0.9700000000      0.6498442312E-02
  0.9712500000      0.6465582790E-02
  0.9725000000      0.6445132659E-02
  0.9737500000      0.6421629455E-02
  0.9750000000      0.6375017282E-02
  0.9762500000      0.6281416799E-02
  0.9775000000      0.6135794576E-02
  0.9787500000      0.5969727275E-02
  0.9800000000      0.5822089399E-02
  0.9812500000      0.5711193140E-02
  0.9825000000      0.5634473694E-02
  0.9837500000      0.5576580735E-02
  0.9850000000      0.5518949458E-02
  0.9862500000      0.5451097511E-02
  0.9875000000      0.5374546283E-02
  0.9887500000      0.5294897232E-02
  0.9900000000      0.5217188207E-02
  0.9912500000      0.5146890284E-02
  0.9925000000      0.5085865647E-02
  0.9937500000      0.5029761716E-02
  0.9950000000      0.4973788315E-02
  0.9962500000      0.4919268069E-02
  0.9975000000      0.4870994494E-02
  0.9987500000      0.4831110925E-02
