   0.000000000     -0.3394132962E-10
  0.1025457845E-01  0.1888579557E-04
  0.2050915690E-01  0.3774855680E-04
  0.3076373535E-01  0.5656537833E-04
  0.4101831380E-01  0.7531361194E-04
  0.5127289224E-01  0.9397099299E-04
  0.6152747069E-01  0.1125157644E-03
  0.7178204914E-01  0.1309267971E-03
  0.8203662759E-01  0.1491837067E-03
  0.9229120604E-01  0.1672669646E-03
  0.1025457845      0.1851580040E-03
  0.1128003629      0.2028393184E-03
  0.1230549414      0.2202945538E-03
  0.1333095198      0.2375085924E-03
  0.1435640983      0.2544676267E-03
  0.1538186767      0.2711592258E-03
  0.1640732552      0.2875723900E-03
  0.1743278336      0.3036975955E-03
  0.1845824121      0.3195268278E-03
  0.1948369905      0.3350536033E-03
  0.2050915690      0.3502729785E-03
  0.2153461474      0.3651815471E-03
  0.2256007259      0.3797774247E-03
  0.2358553043      0.3940602199E-03
  0.2461098828      0.4080309931E-03
  0.2563644612      0.4216922031E-03
  0.2666190397      0.4350476401E-03
  0.2768736181      0.4481023480E-03
  0.2871281966      0.4608625340E-03
  0.2973827750      0.4733354689E-03
  0.3076373535      0.4855293761E-03
  0.3178919319      0.4974533127E-03
  0.3281465104      0.5091170432E-03
  0.3384010888      0.5205309060E-03
  0.3486556673      0.5317056765E-03
  0.3589102457      0.5426524259E-03
  0.3691648242      0.5533823796E-03
  0.3794194026      0.5639067756E-03
  0.3896739811      0.5742367252E-03
  0.3999285595      0.5843830783E-03
  0.4101831380      0.5943562938E-03
  0.4204377164      0.6041663188E-03
  0.4306922949      0.6138224763E-03
  0.4409468733      0.6233333642E-03
  0.4512014517      0.6327067665E-03
  0.4614560302      0.6419495770E-03
  0.4717106086      0.6510677385E-03
  0.4819651871      0.6600661954E-03
  0.4922197655      0.6689488615E-03
  0.5024743440      0.6777186039E-03
  0.5127289224      0.6863772404E-03
  0.5229835009      0.6949255519E-03
  0.5332380793      0.7033633083E-03
  0.5434926578      0.7116893071E-03
  0.5537472362      0.7199014233E-03
  0.5640018147      0.7279966696E-03
  0.5742563931      0.7359712654E-03
  0.5845109716      0.7438207130E-03
  0.5947655500      0.7515398791E-03
  0.6050201285      0.7591230814E-03
  0.6152747069      0.7665641761E-03
  0.6255292854      0.7738566482E-03
  0.6357838638      0.7809936999E-03
  0.6460384423      0.7879683377E-03
  0.6562930207      0.7947734566E-03
  0.6665475992      0.8014019204E-03
  0.6768021776      0.8078466355E-03
  0.6870567561      0.8141006205E-03
  0.6973113345      0.8201570684E-03
  0.7075659130      0.8260094010E-03
  0.7178204914      0.8316513171E-03
  0.7280750699      0.8370768322E-03
  0.7383296483      0.8422803105E-03
  0.7485842268      0.8472564895E-03
  0.7588388052      0.8520004965E-03
  0.7690933837      0.8565078592E-03
  0.7793479621      0.8607745077E-03
  0.7896025406      0.8647967719E-03
  0.7998571190      0.8685713725E-03
  0.8101116975      0.8720954070E-03
  0.8203662759      0.8753663316E-03
  0.8306208544      0.8783819399E-03
  0.8408754328      0.8811403384E-03
  0.8511300113      0.8836399205E-03
  0.8613845897      0.8858793394E-03
  0.8716391682      0.8878574806E-03
  0.8818937466      0.8895734352E-03
  0.8921483250      0.8910264741E-03
  0.9024029035      0.8922160243E-03
  0.9126574819      0.8931416479E-03
  0.9229120604      0.8938030241E-03
  0.9331666388      0.8941999341E-03
  0.9434212173      0.8943322513E-03
  0.9434212173      0.8943322513E-03
  0.9535655315      0.8943189294E-03
  0.9637098456      0.8942790429E-03
  0.9738541598      0.8942128294E-03
  0.9839984740      0.8941206825E-03
  0.9941427881      0.8940031484E-03
   1.004287102      0.8938609212E-03
   1.014431416      0.8936948370E-03
   1.024575731      0.8935058665E-03
   1.034720045      0.8932951070E-03
   1.044864359      0.8930637731E-03
   1.055008673      0.8928131868E-03
   1.065152987      0.8925447664E-03
   1.075297301      0.8922600150E-03
   1.085441616      0.8919605092E-03
   1.095585930      0.8916478862E-03
   1.105730244      0.8913238320E-03
   1.115874558      0.8909900687E-03
   1.126018872      0.8906483419E-03
   1.136163186      0.8903004094E-03
   1.146307501      0.8899480289E-03
   1.156451815      0.8895929470E-03
   1.166596129      0.8892368888E-03
   1.176740443      0.8888815480E-03
   1.186884757      0.8885285774E-03
   1.197029071      0.8881795816E-03
   1.207173386      0.8878361087E-03
   1.217317700      0.8874996447E-03
   1.227462014      0.8871716080E-03
   1.237606328      0.8868533448E-03
   1.247750642      0.8865461255E-03
   1.257894956      0.8862511429E-03
   1.268039271      0.8859695098E-03
   1.278183585      0.8857022585E-03
   1.288327899      0.8854503408E-03
   1.298472213      0.8852146283E-03
   1.308616527      0.8849959136E-03
   1.318760841      0.8847949122E-03
   1.328905156      0.8846122641E-03
   1.339049470      0.8844485359E-03
   1.349193784      0.8843042235E-03
   1.359338098      0.8841797544E-03
   1.369482412      0.8840754898E-03
   1.379626726      0.8839917270E-03
   1.389771041      0.8839287014E-03
   1.399915355      0.8838865878E-03
   1.410059669      0.8838655021E-03
   1.420203983      0.8838655021E-03
   1.430348297      0.8838865878E-03
   1.440492611      0.8839287014E-03
   1.450636926      0.8839917270E-03
   1.460781240      0.8840754898E-03
   1.470925554      0.8841797544E-03
   1.481069868      0.8843042235E-03
   1.491214182      0.8844485359E-03
   1.501358496      0.8846122641E-03
   1.511502811      0.8847949122E-03
   1.521647125      0.8849959136E-03
   1.531791439      0.8852146283E-03
   1.541935753      0.8854503408E-03
   1.552080067      0.8857022585E-03
   1.562224381      0.8859695098E-03
   1.572368695      0.8862511429E-03
   1.582513010      0.8865461255E-03
   1.592657324      0.8868533448E-03
   1.602801638      0.8871716080E-03
   1.612945952      0.8874996447E-03
   1.623090266      0.8878361087E-03
   1.633234580      0.8881795816E-03
   1.643378895      0.8885285774E-03
   1.653523209      0.8888815480E-03
   1.663667523      0.8892368888E-03
   1.673811837      0.8895929470E-03
   1.683956151      0.8899480289E-03
   1.694100465      0.8903004094E-03
   1.704244780      0.8906483419E-03
   1.714389094      0.8909900687E-03
   1.724533408      0.8913238320E-03
   1.734677722      0.8916478862E-03
   1.744822036      0.8919605092E-03
   1.754966350      0.8922600150E-03
   1.765110665      0.8925447664E-03
   1.775254979      0.8928131868E-03
   1.785399293      0.8930637731E-03
   1.795543607      0.8932951070E-03
   1.805687921      0.8935058665E-03
   1.815832235      0.8936948370E-03
   1.825976550      0.8938609212E-03
   1.836120864      0.8940031484E-03
   1.846265178      0.8941206825E-03
   1.856409492      0.8942128294E-03
   1.866553806      0.8942790429E-03
   1.876698120      0.8943189294E-03
   1.886842435      0.8943322513E-03
   1.886842435      0.8943322513E-03
   1.897027160      0.8942714923E-03
   1.907211886      0.8940892138E-03
   1.917396612      0.8937854115E-03
   1.927581338      0.8933600781E-03
   1.937766064      0.8928132038E-03
   1.947950789      0.8921447763E-03
   1.958135515      0.8913547813E-03
   1.968320241      0.8904432028E-03
   1.978504967      0.8894100234E-03
   1.988689693      0.8882552249E-03
   1.998874418      0.8869787889E-03
   2.009059144      0.8855806975E-03
   2.019243870      0.8840609337E-03
   2.029428596      0.8824194822E-03
   2.039613322      0.8806563305E-03
   2.049798047      0.8787714693E-03
   2.059982773      0.8767648936E-03
   2.070167499      0.8746366036E-03
   2.080352225      0.8723866054E-03
   2.090536951      0.8700149124E-03
   2.100721677      0.8675215461E-03
   2.110906402      0.8649065370E-03
   2.121091128      0.8621699258E-03
   2.131275854      0.8593117646E-03
   2.141460580      0.8563321177E-03
   2.151645306      0.8532310632E-03
   2.161830031      0.8500086935E-03
   2.172014757      0.8466651168E-03
   2.182199483      0.8432004582E-03
   2.192384209      0.8396148606E-03
   2.202568935      0.8359084861E-03
   2.212753660      0.8320815168E-03
   2.222938386      0.8281341562E-03
   2.233123112      0.8240666297E-03
   2.243307838      0.8198791865E-03
   2.253492564      0.8155720995E-03
   2.263677289      0.8111456673E-03
   2.273862015      0.8066002143E-03
   2.284046741      0.8019360923E-03
   2.294231467      0.7971536806E-03
   2.304416193      0.7922533876E-03
   2.314600918      0.7872356508E-03
   2.324785644      0.7821009381E-03
   2.334970370      0.7768497481E-03
   2.345155096      0.7714826107E-03
   2.355339822      0.7660000880E-03
   2.365524547      0.7604027742E-03
   2.375709273      0.7546912965E-03
   2.385893999      0.7488663152E-03
   2.396078725      0.7429285241E-03
   2.406263451      0.7368786507E-03
   2.416448176      0.7307174561E-03
   2.426632902      0.7244457358E-03
   2.436817628      0.7180643188E-03
   2.447002354      0.7115740682E-03
   2.457187080      0.7049758810E-03
   2.467371806      0.6982706876E-03
   2.477556531      0.6914594519E-03
   2.487741257      0.6845431709E-03
   2.497925983      0.6775228742E-03
   2.508110709      0.6703996238E-03
   2.518295435      0.6631745133E-03
   2.528480160      0.6558486676E-03
   2.538664886      0.6484232422E-03
   2.548849612      0.6408994224E-03
   2.559034338      0.6332784229E-03
   2.569219064      0.6255614865E-03
   2.579403789      0.6177498837E-03
   2.589588515      0.6098449118E-03
   2.599773241      0.6018478937E-03
   2.609957967      0.5937601772E-03
   2.620142693      0.5855831337E-03
   2.630327418      0.5773181576E-03
   2.640512144      0.5689666647E-03
   2.650696870      0.5605300915E-03
   2.660881596      0.5520098939E-03
   2.671066322      0.5434075462E-03
   2.681251047      0.5347245395E-03
   2.691435773      0.5259623811E-03
   2.701620499      0.5171225929E-03
   2.711805225      0.5082067102E-03
   2.721989951      0.4992162808E-03
   2.732174676      0.4901528635E-03
   2.742359402      0.4810180267E-03
   2.752544128      0.4718133480E-03
   2.762728854      0.4625404119E-03
   2.772913580      0.4532008097E-03
   2.783098305      0.4437961373E-03
   2.793283031      0.4343279951E-03
   2.803467757      0.4247979860E-03
   2.813652483      0.4152077148E-03
   2.823837209      0.4055587871E-03
   2.834021935      0.3958528081E-03
   2.844206660      0.3860913817E-03
   2.854391386      0.3762761096E-03
   2.864576112      0.3664085904E-03
   2.874760838      0.3564904186E-03
   2.884945564      0.3465231840E-03
   2.895130289      0.3365084707E-03
   2.905315015      0.3264478566E-03
   2.915499741      0.3163429126E-03
   2.925684467      0.3061952021E-03
   2.935869193      0.2960062803E-03
   2.946053918      0.2857776941E-03
   2.956238644      0.2755109810E-03
   2.966423370      0.2652076694E-03
   2.976608096      0.2548692780E-03
   2.986792822      0.2444973154E-03
   2.996977547      0.2340932802E-03
   3.007162273      0.2236586608E-03
   3.017346999      0.2131949351E-03
   3.027531725      0.2027035709E-03
   3.037716451      0.1921860256E-03
   3.047901176      0.1816437465E-03
   3.058085902      0.1710781707E-03
   3.068270628      0.1604907259E-03
   3.078455354      0.1498828301E-03
   3.088640080      0.1392558919E-03
   3.098824805      0.1286113115E-03
   3.109009531      0.1179504805E-03
   3.119194257      0.1072747825E-03
   3.129378983      0.9658559397E-04
   3.139563709      0.8588428426E-04
   3.149748434      0.7517221653E-04
   3.159933160      0.6445074829E-04
   3.170117886      0.5372123199E-04
   3.180302612      0.4298501573E-04
   3.190487338      0.3224344396E-04
   3.200672064      0.2149785816E-04
   3.210856789      0.1074959759E-04
   3.221041515     -0.3394132962E-10
   3.221041515     -0.3394132962E-10
   3.231254349      0.1251907998E-04
   3.241467184      0.2503301127E-04
   3.251680018      0.3753664830E-04
   3.261892852      0.5002485164E-04
   3.272105686      0.6249249112E-04
   3.282318521      0.7493444889E-04
   3.292531355      0.8734562243E-04
   3.302744189      0.9972092760E-04
   3.312957023      0.1120553016E-03
   3.323169858      0.1243437059E-03
   3.333382692      0.1365811293E-03
   3.343595526      0.1487625906E-03
   3.353808360      0.1608831416E-03
   3.364021195      0.1729378697E-03
   3.374234029      0.1849219007E-03
   3.384446863      0.1968304017E-03
   3.394659698      0.2086585833E-03
   3.404872532      0.2204017022E-03
   3.415085366      0.2320550641E-03
   3.425298200      0.2436140256E-03
   3.435511035      0.2550739966E-03
   3.445723869      0.2664304427E-03
   3.455936703      0.2776788874E-03
   3.466149537      0.2888149139E-03
   3.476362372      0.2998341673E-03
   3.486575206      0.3107323565E-03
   3.496788040      0.3215052559E-03
   3.507000874      0.3321487071E-03
   3.517213709      0.3426586210E-03
   3.527426543      0.3530309784E-03
   3.537639377      0.3632618324E-03
   3.547852211      0.3733473094E-03
   3.558065046      0.3832836099E-03
   3.568277880      0.3930670107E-03
   3.578490714      0.4026938649E-03
   3.588703548      0.4121606035E-03
   3.598916383      0.4214637363E-03
   3.609129217      0.4305998523E-03
   3.619342051      0.4395656210E-03
   3.629554885      0.4483577925E-03
   3.639767720      0.4569731982E-03
   3.649980554      0.4654087515E-03
   3.660193388      0.4736614481E-03
   3.670406222      0.4817283658E-03
   3.680619057      0.4896066656E-03
   3.690831891      0.4972935913E-03
   3.701044725      0.5047864695E-03
   3.711257560      0.5120827101E-03
   3.721470394      0.5191798058E-03
   3.731683228      0.5260753323E-03
   3.741896062      0.5327669482E-03
   3.752108897      0.5392523944E-03
   3.762321731      0.5455294943E-03
   3.772534565      0.5515961533E-03
   3.782747399      0.5574503584E-03
   3.792960234      0.5630901781E-03
   3.803173068      0.5685137617E-03
   3.813385902      0.5737193393E-03
   3.823598736      0.5787052206E-03
   3.833811571      0.5834697955E-03
   3.844024405      0.5880115327E-03
   3.854237239      0.5923289796E-03
   3.864450073      0.5964207619E-03
   3.874662908      0.6002855831E-03
   3.884875742      0.6039222236E-03
   3.895088576      0.6073295407E-03
   3.905301410      0.6105064680E-03
   3.915514245      0.6134520149E-03
   3.925727079      0.6161652659E-03
   3.935939913      0.6186453809E-03
   3.946152747      0.6208915938E-03
   3.956365582      0.6229032129E-03
   3.966578416      0.6246796205E-03
   3.976791250      0.6262202719E-03
   3.987004084      0.6275246960E-03
   3.997216919      0.6285924945E-03
   4.007429753      0.6294233417E-03
   4.017642587      0.6300169847E-03
   4.027855422      0.6303732426E-03
   4.038068256      0.6304920073E-03
     
   0.000000000     -0.3394132962E-10
  0.1025457845E-01  0.1888579557E-04
  0.2050915690E-01  0.3774855680E-04
  0.3076373535E-01  0.5656537833E-04
  0.4101831380E-01  0.7531361194E-04
  0.5127289224E-01  0.9397099299E-04
  0.6152747069E-01  0.1125157644E-03
  0.7178204914E-01  0.1309267971E-03
  0.8203662759E-01  0.1491837067E-03
  0.9229120604E-01  0.1672669646E-03
  0.1025457845      0.1851580040E-03
  0.1128003629      0.2028393184E-03
  0.1230549414      0.2202945538E-03
  0.1333095198      0.2375085924E-03
  0.1435640983      0.2544676267E-03
  0.1538186767      0.2711592258E-03
  0.1640732552      0.2875723900E-03
  0.1743278336      0.3036975955E-03
  0.1845824121      0.3195268278E-03
  0.1948369905      0.3350536033E-03
  0.2050915690      0.3502729785E-03
  0.2153461474      0.3651815471E-03
  0.2256007259      0.3797774247E-03
  0.2358553043      0.3940602199E-03
  0.2461098828      0.4080309931E-03
  0.2563644612      0.4216922031E-03
  0.2666190397      0.4350476401E-03
  0.2768736181      0.4481023480E-03
  0.2871281966      0.4608625340E-03
  0.2973827750      0.4733354689E-03
  0.3076373535      0.4855293761E-03
  0.3178919319      0.4974533127E-03
  0.3281465104      0.5091170432E-03
  0.3384010888      0.5205309060E-03
  0.3486556673      0.5317056765E-03
  0.3589102457      0.5426524259E-03
  0.3691648242      0.5533823796E-03
  0.3794194026      0.5639067756E-03
  0.3896739811      0.5742367252E-03
  0.3999285595      0.5843830783E-03
  0.4101831380      0.5943562938E-03
  0.4204377164      0.6041663188E-03
  0.4306922949      0.6138224763E-03
  0.4409468733      0.6233333642E-03
  0.4512014517      0.6327067665E-03
  0.4614560302      0.6419495770E-03
  0.4717106086      0.6510677385E-03
  0.4819651871      0.6600661954E-03
  0.4922197655      0.6689488615E-03
  0.5024743440      0.6777186039E-03
  0.5127289224      0.6863772404E-03
  0.5229835009      0.6949255519E-03
  0.5332380793      0.7033633083E-03
  0.5434926578      0.7116893071E-03
  0.5537472362      0.7199014233E-03
  0.5640018147      0.7279966696E-03
  0.5742563931      0.7359712654E-03
  0.5845109716      0.7438207130E-03
  0.5947655500      0.7515398791E-03
  0.6050201285      0.7591230814E-03
  0.6152747069      0.7665641761E-03
  0.6255292854      0.7738566482E-03
  0.6357838638      0.7809936999E-03
  0.6460384423      0.7879683377E-03
  0.6562930207      0.7947734566E-03
  0.6665475992      0.8014019204E-03
  0.6768021776      0.8078466355E-03
  0.6870567561      0.8141006205E-03
  0.6973113345      0.8201570684E-03
  0.7075659130      0.8260094010E-03
  0.7178204914      0.8316513171E-03
  0.7280750699      0.8370768322E-03
  0.7383296483      0.8422803105E-03
  0.7485842268      0.8472564895E-03
  0.7588388052      0.8520004965E-03
  0.7690933837      0.8565078592E-03
  0.7793479621      0.8607745077E-03
  0.7896025406      0.8647967719E-03
  0.7998571190      0.8685713725E-03
  0.8101116975      0.8720954070E-03
  0.8203662759      0.8753663316E-03
  0.8306208544      0.8783819399E-03
  0.8408754328      0.8811403384E-03
  0.8511300113      0.8836399205E-03
  0.8613845897      0.8858793394E-03
  0.8716391682      0.8878574806E-03
  0.8818937466      0.8895734352E-03
  0.8921483250      0.8910264741E-03
  0.9024029035      0.8922160243E-03
  0.9126574819      0.8931416479E-03
  0.9229120604      0.8938030241E-03
  0.9331666388      0.8941999341E-03
  0.9434212173      0.8943322513E-03
  0.9434212173      0.8943322513E-03
  0.9535655315      0.8944054692E-03
  0.9637098456      0.8946248999E-03
  0.9738541598      0.8949898793E-03
  0.9839984740      0.8954993181E-03
  0.9941427881      0.8961517261E-03
   1.004287102      0.8969452468E-03
   1.014431416      0.8978776996E-03
   1.024575731      0.8989466297E-03
   1.034720045      0.9001493625E-03
   1.044864359      0.9014830646E-03
   1.055008673      0.9029448051E-03
   1.065152987      0.9045316205E-03
   1.075297301      0.9062405774E-03
   1.085441616      0.9080688342E-03
   1.095585930      0.9100136988E-03
   1.105730244      0.9120726809E-03
   1.115874558      0.9142435382E-03
   1.126018872      0.9165243144E-03
   1.136163186      0.9189133681E-03
   1.146307501      0.9214093923E-03
   1.156451815      0.9240114232E-03
   1.166596129      0.9267188376E-03
   1.176740443      0.9295313399E-03
   1.186884757      0.9324489374E-03
   1.197029071      0.9354719049E-03
   1.207173386      0.9386007387E-03
   1.217317700      0.9418361018E-03
   1.227462014      0.9451787596E-03
   1.237606328      0.9486295090E-03
   1.247750642      0.9521891010E-03
   1.257894956      0.9558581595E-03
   1.268039271      0.9596370964E-03
   1.278183585      0.9635260269E-03
   1.288327899      0.9675246846E-03
   1.298472213      0.9716323399E-03
   1.308616527      0.9758477226E-03
   1.318760841      0.9801689507E-03
   1.328905156      0.9845934676E-03
   1.339049470      0.9891179870E-03
   1.349193784      0.9937384508E-03
   1.359338098      0.9984499962E-03
   1.369482412      0.1003246937E-02
   1.379626726      0.1008122758E-02
   1.389771041      0.1013070122E-02
   1.399915355      0.1018080888E-02
   1.410059669      0.1023146150E-02
   1.420203983      0.1023146150E-02
   1.430348297      0.1018080888E-02
   1.440492611      0.1013070122E-02
   1.450636926      0.1008122758E-02
   1.460781240      0.1003246937E-02
   1.470925554      0.9984499962E-03
   1.481069868      0.9937384508E-03
   1.491214182      0.9891179870E-03
   1.501358496      0.9845934676E-03
   1.511502811      0.9801689507E-03
   1.521647125      0.9758477226E-03
   1.531791439      0.9716323399E-03
   1.541935753      0.9675246846E-03
   1.552080067      0.9635260269E-03
   1.562224381      0.9596370964E-03
   1.572368695      0.9558581595E-03
   1.582513010      0.9521891010E-03
   1.592657324      0.9486295090E-03
   1.602801638      0.9451787596E-03
   1.612945952      0.9418361018E-03
   1.623090266      0.9386007387E-03
   1.633234580      0.9354719049E-03
   1.643378895      0.9324489374E-03
   1.653523209      0.9295313399E-03
   1.663667523      0.9267188376E-03
   1.673811837      0.9240114232E-03
   1.683956151      0.9214093923E-03
   1.694100465      0.9189133681E-03
   1.704244780      0.9165243144E-03
   1.714389094      0.9142435382E-03
   1.724533408      0.9120726809E-03
   1.734677722      0.9100136988E-03
   1.744822036      0.9080688342E-03
   1.754966350      0.9062405774E-03
   1.765110665      0.9045316205E-03
   1.775254979      0.9029448051E-03
   1.785399293      0.9014830646E-03
   1.795543607      0.9001493625E-03
   1.805687921      0.8989466297E-03
   1.815832235      0.8978776996E-03
   1.825976550      0.8969452468E-03
   1.836120864      0.8961517261E-03
   1.846265178      0.8954993181E-03
   1.856409492      0.8949898793E-03
   1.866553806      0.8946248999E-03
   1.876698120      0.8944054692E-03
   1.886842435      0.8943322513E-03
   1.886842435      0.8943322513E-03
   1.897027160      0.8944779425E-03
   1.907211886      0.8949145542E-03
   1.917396612      0.8956407038E-03
   1.927581338      0.8966540951E-03
   1.937766064      0.8979515299E-03
   1.947950789      0.8995289250E-03
   1.958135515      0.9013813328E-03
   1.968320241      0.9035029662E-03
   1.978504967      0.9058872268E-03
   1.988689693      0.9085267373E-03
   1.998874418      0.9114133755E-03
   2.009059144      0.9145383121E-03
   2.019243870      0.9178920491E-03
   2.029428596      0.9214644611E-03
   2.039613322      0.9252448367E-03
   2.049798047      0.9292219212E-03
   2.059982773      0.9333839594E-03
   2.070167499      0.9377187382E-03
   2.080352225      0.9422136294E-03
   2.090536951      0.9468556309E-03
   2.100721677      0.9516314077E-03
   2.110906402      0.9565273315E-03
   2.121091128      0.9615295191E-03
   2.131275854      0.9666238685E-03
   2.141460580      0.9717960949E-03
   2.151645306      0.9770317636E-03
   2.161830031      0.9823163220E-03
   2.172014757      0.9876351296E-03
   2.182199483      0.9929734861E-03
   2.192384209      0.9983166583E-03
   2.202568935      0.1003649905E-02
   2.212753660      0.1008958500E-02
   2.222938386      0.1014227755E-02
   2.233123112      0.1019443037E-02
   2.243307838      0.1024589794E-02
   2.253492564      0.1029653563E-02
   2.263677289      0.1034619997E-02
   2.273862015      0.1039474872E-02
   2.284046741      0.1044204106E-02
   2.294231467      0.1048793774E-02
   2.304416193      0.1045990072E-02
   2.314600918      0.1040269913E-02
   2.324785644      0.1034413404E-02
   2.334970370      0.1028420353E-02
   2.345155096      0.1022290545E-02
   2.355339822      0.1016023740E-02
   2.365524547      0.1009619677E-02
   2.375709273      0.1003078071E-02
   2.385893999      0.9963986186E-03
   2.396078725      0.9895809965E-03
   2.406263451      0.9826248638E-03
   2.416448176      0.9755298640E-03
   2.426632902      0.9682956267E-03
   2.436817628      0.9609217697E-03
   2.447002354      0.9534079015E-03
   2.457187080      0.9457536233E-03
   2.467371806      0.9379585316E-03
   2.477556531      0.9300222213E-03
   2.487741257      0.9219442879E-03
   2.497925983      0.9137243310E-03
   2.508110709      0.9053619571E-03
   2.518295435      0.8968567825E-03
   2.528480160      0.8882084372E-03
   2.538664886      0.8794165676E-03
   2.548849612      0.8704808404E-03
   2.559034338      0.8614009459E-03
   2.569219064      0.8521766016E-03
   2.579403789      0.8428075556E-03
   2.589588515      0.8332935905E-03
   2.599773241      0.8236345270E-03
   2.609957967      0.8138302273E-03
   2.620142693      0.8038805990E-03
   2.630327418      0.7937855988E-03
   2.640512144      0.7835452358E-03
   2.650696870      0.7731595754E-03
   2.660881596      0.7626287425E-03
   2.671066322      0.7519529251E-03
   2.681251047      0.7411323779E-03
   2.691435773      0.7301674251E-03
   2.701620499      0.7190584642E-03
   2.711805225      0.7078059685E-03
   2.721989951      0.6964104906E-03
   2.732174676      0.6848726647E-03
   2.742359402      0.6731932099E-03
   2.752544128      0.6613729324E-03
   2.762728854      0.6494127281E-03
   2.772913580      0.6373135847E-03
   2.783098305      0.6250765839E-03
   2.793283031      0.6127029034E-03
   2.803467757      0.6001938185E-03
   2.813652483      0.5875507037E-03
   2.823837209      0.5747750341E-03
   2.834021935      0.5618683866E-03
   2.844206660      0.5488324408E-03
   2.854391386      0.5356689799E-03
   2.864576112      0.5223798911E-03
   2.874760838      0.5089671659E-03
   2.884945564      0.4954329007E-03
   2.895130289      0.4817792962E-03
   2.905315015      0.4680086575E-03
   2.915499741      0.4541233932E-03
   2.925684467      0.4401260154E-03
   2.935869193      0.4260191380E-03
   2.946053918      0.4118054762E-03
   2.956238644      0.3974878449E-03
   2.966423370      0.3830691570E-03
   2.976608096      0.3685524224E-03
   2.986792822      0.3539407451E-03
   2.996977547      0.3392373218E-03
   3.007162273      0.3244454393E-03
   3.017346999      0.3095684721E-03
   3.027531725      0.2946098798E-03
   3.037716451      0.2795732040E-03
   3.047901176      0.2644620656E-03
   3.058085902      0.2492801614E-03
   3.068270628      0.2340312610E-03
   3.078455354      0.2187192030E-03
   3.088640080      0.2033478918E-03
   3.098824805      0.1879212934E-03
   3.109009531      0.1724434319E-03
   3.119194257      0.1569183854E-03
   3.129378983      0.1413502816E-03
   3.139563709      0.1257432943E-03
   3.149748434      0.1101016382E-03
   3.159933160      0.9442956517E-04
   3.170117886      0.7873135965E-04
   3.180302612      0.6301133401E-04
   3.190487338      0.4727382404E-04
   3.200672064      0.3152318433E-04
   3.210856789      0.1576378360E-04
   3.221041515     -0.3394132962E-10
   3.221041515     -0.3394132962E-10
   3.231254349      0.1251907998E-04
   3.241467184      0.2503301127E-04
   3.251680018      0.3753664830E-04
   3.261892852      0.5002485164E-04
   3.272105686      0.6249249112E-04
   3.282318521      0.7493444889E-04
   3.292531355      0.8734562243E-04
   3.302744189      0.9972092760E-04
   3.312957023      0.1120553016E-03
   3.323169858      0.1243437059E-03
   3.333382692      0.1365811293E-03
   3.343595526      0.1487625906E-03
   3.353808360      0.1608831416E-03
   3.364021195      0.1729378697E-03
   3.374234029      0.1849219007E-03
   3.384446863      0.1968304017E-03
   3.394659698      0.2086585833E-03
   3.404872532      0.2204017022E-03
   3.415085366      0.2320550641E-03
   3.425298200      0.2436140256E-03
   3.435511035      0.2550739966E-03
   3.445723869      0.2664304427E-03
   3.455936703      0.2776788874E-03
   3.466149537      0.2888149139E-03
   3.476362372      0.2998341673E-03
   3.486575206      0.3107323565E-03
   3.496788040      0.3215052559E-03
   3.507000874      0.3321487071E-03
   3.517213709      0.3426586210E-03
   3.527426543      0.3530309784E-03
   3.537639377      0.3632618324E-03
   3.547852211      0.3733473094E-03
   3.558065046      0.3832836099E-03
   3.568277880      0.3930670107E-03
   3.578490714      0.4026938649E-03
   3.588703548      0.4121606035E-03
   3.598916383      0.4214637363E-03
   3.609129217      0.4305998523E-03
   3.619342051      0.4395656210E-03
   3.629554885      0.4483577925E-03
   3.639767720      0.4569731982E-03
   3.649980554      0.4654087515E-03
   3.660193388      0.4736614481E-03
   3.670406222      0.4817283658E-03
   3.680619057      0.4896066656E-03
   3.690831891      0.4972935913E-03
   3.701044725      0.5047864695E-03
   3.711257560      0.5120827101E-03
   3.721470394      0.5191798058E-03
   3.731683228      0.5260753323E-03
   3.741896062      0.5327669482E-03
   3.752108897      0.5392523944E-03
   3.762321731      0.5455294943E-03
   3.772534565      0.5515961533E-03
   3.782747399      0.5574503584E-03
   3.792960234      0.5630901781E-03
   3.803173068      0.5685137617E-03
   3.813385902      0.5737193393E-03
   3.823598736      0.5787052206E-03
   3.833811571      0.5834697955E-03
   3.844024405      0.5880115327E-03
   3.854237239      0.5923289796E-03
   3.864450073      0.5964207619E-03
   3.874662908      0.6002855831E-03
   3.884875742      0.6039222236E-03
   3.895088576      0.6073295407E-03
   3.905301410      0.6105064680E-03
   3.915514245      0.6134520149E-03
   3.925727079      0.6161652659E-03
   3.935939913      0.6186453809E-03
   3.946152747      0.6208915938E-03
   3.956365582      0.6229032129E-03
   3.966578416      0.6246796205E-03
   3.976791250      0.6262202719E-03
   3.987004084      0.6275246960E-03
   3.997216919      0.6285924945E-03
   4.007429753      0.6294233417E-03
   4.017642587      0.6300169847E-03
   4.027855422      0.6303732426E-03
   4.038068256      0.6304920073E-03
     
   0.000000000     -0.3394132962E-10
  0.1025457845E-01  0.2450379401E-04
  0.2050915690E-01  0.4899861705E-04
  0.3076373535E-01  0.7347543114E-04
  0.4101831380E-01  0.9792506537E-04
  0.5127289224E-01  0.1223381526E-03
  0.6152747069E-01  0.1467050695E-03
  0.7178204914E-01  0.1710158815E-03
  0.8203662759E-01  0.1952602932E-03
  0.9229120604E-01  0.2194276058E-03
  0.1025457845      0.2435066815E-03
  0.1128003629      0.2674859161E-03
  0.1230549414      0.2913532211E-03
  0.1333095198      0.3150960143E-03
  0.1435640983      0.3387012196E-03
  0.1538186767      0.3621552779E-03
  0.1640732552      0.3854441659E-03
  0.1743278336      0.4085534262E-03
  0.1845824121      0.4314682057E-03
  0.1948369905      0.4541733035E-03
  0.2050915690      0.4766532275E-03
  0.2153461474      0.4988922587E-03
  0.2256007259      0.5208745227E-03
  0.2358553043      0.5425840684E-03
  0.2461098828      0.5640049515E-03
  0.2563644612      0.5851213237E-03
  0.2666190397      0.6059175246E-03
  0.2768736181      0.6263781778E-03
  0.2871281966      0.6464882872E-03
  0.2973827750      0.6662333351E-03
  0.3076373535      0.6855993795E-03
  0.3178919319      0.7045731495E-03
  0.3281465104      0.7231421390E-03
  0.3384010888      0.7412946957E-03
  0.3486556673      0.7590201062E-03
  0.3589102457      0.7763086753E-03
  0.3691648242      0.7931517980E-03
  0.3794194026      0.8095420252E-03
  0.3896739811      0.8254731193E-03
  0.3999285595      0.8409401027E-03
  0.4101831380      0.8559392943E-03
  0.4204377164      0.8704683376E-03
  0.4306922949      0.8845262160E-03
  0.4409468733      0.8981132578E-03
  0.4512014517      0.9112311295E-03
  0.4614560302      0.9238828164E-03
  0.4717106086      0.9360725923E-03
  0.4819651871      0.9478059764E-03
  0.4922197655      0.9590896794E-03
  0.5024743440      0.9699315373E-03
  0.5127289224      0.9803404355E-03
  0.5229835009      0.9903262219E-03
  0.5332380793      0.9998996109E-03
  0.5434926578      0.1009072079E-02
  0.5537472362      0.1017855753E-02
  0.5640018147      0.1026263293E-02
  0.5742563931      0.1034307769E-02
  0.5845109716      0.1042002534E-02
  0.5947655500      0.1049361099E-02
  0.6050201285      0.1056397002E-02
  0.6152747069      0.1063123686E-02
  0.6255292854      0.1069554372E-02
  0.6357838638      0.1075701942E-02
  0.6460384423      0.1081578828E-02
  0.6562930207      0.1087196909E-02
  0.6665475992      0.1092567415E-02
  0.6768021776      0.1097700846E-02
  0.6870567561      0.1102606900E-02
  0.6973113345      0.1107294416E-02
  0.7075659130      0.1111771327E-02
  0.7178204914      0.1116044632E-02
  0.7280750699      0.1120120383E-02
  0.7383296483      0.1124003677E-02
  0.7485842268      0.1127698678E-02
  0.7588388052      0.1131208635E-02
  0.7690933837      0.1134535931E-02
  0.7793479621      0.1137682128E-02
  0.7896025406      0.1140648033E-02
  0.7998571190      0.1143433770E-02
  0.8101116975      0.1146038859E-02
  0.8203662759      0.1148462305E-02
  0.8306208544      0.1150702684E-02
  0.8408754328      0.1152758244E-02
  0.8511300113      0.1154626990E-02
  0.8613845897      0.1156306784E-02
  0.8716391682      0.1157795435E-02
  0.8818937466      0.1159090782E-02
  0.8921483250      0.1160190776E-02
  0.9024029035      0.1161093552E-02
  0.9126574819      0.1161797493E-02
  0.9229120604      0.1162301286E-02
  0.9331666388      0.1162603958E-02
  0.9434212173      0.1162704916E-02
  0.9434212173      0.1162704916E-02
  0.9535655315      0.1162659450E-02
  0.9637098456      0.1162522668E-02
  0.9738541598      0.1162293427E-02
  0.9839984740      0.1161969840E-02
  0.9941427881      0.1161549316E-02
   1.004287102      0.1161028606E-02
   1.014431416      0.1160403855E-02
   1.024575731      0.1159670681E-02
   1.034720045      0.1158824248E-02
   1.044864359      0.1157859357E-02
   1.055008673      0.1156770539E-02
   1.065152987      0.1155552159E-02
   1.075297301      0.1154198516E-02
   1.085441616      0.1152703957E-02
   1.095585930      0.1151062979E-02
   1.105730244      0.1149270341E-02
   1.115874558      0.1147321165E-02
   1.126018872      0.1145211041E-02
   1.136163186      0.1142936122E-02
   1.146307501      0.1140493210E-02
   1.156451815      0.1137879843E-02
   1.166596129      0.1135094363E-02
   1.176740443      0.1132135981E-02
   1.186884757      0.1129004829E-02
   1.197029071      0.1125702001E-02
   1.207173386      0.1122229581E-02
   1.217317700      0.1118590657E-02
   1.227462014      0.1114789331E-02
   1.237606328      0.1110830706E-02
   1.247750642      0.1106720867E-02
   1.257894956      0.1102466846E-02
   1.268039271      0.1098076579E-02
   1.278183585      0.1093558849E-02
   1.288327899      0.1088923221E-02
   1.298472213      0.1084179962E-02
   1.308616527      0.1079339958E-02
   1.318760841      0.1074414622E-02
   1.328905156      0.1069415793E-02
   1.339049470      0.1064355634E-02
   1.349193784      0.1059246521E-02
   1.359338098      0.1054100936E-02
   1.369482412      0.1048931352E-02
   1.379626726      0.1043750130E-02
   1.389771041      0.1038569407E-02
   1.399915355      0.1033400994E-02
   1.410059669      0.1028256282E-02
   1.420203983      0.1028256282E-02
   1.430348297      0.1033400994E-02
   1.440492611      0.1038569407E-02
   1.450636926      0.1043750130E-02
   1.460781240      0.1048931352E-02
   1.470925554      0.1054100936E-02
   1.481069868      0.1059246521E-02
   1.491214182      0.1064355634E-02
   1.501358496      0.1069415793E-02
   1.511502811      0.1074414622E-02
   1.521647125      0.1079339958E-02
   1.531791439      0.1084179962E-02
   1.541935753      0.1088923221E-02
   1.552080067      0.1093558849E-02
   1.562224381      0.1098076579E-02
   1.572368695      0.1102466846E-02
   1.582513010      0.1106720867E-02
   1.592657324      0.1110830706E-02
   1.602801638      0.1114789331E-02
   1.612945952      0.1118590657E-02
   1.623090266      0.1122229581E-02
   1.633234580      0.1125702001E-02
   1.643378895      0.1129004829E-02
   1.653523209      0.1132135981E-02
   1.663667523      0.1135094363E-02
   1.673811837      0.1137879843E-02
   1.683956151      0.1140493210E-02
   1.694100465      0.1142936122E-02
   1.704244780      0.1145211041E-02
   1.714389094      0.1147321165E-02
   1.724533408      0.1149270341E-02
   1.734677722      0.1151062979E-02
   1.744822036      0.1152703957E-02
   1.754966350      0.1154198516E-02
   1.765110665      0.1155552159E-02
   1.775254979      0.1156770539E-02
   1.785399293      0.1157859357E-02
   1.795543607      0.1158824248E-02
   1.805687921      0.1159670681E-02
   1.815832235      0.1160403855E-02
   1.825976550      0.1161028606E-02
   1.836120864      0.1161549316E-02
   1.846265178      0.1161969840E-02
   1.856409492      0.1162293427E-02
   1.866553806      0.1162522668E-02
   1.876698120      0.1162659450E-02
   1.886842435      0.1162704916E-02
   1.886842435      0.1162704916E-02
   1.897027160      0.1162634620E-02
   1.907211886      0.1162423743E-02
   1.917396612      0.1162072312E-02
   1.927581338      0.1161580373E-02
   1.937766064      0.1160947990E-02
   1.947950789      0.1160175244E-02
   1.958135515      0.1159262232E-02
   1.968320241      0.1158209069E-02
   1.978504967      0.1157015885E-02
   1.988689693      0.1155682823E-02
   1.998874418      0.1154210042E-02
   2.009059144      0.1152597710E-02
   2.019243870      0.1150846009E-02
   2.029428596      0.1148955129E-02
   2.039613322      0.1146925270E-02
   2.049798047      0.1144756636E-02
   2.059982773      0.1142449440E-02
   2.070167499      0.1140003897E-02
   2.080352225      0.1137420223E-02
   2.090536951      0.1134698637E-02
   2.100721677      0.1131839355E-02
   2.110906402      0.1128842591E-02
   2.121091128      0.1125708554E-02
   2.131275854      0.1122437446E-02
   2.141460580      0.1119029461E-02
   2.151645306      0.1115484786E-02
   2.161830031      0.1111803593E-02
   2.172014757      0.1107986042E-02
   2.182199483      0.1104032280E-02
   2.192384209      0.1099942436E-02
   2.202568935      0.1095716622E-02
   2.212753660      0.1091354932E-02
   2.222938386      0.1086857440E-02
   2.233123112      0.1082224198E-02
   2.243307838      0.1077455237E-02
   2.253492564      0.1072550563E-02
   2.263677289      0.1067510160E-02
   2.273862015      0.1062333988E-02
   2.284046741      0.1057021981E-02
   2.294231467      0.1051574047E-02
   2.304416193      0.1053230117E-02
   2.314600918      0.1057499554E-02
   2.324785644      0.1061588700E-02
   2.334970370      0.1065484368E-02
   2.345155096      0.1069173586E-02
   2.355339822      0.1072643604E-02
   2.365524547      0.1075881905E-02
   2.375709273      0.1078876211E-02
   2.385893999      0.1081614497E-02
   2.396078725      0.1084084996E-02
   2.406263451      0.1086276207E-02
   2.416448176      0.1088176907E-02
   2.426632902      0.1089776153E-02
   2.436817628      0.1091063295E-02
   2.447002354      0.1092027982E-02
   2.457187080      0.1092660168E-02
   2.467371806      0.1092950123E-02
   2.477556531      0.1092888433E-02
   2.487741257      0.1092466018E-02
   2.497925983      0.1091674127E-02
   2.508110709      0.1090504354E-02
   2.518295435      0.1088948641E-02
   2.528480160      0.1086999282E-02
   2.538664886      0.1084648935E-02
   2.548849612      0.1081890624E-02
   2.559034338      0.1078717746E-02
   2.569219064      0.1075124078E-02
   2.579403789      0.1071103780E-02
   2.589588515      0.1066651403E-02
   2.599773241      0.1061761894E-02
   2.609957967      0.1056430598E-02
   2.620142693      0.1050653266E-02
   2.630327418      0.1044426060E-02
   2.640512144      0.1037745551E-02
   2.650696870      0.1030608731E-02
   2.660881596      0.1023013013E-02
   2.671066322      0.1014956230E-02
   2.681251047      0.1006436645E-02
   2.691435773      0.9974529505E-03
   2.701620499      0.9880042695E-03
   2.711805225      0.9780901587E-03
   2.721989951      0.9677106099E-03
   2.732174676      0.9568660507E-03
   2.742359402      0.9455573456E-03
   2.752544128      0.9337857958E-03
   2.762728854      0.9215531395E-03
   2.772913580      0.9088615513E-03
   2.783098305      0.8957136408E-03
   2.793283031      0.8821124519E-03
   2.803467757      0.8680614606E-03
   2.813652483      0.8535645726E-03
   2.823837209      0.8386261209E-03
   2.834021935      0.8232508628E-03
   2.844206660      0.8074439759E-03
   2.854391386      0.7912110543E-03
   2.864576112      0.7745581042E-03
   2.874760838      0.7574915390E-03
   2.884945564      0.7400181739E-03
   2.895130289      0.7221452202E-03
   2.905315015      0.7038802791E-03
   2.915499741      0.6852313348E-03
   2.925684467      0.6662067480E-03
   2.935869193      0.6468152477E-03
   2.946053918      0.6270659240E-03
   2.956238644      0.6069682194E-03
   2.966423370      0.5865319202E-03
   2.976608096      0.5657671472E-03
   2.986792822      0.5446843468E-03
   2.996977547      0.5232942803E-03
   3.007162273      0.5016080146E-03
   3.017346999      0.4796369109E-03
   3.027531725      0.4573926141E-03
   3.037716451      0.4348870416E-03
   3.047901176      0.4121323717E-03
   3.058085902      0.3891410316E-03
   3.068270628      0.3659256853E-03
   3.078455354      0.3424992213E-03
   3.088640080      0.3188747398E-03
   3.098824805      0.2950655398E-03
   3.109009531      0.2710851058E-03
   3.119194257      0.2469470943E-03
   3.129378983      0.2226653205E-03
   3.139563709      0.1982537444E-03
   3.149748434      0.1737264566E-03
   3.159933160      0.1490976643E-03
   3.170117886      0.1243816772E-03
   3.180302612      0.9959289295E-04
   3.190487338      0.7474578252E-04
   3.200672064      0.4985487587E-04
   3.210856789      0.2493474715E-04
   3.221041515     -0.3394132962E-10
   3.221041515     -0.3394132962E-10
   3.231254349      0.2795954070E-04
   3.241467184      0.5589940460E-04
   3.251680018      0.8379994864E-04
   3.261892852      0.1116415972E-03
   3.272105686      0.1394048755E-03
   3.282318521      0.1670704431E-03
   3.292531355      0.1946191269E-03
   3.302744189      0.2220319537E-03
   3.312957023      0.2492901828E-03
   3.323169858      0.2763753375E-03
   3.333382692      0.3032692364E-03
   3.343595526      0.3299540244E-03
   3.353808360      0.3564122022E-03
   3.364021195      0.3826266559E-03
   3.374234029      0.4085806852E-03
   3.384446863      0.4342580308E-03
   3.394659698      0.4596429013E-03
   3.404872532      0.4847199987E-03
   3.415085366      0.5094745426E-03
   3.425298200      0.5338922937E-03
   3.435511035      0.5579595760E-03
   3.445723869      0.5816632978E-03
   3.455936703      0.6049909708E-03
   3.466149537      0.6279307287E-03
   3.476362372      0.6504713437E-03
   3.486575206      0.6726022415E-03
   3.496788040      0.6943135155E-03
   3.507000874      0.7155959382E-03
   3.517213709      0.7364409719E-03
   3.527426543      0.7568407771E-03
   3.537639377      0.7767882198E-03
   3.547852211      0.7962768758E-03
   3.558065046      0.8153010344E-03
   3.568277880      0.8338556996E-03
   3.578490714      0.8519365893E-03
   3.588703548      0.8695401325E-03
   3.598916383      0.8866634648E-03
   3.609129217      0.9033044218E-03
   3.619342051      0.9194615301E-03
   3.629554885      0.9351339963E-03
   3.639767720      0.9503216946E-03
   3.649980554      0.9650251511E-03
   3.660193388      0.9792455273E-03
   3.670406222      0.9929846003E-03
   3.680619057      0.1006244742E-02
   3.690831891      0.1019028895E-02
   3.701044725      0.1031340550E-02
   3.711257560      0.1043183713E-02
   3.721470394      0.1054562881E-02
   3.731683228      0.1065483012E-02
   3.741896062      0.1075949485E-02
   3.752108897      0.1085968074E-02
   3.762321731      0.1095544906E-02
   3.772534565      0.1104686425E-02
   3.782747399      0.1113399356E-02
   3.792960234      0.1121690661E-02
   3.803173068      0.1129567499E-02
   3.813385902      0.1137037185E-02
   3.823598736      0.1144107146E-02
   3.833811571      0.1150784878E-02
   3.844024405      0.1157077904E-02
   3.854237239      0.1162993726E-02
   3.864450073      0.1168539785E-02
   3.874662908      0.1173723417E-02
   3.884875742      0.1178551808E-02
   3.895088576      0.1183031954E-02
   3.905301410      0.1187170619E-02
   3.915514245      0.1190974296E-02
   3.925727079      0.1194449164E-02
   3.935939913      0.1197601059E-02
   3.946152747      0.1200435434E-02
   3.956365582      0.1202957325E-02
   3.966578416      0.1205171326E-02
   3.976791250      0.1207081557E-02
   3.987004084      0.1208691641E-02
   3.997216919      0.1210004682E-02
   4.007429753      0.1211023246E-02
   4.017642587      0.1211749343E-02
   4.027855422      0.1212184421E-02
   4.038068256      0.1212329350E-02
     
