 -0.1167640152E-03   0.000000000    
 -0.1141952111E-03   0.000000000    
 -0.1116264069E-03   0.000000000    
 -0.1090576028E-03   0.000000000    
 -0.1064887986E-03   0.000000000    
 -0.1039199945E-03   0.000000000    
 -0.1013511904E-03   0.000000000    
 -0.9878238621E-04   0.000000000    
 -0.9621358207E-04   0.000000000    
 -0.9364477793E-04   0.000000000    
 -0.9107597378E-04   0.000000000    
 -0.8850716964E-04   0.000000000    
 -0.8593836550E-04   0.000000000    
 -0.8336956135E-04   0.000000000    
 -0.8080075721E-04   0.000000000    
 -0.7823195306E-04   0.000000000    
 -0.7566314892E-04  0.3171909591E-05
 -0.7309434478E-04  0.2322190340E-04
 -0.7052554063E-04  0.6624127267E-04
 -0.6795673649E-04  0.1040449939E-03
 -0.6538793234E-04  0.1272621733E-03
 -0.6281912820E-04  0.1954677837E-03
 -0.6025032406E-04  0.1728592641E-03
 -0.5768151991E-04  0.1694914836E-03
 -0.5511271577E-04  0.1575459409E-03
 -0.5254391162E-04  0.2241099754E-03
 -0.4997510748E-04  0.2610574906E-03
 -0.4740630334E-04  0.1958309640E-03
 -0.4483749919E-04  0.1865123337E-03
 -0.4226869505E-04  0.1832652895E-03
 -0.3969989091E-04  0.1537245353E-03
 -0.3713108676E-04  0.1042985750E-03
 -0.3456228262E-04  0.1278775610E-03
 -0.3199347847E-04  0.1879430303E-03
 -0.2942467433E-04  0.2391284220E-03
 -0.2685587019E-04  0.2194123383E-03
 -0.2428706604E-04  0.2070997865E-03
 -0.2171826190E-04  0.1480729892E-03
 -0.1914945775E-04  0.1057005588E-03
 -0.1658065361E-04  0.1313004517E-03
 -0.1401184947E-04  0.1396612890E-03
 -0.1144304532E-04  0.1095700665E-03
 -0.8874241179E-05  0.4583927478E-04
 -0.6305437035E-05  0.1913328789E-04
 -0.3736632891E-05  0.1413417477E-04
 -0.1167828747E-05  0.2459370367E-06
  0.1400975397E-05  0.8506636948E-05
  0.3969779541E-05  0.8506636948E-05
  0.6538583685E-05  0.4730971529E-04
  0.9107387828E-05  0.5465044934E-04
  0.1167619197E-04  0.1054776700E-03
  0.1424499612E-04  0.7147802226E-04
  0.1681380026E-04  0.5751124412E-04
  0.1938260440E-04  0.1361918885E-04
  0.2195140855E-04  0.1107296785E-03
  0.2452021269E-04  0.1620170517E-03
  0.2708901684E-04  0.2194908965E-03
  0.2965782098E-04  0.1944009921E-03
  0.3222662512E-04  0.1893055096E-03
  0.3479542927E-04  0.2595632447E-03
  0.3736423341E-04  0.3649600267E-03
  0.3993303756E-04  0.4680175419E-03
  0.4250184170E-04  0.4396153730E-03
  0.4507064584E-04  0.3487206374E-03
  0.4763944999E-04  0.3139704632E-03
  0.5020825413E-04  0.4164806591E-03
  0.5277705827E-04  0.4254762960E-03
  0.5534586242E-04  0.5371594136E-03
  0.5791466656E-04  0.5222644048E-03
  0.6048347071E-04  0.5976532174E-03
  0.6305227485E-04  0.5208448603E-03
  0.6562107899E-04  0.7514977136E-03
  0.6818988314E-04  0.8005784824E-03
  0.7075868728E-04  0.1019930616E-02
  0.7332749143E-04  0.8434723618E-03
  0.7589629557E-04  0.8685174591E-03
  0.7846509971E-04  0.8310799765E-03
  0.8103390386E-04  0.1090864754E-02
  0.8360270800E-04  0.1321676478E-02
  0.8617151215E-04  0.1363174434E-02
  0.8874031629E-04  0.1300884930E-02
  0.9130912043E-04  0.1330614074E-02
  0.9387792458E-04  0.1429655651E-02
  0.9644672872E-04  0.1402236983E-02
  0.9901553286E-04  0.1619415468E-02
  0.1015843370E-03  0.2012071146E-02
  0.1041531412E-03  0.2245733802E-02
  0.1067219453E-03  0.2120264143E-02
  0.1092907494E-03  0.2041868928E-02
  0.1118595536E-03  0.2209749283E-02
  0.1144283577E-03  0.2318388502E-02
  0.1169971619E-03  0.2324550338E-02
  0.1195659660E-03  0.2686002257E-02
  0.1221347702E-03  0.3075485870E-02
  0.1247035743E-03  0.3792260812E-02
  0.1272723784E-03  0.3541021637E-02
  0.1298411826E-03  0.3491770420E-02
  0.1324099867E-03  0.3181612867E-02
  0.1349787909E-03  0.3502120876E-02
  0.1375475950E-03  0.3967737008E-02
  0.1401163992E-03  0.4454584021E-02
  0.1426852033E-03  0.5004478880E-02
  0.1452540075E-03  0.5131071382E-02
  0.1478228116E-03  0.5107306995E-02
  0.1503916157E-03  0.5463544187E-02
  0.1529604199E-03  0.5634929467E-02
  0.1555292240E-03  0.6126336857E-02
  0.1580980282E-03  0.6266563895E-02
  0.1606668323E-03  0.7069279654E-02
  0.1632356365E-03  0.7423410545E-02
  0.1658044406E-03  0.7834104395E-02
  0.1683732447E-03  0.8014770976E-02
  0.1709420489E-03  0.8265358475E-02
  0.1735108530E-03  0.9001409153E-02
  0.1760796572E-03  0.1018599241E-01
  0.1786484613E-03  0.1132636542E-01
  0.1812172655E-03  0.1068044725E-01
  0.1837860696E-03  0.1034320056E-01
  0.1863548738E-03  0.1060616424E-01
  0.1889236779E-03  0.1244847121E-01
  0.1914924820E-03  0.1432164763E-01
  0.1940612862E-03  0.1407976792E-01
  0.1966300903E-03  0.1500665306E-01
  0.1991988945E-03  0.1479042213E-01
  0.2017676986E-03  0.1608320444E-01
  0.2043365028E-03  0.1643471088E-01
  0.2069053069E-03  0.1737089608E-01
  0.2094741111E-03  0.1882960818E-01
  0.2120429152E-03  0.2066964014E-01
  0.2146117193E-03  0.2069410674E-01
  0.2171805235E-03  0.2183357260E-01
  0.2197493276E-03  0.2050609722E-01
  0.2223181318E-03  0.2151815421E-01
  0.2248869359E-03  0.2410219197E-01
  0.2274557401E-03  0.2671507305E-01
  0.2300245442E-03  0.2752077946E-01
  0.2325933483E-03  0.2633069260E-01
  0.2351621525E-03  0.2799973149E-01
  0.2377309566E-03  0.2933152489E-01
  0.2402997608E-03  0.2986230732E-01
  0.2428685649E-03  0.3098529143E-01
  0.2454373691E-03  0.3305401656E-01
  0.2480061732E-03  0.3650845780E-01
  0.2505749774E-03  0.3500465354E-01
  0.2531437815E-03  0.3531228651E-01
  0.2557125856E-03  0.3597251438E-01
  0.2582813898E-03  0.3778626615E-01
  0.2608501939E-03  0.4155735293E-01
  0.2634189981E-03  0.4023847784E-01
  0.2659878022E-03  0.4308882478E-01
  0.2685566064E-03  0.4348715758E-01
  0.2711254105E-03  0.4589036191E-01
  0.2736942146E-03  0.4524216686E-01
  0.2762630188E-03  0.4647616062E-01
  0.2788318229E-03  0.4923544204E-01
  0.2814006271E-03  0.5033944989E-01
  0.2839694312E-03  0.5111922729E-01
  0.2865382354E-03  0.5082155276E-01
  0.2891070395E-03  0.5559832817E-01
  0.2916758437E-03  0.5538299211E-01
  0.2942446478E-03  0.5698530159E-01
  0.2968134519E-03  0.5730130569E-01
  0.2993822561E-03  0.5974821577E-01
  0.3019510602E-03  0.6177147758E-01
  0.3045198644E-03  0.6243999269E-01
  0.3070886685E-03  0.6434939574E-01
  0.3096574727E-03  0.6542476758E-01
  0.3122262768E-03  0.6844806319E-01
  0.3147950810E-03  0.6852966835E-01
  0.3173638851E-03  0.7089032516E-01
  0.3199326892E-03  0.7151893292E-01
  0.3225014934E-03  0.7435532899E-01
  0.3250702975E-03  0.7541887618E-01
  0.3276391017E-03  0.7664170842E-01
  0.3302079058E-03  0.7844699016E-01
  0.3327767100E-03  0.8122750614E-01
  0.3353455141E-03  0.8297922278E-01
  0.3379143182E-03  0.8400268456E-01
  0.3404831224E-03  0.8489129047E-01
  0.3430519265E-03  0.8760939839E-01
  0.3456207307E-03  0.8917491706E-01
  0.3481895348E-03  0.9080008068E-01
  0.3507583390E-03  0.9050010262E-01
  0.3533271431E-03  0.9366812711E-01
  0.3558959473E-03  0.9654469537E-01
  0.3584647514E-03  0.9901906823E-01
  0.3610335555E-03  0.9844141477E-01
  0.3636023597E-03  0.1035934579    
  0.3661711638E-03  0.1053020987    
  0.3687399680E-03  0.1080729900    
  0.3713087721E-03  0.1055859311    
  0.3738775763E-03  0.1091670876    
  0.3764463804E-03  0.1120775940    
  0.3790151845E-03  0.1120736440    
  0.3815839887E-03  0.1129976769    
  0.3841527928E-03  0.1178785014    
  0.3867215970E-03  0.1221761465    
  0.3892904011E-03  0.1255808270    
  0.3918592053E-03  0.1230548471    
  0.3944280094E-03  0.1270885482    
  0.3969968136E-03  0.1254957188    
  0.3995656177E-03  0.1308501215    
  0.4021344218E-03  0.1331909809    
  0.4047032260E-03  0.1353273215    
  0.4072720301E-03  0.1382737499    
  0.4098408343E-03  0.1377304955    
  0.4124096384E-03  0.1481530585    
  0.4149784426E-03  0.1447521385    
  0.4175472467E-03  0.1473885285    
  0.4201160509E-03  0.1454749694    
  0.4226848550E-03  0.1486104365    
  0.4252536591E-03  0.1531363884    
  0.4278224633E-03  0.1609316213    
  0.4303912674E-03  0.1652312626    
  0.4329600716E-03  0.1635836064    
  0.4355288757E-03  0.1579442075    
  0.4380976799E-03  0.1642859835    
  0.4406664840E-03  0.1704108914    
  0.4432352881E-03  0.1795435893    
  0.4458040923E-03  0.1808256338    
  0.4483728964E-03  0.1823229422    
  0.4509417006E-03  0.1796491205    
  0.4535105047E-03  0.1830089188    
  0.4560793089E-03  0.1865983835    
  0.4586481130E-03  0.1908316973    
  0.4612169172E-03  0.1917804030    
  0.4637857213E-03  0.1947139062    
  0.4663545254E-03  0.1991107583    
  0.4689233296E-03  0.2029170343    
  0.4714921337E-03  0.2112329918    
  0.4740609379E-03  0.2125789392    
  0.4766297420E-03  0.2152809962    
  0.4791985462E-03  0.2150220590    
  0.4817673503E-03  0.2099603682    
  0.4843361544E-03  0.2164318263    
  0.4869049586E-03  0.2262446842    
  0.4894737627E-03  0.2373979193    
  0.4920425669E-03  0.2415388967    
  0.4946113710E-03  0.2341917088    
  0.4971801752E-03  0.2394095185    
  0.4997489793E-03  0.2406046711    
  0.5023177835E-03  0.2529407956    
  0.5048865876E-03  0.2540835464    
  0.5074553917E-03  0.2559845557    
  0.5100241959E-03  0.2557945487    
  0.5125930000E-03  0.2618114550    
  0.5151618042E-03  0.2694108365    
  0.5177306083E-03  0.2762225616    
  0.5202994125E-03  0.2801659845    
  0.5228682166E-03  0.2842414352    
  0.5254370208E-03  0.2840536117    
  0.5280058249E-03  0.2939014775    
  0.5305746290E-03  0.2983530199    
  0.5331434332E-03  0.3062026265    
  0.5357122373E-03  0.3073399184    
  0.5382810415E-03  0.3150124804    
  0.5408498456E-03  0.3214452334    
  0.5434186498E-03  0.3269225052    
  0.5459874539E-03  0.3352974020    
  0.5485562580E-03  0.3425374305    
  0.5511250622E-03  0.3517289869    
  0.5536938663E-03  0.3567929042    
  0.5562626705E-03  0.3592229768    
  0.5588314746E-03  0.3668055522    
  0.5614002788E-03  0.3755866225    
  0.5639690829E-03  0.3895969033    
  0.5665378871E-03  0.3996868339    
  0.5691066912E-03  0.4110664831    
  0.5716754953E-03  0.4144559199    
  0.5742442995E-03  0.4272433313    
  0.5768131036E-03  0.4390449980    
  0.5793819078E-03  0.4626690636    
  0.5819507119E-03  0.4810497946    
  0.5845195161E-03  0.4879113130    
  0.5870883202E-03  0.5200171248    
  0.5896571243E-03  0.5610764392    
  0.5922259285E-03  0.6584765142    
  0.5947947326E-03  0.7328815963    
  0.5973635368E-03  0.8066760376    
  0.5999323409E-03  0.8526683654    
  0.6025011451E-03  0.9105675516    
  0.6050699492E-03  0.9516531431    
  0.6076387534E-03  0.9832801370    
  0.6102075575E-03  0.9914885638    
  0.6127763616E-03   1.012839211    
  0.6153451658E-03   1.027265444    
  0.6179139699E-03   1.059349955    
  0.6204827741E-03   1.098748581    
  0.6230515782E-03   1.164543961    
  0.6256203824E-03   1.204477021    
  0.6281891865E-03   1.229084679    
  0.6307579906E-03   1.217978913    
  0.6333267948E-03   1.201872524    
  0.6358955989E-03   1.151314581    
  0.6384644031E-03   1.091476848    
  0.6410332072E-03   1.009863488    
  0.6436020114E-03  0.9833559503    
  0.6461708155E-03  0.9437557966    
  0.6487396197E-03  0.9368267601    
  0.6513084238E-03  0.9030389003    
  0.6538772279E-03  0.8927746781    
  0.6564460321E-03  0.8738897215    
  0.6590148362E-03  0.8645602064    
  0.6615836404E-03  0.8429201166    
  0.6641524445E-03  0.8290993429    
  0.6667212487E-03  0.8304782426    
  0.6692900528E-03  0.8353101419    
  0.6718588570E-03  0.8295775864    
  0.6744276611E-03  0.7993308371    
  0.6769964652E-03  0.8009208157    
  0.6795652694E-03  0.8050973609    
  0.6821340735E-03  0.7910023423    
  0.6847028777E-03  0.7649899871    
  0.6872716818E-03  0.7560772938    
  0.6898404860E-03  0.7470102651    
  0.6924092901E-03  0.7047840817    
  0.6949780942E-03  0.6494544847    
  0.6975468984E-03  0.6179941067    
  0.7001157025E-03  0.5967016747    
  0.7026845067E-03  0.5881804289    
  0.7052533108E-03  0.5748817392    
  0.7078221150E-03  0.5722609119    
  0.7103909191E-03  0.5696979315    
  0.7129597233E-03  0.5663856879    
  0.7155285274E-03  0.5643333879    
  0.7180973315E-03  0.5721352195    
  0.7206661357E-03  0.5819968137    
  0.7232349398E-03  0.5880535426    
  0.7258037440E-03  0.5827214782    
  0.7283725481E-03  0.5744241697    
  0.7309413523E-03  0.5703880958    
  0.7335101564E-03  0.5637797236    
  0.7360789605E-03  0.5609919100    
  0.7386477647E-03  0.5595592580    
  0.7412165688E-03  0.5549810915    
  0.7437853730E-03  0.5505132034    
  0.7463541771E-03  0.5361052583    
  0.7489229813E-03  0.5381970863    
  0.7514917854E-03  0.5365125233    
  0.7540605896E-03  0.5471901218    
  0.7566293937E-03  0.5385581979    
  0.7591981978E-03  0.5373905802    
  0.7617670020E-03  0.5300319887    
  0.7643358061E-03  0.5318868003    
  0.7669046103E-03  0.5248034949    
  0.7694734144E-03  0.5339921799    
  0.7720422186E-03  0.5528341648    
  0.7746110227E-03  0.5623676308    
  0.7771798269E-03  0.5641076550    
  0.7797486310E-03  0.5531215214    
  0.7823174351E-03  0.5490956158    
  0.7848862393E-03  0.5520652689    
  0.7874550434E-03  0.5381062407    
  0.7900238476E-03  0.5352009076    
  0.7925926517E-03  0.5152908999    
  0.7951614559E-03  0.5164460078    
  0.7977302600E-03  0.5116890555    
  0.8002990641E-03  0.5091286066    
  0.8028678683E-03  0.5037909489    
  0.8054366724E-03  0.4937895102    
  0.8080054766E-03  0.4934658063    
  0.8105742807E-03  0.4785736337    
  0.8131430849E-03  0.4806844705    
  0.8157118890E-03  0.4523318034    
  0.8182806932E-03  0.4374765153    
  0.8208494973E-03  0.4022886246    
  0.8234183014E-03  0.3922287902    
  0.8259871056E-03  0.3799278498    
  0.8285559097E-03  0.3686446821    
  0.8311247139E-03  0.3574143387    
  0.8336935180E-03  0.3386868329    
  0.8362623222E-03  0.3368792560    
  0.8388311263E-03  0.3249250196    
  0.8413999304E-03  0.3280230419    
  0.8439687346E-03  0.3102047885    
  0.8465375387E-03  0.3042383463    
  0.8491063429E-03  0.2934620682    
  0.8516751470E-03  0.2999568330    
  0.8542439512E-03  0.2954793870    
  0.8568127553E-03  0.2977948325    
  0.8593815595E-03  0.2956402902    
  0.8619503636E-03  0.3044370239    
  0.8645191677E-03  0.3076169539    
  0.8670879719E-03  0.3063703345    
  0.8696567760E-03  0.3123150775    
  0.8722255802E-03  0.3181007206    
  0.8747943843E-03  0.3281865952    
  0.8773631885E-03  0.3319335824    
  0.8799319926E-03  0.3408443503    
  0.8825007968E-03  0.3444053515    
  0.8850696009E-03  0.3607032367    
  0.8876384050E-03  0.3628321829    
  0.8902072092E-03  0.3813480903    
  0.8927760133E-03  0.3891473125    
  0.8953448175E-03  0.4084579024    
  0.8979136216E-03  0.4290335043    
  0.9004824258E-03  0.4580785879    
  0.9030512299E-03  0.4936464007    
  0.9056200340E-03  0.5275755671    
  0.9081888382E-03  0.5615892647    
  0.9107576423E-03  0.5905879892    
  0.9133264465E-03  0.6070249549    
  0.9158952506E-03  0.6299386849    
  0.9184640548E-03  0.6523224469    
  0.9210328589E-03  0.6931355430    
  0.9236016631E-03  0.7246613755    
  0.9261704672E-03  0.7708467668    
  0.9287392713E-03  0.8311063398    
  0.9313080755E-03  0.9299900023    
  0.9338768796E-03   1.063097545    
  0.9364456838E-03   1.181521695    
  0.9390144879E-03   1.236988370    
  0.9415832921E-03   1.179904104    
  0.9441520962E-03   1.116434161    
  0.9467209003E-03   1.035707845    
  0.9492897045E-03   1.022168080    
  0.9518585086E-03  0.9798450640    
  0.9544273128E-03  0.9790236345    
  0.9569961169E-03  0.9393922470    
  0.9595649211E-03  0.9157990640    
  0.9621337252E-03  0.8668968542    
  0.9647025294E-03  0.8377131633    
  0.9672713335E-03  0.7775252443    
  0.9698401376E-03  0.6963437013    
  0.9724089418E-03  0.6011156540    
  0.9749777459E-03  0.5337902515    
  0.9775465501E-03  0.4923296738    
  0.9801153542E-03  0.4601922890    
  0.9826841584E-03  0.4342571084    
  0.9852529625E-03  0.4063190572    
  0.9878217667E-03  0.3828095005    
  0.9903905708E-03  0.3574868973    
  0.9929593749E-03  0.3305823396    
  0.9955281791E-03  0.3126951340    
  0.9980969832E-03  0.2832242391    
  0.1000665787E-02  0.2583554594    
  0.1003234592E-02  0.2197973701    
  0.1005803396E-02  0.1632774480    
  0.1008372200E-02  0.1045303473    
  0.1010941004E-02  0.6023985665E-01
  0.1013509808E-02  0.4855443549E-01
  0.1016078612E-02  0.4403358864E-01
  0.1018647416E-02  0.4276716539E-01
  0.1021216221E-02  0.3849593515E-01
  0.1023785025E-02  0.3917743577E-01
  0.1026353829E-02  0.3441578383E-01
  0.1028922633E-02  0.3253246021E-01
  0.1031491437E-02  0.2923608454E-01
  0.1034060241E-02  0.2873230410E-01
  0.1036629045E-02  0.2689411565E-01
  0.1039197850E-02  0.2470453966E-01
  0.1041766654E-02  0.2234997151E-01
  0.1044335458E-02  0.2050189131E-01
  0.1046904262E-02  0.1781343021E-01
  0.1049473066E-02  0.1589786599E-01
  0.1052041870E-02  0.1355457724E-01
  0.1054610674E-02  0.1170019293E-01
  0.1057179479E-02  0.8631266486E-02
  0.1059748283E-02  0.4875681212E-02
  0.1062317087E-02  0.1689013846E-02
  0.1064885891E-02  0.6588919757E-04
  0.1067454695E-02   0.000000000    
  0.1070023499E-02   0.000000000    
  0.1072592303E-02   0.000000000    
  0.1075161108E-02   0.000000000    
  0.1077729912E-02   0.000000000    
  0.1080298716E-02   0.000000000    
  0.1082867520E-02   0.000000000    
  0.1085436324E-02   0.000000000    
  0.1088005128E-02   0.000000000    
  0.1090573932E-02   0.000000000    
  0.1093142737E-02   0.000000000    
  0.1095711541E-02   0.000000000    
  0.1098280345E-02   0.000000000    
  0.1100849149E-02   0.000000000    
  0.1103417953E-02   0.000000000    
  0.1105986757E-02   0.000000000    
  0.1108555561E-02   0.000000000    
  0.1111124366E-02   0.000000000    
  0.1113693170E-02   0.000000000    
  0.1116261974E-02   0.000000000    
  0.1118830778E-02   0.000000000    
  0.1121399582E-02   0.000000000    
  0.1123968386E-02   0.000000000    
  0.1126537190E-02   0.000000000    
  0.1129105995E-02   0.000000000    
  0.1131674799E-02   0.000000000    
  0.1134243603E-02   0.000000000    
  0.1136812407E-02   0.000000000    
  0.1139381211E-02   0.000000000    
  0.1141950015E-02   0.000000000    
  0.1144518819E-02   0.000000000    
  0.1147087624E-02   0.000000000    
  0.1149656428E-02   0.000000000    
  0.1152225232E-02   0.000000000    
  0.1154794036E-02   0.000000000    
  0.1157362840E-02   0.000000000    
  0.1159931644E-02   0.000000000    
  0.1162500448E-02   0.000000000    
  0.1165069253E-02   0.000000000    
