   2.603715926      0.7858165889E-04   1.955915324    
   3.380262781      0.7823249088E-04   1.955683983    
   4.156809636      0.7790054893E-04   1.955442988    
   4.933356491      0.7673609333E-04   1.955638070    
   5.709903346      0.7565103467E-04   1.955926805    
   6.486450201      0.7453802790E-04   1.956346125    
   7.262997056      0.7108063195E-04   1.958227347    
   8.039543910      0.6923847150E-04   1.959385856    
   8.816090765      0.6422017979E-04   1.962360121    
   9.592637620      0.5805984203E-04   1.966015610    
   10.36918448      0.5379087123E-04   1.968536569    
   11.14573133      0.4360295139E-04   1.973722213    
   11.92227819      0.2834976488E-04   1.979539383    
   12.69882504      0.1842576477E-06   1.984010178    
   13.47537190      0.2658643843E-09   1.984026246    
   14.25191875      0.1940257769E-09   1.984009727    
   15.02846561      0.1256769467E-09   1.983959807    
   15.80501246      0.1200601026E-09   1.983989165    
   16.58155932      0.7542772257E-10   1.983996262    
   17.35810617      0.7047798021E-10   1.983981387    
   18.13465303      0.6529255701E-10   1.983943936    
   18.91119988      0.5995262129E-10   1.984019278    
   19.68774674      0.4496809936E-10   1.983943604    
   20.46429359      0.4047136554E-10   1.983991749    
   21.24084045      0.3613551082E-10   1.984027826    
   22.01738730      0.3200724154E-10   1.984052580    
   22.79393416      0.2812734022E-10   1.984066512    
   23.57048101      0.2467741371E-10   1.984069899    
   24.34702787      0.2149374705E-10   1.984062809    
   25.12357472      0.1858512147E-10   1.984045100    
   25.90012158      0.1595486465E-10   1.984016419    
   26.67666843      0.1360037426E-10   1.983976181    
   27.45321529      0.1151351357E-10   1.983923547    
   28.22976214      0.9681323794E-11   1.984060645    
   29.00630900      0.8087265590E-11   1.983994329    
   29.78285585      0.6712904867E-11   1.983913767    
   30.55940271      0.5537816364E-11   1.984041034    
   31.33594956      0.4541080477E-11   1.983945928    
   32.11249642      0.3702253516E-11   1.984065587    
   32.88904327      0.3001449603E-11   1.983955194    
