   0.000000000      0.1061388026E-02
  0.1640615945E-01  0.1060128866E-02
  0.3281231890E-01  0.1056364506E-02
  0.4921847835E-01  0.1050134256E-02
  0.6562463780E-01  0.1041503474E-02
  0.8203079725E-01  0.1030563326E-02
  0.9843695670E-01  0.1017430444E-02
  0.1148431162      0.1002246476E-02
  0.1312492756      0.9851775077E-03
  0.1476554351      0.9664133520E-03
  0.1640615945      0.9461666542E-03
  0.1804677540      0.9246717834E-03
  0.1968739134      0.9021834358E-03
  0.2132800729      0.8789748646E-03
  0.2296862323      0.8553356181E-03
  0.2460923918      0.8315686417E-03
  0.2624985512      0.8079865736E-03
  0.2789047107      0.7849070538E-03
  0.2953108701      0.7626468803E-03
  0.3117170296      0.7415149075E-03
  0.3281231890      0.7218036986E-03
  0.3445293485      0.7037801378E-03
  0.3609355079      0.6876754607E-03
  0.3773416674      0.6736754523E-03
  0.3937478268      0.6619118062E-03
  0.4101539863      0.6524557670E-03
  0.4265601457      0.6453150875E-03
  0.4429663052      0.6404349998E-03
  0.4593724646      0.6377033645E-03
  0.4757786241      0.6369595510E-03
  0.4921847835      0.6380060700E-03
  0.5085909430      0.6406216689E-03
  0.5249971024      0.6445745609E-03
  0.5414032619      0.6496346494E-03
  0.5578094213      0.6555839470E-03
  0.5742155808      0.6622247534E-03
  0.5906217402      0.6693854749E-03
  0.6070278997      0.6769241933E-03
  0.6234340591      0.6847302230E-03
  0.6398402186      0.6927239485E-03
  0.6562463780      0.7008552364E-03
  0.6726525375      0.7091006893E-03
  0.6890586969      0.7174599834E-03
  0.7054648564      0.7259514979E-03
  0.7218710158      0.7346074350E-03
  0.7382771753      0.7434686209E-03
  0.7546833347      0.7525791808E-03
  0.7710894942      0.7619812906E-03
  0.7874956536      0.7717102071E-03
  0.8039018131      0.7817897779E-03
  0.8203079725      0.7922286116E-03
  0.8367141320      0.8030170590E-03
  0.8531202914      0.8141251136E-03
  0.8695264509      0.8255012816E-03
  0.8859326103      0.8370724192E-03
  0.9023387698      0.8308033933E-03
  0.9187449292      0.8236202966E-03
  0.9351510887      0.8155064307E-03
  0.9515572481      0.8064526793E-03
  0.9679634076      0.7964573447E-03
  0.9843695670      0.7855259322E-03
   1.000775726      0.7736708858E-03
   1.017181886      0.7609112829E-03
   1.033588045      0.7472724888E-03
   1.049994205      0.7327857788E-03
   1.066400364      0.7174879289E-03
   1.082806524      0.7014207812E-03
   1.099212683      0.6846307856E-03
   1.115618843      0.6671685228E-03
   1.132025002      0.6490882119E-03
   1.148431162      0.6304472046E-03
   1.164837321      0.6113054722E-03
   1.181243480      0.5917250854E-03
   1.197649640      0.5717696931E-03
   1.214055799      0.5515040017E-03
   1.230461959      0.5309932586E-03
   1.246868118      0.5103027440E-03
   1.263274278      0.4894972719E-03
   1.279680437      0.4686407050E-03
   1.296086597      0.4477954862E-03
   1.312492756      0.4270221874E-03
   1.328898916      0.4063790808E-03
   1.345305075      0.3859217317E-03
   1.361711234      0.3657026173E-03
   1.378117394      0.3457707716E-03
   1.394523553      0.3261714579E-03
   1.410929713      0.3069458705E-03
   1.427335872      0.2881308651E-03
   1.443742032      0.2697587207E-03
   1.460148191      0.2518569305E-03
   1.476554351      0.2344480240E-03
   1.492960510      0.2175494199E-03
   1.509366669      0.2011733099E-03
   1.525772829      0.1853265736E-03
   1.542178988      0.1700107260E-03
   1.558585148      0.1552218983E-03
   1.574991307      0.1409508533E-03
   1.591397467      0.1271830391E-03
   1.607803626      0.1138986832E-03
   1.624209786      0.1010729315E-03
   1.640615945      0.8867603602E-04
   1.657022105      0.7667359558E-04
   1.673428264      0.6502685390E-04
   1.689834423      0.5369305786E-04
   1.706240583      0.4262587730E-04
   1.722646742      0.3177588601E-04
   1.739052902      0.2109110011E-04
   1.755459061      0.1051756768E-04
   1.771865221     -0.1078504131E-09
   1.788365009      0.9290795332E-05
   1.804864797      0.1884447699E-04
   1.821364585      0.2890389634E-04
   1.837864373      0.3967576048E-04
   1.854364161      0.5132081549E-04
   1.870863949      0.6395056503E-04
   1.887363737      0.7762918555E-04
   1.903863525      0.9237871131E-04
   1.920363314      0.1081857584E-03
   1.936863102      0.1250085868E-03
   1.953362890      0.1427838256E-03
   1.969862678      0.1614325630E-03
   1.986362466      0.1808657222E-03
   2.002862254      0.2009887438E-03
   2.019362042      0.2217056304E-03
   2.035861830      0.2429224033E-03
   2.052361618      0.2645500067E-03
   2.068861406      0.2865066774E-03
   2.085361195      0.3087197834E-03
   2.101860983      0.3311271252E-03
   2.118360771      0.3536776931E-03
   2.134860559      0.3763318765E-03
   2.151360347      0.3990611330E-03
   2.167860135      0.4218471369E-03
   2.184359923      0.4446804492E-03
   2.200859711      0.4675587704E-03
   2.217359499      0.4904848577E-03
   2.233859287      0.5134642094E-03
   2.250359076      0.5365026349E-03
   2.266858864      0.5596038348E-03
   2.283358652      0.5827671206E-03
   2.299858440      0.6059853921E-03
   2.316358228      0.6292434784E-03
   2.332858016      0.6525169222E-03
   2.349357804      0.6757712604E-03
   2.365857592      0.6989618240E-03
   2.382357380      0.7220340468E-03
   2.398857168      0.7449242479E-03
   2.415356957      0.7675608259E-03
   2.431856745      0.7898657883E-03
   2.448356533      0.8117565255E-03
   2.464856321      0.8331477345E-03
   2.481356109      0.8539533982E-03
   2.497855897      0.8740887295E-03
   2.514355685      0.8934719992E-03
   2.530855473      0.9034028096E-03
   2.547355261      0.9090952675E-03
   2.563855049      0.9167862046E-03
   2.580354838      0.9263710207E-03
   2.596854626      0.9376380110E-03
   2.613354414      0.9502824447E-03
   2.629854202      0.9639257554E-03
   2.646353990      0.9781376216E-03
   2.662853778      0.9924588089E-03
   2.679353566      0.1006423061E-02
   2.695853354      0.1019576877E-02
   2.712353142      0.1031496558E-02
   2.728852930      0.1041802317E-02
   2.745352719      0.1050169550E-02
   2.761852507      0.1056337509E-02
   2.778352295      0.1060115663E-02
   2.794852083      0.1061388026E-02
   2.810926771      0.1060127605E-02
   2.827001458      0.1056356570E-02
   2.843076146      0.1050105618E-02
   2.859150834      0.1041425966E-02
   2.875225521      0.1030389437E-02
   2.891300209      0.1017088582E-02
   2.907374897      0.1001636849E-02
   2.923449585      0.9841687941E-03
   2.939524272      0.9648403412E-03
   2.955598960      0.9438290849E-03
   2.971673648      0.9213346182E-03
   2.987748335      0.8975788611E-03
   3.003823023      0.8728063328E-03
   3.019897711      0.8472842823E-03
   3.035972399      0.8213025371E-03
   3.052047086      0.7951728669E-03
   3.068121774      0.7692275731E-03
   3.084196462      0.7438169197E-03
   3.100271149      0.7193049271E-03
   3.116345837      0.6960629905E-03
   3.132420525      0.6744608098E-03
   3.148495213      0.6548542882E-03
   3.164569900      0.6375704515E-03
   3.180644588      0.6228900690E-03
   3.196719276      0.6110294667E-03
   3.212793963      0.6021237948E-03
   3.228868651      0.5962144385E-03
   3.244943339      0.5932430268E-03
   3.261018027      0.5930535005E-03
   3.277092714      0.5954021785E-03
   3.293167402      0.5999742129E-03
   3.309242090      0.6064037913E-03
   3.325316777      0.6142951934E-03
   3.341391465      0.6232422826E-03
   3.357466153      0.6328448850E-03
   3.373540841      0.6427214228E-03
   3.389615528      0.6525178858E-03
   3.405690216      0.6619136618E-03
   3.421764904      0.6706249188E-03
   3.437839591      0.6784062364E-03
   3.453914279      0.6850510878E-03
   3.469988967      0.6903916482E-03
   3.486063655      0.6942982760E-03
   3.502138342      0.6966789121E-03
   3.518213030      0.6974785552E-03
   3.534197200      0.6972542753E-03
   3.550181370      0.6965956667E-03
   3.566165539      0.6955449131E-03
   3.582149709      0.6941706290E-03
   3.598133879      0.6925653362E-03
   3.614118048      0.6908419681E-03
   3.630102218      0.6891294615E-03
   3.646086388      0.6875675367E-03
   3.662070558      0.6863008264E-03
   3.678054727      0.6854725821E-03
   3.694038897      0.6852182575E-03
   3.710023067      0.6856593312E-03
   3.726007236      0.6868977643E-03
   3.741991406      0.6890114840E-03
   3.757975576      0.6920512327E-03
   3.773959746      0.6960390153E-03
   3.789943915      0.7009682387E-03
   3.805928085      0.7068054810E-03
   3.821912255      0.7134936760E-03
   3.837896424      0.7209563855E-03
   3.853880594      0.7291027625E-03
   3.869864764      0.7378327897E-03
   3.885848934      0.7470424112E-03
   3.901833103      0.7566282345E-03
   3.917817273      0.7664915635E-03
   3.933801443      0.7765416062E-03
   3.949785613      0.7866977831E-03
   3.965769782      0.7968911262E-03
   3.981753952      0.8070648150E-03
   3.997738122      0.8171739363E-03
   4.013722291      0.8271845817E-03
   4.029706461      0.8370724192E-03
   4.045690631      0.8271845817E-03
   4.061674801      0.8171739363E-03
   4.077658970      0.8070648150E-03
   4.093643140      0.7968911262E-03
   4.109627310      0.7866977831E-03
   4.125611479      0.7765416062E-03
   4.141595649      0.7664915635E-03
   4.157579819      0.7566282345E-03
   4.173563989      0.7470424112E-03
   4.189548158      0.7378327897E-03
   4.205532328      0.7291027625E-03
   4.221516498      0.7209563855E-03
   4.237500668      0.7134936760E-03
   4.253484837      0.7068054810E-03
   4.269469007      0.7009682387E-03
   4.285453177      0.6960390153E-03
   4.301437346      0.6920512327E-03
   4.317421516      0.6890114840E-03
   4.333405686      0.6868977643E-03
   4.349389856      0.6856593312E-03
   4.365374025      0.6852182575E-03
   4.381358195      0.6854725821E-03
   4.397342365      0.6863008264E-03
   4.413326534      0.6875675367E-03
   4.429310704      0.6891294615E-03
   4.445294874      0.6908419681E-03
   4.461279044      0.6925653362E-03
   4.477263213      0.6941706290E-03
   4.493247383      0.6955449131E-03
   4.509231553      0.6965956667E-03
   4.525215722      0.6972542753E-03
   4.541199892      0.6974785552E-03
   4.557639914      0.6966940349E-03
   4.574079935      0.6943472354E-03
   4.590519957      0.6904583341E-03
   4.606959978      0.6850606045E-03
   4.623400000      0.6781998872E-03
   4.639840021      0.6699338549E-03
   4.656280043      0.6603310814E-03
   4.672720064      0.6494699219E-03
   4.689160086      0.6374372184E-03
   4.705600107      0.6243268449E-03
   4.722040129      0.6102381119E-03
   4.738480151      0.5952740527E-03
   4.754920172      0.5795396183E-03
   4.771360194      0.5631398140E-03
   4.787800215      0.5461778134E-03
   4.804240237      0.5226926937E-03
   4.820680258      0.4948095207E-03
   4.837120280      0.4673605230E-03
   4.853560301      0.4405893729E-03
   4.870000323      0.4147143901E-03
   4.886440344      0.3899214332E-03
   4.902880366      0.3663567516E-03
   4.919320387      0.3441203097E-03
   4.935760409      0.3232603014E-03
   4.952200430      0.3037697230E-03
   4.968640452      0.2855858810E-03
   4.985080473      0.2685935065E-03
   5.001520495      0.2526317133E-03
   5.017960517      0.2375044360E-03
   5.034400538      0.2229933893E-03
   5.050840560      0.2088721644E-03
   5.067280581      0.1949199693E-03
   5.083720603      0.1809337147E-03
   5.100160624      0.1667375714E-03
   5.116600646      0.1521896058E-03
   5.133040667      0.1371855301E-03
   5.149480689      0.1216598862E-03
   5.165920710      0.1055851316E-03
   5.182360732      0.8896911632E-04
   5.198800753      0.7185139826E-04
   5.215240775      0.5429875678E-04
   5.231680796      0.3640018158E-04
   5.248120818      0.1826153187E-04
   5.264560839     -0.1078504131E-09
   5.281046338      0.3009199012E-05
   5.297531837      0.7100145455E-05
   5.314017336      0.1288092829E-04
   5.330502835      0.2056561589E-04
   5.346988334      0.3018211509E-04
   5.363473833      0.4167753307E-04
   5.379959331      0.5495824153E-04
   5.396444830      0.6990586146E-04
   5.412930329      0.8586292276E-04
   5.429415828      0.9913593248E-04
   5.445901327      0.1132787818E-03
   5.462386826      0.1282724064E-03
   5.478872325      0.1440863810E-03
   5.495357823      0.1606809311E-03
   5.511843322      0.1780086690E-03
   5.528328821      0.1960160899E-03
   5.544814320      0.2146448680E-03
   5.561299819      0.2338329892E-03
   5.577785318      0.2535157535E-03
   5.594270817      0.2736266717E-03
   5.610756315      0.2940982763E-03
   5.627241814      0.3148628606E-03
   5.643727313      0.3358531565E-03
   5.660212812      0.3570029578E-03
   5.676698311      0.3782476917E-03
   5.693183810      0.3995249436E-03
   5.709669309      0.4207749315E-03
   5.726154807      0.4419409340E-03
   5.742640306      0.4629696672E-03
   5.759125805      0.4838116104E-03
   5.775611304      0.5044212780E-03
   5.792096803      0.5247574361E-03
   5.808582302      0.5447832610E-03
   5.825067801      0.5644664381E-03
   5.841553299      0.5837792006E-03
   5.858038798      0.6026983057E-03
   5.874524297      0.6209163742E-03
   5.891009796      0.6293715583E-03
   5.907495295      0.6367824503E-03
   5.923980794      0.6431911032E-03
   5.940466292      0.6486487281E-03
   5.956951791      0.6532148509E-03
   5.973437290      0.6569562315E-03
   5.989922789      0.6599455313E-03
   6.006408288      0.6622597281E-03
   6.022893787      0.6639782894E-03
   6.039379286      0.6651811423E-03
   6.055864784      0.6659465132E-03
   6.072350283      0.6663487658E-03
   6.088835782      0.6664564456E-03
   6.105321281      0.6663308300E-03
   6.121806780      0.6660253925E-03
   6.138292279      0.6655866542E-03
   6.154777778      0.6650568377E-03
   6.171263276      0.6644784246E-03
   6.187748775      0.6639000359E-03
   6.204234274      0.6633820845E-03
   6.220719773      0.6629998255E-03
   6.237205272      0.6628414948E-03
   6.253690771      0.6630006280E-03
   6.270176270      0.6635639391E-03
   6.286661768      0.6645979790E-03
   6.303147267      0.6661381134E-03
   6.319632766      0.6681821908E-03
   6.336118265      0.6706895324E-03
   6.352603764      0.6735844987E-03
   6.369089263      0.6767632115E-03
   6.385574762      0.6801019448E-03
   6.402060260      0.6834659554E-03
   6.418545759      0.6867178858E-03
   6.435031258      0.6897252179E-03
   6.451516757      0.6923665261E-03
   6.468002256      0.6945364711E-03
   6.484487755      0.6961496015E-03
   6.500973254      0.6971430904E-03
   6.517458752      0.6974785552E-03
     
   0.000000000      0.1061388026E-02
  0.1640615945E-01  0.1060983630E-02
  0.3281231890E-01  0.1059773292E-02
  0.4921847835E-01  0.1057765552E-02
  0.6562463780E-01  0.1054974633E-02
  0.8203079725E-01  0.1051420424E-02
  0.9843695670E-01  0.1047128443E-02
  0.1148431162      0.1042129801E-02
  0.1312492756      0.1036461127E-02
  0.1476554351      0.1030164487E-02
  0.1640615945      0.1023287252E-02
  0.1804677540      0.1015881943E-02
  0.1968739134      0.1008006011E-02
  0.2132800729      0.9997215721E-03
  0.2296862323      0.9910950613E-03
  0.2460923918      0.9821968151E-03
  0.2624985512      0.9731005596E-03
  0.2789047107      0.9638828009E-03
  0.2953108701      0.9546221070E-03
  0.3117170296      0.9453982770E-03
  0.3281231890      0.9362913952E-03
  0.3445293485      0.9273807733E-03
  0.3609355079      0.9187437888E-03
  0.3773416674      0.9104546357E-03
  0.3937478268      0.9025830115E-03
  0.4101539863      0.8951927691E-03
  0.4265601457      0.8883405766E-03
  0.4429663052      0.8820746258E-03
  0.4593724646      0.8764334418E-03
  0.4757786241      0.8714448436E-03
  0.4921847835      0.8671251040E-03
  0.5085909430      0.8634783527E-03
  0.5249971024      0.8604962552E-03
  0.5414032619      0.8581579890E-03
  0.5578094213      0.8564305228E-03
  0.5742155808      0.8552691900E-03
  0.5906217402      0.8546185330E-03
  0.6070278997      0.8544133827E-03
  0.6234340591      0.8545801270E-03
  0.6398402186      0.8550381194E-03
  0.6562463780      0.8557011738E-03
  0.6726525375      0.8564790952E-03
  0.6890586969      0.8572792009E-03
  0.7054648564      0.8580077919E-03
  0.7218710158      0.8585715440E-03
  0.7382771753      0.8588787924E-03
  0.7546833347      0.8588406972E-03
  0.7710894942      0.8583722773E-03
  0.7874956536      0.8573933105E-03
  0.8039018131      0.8558291012E-03
  0.8203079725      0.8536111189E-03
  0.8367141320      0.8506775145E-03
  0.8531202914      0.8469735227E-03
  0.8695264509      0.8424517588E-03
  0.8859326103      0.8370724192E-03
  0.9023387698      0.8308033933E-03
  0.9187449292      0.8236202966E-03
  0.9351510887      0.8155064307E-03
  0.9515572481      0.8064526793E-03
  0.9679634076      0.7964573447E-03
  0.9843695670      0.7855259322E-03
   1.000775726      0.7736708858E-03
   1.017181886      0.7609112829E-03
   1.033588045      0.7472724888E-03
   1.049994205      0.7327857788E-03
   1.066400364      0.7174879289E-03
   1.082806524      0.7014207812E-03
   1.099212683      0.6846307856E-03
   1.115618843      0.6671685228E-03
   1.132025002      0.6490882119E-03
   1.148431162      0.6304472046E-03
   1.164837321      0.6113054722E-03
   1.181243480      0.5917250854E-03
   1.197649640      0.5717696931E-03
   1.214055799      0.5515040017E-03
   1.230461959      0.5309932586E-03
   1.246868118      0.5103027440E-03
   1.263274278      0.4894972719E-03
   1.279680437      0.4686407050E-03
   1.296086597      0.4477954862E-03
   1.312492756      0.4270221874E-03
   1.328898916      0.4063790808E-03
   1.345305075      0.3859217317E-03
   1.361711234      0.3657026173E-03
   1.378117394      0.3457707716E-03
   1.394523553      0.3261714579E-03
   1.410929713      0.3069458705E-03
   1.427335872      0.2881308651E-03
   1.443742032      0.2697587207E-03
   1.460148191      0.2518569305E-03
   1.476554351      0.2344480240E-03
   1.492960510      0.2175494199E-03
   1.509366669      0.2011733099E-03
   1.525772829      0.1853265736E-03
   1.542178988      0.1700107260E-03
   1.558585148      0.1552218983E-03
   1.574991307      0.1409508533E-03
   1.591397467      0.1271830391E-03
   1.607803626      0.1138986832E-03
   1.624209786      0.1010729315E-03
   1.640615945      0.8867603602E-04
   1.657022105      0.7667359558E-04
   1.673428264      0.6502685390E-04
   1.689834423      0.5369305786E-04
   1.706240583      0.4262587730E-04
   1.722646742      0.3177588601E-04
   1.739052902      0.2109110011E-04
   1.755459061      0.1051756768E-04
   1.771865221     -0.1078504131E-09
   1.788365009      0.9290795332E-05
   1.804864797      0.1884447699E-04
   1.821364585      0.2890389634E-04
   1.837864373      0.3967576048E-04
   1.854364161      0.5132081549E-04
   1.870863949      0.6395056503E-04
   1.887363737      0.7762918555E-04
   1.903863525      0.9237871131E-04
   1.920363314      0.1081857584E-03
   1.936863102      0.1250085868E-03
   1.953362890      0.1427838256E-03
   1.969862678      0.1614325630E-03
   1.986362466      0.1808657222E-03
   2.002862254      0.2009887438E-03
   2.019362042      0.2217056304E-03
   2.035861830      0.2429224033E-03
   2.052361618      0.2645500067E-03
   2.068861406      0.2865066774E-03
   2.085361195      0.3087197834E-03
   2.101860983      0.3311271252E-03
   2.118360771      0.3536776931E-03
   2.134860559      0.3763318765E-03
   2.151360347      0.3990611330E-03
   2.167860135      0.4218471369E-03
   2.184359923      0.4446804492E-03
   2.200859711      0.4675587704E-03
   2.217359499      0.4904848577E-03
   2.233859287      0.5134642094E-03
   2.250359076      0.5365026349E-03
   2.266858864      0.5596038348E-03
   2.283358652      0.5827671206E-03
   2.299858440      0.6059853921E-03
   2.316358228      0.6292434784E-03
   2.332858016      0.6525169222E-03
   2.349357804      0.6757712604E-03
   2.365857592      0.6989618240E-03
   2.382357380      0.7220340468E-03
   2.398857168      0.7449242479E-03
   2.415356957      0.7675608259E-03
   2.431856745      0.7898657883E-03
   2.448356533      0.8117565255E-03
   2.464856321      0.8331477345E-03
   2.481356109      0.8539533982E-03
   2.497855897      0.8740887295E-03
   2.514355685      0.8934719992E-03
   2.530855473      0.9120261768E-03
   2.547355261      0.9296803264E-03
   2.563855049      0.9463707143E-03
   2.580354838      0.9620415971E-03
   2.596854626      0.9766456779E-03
   2.613354414      0.9901442273E-03
   2.629854202      0.1002506884E-02
   2.646353990      0.1013711158E-02
   2.662853778      0.1023741684E-02
   2.679353566      0.1032589257E-02
   2.695853354      0.1040249721E-02
   2.712353142      0.1046722773E-02
   2.728852930      0.1052010738E-02
   2.745352719      0.1056117396E-02
   2.761852507      0.1059046918E-02
   2.778352295      0.1060802968E-02
   2.794852083      0.1061388026E-02
   2.810926771      0.1060910832E-02
   2.827001458      0.1059483402E-02
   2.843076146      0.1057118152E-02
   2.859150834      0.1053835674E-02
   2.875225521      0.1049664577E-02
   2.891300209      0.1044641260E-02
   2.907374897      0.1038809626E-02
   2.923449585      0.1032220719E-02
   2.939524272      0.1024932289E-02
   2.955598960      0.1017008286E-02
   2.971673648      0.1008518270E-02
   2.987748335      0.9995367412E-03
   3.003823023      0.9901423865E-03
   3.019897711      0.9804172433E-03
   3.035972399      0.9704457782E-03
   3.052047086      0.9603138877E-03
   3.068121774      0.9501078251E-03
   3.084196462      0.9399130671E-03
   3.100271149      0.9298131313E-03
   3.116345837      0.9198883694E-03
   3.132420525      0.9102147577E-03
   3.148495213      0.9008627171E-03
   3.164569900      0.8918959973E-03
   3.180644588      0.8833706619E-03
   3.196719276      0.8753342149E-03
   3.212793963      0.8678249053E-03
   3.228868651      0.8608712446E-03
   3.244943339      0.8544917656E-03
   3.261018027      0.8486950410E-03
   3.277092714      0.8434799710E-03
   3.293167402      0.8388363354E-03
   3.309242090      0.8347455951E-03
   3.325316777      0.8311819164E-03
   3.341391465      0.8281133801E-03
   3.357466153      0.8255033332E-03
   3.373540841      0.8233118341E-03
   3.389615528      0.8214971424E-03
   3.405690216      0.8200172054E-03
   3.421764904      0.8188310953E-03
   3.437839591      0.8179003597E-03
   3.453914279      0.8171902497E-03
   3.469988967      0.8166707990E-03
   3.486063655      0.8163177321E-03
   3.502138342      0.8161131851E-03
   3.518213030      0.8160462289E-03
   3.534197200      0.8157060935E-03
   3.550181370      0.8146947984E-03
   3.566165539      0.8130396846E-03
   3.582149709      0.8107863256E-03
   3.598133879      0.8079984605E-03
   3.614118048      0.8047577546E-03
   3.630102218      0.8011632503E-03
   3.646086388      0.7973303459E-03
   3.662070558      0.7933891285E-03
   3.678054727      0.7894818897E-03
   3.694038897      0.7857596833E-03
   3.710023067      0.7823778405E-03
   3.726007236      0.7794904422E-03
   3.741991406      0.7772438675E-03
   3.757975576      0.7757696701E-03
   3.773959746      0.7751771772E-03
   3.789943915      0.7755463217E-03
   3.805928085      0.7769212943E-03
   3.821912255      0.7793056005E-03
   3.837896424      0.7826590270E-03
   3.853880594      0.7868968639E-03
   3.869864764      0.7918915186E-03
   3.885848934      0.7974764336E-03
   3.901833103      0.8034520208E-03
   3.917817273      0.8095931841E-03
   3.933801443      0.8156579321E-03
   3.949785613      0.8213965822E-03
   3.965769782      0.8265611110E-03
   3.981753952      0.8309142908E-03
   3.997738122      0.8342383451E-03
   4.013722291      0.8363429426E-03
   4.029706461      0.8370724192E-03
   4.045690631      0.8363429426E-03
   4.061674801      0.8342383451E-03
   4.077658970      0.8309142908E-03
   4.093643140      0.8265611110E-03
   4.109627310      0.8213965822E-03
   4.125611479      0.8156579321E-03
   4.141595649      0.8095931841E-03
   4.157579819      0.8034520208E-03
   4.173563989      0.7974764336E-03
   4.189548158      0.7918915186E-03
   4.205532328      0.7868968639E-03
   4.221516498      0.7826590270E-03
   4.237500668      0.7793056005E-03
   4.253484837      0.7769212943E-03
   4.269469007      0.7755463217E-03
   4.285453177      0.7751771772E-03
   4.301437346      0.7757696701E-03
   4.317421516      0.7772438675E-03
   4.333405686      0.7794904422E-03
   4.349389856      0.7823778405E-03
   4.365374025      0.7857596833E-03
   4.381358195      0.7894818897E-03
   4.397342365      0.7933891285E-03
   4.413326534      0.7973303459E-03
   4.429310704      0.8011632503E-03
   4.445294874      0.8047577546E-03
   4.461279044      0.8079984605E-03
   4.477263213      0.8107863256E-03
   4.493247383      0.8130396846E-03
   4.509231553      0.8146947984E-03
   4.525215722      0.8157060935E-03
   4.541199892      0.8160462289E-03
   4.557639914      0.8146011241E-03
   4.574079935      0.8102812879E-03
   4.590519957      0.8031329849E-03
   4.606959978      0.7932327585E-03
   4.623400000      0.7806865885E-03
   4.639840021      0.7656287168E-03
   4.656280043      0.7482201496E-03
   4.672720064      0.7286468386E-03
   4.689160086      0.7071175485E-03
   4.705600107      0.6838614112E-03
   4.722040129      0.6591251658E-03
   4.738480151      0.6331700757E-03
   4.754920172      0.6062685065E-03
   4.771360194      0.5787001381E-03
   4.787800215      0.5507477728E-03
   4.804240237      0.5287530939E-03
   4.820680258      0.5109596402E-03
   4.837120280      0.4928842678E-03
   4.853560301      0.4746051218E-03
   4.870000323      0.4561904069E-03
   4.886440344      0.4376974010E-03
   4.902880366      0.4191718018E-03
   4.919320387      0.4006474439E-03
   4.935760409      0.3821464109E-03
   4.952200430      0.3636795497E-03
   4.968640452      0.3452473741E-03
   4.985080473      0.3268413223E-03
   5.001520495      0.3084453154E-03
   5.017960517      0.2900375422E-03
   5.034400538      0.2715923875E-03
   5.050840560      0.2530824087E-03
   5.067280581      0.2344802704E-03
   5.083720603      0.2157605470E-03
   5.100160624      0.1969013192E-03
   5.116600646      0.1778855013E-03
   5.133040667      0.1587018566E-03
   5.149480689      0.1393456746E-03
   5.165920710      0.1189395324E-03
   5.182360732      0.9698326738E-04
   5.198800753      0.7612197710E-04
   5.215240775      0.5620293460E-04
   5.231680796      0.3703261561E-04
   5.248120818      0.1838282186E-04
   5.264560839     -0.1078504131E-09
   5.281046338      0.7609697557E-05
   5.297531837      0.1539171913E-04
   5.314017336      0.2350943767E-04
   5.330502835      0.3210968104E-04
   5.346988334      0.4131742015E-04
   5.363473833      0.5123302242E-04
   5.379959331      0.6193178636E-04
   5.396444830      0.7346515235E-04
   5.412930329      0.8638516161E-04
   5.429415828      0.1042491815E-03
   5.445901327      0.1233433129E-03
   5.462386826      0.1435088601E-03
   5.478872325      0.1645861691E-03
   5.495357823      0.1864172677E-03
   5.511843322      0.2088479423E-03
   5.528328821      0.2317292178E-03
   5.544814320      0.2549182676E-03
   5.561299819      0.2782788441E-03
   5.577785318      0.3016813537E-03
   5.594270817      0.3250027180E-03
   5.610756315      0.3481261479E-03
   5.627241814      0.3709409325E-03
   5.643727313      0.3933423123E-03
   5.660212812      0.4152314732E-03
   5.676698311      0.4365156725E-03
   5.693183810      0.4571084910E-03
   5.709669309      0.4769301899E-03
   5.726154807      0.4959081486E-03
   5.742640306      0.5139773558E-03
   5.759125805      0.5310809256E-03
   5.775611304      0.5471706135E-03
   5.792096803      0.5622073091E-03
   5.808582302      0.5761614822E-03
   5.825067801      0.5890135623E-03
   5.841553299      0.6007542336E-03
   5.858038798      0.6113846244E-03
   5.874524297      0.6212049493E-03
   5.891009796      0.6392846203E-03
   5.907495295      0.6569268934E-03
   5.923980794      0.6741251671E-03
   5.940466292      0.6908763458E-03
   5.956951791      0.7071804750E-03
   5.973437290      0.7230403325E-03
   5.989922789      0.7384609836E-03
   6.006408288      0.7534493089E-03
   6.022893787      0.7680135124E-03
   6.039379286      0.7821626210E-03
   6.055864784      0.7959059844E-03
   6.072350283      0.8092527875E-03
   6.088835782      0.8222115844E-03
   6.105321281      0.8347898659E-03
   6.121806780      0.8452709973E-03
   6.138292279      0.8344398075E-03
   6.154777778      0.8243641035E-03
   6.171263276      0.8152765916E-03
   6.187748775      0.8073696068E-03
   6.204234274      0.8007819177E-03
   6.220719773      0.7955889681E-03
   6.237205272      0.7917993903E-03
   6.253690771      0.7893592030E-03
   6.270176270      0.7881627422E-03
   6.286661768      0.7880673571E-03
   6.303147267      0.7889083690E-03
   6.319632766      0.7905117118E-03
   6.336118265      0.7927031949E-03
   6.352603764      0.7953145548E-03
   6.369089263      0.7981870692E-03
   6.385574762      0.8011735999E-03
   6.402060260      0.8041397644E-03
   6.418545759      0.8069647061E-03
   6.435031258      0.8095417330E-03
   6.451516757      0.8117789501E-03
   6.468002256      0.8135999182E-03
   6.484487755      0.8149443146E-03
   6.500973254      0.8157685430E-03
   6.517458752      0.8160462289E-03
     
   0.000000000      0.1061388026E-02
  0.1640615945E-01  0.1060983630E-02
  0.3281231890E-01  0.1059773292E-02
  0.4921847835E-01  0.1057765552E-02
  0.6562463780E-01  0.1054974633E-02
  0.8203079725E-01  0.1051420424E-02
  0.9843695670E-01  0.1047128443E-02
  0.1148431162      0.1042129801E-02
  0.1312492756      0.1036461127E-02
  0.1476554351      0.1030164487E-02
  0.1640615945      0.1023287252E-02
  0.1804677540      0.1015881943E-02
  0.1968739134      0.1008006011E-02
  0.2132800729      0.9997215721E-03
  0.2296862323      0.9910950613E-03
  0.2460923918      0.9821968151E-03
  0.2624985512      0.9731005596E-03
  0.2789047107      0.9638828009E-03
  0.2953108701      0.9546221070E-03
  0.3117170296      0.9453982770E-03
  0.3281231890      0.9362913952E-03
  0.3445293485      0.9273807733E-03
  0.3609355079      0.9187437888E-03
  0.3773416674      0.9104546357E-03
  0.3937478268      0.9025830115E-03
  0.4101539863      0.8951927691E-03
  0.4265601457      0.8883405766E-03
  0.4429663052      0.8820746258E-03
  0.4593724646      0.8764334418E-03
  0.4757786241      0.8714448436E-03
  0.4921847835      0.8671251040E-03
  0.5085909430      0.8634783527E-03
  0.5249971024      0.8604962552E-03
  0.5414032619      0.8581579890E-03
  0.5578094213      0.8564305228E-03
  0.5742155808      0.8552691900E-03
  0.5906217402      0.8546185330E-03
  0.6070278997      0.8544133827E-03
  0.6234340591      0.8545801270E-03
  0.6398402186      0.8550381194E-03
  0.6562463780      0.8557011738E-03
  0.6726525375      0.8564790952E-03
  0.6890586969      0.8572792009E-03
  0.7054648564      0.8580077919E-03
  0.7218710158      0.8585715440E-03
  0.7382771753      0.8588787924E-03
  0.7546833347      0.8588406972E-03
  0.7710894942      0.8583722773E-03
  0.7874956536      0.8573933105E-03
  0.8039018131      0.8558291012E-03
  0.8203079725      0.8536111189E-03
  0.8367141320      0.8506775145E-03
  0.8531202914      0.8469735227E-03
  0.8695264509      0.8424517588E-03
  0.8859326103      0.8370724192E-03
  0.9023387698      0.8487444790E-03
  0.9187449292      0.8604040606E-03
  0.9351510887      0.8719206298E-03
  0.9515572481      0.8831492521E-03
  0.9679634076      0.8939336808E-03
  0.9843695670      0.9041096501E-03
   1.000775726      0.9135082388E-03
   1.017181886      0.9219591916E-03
   1.033588045      0.9292941109E-03
   1.049994205      0.9353494516E-03
   1.066400364      0.9399692751E-03
   1.082806524      0.9430077334E-03
   1.099212683      0.9443312696E-03
   1.115618843      0.9438205299E-03
   1.132025002      0.9413719904E-03
   1.148431162      0.9368993054E-03
   1.164837321      0.9303343886E-03
   1.181243480      0.9216282373E-03
   1.197649640      0.9107515131E-03
   1.214055799      0.8976948911E-03
   1.230461959      0.8824691882E-03
   1.246868118      0.8651052838E-03
   1.263274278      0.8456538411E-03
   1.279680437      0.8241848424E-03
   1.296086597      0.8007869450E-03
   1.312492756      0.7755666694E-03
   1.328898916      0.7486474281E-03
   1.345305075      0.7201684030E-03
   1.361711234      0.6902832817E-03
   1.378117394      0.6591588573E-03
   1.394523553      0.6269735024E-03
   1.410929713      0.5939155194E-03
   1.427335872      0.5601813739E-03
   1.443742032      0.5259738126E-03
   1.460148191      0.4914998637E-03
   1.476554351      0.4569687165E-03
   1.492960510      0.4225894687E-03
   1.509366669      0.3885687249E-03
   1.525772829      0.3551080191E-03
   1.542178988      0.3224010250E-03
   1.558585148      0.2906305040E-03
   1.574991307      0.2599649267E-03
   1.591397467      0.2305546919E-03
   1.607803626      0.2025278604E-03
   1.624209786      0.1759853320E-03
   1.640615945      0.1509954293E-03
   1.657022105      0.1275879492E-03
   1.673428264      0.1057479094E-03
   1.689834423      0.8540949210E-04
   1.706240583      0.6645105517E-04
   1.722646742      0.4869247466E-04
   1.739052902      0.3189634285E-04
   1.755459061      0.1577441852E-04
   1.771865221     -0.1078504131E-09
   1.788365009      0.2666793508E-04
   1.804864797      0.5346224498E-04
   1.821364585      0.8050574994E-04
   1.837864373      0.1079142026E-03
   1.854364161      0.1357928614E-03
   1.870863949      0.1642332013E-03
   1.887363737      0.1933098190E-03
   1.903863525      0.2230775973E-03
   1.920363314      0.2535691974E-03
   1.936863102      0.2847929478E-03
   1.953362890      0.3167311985E-03
   1.969862678      0.3493392003E-03
   1.986362466      0.3825445606E-03
   2.002862254      0.4162473159E-03
   2.019362042      0.4503206445E-03
   2.035861830      0.4846122324E-03
   2.052361618      0.5189462873E-03
   2.068861406      0.5531261868E-03
   2.085361195      0.5869377289E-03
   2.101860983      0.6201529461E-03
   2.118360771      0.6525344334E-03
   2.134860559      0.6838401307E-03
   2.151360347      0.7138284940E-03
   2.167860135      0.7422639833E-03
   2.184359923      0.7689227895E-03
   2.200859711      0.7935987155E-03
   2.217359499      0.8161091231E-03
   2.233859287      0.8363008489E-03
   2.250359076      0.8540559827E-03
   2.266858864      0.8692973907E-03
   2.283358652      0.8819938464E-03
   2.299858440      0.8921646073E-03
   2.316358228      0.8998832415E-03
   2.332858016      0.9052804635E-03
   2.349357804      0.9085456831E-03
   2.365857592      0.9099269061E-03
   2.382357380      0.9097285652E-03
   2.398857168      0.9083068074E-03
   2.415356957      0.9060617567E-03
   2.431856745      0.9034263373E-03
   2.448356533      0.9008514271E-03
   2.464856321      0.8987874454E-03
   2.481356109      0.8976629798E-03
   2.497855897      0.8978616751E-03
   2.514355685      0.8996992303E-03
   2.530855473      0.9120261768E-03
   2.547355261      0.9296803264E-03
   2.563855049      0.9463707143E-03
   2.580354838      0.9620415971E-03
   2.596854626      0.9766456779E-03
   2.613354414      0.9901442273E-03
   2.629854202      0.1002506884E-02
   2.646353990      0.1013711158E-02
   2.662853778      0.1023741684E-02
   2.679353566      0.1032589257E-02
   2.695853354      0.1040249721E-02
   2.712353142      0.1046722773E-02
   2.728852930      0.1052010738E-02
   2.745352719      0.1056117396E-02
   2.761852507      0.1059046918E-02
   2.778352295      0.1060802968E-02
   2.794852083      0.1061388026E-02
   2.810926771      0.1060973390E-02
   2.827001458      0.1059735668E-02
   2.843076146      0.1057693364E-02
   2.859150834      0.1054877101E-02
   2.875225521      0.1051329306E-02
   2.891300209      0.1047103749E-02
   2.907374897      0.1042264944E-02
   2.923449585      0.1036887388E-02
   2.939524272      0.1031054640E-02
   2.955598960      0.1024858227E-02
   2.971673648      0.1018396367E-02
   2.987748335      0.1011772502E-02
   3.003823023      0.1005093650E-02
   3.019897711      0.9984685739E-03
   3.035972399      0.9920057954E-03
   3.052047086      0.9858114745E-03
   3.068121774      0.9799872011E-03
   3.084196462      0.9746277545E-03
   3.100271149      0.9698188986E-03
   3.116345837      0.9656352910E-03
   3.132420525      0.9621385922E-03
   3.148495213      0.9593758587E-03
   3.164569900      0.9573783010E-03
   3.180644588      0.9561604692E-03
   3.196719276      0.9557199157E-03
   3.212793963      0.9560373539E-03
   3.228868651      0.9570773094E-03
   3.244943339      0.9587892309E-03
   3.261018027      0.9611090069E-03
   3.277092714      0.9639608139E-03
   3.293167402      0.9672592137E-03
   3.309242090      0.9709114102E-03
   3.325316777      0.9748195804E-03
   3.341391465      0.9788832018E-03
   3.357466153      0.9830013107E-03
   3.373540841      0.9870746367E-03
   3.389615528      0.9910075770E-03
   3.405690216      0.9947099827E-03
   3.421764904      0.9980987439E-03
   3.437839591      0.1001099167E-02
   3.453914279      0.1003646146E-02
   3.469988967      0.1005685133E-02
   3.486063655      0.1007172916E-02
   3.502138342      0.1008078214E-02
   3.518213030      0.1008382093E-02
   3.534197200      0.1008104151E-02
   3.550181370      0.1007274680E-02
   3.566165539      0.1005906569E-02
   3.582149709      0.1004020716E-02
   3.598133879      0.1001645176E-02
   3.614118048      0.9988140112E-03
   3.630102218      0.9955658835E-03
   3.646086388      0.9919424577E-03
   3.662070558      0.9879866634E-03
   3.678054727      0.9837409006E-03
   3.694038897      0.9792452651E-03
   3.710023067      0.9745358754E-03
   3.726007236      0.9696433823E-03
   3.741991406      0.9645917368E-03
   3.757975576      0.9593972805E-03
   3.773959746      0.9540682104E-03
   3.789943915      0.9486044485E-03
   3.805928085      0.9429979317E-03
   3.821912255      0.9372333107E-03
   3.837896424      0.9312890299E-03
   3.853880594      0.9251387406E-03
   3.869864764      0.9187529829E-03
   3.885848934      0.9121010644E-03
   3.901833103      0.9051530533E-03
   3.917817273      0.8978818037E-03
   3.933801443      0.8902649332E-03
   3.949785613      0.8822866761E-03
   3.965769782      0.8739395445E-03
   3.981753952      0.8652257381E-03
   3.997738122      0.8561582525E-03
   4.013722291      0.8467616438E-03
   4.029706461      0.8370724192E-03
   4.045690631      0.8467616438E-03
   4.061674801      0.8561582525E-03
   4.077658970      0.8652257381E-03
   4.093643140      0.8739395445E-03
   4.109627310      0.8822866761E-03
   4.125611479      0.8902649332E-03
   4.141595649      0.8978818037E-03
   4.157579819      0.9051530533E-03
   4.173563989      0.9121010644E-03
   4.189548158      0.9187529829E-03
   4.205532328      0.9251387406E-03
   4.221516498      0.9312890299E-03
   4.237500668      0.9372333107E-03
   4.253484837      0.9429979317E-03
   4.269469007      0.9486044485E-03
   4.285453177      0.9540682104E-03
   4.301437346      0.9593972805E-03
   4.317421516      0.9645917368E-03
   4.333405686      0.9696433823E-03
   4.349389856      0.9745358754E-03
   4.365374025      0.9792452651E-03
   4.381358195      0.9837409006E-03
   4.397342365      0.9879866634E-03
   4.413326534      0.9919424577E-03
   4.429310704      0.9955658835E-03
   4.445294874      0.9988140112E-03
   4.461279044      0.1001645176E-02
   4.477263213      0.1004020716E-02
   4.493247383      0.1005906569E-02
   4.509231553      0.1007274680E-02
   4.525215722      0.1008104151E-02
   4.541199892      0.1008382093E-02
   4.557639914      0.1007486520E-02
   4.574079935      0.1004800073E-02
   4.590519957      0.1000323667E-02
   4.606959978      0.9940591629E-03
   4.623400000      0.9860098509E-03
   4.639840021      0.9761811076E-03
   4.656280043      0.9645811958E-03
   4.672720064      0.9512221799E-03
   4.689160086      0.9361209226E-03
   4.705600107      0.9193001276E-03
   4.722040129      0.9007893902E-03
   4.738480151      0.8806262182E-03
   4.754920172      0.8588569864E-03
   4.771360194      0.8355377905E-03
   4.787800215      0.8107351689E-03
   4.804240237      0.7845266621E-03
   4.820680258      0.7570011886E-03
   4.837120280      0.7282592131E-03
   4.853560301      0.6984126930E-03
   4.870000323      0.6675847900E-03
   4.886440344      0.6359093366E-03
   4.902880366      0.6035300517E-03
   4.919320387      0.5705995020E-03
   4.935760409      0.5372778053E-03
   4.952200430      0.5037310737E-03
   4.968640452      0.4701295959E-03
   4.985080473      0.4366457526E-03
   5.001520495      0.4034516604E-03
   5.017960517      0.3707165341E-03
   5.034400538      0.3386037577E-03
   5.050840560      0.3072676472E-03
   5.067280581      0.2768498964E-03
   5.083720603      0.2474756978E-03
   5.100160624      0.2192495545E-03
   5.116600646      0.1922508292E-03
   5.133040667      0.1665291366E-03
   5.149480689      0.1420997781E-03
   5.165920710      0.1198191010E-03
   5.182360732      0.1001311286E-03
   5.198800753      0.8029726748E-04
   5.215240775      0.6033892754E-04
   5.231680796      0.4028254968E-04
   5.248120818      0.2015853222E-04
   5.264560839     -0.1078504131E-09
   5.281046338      0.2181420464E-04
   5.297531837      0.4376078523E-04
   5.314017336      0.6596921964E-04
   5.330502835      0.8856323599E-04
   5.346988334      0.1116580459E-03
   5.363473833      0.1353576881E-03
   5.379959331      0.1597524982E-03
   5.396444830      0.1849167162E-03
   5.412930329      0.2109062567E-03
   5.429415828      0.2377566907E-03
   5.445901327      0.2654815212E-03
   5.462386826      0.2940708648E-03
   5.478872325      0.3234906661E-03
   5.495357823      0.3536825578E-03
   5.511843322      0.3845644397E-03
   5.528328821      0.4160317829E-03
   5.544814320      0.4479596006E-03
   5.561299819      0.4802049636E-03
   5.577785318      0.5126099061E-03
   5.594270817      0.5450045558E-03
   5.610756315      0.5772103387E-03
   5.627241814      0.6090431367E-03
   5.643727313      0.6403163129E-03
   5.660212812      0.6708435514E-03
   5.676698311      0.7004414863E-03
   5.693183810      0.7289321139E-03
   5.709669309      0.7561449957E-03
   5.726154807      0.7819192635E-03
   5.742640306      0.8061054445E-03
   5.759125805      0.8285671198E-03
   5.775611304      0.8491824318E-03
   5.792096803      0.8678454513E-03
   5.808582302      0.8844674138E-03
   5.825067801      0.8989778323E-03
   5.841553299      0.9113254925E-03
   5.858038798      0.9214793331E-03
   5.874524297      0.9294292140E-03
   5.891009796      0.9351865727E-03
   5.907495295      0.9387849675E-03
   5.923980794      0.9402805043E-03
   5.940466292      0.9397521393E-03
   5.956951791      0.9373018485E-03
   5.973437290      0.9330546426E-03
   5.989922789      0.9271584053E-03
   6.006408288      0.9197835113E-03
   6.022893787      0.9111221680E-03
   6.039379286      0.9013873960E-03
   6.055864784      0.8908115259E-03
   6.072350283      0.8796440404E-03
   6.088835782      0.8681485209E-03
   6.105321281      0.8565983818E-03
   6.121806780      0.8469936689E-03
   6.138292279      0.8588272374E-03
   6.154777778      0.8702927427E-03
   6.171263276      0.8813900684E-03
   6.187748775      0.8921166646E-03
   6.204234274      0.9024674741E-03
   6.220719773      0.9124349314E-03
   6.237205272      0.9220090323E-03
   6.253690771      0.9311774717E-03
   6.270176270      0.9399258445E-03
   6.286661768      0.9482379031E-03
   6.303147267      0.9560958637E-03
   6.319632766      0.9634807534E-03
   6.336118265      0.9703727879E-03
   6.352603764      0.9767517709E-03
   6.369089263      0.9825975046E-03
   6.385574762      0.9878902019E-03
   6.402060260      0.9926108909E-03
   6.418545759      0.9967418021E-03
   6.435031258      0.1000266731E-02
   6.451516757      0.1003171369E-02
   6.468002256      0.1005443590E-02
   6.484487755      0.1007073701E-02
   6.500973254      0.1008054635E-02
   6.517458752      0.1008382093E-02
     
