 -0.1024516824E-03   18.63406109    
 -0.1001977454E-03   55.90218328    
 -0.9794380838E-04   74.53624438    
 -0.9568987137E-04   26.62008728    
 -0.9343593435E-04   47.91615710    
 -0.9118199734E-04   50.57816583    
 -0.8892806033E-04   69.21222692    
 -0.8667412331E-04   71.87423565    
 -0.8442018630E-04   61.22620074    
 -0.8216624929E-04   53.24017455    
 -0.7991231228E-04   55.90218328    
 -0.7765837526E-04   61.22620074    
 -0.7540443825E-04   58.56419201    
 -0.7315050124E-04   77.19825310    
 -0.7089656422E-04   55.90218328    
 -0.6864262721E-04   87.84628801    
 -0.6638869020E-04   79.86026183    
 -0.6413475319E-04   42.59213964    
 -0.6188081617E-04   37.26812219    
 -0.5962687916E-04   82.52227056    
 -0.5737294215E-04   42.59213964    
 -0.5511900513E-04   71.87423565    
 -0.5286506812E-04   66.55021819    
 -0.5061113111E-04   55.90218328    
 -0.4835719410E-04   37.26812219    
 -0.4610325708E-04   79.86026183    
 -0.4384932007E-04   66.55021819    
 -0.4159538306E-04   47.91615710    
 -0.3934144604E-04   55.90218328    
 -0.3708750903E-04   37.26812219    
 -0.3483357202E-04   37.26812219    
 -0.3257963500E-04   34.60611346    
 -0.3032569799E-04   37.26812219    
 -0.2807176098E-04   47.91615710    
 -0.2581782397E-04   34.60611346    
 -0.2356388695E-04   21.29606982    
 -0.2130994994E-04   13.31004364    
 -0.1905601293E-04   26.62008728    
 -0.1680207591E-04   26.62008728    
 -0.1454813890E-04   21.29606982    
 -0.1229420189E-04   15.97205237    
 -0.1004026488E-04   13.31004364    
 -0.7786327863E-05   7.986026183    
 -0.5532390850E-05   0.000000000    
 -0.3278453837E-05   5.324017455    
 -0.1024516824E-05   1.331004364    
  0.1229420189E-05   0.000000000    
  0.3483357202E-05   0.000000000    
  0.5737294215E-05   7.986026183    
  0.7991231228E-05   10.64803491    
  0.1024516824E-04   15.97205237    
  0.1249910525E-04   10.64803491    
  0.1475304227E-04   37.26812219    
  0.1700697928E-04   15.97205237    
  0.1926091629E-04   31.94410473    
  0.2151485330E-04   21.29606982    
  0.2376879032E-04   39.93013092    
  0.2602272733E-04   39.93013092    
  0.2827666434E-04   45.25414837    
  0.3053060136E-04   74.53624438    
  0.3278453837E-04   50.57816583    
  0.3503847538E-04   29.28209600    
  0.3729241240E-04   77.19825310    
  0.3954634941E-04   49.69082958    
  0.4180028642E-04   82.52227056    
  0.4405422343E-04   77.19825310    
  0.4630816045E-04   47.91615710    
  0.4856209746E-04   62.11353698    
  0.5081603447E-04   85.18427929    
  0.5306997149E-04   98.49432292    
  0.5532390850E-04   79.86026183    
  0.5757784551E-04   109.1423578    
  0.5983178252E-04   90.50829674    
  0.6208571954E-04   98.49432292    
  0.6433965655E-04   106.4803491    
  0.6659359356E-04   90.50829674    
  0.6884753058E-04   117.1283840    
  0.7110146759E-04   130.4384277    
  0.7335540460E-04   111.8043666    
  0.7560934161E-04   141.0864626    
  0.7786327863E-04   117.1283840    
  0.8011721564E-04   150.8471612    
  0.8237115265E-04   138.4244538    
  0.8462508967E-04   159.7205237    
  0.8687902668E-04   149.0724888    
  0.8913296369E-04   154.3965062    
  0.9138690071E-04   141.0864626    
  0.9364083772E-04   207.6366808    
  0.9589477473E-04   151.7344975    
  0.9814871174E-04   165.0445411    
  0.1004026488E-03   184.5659385    
  0.1026565858E-03   151.7344975    
  0.1049105228E-03   226.2707419    
  0.1071644598E-03   220.9467244    
  0.1094183968E-03   231.5947593    
  0.1116723338E-03   204.9746720    
  0.1139262708E-03   175.6925760    
  0.1161802078E-03   210.2986895    
  0.1184341449E-03   246.6794754    
  0.1206880819E-03   250.2288204    
  0.1229420189E-03   247.5668117    
  0.1251959559E-03   271.5248902    
  0.1274498929E-03   239.5807855    
  0.1297038299E-03   250.2288204    
  0.1319577669E-03   279.5109164    
  0.1342117040E-03   247.5668117    
  0.1364656410E-03   385.9912655    
  0.1387195780E-03   282.1729251    
  0.1409735150E-03   300.8069862    
  0.1432274520E-03   343.3991259    
  0.1454813890E-03   290.1589513    
  0.1477353260E-03   330.0890822    
  0.1499892630E-03   391.3152830    
  0.1522432001E-03   276.8489077    
  0.1544971371E-03   338.0751084    
  0.1567510741E-03   332.7510910    
  0.1590050111E-03   457.8655012    
  0.1612589481E-03   457.8655012    
  0.1635128851E-03   391.3152830    
  0.1657668221E-03   412.6113528    
  0.1680207591E-03   412.6113528    
  0.1702746962E-03   423.2593877    
  0.1725286332E-03   508.4436670    
  0.1747825702E-03   441.8934488    
  0.1770365072E-03   497.7956321    
  0.1792904442E-03   433.9074226    
  0.1815443812E-03   559.0218328    
  0.1837983182E-03   572.3318765    
  0.1860522552E-03   580.3179026    
  0.1883061923E-03   596.2899550    
  0.1905601293E-03   486.2602609    
  0.1928140663E-03   601.6139725    
  0.1950680033E-03   582.9799114    
  0.1973219403E-03   617.5860248    
  0.1995758773E-03   700.1082954    
  0.2018298143E-03   718.7423565    
  0.2040837514E-03   617.5860248    
  0.2063376884E-03   708.0943216    
  0.2085916254E-03   767.5458498    
  0.2108455624E-03   756.0104787    
  0.2130994994E-03   750.6864612    
  0.2153534364E-03   742.7004350    
  0.2176073734E-03   787.9545834    
  0.2198613104E-03   867.8148452    
  0.2221152475E-03   843.8567667    
  0.2243691845E-03   877.5755439    
  0.2266231215E-03   889.1109150    
  0.2288770585E-03   963.6471594    
  0.2311309955E-03   897.0969412    
  0.2333849325E-03   987.6052380    
  0.2356388695E-03   939.6890809    
  0.2378928065E-03   966.3091681    
  0.2401467436E-03   1030.197378    
  0.2424006806E-03   1024.873360    
  0.2446546176E-03   966.3091681    
  0.2469085546E-03   1147.325762    
  0.2491624916E-03   1099.409605    
  0.2514164286E-03   1110.057639    
  0.2536703656E-03   1205.889954    
  0.2559243026E-03   1085.212225    
  0.2581782397E-03   1078.113535    
  0.2604321767E-03   1251.144102    
  0.2626861137E-03   1110.057639    
  0.2649400507E-03   1219.199997    
  0.2671939877E-03   1168.621831    
  0.2694479247E-03   1228.073360    
  0.2717018617E-03   1336.328381    
  0.2739557988E-03   1211.213971    
  0.2762097358E-03   1200.565936    
  0.2784636728E-03   1325.680346    
  0.2807176098E-03   1277.764189    
  0.2829715468E-03   1291.074233    
  0.2852254838E-03   1409.977289    
  0.2874794208E-03   1344.314407    
  0.2897333578E-03   1280.426198    
  0.2919872949E-03   1445.470739    
  0.2942412319E-03   1331.004364    
  0.2964951689E-03   1365.610477    
  0.2987491059E-03   1346.976416    
  0.3010030429E-03   1480.076853    
  0.3032569799E-03   1474.752835    
  0.3055109169E-03   1453.456765    
  0.3077648539E-03   1490.724888    
  0.3100187910E-03   1466.766809    
  0.3122727280E-03   1513.795630    
  0.3145266650E-03   1493.386896    
  0.3167806020E-03   1504.034931    
  0.3190345390E-03   1583.895193    
  0.3212884760E-03   1498.710914    
  0.3235424130E-03   1623.825324    
  0.3257963500E-03   1477.414844    
  0.3280502871E-03   1647.783402    
  0.3303042241E-03   1739.179035    
  0.3325581611E-03   1642.459385    
  0.3348120981E-03   1623.825324    
  0.3370660351E-03   1629.149341    
  0.3393199721E-03   1777.334494    
  0.3415739091E-03   1716.995629    
  0.3438278462E-03   1709.009603    
  0.3460817832E-03   1586.557202    
  0.3483357202E-03   1812.827944    
  0.3505896572E-03   1711.671612    
  0.3528435942E-03   2025.788642    
  0.3550975312E-03   1812.827944    
  0.3573514682E-03   1794.193882    
  0.3596054052E-03   1815.489952    
  0.3618593423E-03   1887.364188    
  0.3641132793E-03   1846.546721    
  0.3663672163E-03   1919.308293    
  0.3686211533E-03   1921.970301    
  0.3708750903E-03   1935.280345    
  0.3731290273E-03   2084.352834    
  0.3753829643E-03   1961.900432    
  0.3776369013E-03   2129.606982    
  0.3798908384E-03   1991.182528    
  0.3821447754E-03   1908.660258    
  0.3843987124E-03   2126.944973    
  0.3866526494E-03   2253.834056    
  0.3889065864E-03   2031.112659    
  0.3911605234E-03   2063.056764    
  0.3934144604E-03   2250.284711    
  0.3956683974E-03   2254.721392    
  0.3979223345E-03   2334.581654    
  0.4001762715E-03   2214.791261    
  0.4024302085E-03   2156.227069    
  0.4046841455E-03   2278.679471    
  0.4069380825E-03   2387.821829    
  0.4091920195E-03   2337.243663    
  0.4114459565E-03   2251.172047    
  0.4136998936E-03   2542.218335    
  0.4159538306E-03   2406.455890    
  0.4182077676E-03   2395.807855    
  0.4204617046E-03   2534.232309    
  0.4227156416E-03   2611.430562    
  0.4249695786E-03   2552.866370    
  0.4272235156E-03   2419.765933    
  0.4294774526E-03   2449.048029    
  0.4317313897E-03   2616.754579    
  0.4339853267E-03   2770.263749    
  0.4362392637E-03   2691.290824    
  0.4384932007E-03   2725.896937    
  0.4407471377E-03   2707.262876    
  0.4430010747E-03   2861.659382    
  0.4452550117E-03   2731.220955    
  0.4475089487E-03   2832.377286    
  0.4497628858E-03   2608.768553    
  0.4520168228E-03   2984.111784    
  0.4542707598E-03   3000.083836    
  0.4565246968E-03   3094.141478    
  0.4587786338E-03   2980.562439    
  0.4610325708E-03   2992.097810    
  0.4632865078E-03   2949.505670    
  0.4655404448E-03   3194.410473    
  0.4677943819E-03   3082.606107    
  0.4700483189E-03   3178.438421    
  0.4723022559E-03   3122.536238    
  0.4745561929E-03   3322.186892    
  0.4768101299E-03   3311.538857    
  0.4790640669E-03   3407.371171    
  0.4813180039E-03   3654.050647    
  0.4835719410E-03   3146.494316    
  0.4858258780E-03   3420.681215    
  0.4880798150E-03   3449.963311    
  0.4903337520E-03   3396.723137    
  0.4925876890E-03   3748.108289    
  0.4948416260E-03   3822.644533    
  0.4970955630E-03   3790.700428    
  0.4993495000E-03   3660.262001    
  0.5016034371E-03   3950.420952    
  0.5038573741E-03   3926.462873    
  0.5061113111E-03   3835.067240    
  0.5083652481E-03   3809.334489    
  0.5106191851E-03   3961.068987    
  0.5128731221E-03   4437.568549    
  0.5151270591E-03   4131.437545    
  0.5173809961E-03   4235.255886    
  0.5196349332E-03   4536.950208    
  0.5218888702E-03   4301.806104    
  0.5241428072E-03   4557.358942    
  0.5263967442E-03   4272.524008    
  0.5286506812E-03   4875.912653    
  0.5309046182E-03   4977.956321    
  0.5331585552E-03   4812.911780    
  0.5354124922E-03   5044.506539    
  0.5376664293E-03   5166.958940    
  0.5399203663E-03   5177.606975    
  0.5421743033E-03   5174.944967    
  0.5444282403E-03   5768.572913    
  0.5466821773E-03   5739.290817    
  0.5489361143E-03   6151.902170    
  0.5511900513E-03   6630.176404    
  0.5534439884E-03   7320.524001    
  0.5556979254E-03   7650.613083    
  0.5579518624E-03   7871.559808    
  0.5602057994E-03   7967.392122    
  0.5624597364E-03   7951.420070    
  0.5647136734E-03   8473.173780    
  0.5669676104E-03   8510.441902    
  0.5692215474E-03   7988.688192    
  0.5714754845E-03   8875.137098    
  0.5737294215E-03   8230.043650    
  0.5759833585E-03   9034.857622    
  0.5782372955E-03   8750.022688    
  0.5804912325E-03   9562.822686    
  0.5827451695E-03   9498.047140    
  0.5849991065E-03   9527.329236    
  0.5872530435E-03   10073.04103    
  0.5895069806E-03   10613.42880    
  0.5917609176E-03   11231.01482    
  0.5940148546E-03   11895.62967    
  0.5962687916E-03   12799.82530    
  0.5985227286E-03   11533.59648    
  0.6007766656E-03   11288.69168    
  0.6030306026E-03   10868.98164    
  0.6052845396E-03   10545.10391    
  0.6075384767E-03   10396.03142    
  0.6097924137E-03   9974.546703    
  0.6120463507E-03   9843.220939    
  0.6143002877E-03   9295.734477    
  0.6165542247E-03   8873.362426    
  0.6188081617E-03   8096.055877    
  0.6210620987E-03   7275.269853    
  0.6233160358E-03   6098.661995    
  0.6255699728E-03   4919.392129    
  0.6278239098E-03   4629.233177    
  0.6300778468E-03   4748.136234    
  0.6323317838E-03   4787.179029    
  0.6345857208E-03   4513.879466    
  0.6368396578E-03   4312.454139    
  0.6390935948E-03   4400.300427    
  0.6413475319E-03   4517.428811    
  0.6436014689E-03   4511.217457    
  0.6458554059E-03   4658.515273    
  0.6481093429E-03   4501.456759    
  0.6503632799E-03   4421.596497    
  0.6526172169E-03   4333.750209    
  0.6548711539E-03   4198.875100    
  0.6571250909E-03   4394.976409    
  0.6593790280E-03   4472.174663    
  0.6616329650E-03   4184.677720    
  0.6638869020E-03   4099.493441    
  0.6661408390E-03   4155.395624    
  0.6683947760E-03   4423.371169    
  0.6706487130E-03   3905.166804    
  0.6729026500E-03   4059.563310    
  0.6751565870E-03   4211.297807    
  0.6774105241E-03   4125.226192    
  0.6796644611E-03   4059.563310    
  0.6819183981E-03   3978.815712    
  0.6841723351E-03   4146.522261    
  0.6864262721E-03   4047.140602    
  0.6886802091E-03   4136.761563    
  0.6909341461E-03   3966.393004    
  0.6931880832E-03   4175.804357    
  0.6954420202E-03   3963.730996    
  0.6976959572E-03   4227.269860    
  0.6999498942E-03   4018.745843    
  0.7022038312E-03   4293.820078    
  0.7044577682E-03   3894.518769    
  0.7067117052E-03   4221.058506    
  0.7089656422E-03   4084.408725    
  0.7112195793E-03   4432.244532    
  0.7134735163E-03   4171.367676    
  0.7157274533E-03   4229.931868    
  0.7179813903E-03   4040.929249    
  0.7202353273E-03   4631.895186    
  0.7224892643E-03   4618.585143    
  0.7247432013E-03   4133.212218    
  0.7269971383E-03   4208.635798    
  0.7292510754E-03   4148.296934    
  0.7315050124E-03   4328.426191    
  0.7337589494E-03   3955.744969    
  0.7360128864E-03   3872.335363    
  0.7382668234E-03   4079.084707    
  0.7405207604E-03   4168.705668    
  0.7427746974E-03   3838.616585    
  0.7450286344E-03   4221.945842    
  0.7472825715E-03   4126.113528    
  0.7495365085E-03   4258.326628    
  0.7517904455E-03   4522.752828    
  0.7540443825E-03   5159.860250    
  0.7562983195E-03   5515.682084    
  0.7585522565E-03   5715.332738    
  0.7608061935E-03   5499.710031    
  0.7630601306E-03   5888.363306    
  0.7653140676E-03   5588.443656    
  0.7675680046E-03   6218.452388    
  0.7698219416E-03   5773.896930    
  0.7720758786E-03   6178.522257    
  0.7743298156E-03   6319.608720    
  0.7765837526E-03   6364.862868    
  0.7788376896E-03   6356.876842    
  0.7810916267E-03   6744.642780    
  0.7833455637E-03   6764.164177    
  0.7855995007E-03   6838.700421    
  0.7878534377E-03   7073.844526    
  0.7901073747E-03   7131.521381    
  0.7923613117E-03   7210.494307    
  0.7946152487E-03   7419.018324    
  0.7968691857E-03   7287.692560    
  0.7991231228E-03   7778.389502    
  0.8013770598E-03   7645.289066    
  0.8036309968E-03   8010.871598    
  0.8058849338E-03   8385.327492    
  0.8081388708E-03   8399.524872    
  0.8103928078E-03   9024.209587    
  0.8126467448E-03   9314.368538    
  0.8149006818E-03   9889.362423    
  0.8171546189E-03   10941.74321    
  0.8194085559E-03   11414.69342    
  0.8216624929E-03   12601.94932    
  0.8239164299E-03   12697.78163    
  0.8261703669E-03   13280.76154    
  0.8284243039E-03   14335.80433    
  0.8306782409E-03   14066.05412    
  0.8329321780E-03   11331.28382    
  0.8351861150E-03   9655.105655    
  0.8374400520E-03   8228.268977    
  0.8396939890E-03   6348.890816    
  0.8419479260E-03   6029.449768    
  0.8442018630E-03   5568.922258    
  0.8464558000E-03   5150.986888    
  0.8487097370E-03   4239.692567    
  0.8509636741E-03   4429.582523    
  0.8532176111E-03   3652.275974    
  0.8554715481E-03   3689.544097    
  0.8577254851E-03   3487.231433    
  0.8599794221E-03   3415.357198    
  0.8622333591E-03   3155.367679    
  0.8644872961E-03   3126.972919    
  0.8667412331E-03   2890.941478    
  0.8689951702E-03   2781.799120    
  0.8712491072E-03   2473.006108    
  0.8735030442E-03   2393.145846    
  0.8757569812E-03   2220.115279    
  0.8780109182E-03   1980.534493    
  0.8802648552E-03   2048.859384    
  0.8825187922E-03   1751.601743    
  0.8847727292E-03   1732.967682    
  0.8870266663E-03   1690.375542    
  0.8892806033E-03   1256.468119    
  0.8915345403E-03   1552.838424    
  0.8937884773E-03   1247.594757    
  0.8960424143E-03   1189.917901    
  0.8982963513E-03   1016.887334    
  0.9005502883E-03   878.4628801    
  0.9028042254E-03   716.0803477    
  0.9050581624E-03   648.6427933    
  0.9073120994E-03   697.4462867    
  0.9095660364E-03   577.6558939    
  0.9118199734E-03   577.6558939    
  0.9140739104E-03   572.3318765    
  0.9163278474E-03   436.5694313    
  0.9185817844E-03   519.0917019    
  0.9208357215E-03   409.0620078    
  0.9230896585E-03   370.0192131    
  0.9253435955E-03   303.4689950    
  0.9275975325E-03   268.8628815    
  0.9298514695E-03   166.8192136    
  0.9321054065E-03   11.97903927    
  0.9343593435E-03   0.000000000    
  0.9366132805E-03   0.000000000    
  0.9388672176E-03   0.000000000    
  0.9411211546E-03   0.000000000    
  0.9433750916E-03   0.000000000    
  0.9456290286E-03   0.000000000    
  0.9478829656E-03   0.000000000    
  0.9501369026E-03   0.000000000    
  0.9523908396E-03   0.000000000    
  0.9546447766E-03   0.000000000    
  0.9568987137E-03   0.000000000    
  0.9591526507E-03   0.000000000    
  0.9614065877E-03   0.000000000    
  0.9636605247E-03   0.000000000    
  0.9659144617E-03   0.000000000    
  0.9681683987E-03   0.000000000    
  0.9704223357E-03   0.000000000    
  0.9726762728E-03   0.000000000    
  0.9749302098E-03   0.000000000    
  0.9771841468E-03   0.000000000    
  0.9794380838E-03   0.000000000    
  0.9816920208E-03   0.000000000    
  0.9839459578E-03   0.000000000    
  0.9861998948E-03   0.000000000    
  0.9884538318E-03   0.000000000    
  0.9907077689E-03   0.000000000    
  0.9929617059E-03   0.000000000    
  0.9952156429E-03   0.000000000    
  0.9974695799E-03   0.000000000    
  0.9997235169E-03   0.000000000    
  0.1001977454E-02   0.000000000    
  0.1004231391E-02   0.000000000    
  0.1006485328E-02   0.000000000    
  0.1008739265E-02   0.000000000    
  0.1010993202E-02   0.000000000    
  0.1013247139E-02   0.000000000    
  0.1015501076E-02   0.000000000    
  0.1017755013E-02   0.000000000    
  0.1020008950E-02   0.000000000    
  0.1022262887E-02   0.000000000    
