   0.000000000      0.7195095509E-05
  0.1640615945E-01  0.7194492344E-05
  0.3281231890E-01  0.7192773943E-05
  0.4921847835E-01  0.7190210570E-05
  0.6562463780E-01  0.7187242710E-05
  0.8203079725E-01  0.7184466611E-05
  0.9843695670E-01  0.7182614940E-05
  0.1148431162      0.7182533364E-05
  0.1312492756      0.7185154014E-05
  0.1476554351      0.7191466812E-05
  0.1640615945      0.7202489681E-05
  0.1804677540      0.7219238578E-05
  0.1968739134      0.7242698185E-05
  0.2132800729      0.7273793994E-05
  0.2296862323      0.7313366358E-05
  0.2460923918      0.7362146981E-05
  0.2624985512      0.7420738194E-05
  0.2789047107      0.7489595296E-05
  0.2953108701      0.7569012199E-05
  0.3117170296      0.7659110586E-05
  0.3281231890      0.7759832813E-05
  0.3445293485      0.7870938771E-05
  0.3609355079      0.7992006951E-05
  0.3773416674      0.8122439914E-05
  0.3937478268      0.8261474325E-05
  0.4101539863      0.8408195609E-05
  0.4265601457      0.8561557124E-05
  0.4429663052      0.8720403593E-05
  0.4593724646      0.8883498280E-05
  0.4757786241      0.9049553194E-05
  0.4921847835      0.9008343442E-05
  0.5085909430      0.8971463154E-05
  0.5249971024      0.8953063542E-05
  0.5414032619      0.8955959963E-05
  0.5578094213      0.8982357251E-05
  0.5742155808      0.9033798276E-05
  0.5906217402      0.9111122594E-05
  0.6070278997      0.9214433535E-05
  0.6234340591      0.9343073345E-05
  0.6398402186      0.9495607552E-05
  0.6562463780      0.9669821232E-05
  0.6726525375      0.9862731052E-05
  0.6890586969      0.1007061762E-04
  0.7054648564      0.1028908263E-04
  0.7218710158      0.1051313443E-04
  0.7382771753      0.1073730406E-04
  0.7546833347      0.1095579159E-04
  0.7710894942      0.1116263978E-04
  0.7874956536      0.1135192955E-04
  0.8039018131      0.1151798877E-04
  0.8203079725      0.1165560416E-04
  0.8367141320      0.1173852762E-04
  0.8531202914      0.1178497571E-04
  0.8695264509      0.1182070635E-04
  0.8859326103      0.1184411247E-04
  0.9023387698      0.1179009612E-04
  0.9187449292      0.1169529832E-04
  0.9351510887      0.1156153431E-04
  0.9515572481      0.1139162764E-04
  0.9679634076      0.1118926389E-04
  0.9843695670      0.1095880925E-04
   1.000775726      0.1070510524E-04
   1.017181886      0.1043325172E-04
   1.033588045      0.1014839010E-04
   1.049994205      0.9855497912E-05
   1.066400364      0.9559203846E-05
   1.082806524      0.9263630171E-05
   1.099212683      0.8972267061E-05
   1.115618843      0.8687880781E-05
   1.132025002      0.8412455710E-05
   1.148431162      0.8147168564E-05
   1.164837321      0.7892392251E-05
   1.181243480      0.7647726438E-05
   1.197649640      0.7412052091E-05
   1.214055799      0.7052772059E-05
   1.230461959      0.6549068856E-05
   1.246868118      0.6041318365E-05
   1.263274278      0.5534694717E-05
   1.279680437      0.5034307124E-05
   1.296086597      0.4545063261E-05
   1.312492756      0.4071541190E-05
   1.328898916      0.3617875183E-05
   1.345305075      0.3187660064E-05
   1.361711234      0.2783877608E-05
   1.378117394      0.2408847339E-05
   1.394523553      0.2064202753E-05
   1.410929713      0.1750892640E-05
   1.427335872      0.1469205945E-05
   1.443742032      0.1218817532E-05
   1.460148191      0.9988513014E-06
   1.476554351      0.8079565454E-06
   1.492960510      0.6443930877E-06
   1.509366669      0.5061207214E-06
   1.525772829      0.3908887040E-06
   1.542178988      0.2963215244E-06
   1.558585148      0.2199978019E-06
   1.574991307      0.1595199288E-06
   1.591397467      0.1125728837E-06
   1.607803626      0.7697144249E-07
   1.624209786      0.5069576645E-07
   1.640615945      0.3191599197E-07
   1.657022105      0.1900697217E-07
   1.673428264      0.1055469866E-07
   1.689834423      0.5356167287E-08
   1.706240583      0.2414547582E-08
   1.722646742      0.9314888543E-09
   1.739052902      0.2982645575E-09
   1.755459061      0.8724297155E-10
   1.771865221      0.4489652509E-10
   1.788365009      0.2165922609E-09
   1.804864797      0.1492254636E-08
   1.821364585      0.6088962599E-08
   1.837864373      0.1749306785E-07
   1.854364161      0.4016965250E-07
   1.870863949      0.7919808152E-07
   1.887363737      0.1398695376E-06
   1.903863525      0.2272845663E-06
   1.920363314      0.3459863841E-06
   1.936863102      0.4996595328E-06
   1.953362890      0.6909144171E-06
   1.969862678      0.9211676665E-06
   1.986362466      0.1190617536E-05
   2.002862254      0.1498304039E-05
   2.019362042      0.1842236169E-05
   2.035861830      0.2219564137E-05
   2.052361618      0.2626773056E-05
   2.068861406      0.3059875946E-05
   2.085361195      0.3514587537E-05
   2.101860983      0.3986465595E-05
   2.118360771      0.4471012443E-05
   2.134860559      0.4963735325E-05
   2.151360347      0.5460169611E-05
   2.167860135      0.5955873101E-05
   2.184359923      0.6446402621E-05
   2.200859711      0.6927285523E-05
   2.217359499      0.7393998725E-05
   2.233859287      0.7841966511E-05
   2.250359076      0.8266585830E-05
   2.266858864      0.8663284379E-05
   2.283358652      0.9027612713E-05
   2.299858440      0.9355367365E-05
   2.316358228      0.9642737858E-05
   2.332858016      0.9886466951E-05
   2.349357804      0.1008401097E-04
   2.365857592      0.1023368583E-04
   2.382357380      0.1033478462E-04
   2.398857168      0.1038765461E-04
   2.415356957      0.1039372452E-04
   2.431856745      0.1035547737E-04
   2.448356533      0.1027636911E-04
   2.464856321      0.1016069781E-04
   2.481356109      0.1001343273E-04
   2.497855897      0.9840015667E-05
   2.514355685      0.9646149017E-05
   2.530855473      0.9437584911E-05
   2.547355261      0.9219929178E-05
   2.563855049      0.8998471191E-05
   2.580354838      0.8778047707E-05
   2.596854626      0.8562945300E-05
   2.613354414      0.8356842523E-05
   2.629854202      0.8162789950E-05
   2.646353990      0.7983223865E-05
   2.662853778      0.7820007754E-05
   2.679353566      0.7674494880E-05
   2.695853354      0.7547604987E-05
   2.712353142      0.7439908431E-05
   2.728852930      0.7351711605E-05
   2.745352719      0.7283138285E-05
   2.761852507      0.7234202338E-05
   2.778352295      0.7204868093E-05
   2.794852083      0.7195095509E-05
   2.810926771      0.7189972920E-05
   2.827001458      0.7174772979E-05
   2.843076146      0.7149994190E-05
   2.859150834      0.7116451043E-05
   2.875225521      0.7075250343E-05
   2.891300209      0.7027759706E-05
   2.907374897      0.6975569722E-05
   2.923449585      0.6920451507E-05
   2.939524272      0.6864311483E-05
   2.955598960      0.6809145215E-05
   2.971673648      0.6756991959E-05
   2.987748335      0.6709891376E-05
   3.003823023      0.6669843479E-05
   3.019897711      0.6638772536E-05
   3.035972399      0.6618495205E-05
   3.052047086      0.6610692809E-05
   3.068121774      0.6616887319E-05
   3.084196462      0.6638420330E-05
   3.100271149      0.6676434192E-05
   3.116345837      0.6731854404E-05
   3.132420525      0.6805372461E-05
   3.148495213      0.6897428569E-05
   3.164569900      0.7008193923E-05
   3.180644588      0.7137552625E-05
   3.196719276      0.7285083732E-05
   3.212793963      0.7450044319E-05
   3.228868651      0.7631354845E-05
   3.244943339      0.7827588360E-05
   3.261018027      0.8036965318E-05
   3.277092714      0.8257355766E-05
   3.293167402      0.8486290613E-05
   3.309242090      0.8720983390E-05
   3.325316777      0.8958363528E-05
   3.341391465      0.9195121639E-05
   3.357466153      0.9427766638E-05
   3.373540841      0.9652693903E-05
   3.389615528      0.9866262906E-05
   3.405690216      0.1003130367E-04
   3.421764904      0.9599646170E-05
   3.437839591      0.9226475923E-05
   3.453914279      0.8916150939E-05
   3.469988967      0.8671894340E-05
   3.486063655      0.8495974137E-05
   3.502138342      0.8389871101E-05
   3.518213030      0.8354414658E-05
   3.534197200      0.8373327433E-05
   3.550181370      0.8429520412E-05
   3.566165539      0.8521371023E-05
   3.582149709      0.8646221618E-05
   3.598133879      0.8800454994E-05
   3.614118048      0.8979609152E-05
   3.630102218      0.9178535892E-05
   3.646086388      0.9391604125E-05
   3.662070558      0.9612943028E-05
   3.678054727      0.9836713582E-05
   3.694038897      0.1005739079E-04
   3.710023067      0.1027003444E-04
   3.726007236      0.1047052463E-04
   3.741991406      0.1065573983E-04
   3.757975576      0.1082366011E-04
   3.773959746      0.1097338540E-04
   3.789943915      0.1110506727E-04
   3.805928085      0.1089299281E-04
   3.821912255      0.1072565028E-04
   3.837896424      0.1063117636E-04
   3.853880594      0.1060262288E-04
   3.869864764      0.1063176194E-04
   3.885848934      0.1070927936E-04
   3.901833103      0.1082498037E-04
   3.917817273      0.1096803094E-04
   3.933801443      0.1112724863E-04
   3.949785613      0.1129144545E-04
   3.965769782      0.1144981211E-04
   3.981753952      0.1159232176E-04
   3.997738122      0.1171012372E-04
   4.013722291      0.1179589410E-04
   4.029706461      0.1184411247E-04
   4.045690631      0.1179589410E-04
   4.061674801      0.1171012372E-04
   4.077658970      0.1159232176E-04
   4.093643140      0.1144981211E-04
   4.109627310      0.1129144545E-04
   4.125611479      0.1112724863E-04
   4.141595649      0.1096803094E-04
   4.157579819      0.1082498037E-04
   4.173563989      0.1070927936E-04
   4.189548158      0.1063176194E-04
   4.205532328      0.1060262288E-04
   4.221516498      0.1063117636E-04
   4.237500668      0.1072565028E-04
   4.253484837      0.1089299281E-04
   4.269469007      0.1110506727E-04
   4.285453177      0.1097338540E-04
   4.301437346      0.1082366011E-04
   4.317421516      0.1065573983E-04
   4.333405686      0.1047052463E-04
   4.349389856      0.1027003444E-04
   4.365374025      0.1005739079E-04
   4.381358195      0.9836713582E-05
   4.397342365      0.9612943028E-05
   4.413326534      0.9391604125E-05
   4.429310704      0.9178535892E-05
   4.445294874      0.8979609152E-05
   4.461279044      0.8800454994E-05
   4.477263213      0.8646221618E-05
   4.493247383      0.8521371023E-05
   4.509231553      0.8429520412E-05
   4.525215722      0.8373327433E-05
   4.541199892      0.8354414658E-05
   4.557639914      0.8321972076E-05
   4.574079935      0.8225786568E-05
   4.590519957      0.8069208397E-05
   4.606959978      0.7857573827E-05
   4.623400000      0.7597858589E-05
   4.639840021      0.7298239028E-05
   4.656280043      0.6967600285E-05
   4.672720064      0.6615033408E-05
   4.689160086      0.6249361116E-05
   4.705600107      0.5878725662E-05
   4.722040129      0.5510263054E-05
   4.738480151      0.5149877193E-05
   4.754920172      0.4802116889E-05
   4.771360194      0.4470149536E-05
   4.787800215      0.4155818444E-05
   4.804240237      0.3859766996E-05
   4.820680258      0.3581611659E-05
   4.837120280      0.3320147122E-05
   4.853560301      0.3073569327E-05
   4.870000323      0.2839705172E-05
   4.886440344      0.2616240055E-05
   4.902880366      0.2400935857E-05
   4.919320387      0.2191831986E-05
   4.935760409      0.1987421158E-05
   4.952200430      0.1786790176E-05
   4.968640452      0.1589714930E-05
   4.985080473      0.1396699076E-05
   5.001520495      0.1208947952E-05
   5.017960517      0.1028273647E-05
   5.034400538      0.8569334971E-06
   5.050840560      0.6974120364E-06
   5.067280581      0.5521644474E-06
   5.083720603      0.4233465475E-06
   5.100160624      0.3125609490E-06
   5.116600646      0.2206501543E-06
   5.133040667      0.1475643580E-06
   5.149480689      0.9232460680E-07
   5.165920710      0.5309137235E-07
   5.182360732      0.2733579963E-07
   5.198800753      0.1209761047E-07
   5.215240775      0.4301772328E-08
   5.231680796      0.1097377466E-08
   5.248120818      0.1781035785E-09
   5.264560839      0.4489652509E-10
   5.281046338      0.9333951269E-10
   5.297531837      0.3448344542E-09
   5.314017336      0.1122458599E-08
   5.330502835      0.2979532786E-08
   5.346988334      0.6720485489E-08
   5.363473833      0.1342720353E-07
   5.379959331      0.2448800368E-07
   5.396444830      0.4162557417E-07
   5.412930329      0.6691954209E-07
   5.429415828      0.1028188007E-06
   5.445901327      0.1521384722E-06
   5.462386826      0.2180364829E-06
   5.478872325      0.3039652740E-06
   5.495357823      0.4135952169E-06
   5.511843322      0.5507078663E-06
   5.528328821      0.7190592209E-06
   5.544814320      0.9222155868E-06
   5.561299819      0.1163367275E-05
   5.577785318      0.1445128034E-05
   5.594270817      0.1769330542E-05
   5.610756315      0.2136830250E-05
   5.627241814      0.2547331109E-05
   5.643727313      0.2999246979E-05
   5.660212812      0.3425476011E-05
   5.676698311      0.3835606227E-05
   5.693183810      0.4260649574E-05
   5.709669309      0.4697561391E-05
   5.726154807      0.5143136609E-05
   5.742640306      0.5594067741E-05
   5.759125805      0.6047001775E-05
   5.775611304      0.6498594182E-05
   5.792096803      0.6945557534E-05
   5.808582302      0.7384698107E-05
   5.825067801      0.7812902201E-05
   5.841553299      0.8226304732E-05
   5.858038798      0.8452139384E-05
   5.874524297      0.8554944790E-05
   5.891009796      0.8653457657E-05
   5.907495295      0.8751002840E-05
   5.923980794      0.8849975180E-05
   5.940466292      0.8952197892E-05
   5.956951791      0.9058933428E-05
   5.973437290      0.9170884486E-05
   5.989922789      0.9288207846E-05
   6.006408288      0.9410543714E-05
   6.022893787      0.9537060228E-05
   6.039379286      0.9666511845E-05
   6.055864784      0.9797309625E-05
   6.072350283      0.9927600394E-05
   6.088835782      0.1005535025E-04
   6.105321281      0.1017842558E-04
   6.121806780      0.1029466077E-04
   6.138292279      0.1040189426E-04
   6.154777778      0.1049793756E-04
   6.171263276      0.1058039910E-04
   6.187748775      0.1064617205E-04
   6.204234274      0.1069011318E-04
   6.220719773      0.1070214947E-04
   6.237205272      0.1066526417E-04
   6.253690771      0.1056864943E-04
   6.270176270      0.1042480208E-04
   6.286661768      0.1025309445E-04
   6.303147267      0.1006621304E-04
   6.319632766      0.9871816953E-05
   6.336118265      0.9675300029E-05
   6.352603764      0.9481055750E-05
   6.369089263      0.9292963196E-05
   6.385574762      0.9114557913E-05
   6.402060260      0.8949076561E-05
   6.418545759      0.8799451233E-05
   6.435031258      0.8668285817E-05
   6.451516757      0.8557828884E-05
   6.468002256      0.8469949496E-05
   6.484487755      0.8406118249E-05
   6.500973254      0.8367393868E-05
   6.517458752      0.8354414658E-05
     
   0.000000000      0.7195095509E-05
  0.1640615945E-01  0.7194492344E-05
  0.3281231890E-01  0.7192773943E-05
  0.4921847835E-01  0.7190210570E-05
  0.6562463780E-01  0.7187242710E-05
  0.8203079725E-01  0.7184466611E-05
  0.9843695670E-01  0.7182614940E-05
  0.1148431162      0.7182533364E-05
  0.1312492756      0.7185154014E-05
  0.1476554351      0.7191466812E-05
  0.1640615945      0.7202489681E-05
  0.1804677540      0.7219238578E-05
  0.1968739134      0.7242698185E-05
  0.2132800729      0.7273793994E-05
  0.2296862323      0.7313366358E-05
  0.2460923918      0.7362146981E-05
  0.2624985512      0.7420738194E-05
  0.2789047107      0.7489595296E-05
  0.2953108701      0.7569012199E-05
  0.3117170296      0.7659110586E-05
  0.3281231890      0.7759832813E-05
  0.3445293485      0.7870938771E-05
  0.3609355079      0.7992006951E-05
  0.3773416674      0.8122439914E-05
  0.3937478268      0.8261474325E-05
  0.4101539863      0.8408195609E-05
  0.4265601457      0.8561557124E-05
  0.4429663052      0.8720403593E-05
  0.4593724646      0.8883498280E-05
  0.4757786241      0.9049553194E-05
  0.4921847835      0.9217261348E-05
  0.5085909430      0.9385329918E-05
  0.5249971024      0.9552512962E-05
  0.5414032619      0.9717642307E-05
  0.5578094213      0.9879655142E-05
  0.5742155808      0.1003761698E-04
  0.5906217402      0.1019073878E-04
  0.6070278997      0.1033838718E-04
  0.6234340591      0.1048008735E-04
  0.6398402186      0.1061551779E-04
  0.6562463780      0.1074449741E-04
  0.6726525375      0.1086696508E-04
  0.6890586969      0.1098295232E-04
  0.7054648564      0.1109255022E-04
  0.7218710158      0.1119587187E-04
  0.7382771753      0.1129301153E-04
  0.7546833347      0.1138400247E-04
  0.7710894942      0.1146877476E-04
  0.7874956536      0.1154711508E-04
  0.8039018131      0.1161862999E-04
  0.8203079725      0.1168271455E-04
  0.8367141320      0.1173852762E-04
  0.8531202914      0.1178497571E-04
  0.8695264509      0.1182070635E-04
  0.8859326103      0.1184411247E-04
  0.9023387698      0.1185334852E-04
  0.9187449292      0.1184635905E-04
  0.9351510887      0.1182091999E-04
  0.9515572481      0.1177469233E-04
  0.9679634076      0.1170528753E-04
  0.9843695670      0.1161034331E-04
   1.000775726      0.1148760776E-04
   1.017181886      0.1133502927E-04
   1.033588045      0.1115084907E-04
   1.049994205      0.1093369267E-04
   1.066400364      0.1068265619E-04
   1.082806524      0.1039738339E-04
   1.099212683      0.1007812923E-04
   1.115618843      0.9725806041E-05
   1.132025002      0.9342009092E-05
   1.148431162      0.8929018919E-05
   1.164837321      0.8489778930E-05
   1.181243480      0.8027847898E-05
   1.197649640      0.7547328212E-05
   1.214055799      0.7052772059E-05
   1.230461959      0.6549068856E-05
   1.246868118      0.6041318365E-05
   1.263274278      0.5534694717E-05
   1.279680437      0.5034307124E-05
   1.296086597      0.4545063261E-05
   1.312492756      0.4071541190E-05
   1.328898916      0.3617875183E-05
   1.345305075      0.3187660064E-05
   1.361711234      0.2783877608E-05
   1.378117394      0.2408847339E-05
   1.394523553      0.2064202753E-05
   1.410929713      0.1750892640E-05
   1.427335872      0.1469205945E-05
   1.443742032      0.1218817532E-05
   1.460148191      0.9988513014E-06
   1.476554351      0.8079565454E-06
   1.492960510      0.6443930877E-06
   1.509366669      0.5061207214E-06
   1.525772829      0.3908887040E-06
   1.542178988      0.2963215244E-06
   1.558585148      0.2199978019E-06
   1.574991307      0.1595199288E-06
   1.591397467      0.1125728837E-06
   1.607803626      0.7697144249E-07
   1.624209786      0.5069576645E-07
   1.640615945      0.3191599197E-07
   1.657022105      0.1900697217E-07
   1.673428264      0.1055469866E-07
   1.689834423      0.5356167287E-08
   1.706240583      0.2414547582E-08
   1.722646742      0.9314888543E-09
   1.739052902      0.2982645575E-09
   1.755459061      0.8724297155E-10
   1.771865221      0.4489652509E-10
   1.788365009      0.2165922609E-09
   1.804864797      0.1492254636E-08
   1.821364585      0.6088962599E-08
   1.837864373      0.1749306785E-07
   1.854364161      0.4016965250E-07
   1.870863949      0.7919808152E-07
   1.887363737      0.1398695376E-06
   1.903863525      0.2272845663E-06
   1.920363314      0.3459863841E-06
   1.936863102      0.4996595328E-06
   1.953362890      0.6909144171E-06
   1.969862678      0.9211676665E-06
   1.986362466      0.1190617536E-05
   2.002862254      0.1498304039E-05
   2.019362042      0.1842236169E-05
   2.035861830      0.2219564137E-05
   2.052361618      0.2626773056E-05
   2.068861406      0.3059875946E-05
   2.085361195      0.3514587537E-05
   2.101860983      0.3986465595E-05
   2.118360771      0.4471012443E-05
   2.134860559      0.4963735325E-05
   2.151360347      0.5460169611E-05
   2.167860135      0.5955873101E-05
   2.184359923      0.6446402621E-05
   2.200859711      0.6927285523E-05
   2.217359499      0.7393998725E-05
   2.233859287      0.7841966511E-05
   2.250359076      0.8266585830E-05
   2.266858864      0.8663284379E-05
   2.283358652      0.9027612713E-05
   2.299858440      0.9355367365E-05
   2.316358228      0.9642737858E-05
   2.332858016      0.9886466951E-05
   2.349357804      0.1008401097E-04
   2.365857592      0.1023368583E-04
   2.382357380      0.1033478462E-04
   2.398857168      0.1038765461E-04
   2.415356957      0.1039372452E-04
   2.431856745      0.1035547737E-04
   2.448356533      0.1027636911E-04
   2.464856321      0.1016069781E-04
   2.481356109      0.1001343273E-04
   2.497855897      0.9840015667E-05
   2.514355685      0.9646149017E-05
   2.530855473      0.9437584911E-05
   2.547355261      0.9219929178E-05
   2.563855049      0.8998471191E-05
   2.580354838      0.8778047707E-05
   2.596854626      0.8562945300E-05
   2.613354414      0.8356842523E-05
   2.629854202      0.8162789950E-05
   2.646353990      0.7983223865E-05
   2.662853778      0.7820007754E-05
   2.679353566      0.7674494880E-05
   2.695853354      0.7547604987E-05
   2.712353142      0.7439908431E-05
   2.728852930      0.7351711605E-05
   2.745352719      0.7283138285E-05
   2.761852507      0.7234202338E-05
   2.778352295      0.7204868093E-05
   2.794852083      0.7195095509E-05
   2.810926771      0.7210501211E-05
   2.827001458      0.7256695161E-05
   2.843076146      0.7333605519E-05
   2.859150834      0.7441104775E-05
   2.875225521      0.7578998545E-05
   2.891300209      0.7747010795E-05
   2.907374897      0.7944766334E-05
   2.923449585      0.8171771578E-05
   2.939524272      0.8427394724E-05
   2.955598960      0.8710846488E-05
   2.971673648      0.9021162590E-05
   2.987748335      0.9357189063E-05
   3.003823023      0.9717571383E-05
   3.019897711      0.1010074821E-04
   3.035972399      0.1050495036E-04
   3.052047086      0.1092820532E-04
   3.068121774      0.1136834749E-04
   3.084196462      0.1182303391E-04
   3.100271149      0.1228976523E-04
   3.116345837      0.1276591112E-04
   3.132420525      0.1324873952E-04
   3.148495213      0.1373544867E-04
   3.164569900      0.1422320092E-04
   3.180644588      0.1470915719E-04
   3.196719276      0.1519051102E-04
   3.212793963      0.1566452121E-04
   3.228868651      0.1603633666E-04
   3.244943339      0.1562279765E-04
   3.261018027      0.1514165791E-04
   3.277092714      0.1460622961E-04
   3.293167402      0.1403069838E-04
   3.309242090      0.1342959663E-04
   3.325316777      0.1281730458E-04
   3.341391465      0.1220760498E-04
   3.357466153      0.1161331290E-04
   3.373540841      0.1104599516E-04
   3.389615528      0.1051578668E-04
   3.405690216      0.1006488214E-04
   3.421764904      0.1024509859E-04
   3.437839591      0.1040368844E-04
   3.453914279      0.1053774562E-04
   3.469988967      0.1064476450E-04
   3.486063655      0.1072271324E-04
   3.502138342      0.1077009458E-04
   3.518213030      0.1078599132E-04
   3.534197200      0.1078561332E-04
   3.550181370      0.1078470622E-04
   3.566165539      0.1078393231E-04
   3.582149709      0.1078433543E-04
   3.598133879      0.1078725590E-04
   3.614118048      0.1079422073E-04
   3.630102218      0.1080681714E-04
   3.646086388      0.1082655841E-04
   3.662070558      0.1085475139E-04
   3.678054727      0.1089237417E-04
   3.694038897      0.1093997223E-04
   3.710023067      0.1099757965E-04
   3.726007236      0.1106467121E-04
   3.741991406      0.1114014952E-04
   3.757975576      0.1122237005E-04
   3.773959746      0.1130920475E-04
   3.789943915      0.1113866500E-04
   3.805928085      0.1121976145E-04
   3.821912255      0.1131921591E-04
   3.837896424      0.1140561471E-04
   3.853880594      0.1148130124E-04
   3.869864764      0.1154850476E-04
   3.885848934      0.1160909281E-04
   3.901833103      0.1166436926E-04
   3.917817273      0.1171493354E-04
   3.933801443      0.1176061241E-04
   3.949785613      0.1180047096E-04
   3.965769782      0.1183290455E-04
   3.981753952      0.1185580803E-04
   3.997738122      0.1185859848E-04
   4.013722291      0.1184829186E-04
   4.029706461      0.1184411247E-04
   4.045690631      0.1184829186E-04
   4.061674801      0.1185859848E-04
   4.077658970      0.1185580803E-04
   4.093643140      0.1183290455E-04
   4.109627310      0.1180047096E-04
   4.125611479      0.1176061241E-04
   4.141595649      0.1171493354E-04
   4.157579819      0.1166436926E-04
   4.173563989      0.1160909281E-04
   4.189548158      0.1154850476E-04
   4.205532328      0.1148130124E-04
   4.221516498      0.1140561471E-04
   4.237500668      0.1131921591E-04
   4.253484837      0.1121976145E-04
   4.269469007      0.1113866500E-04
   4.285453177      0.1130920475E-04
   4.301437346      0.1122237005E-04
   4.317421516      0.1114014952E-04
   4.333405686      0.1106467121E-04
   4.349389856      0.1099757965E-04
   4.365374025      0.1093997223E-04
   4.381358195      0.1089237417E-04
   4.397342365      0.1085475139E-04
   4.413326534      0.1082655841E-04
   4.429310704      0.1080681714E-04
   4.445294874      0.1079422073E-04
   4.461279044      0.1078725590E-04
   4.477263213      0.1078433543E-04
   4.493247383      0.1078393231E-04
   4.509231553      0.1078470622E-04
   4.525215722      0.1078561332E-04
   4.541199892      0.1078599132E-04
   4.557639914      0.1074246397E-04
   4.574079935      0.1061369972E-04
   4.590519957      0.1040501521E-04
   4.606959978      0.1012483029E-04
   4.623400000      0.9784055324E-05
   4.639840021      0.9395324911E-05
   4.656280043      0.8972153762E-05
   4.672720064      0.8528093558E-05
   4.689160086      0.8075962070E-05
   4.705600107      0.7627200639E-05
   4.722040129      0.7191395549E-05
   4.738480151      0.6775976729E-05
   4.754920172      0.6386087053E-05
   4.771360194      0.6024600196E-05
   4.787800215      0.5692256334E-05
   4.804240237      0.5387883259E-05
   4.820680258      0.5108674831E-05
   4.837120280      0.4850506774E-05
   4.853560301      0.4608279076E-05
   4.870000323      0.4376281706E-05
   4.886440344      0.4148583888E-05
   4.902880366      0.3919445520E-05
   4.919320387      0.3683742693E-05
   4.935760409      0.3437389029E-05
   4.952200430      0.3177723323E-05
   4.968640452      0.2903824698E-05
   4.985080473      0.2616712213E-05
   5.001520495      0.2319388826E-05
   5.017960517      0.2016700761E-05
   5.034400538      0.1715002188E-05
   5.050840560      0.1421639353E-05
   5.067280581      0.1144294609E-05
   5.083720603      0.8902547105E-06
   5.100160624      0.6656851323E-06
   5.116600646      0.4749993185E-06
   5.133040667      0.3204066004E-06
   5.149480689      0.2017046794E-06
   5.165920710      0.1163538871E-06
   5.182360732      0.5983452555E-07
   5.198800753      0.2625048211E-07
   5.215240775      0.9107623249E-08
   5.231680796      0.2169530139E-08
   5.248120818      0.2801179576E-09
   5.264560839      0.4489652509E-10
   5.281046338      0.1221219773E-09
   5.297531837      0.5795102705E-09
   5.314017336      0.2086669252E-08
   5.330502835      0.5734784122E-08
   5.346988334      0.1300029330E-07
   5.363473833      0.2569583103E-07
   5.379959331      0.4591014401E-07
   5.396444830      0.7593905494E-07
   5.412930329      0.1182098274E-06
   5.429415828      0.1752014748E-06
   5.445901327      0.2493636460E-06
   5.462386826      0.3430367051E-06
   5.478872325      0.4583755199E-06
   5.495357823      0.5972792683E-06
   5.511843322      0.7613293002E-06
   5.528328821      0.9517367482E-06
   5.544814320      0.1169301192E-05
   5.561299819      0.1414381261E-05
   5.577785318      0.1686877633E-05
   5.594270817      0.1986228450E-05
   5.610756315      0.2311416781E-05
   5.627241814      0.2660989394E-05
   5.643727313      0.3033085765E-05
   5.660212812      0.3489611831E-05
   5.676698311      0.4014049886E-05
   5.693183810      0.4566813963E-05
   5.709669309      0.5140896367E-05
   5.726154807      0.5728212123E-05
   5.742640306      0.6319849459E-05
   5.759125805      0.6906377577E-05
   5.775611304      0.7478197322E-05
   5.792096803      0.7941245299E-05
   5.808582302      0.8092457778E-05
   5.825067801      0.8225986347E-05
   5.841553299      0.8346616132E-05
   5.858038798      0.8628200989E-05
   5.874524297      0.9007339469E-05
   5.891009796      0.9366380300E-05
   5.907495295      0.9702948564E-05
   5.923980794      0.1001539791E-04
   5.940466292      0.1030240349E-04
   5.956951791      0.1056291895E-04
   5.973437290      0.1079615891E-04
   5.989922789      0.1091474736E-04
   6.006408288      0.1088118103E-04
   6.022893787      0.1083490083E-04
   6.039379286      0.1078488155E-04
   6.055864784      0.1073995968E-04
   6.072350283      0.1070862382E-04
   6.088835782      0.1069884547E-04
   6.105321281      0.1071794853E-04
   6.121806780      0.1077251150E-04
   6.138292279      0.1086829340E-04
   6.154777778      0.1101017313E-04
   6.171263276      0.1120209146E-04
   6.187748775      0.1138298882E-04
   6.204234274      0.1127906375E-04
   6.220719773      0.1117664378E-04
   6.237205272      0.1109491949E-04
   6.253690771      0.1104745653E-04
   6.270176270      0.1102505635E-04
   6.286661768      0.1101211911E-04
   6.303147267      0.1100011938E-04
   6.319632766      0.1098584713E-04
   6.336118265      0.1096853554E-04
   6.352603764      0.1094848185E-04
   6.369089263      0.1092644859E-04
   6.385574762      0.1090338600E-04
   6.402060260      0.1088029062E-04
   6.418545759      0.1085812690E-04
   6.435031258      0.1083778085E-04
   6.451516757      0.1082003146E-04
   6.468002256      0.1080553265E-04
   6.484487755      0.1079480186E-04
   6.500973254      0.1078821283E-04
   6.517458752      0.1078599132E-04
     
   0.000000000      0.7195095509E-05
  0.1640615945E-01  0.7208905437E-05
  0.3281231890E-01  0.7250036899E-05
  0.4921847835E-01  0.7317595902E-05
  0.6562463780E-01  0.7410096587E-05
  0.8203079725E-01  0.7525470479E-05
  0.9843695670E-01  0.7661085061E-05
  0.1148431162      0.7813776205E-05
  0.1312492756      0.7979898933E-05
  0.1476554351      0.8155400093E-05
  0.1640615945      0.8335914956E-05
  0.1804677540      0.8516887603E-05
  0.1968739134      0.8693712498E-05
  0.2132800729      0.8861892175E-05
  0.2296862323      0.9017203723E-05
  0.2460923918      0.9155865086E-05
  0.2624985512      0.9274691278E-05
  0.2789047107      0.9371230594E-05
  0.2953108701      0.9443871831E-05
  0.3117170296      0.9491915268E-05
  0.3281231890      0.9515602675E-05
  0.3445293485      0.9516104479E-05
  0.3609355079      0.9495465303E-05
  0.3773416674      0.9456511947E-05
  0.3937478268      0.9402730336E-05
  0.4101539863      0.9338119673E-05
  0.4265601457      0.9267032939E-05
  0.4429663052      0.9194012905E-05
  0.4593724646      0.9123631967E-05
  0.4757786241      0.9060342625E-05
  0.4921847835      0.9217261348E-05
  0.5085909430      0.9385329918E-05
  0.5249971024      0.9552512962E-05
  0.5414032619      0.9717642307E-05
  0.5578094213      0.9879655142E-05
  0.5742155808      0.1003761698E-04
  0.5906217402      0.1019073878E-04
  0.6070278997      0.1033838718E-04
  0.6234340591      0.1048008735E-04
  0.6398402186      0.1061551779E-04
  0.6562463780      0.1074449741E-04
  0.6726525375      0.1086696508E-04
  0.6890586969      0.1098295232E-04
  0.7054648564      0.1109255022E-04
  0.7218710158      0.1119587187E-04
  0.7382771753      0.1129301153E-04
  0.7546833347      0.1138400247E-04
  0.7710894942      0.1146877476E-04
  0.7874956536      0.1154711508E-04
  0.8039018131      0.1161862999E-04
  0.8203079725      0.1168271455E-04
  0.8367141320      0.1176022430E-04
  0.8531202914      0.1182814172E-04
  0.8695264509      0.1185664233E-04
  0.8859326103      0.1184411247E-04
  0.9023387698      0.1185334852E-04
  0.9187449292      0.1184635905E-04
  0.9351510887      0.1182091999E-04
  0.9515572481      0.1177469233E-04
  0.9679634076      0.1170528753E-04
  0.9843695670      0.1161034331E-04
   1.000775726      0.1148760776E-04
   1.017181886      0.1133502927E-04
   1.033588045      0.1115084907E-04
   1.049994205      0.1093369267E-04
   1.066400364      0.1068265619E-04
   1.082806524      0.1039738339E-04
   1.099212683      0.1007812923E-04
   1.115618843      0.9725806041E-05
   1.132025002      0.9342009092E-05
   1.148431162      0.8929018919E-05
   1.164837321      0.8489778930E-05
   1.181243480      0.8027847898E-05
   1.197649640      0.7547328212E-05
   1.214055799      0.7183607761E-05
   1.230461959      0.6960086029E-05
   1.246868118      0.6738748994E-05
   1.263274278      0.6516561882E-05
   1.279680437      0.6290343483E-05
   1.296086597      0.6056931188E-05
   1.312492756      0.5813356952E-05
   1.328898916      0.5557028579E-05
   1.345305075      0.5285908695E-05
   1.361711234      0.4998681825E-05
   1.378117394      0.4694898483E-05
   1.394523553      0.4375084548E-05
   1.410929713      0.4040804478E-05
   1.427335872      0.3694668575E-05
   1.443742032      0.3340277288E-05
   1.460148191      0.2982099567E-05
   1.476554351      0.2625287120E-05
   1.492960510      0.2275431835E-05
   1.509366669      0.1938278921E-05
   1.525772829      0.1619413219E-05
   1.542178988      0.1323939786E-05
   1.558585148      0.1056182103E-05
   1.574991307      0.8194215068E-06
   1.591397467      0.6156996571E-06
   1.607803626      0.4457020316E-06
   1.624209786      0.3087347441E-06
   1.640615945      0.2027999366E-06
   1.657022105      0.1247670966E-06
   1.673428264      0.7062964929E-07
   1.689834423      0.3582876488E-07
   1.706240583      0.1562023698E-07
   1.722646742      0.5456105963E-08
   1.739052902      0.1350874646E-08
   1.755459061      0.2029064458E-09
   1.771865221      0.4489652509E-10
   1.788365009      0.3054988426E-09
   1.804864797      0.2461519586E-08
   1.821364585      0.1050916061E-07
   1.837864373      0.3069860065E-07
   1.854364161      0.7095736528E-07
   1.870863949      0.1401568351E-06
   1.887363737      0.2472879402E-06
   1.903863525      0.4006205272E-06
   1.920363314      0.6069225885E-06
   1.936863102      0.8708102011E-06
   1.953362890      0.1194286959E-05
   1.969862678      0.1576513914E-05
   1.986362466      0.2013829177E-05
   2.002862254      0.2500012554E-05
   2.019362042      0.3026767289E-05
   2.035861830      0.3584370709E-05
   2.052361618      0.4162430529E-05
   2.068861406      0.4750675324E-05
   2.085361195      0.5339707228E-05
   2.101860983      0.5921651900E-05
   2.118360771      0.6490654220E-05
   2.134860559      0.7043185977E-05
   2.151360347      0.7578151432E-05
   2.167860135      0.8096795435E-05
   2.184359923      0.8602434331E-05
   2.200859711      0.9100040487E-05
   2.217359499      0.9595716376E-05
   2.233859287      0.1009609413E-04
   2.250359076      0.1060769284E-04
   2.266858864      0.1113626091E-04
   2.283358652      0.1168612662E-04
   2.299858440      0.1225957901E-04
   2.316358228      0.1285630386E-04
   2.332858016      0.1347290620E-04
   2.349357804      0.1410255924E-04
   2.365857592      0.1473482756E-04
   2.382357380      0.1535571594E-04
   2.398857168      0.1594799140E-04
   2.415356957      0.1649181180E-04
   2.431856745      0.1696566994E-04
   2.448356533      0.1734762760E-04
   2.464856321      0.1761677484E-04
   2.481356109      0.1775480975E-04
   2.497855897      0.1774760161E-04
   2.514355685      0.1758658093E-04
   2.530855473      0.1726979966E-04
   2.547355261      0.1680252660E-04
   2.563855049      0.1619728510E-04
   2.580354838      0.1547330048E-04
   2.596854626      0.1465539301E-04
   2.613354414      0.1377242126E-04
   2.629854202      0.1285543829E-04
   2.646353990      0.1193576036E-04
   2.662853778      0.1104315801E-04
   2.679353566      0.1020435951E-04
   2.695853354      0.9442009112E-05
   2.712353142      0.8774154163E-05
   2.728852930      0.8214255785E-05
   2.745352719      0.7771641112E-05
   2.761852507      0.7452252185E-05
   2.778352295      0.7259508778E-05
   2.794852083      0.7195095509E-05
   2.810926771      0.7230727809E-05
   2.827001458      0.7337473297E-05
   2.843076146      0.7514841574E-05
   2.859150834      0.7761898437E-05
   2.875225521      0.8077103122E-05
   2.891300209      0.8458104511E-05
   2.907374897      0.8901517966E-05
   2.923449585      0.9402707500E-05
   2.939524272      0.9955598945E-05
   2.955598960      0.1055254862E-04
   2.971673648      0.1118428875E-04
   2.987748335      0.1183996587E-04
   3.003823023      0.1250728179E-04
   3.019897711      0.1317273930E-04
   3.035972399      0.1382198682E-04
   3.052047086      0.1444024854E-04
   3.068121774      0.1501281953E-04
   3.084196462      0.1552560002E-04
   3.100271149      0.1596563894E-04
   3.116345837      0.1632165537E-04
   3.132420525      0.1658450671E-04
   3.148495213      0.1674757557E-04
   3.164569900      0.1680705164E-04
   3.180644588      0.1676209154E-04
   3.196719276      0.1661484710E-04
   3.212793963      0.1637036099E-04
   3.228868651      0.1612854192E-04
   3.244943339      0.1658004959E-04
   3.261018027      0.1701666590E-04
   3.277092714      0.1743617630E-04
   3.293167402      0.1783654376E-04
   3.309242090      0.1821591776E-04
   3.325316777      0.1857263846E-04
   3.341391465      0.1890523634E-04
   3.357466153      0.1921242779E-04
   3.373540841      0.1949310718E-04
   3.389615528      0.1974633598E-04
   3.405690216      0.1997132976E-04
   3.421764904      0.2016744383E-04
   3.437839591      0.2033415827E-04
   3.453914279      0.2047106309E-04
   3.469988967      0.2057784436E-04
   3.486063655      0.2065427185E-04
   3.502138342      0.2070018883E-04
   3.518213030      0.2071550441E-04
   3.534197200      0.2063736565E-04
   3.550181370      0.2040616968E-04
   3.566165539      0.2003135898E-04
   3.582149709      0.1952796466E-04
   3.598133879      0.1891562059E-04
   3.614118048      0.1821732068E-04
   3.630102218      0.1745803584E-04
   3.646086388      0.1666331357E-04
   3.662070558      0.1585797537E-04
   3.678054727      0.1506500648E-04
   3.694038897      0.1430470265E-04
   3.710023067      0.1359410433E-04
   3.726007236      0.1294671430E-04
   3.741991406      0.1237246581E-04
   3.757975576      0.1187788682E-04
   3.773959746      0.1146639594E-04
   3.789943915      0.1139814315E-04
   3.805928085      0.1148642710E-04
   3.821912255      0.1157121253E-04
   3.837896424      0.1164974907E-04
   3.853880594      0.1171956556E-04
   3.869864764      0.1177864803E-04
   3.885848934      0.1182559610E-04
   3.901833103      0.1185974435E-04
   3.917817273      0.1188123745E-04
   3.933801443      0.1189105143E-04
   3.949785613      0.1189095755E-04
   3.965769782      0.1188343037E-04
   3.981753952      0.1187150574E-04
   3.997738122      0.1186681312E-04
   4.013722291      0.1186357858E-04
   4.029706461      0.1184411247E-04
   4.045690631      0.1186357858E-04
   4.061674801      0.1186681312E-04
   4.077658970      0.1187150574E-04
   4.093643140      0.1188343037E-04
   4.109627310      0.1189095755E-04
   4.125611479      0.1189105143E-04
   4.141595649      0.1188123745E-04
   4.157579819      0.1185974435E-04
   4.173563989      0.1182559610E-04
   4.189548158      0.1177864803E-04
   4.205532328      0.1171956556E-04
   4.221516498      0.1164974907E-04
   4.237500668      0.1157121253E-04
   4.253484837      0.1148642710E-04
   4.269469007      0.1139814315E-04
   4.285453177      0.1146639594E-04
   4.301437346      0.1187788682E-04
   4.317421516      0.1237246581E-04
   4.333405686      0.1294671430E-04
   4.349389856      0.1359410433E-04
   4.365374025      0.1430470265E-04
   4.381358195      0.1506500648E-04
   4.397342365      0.1585797537E-04
   4.413326534      0.1666331357E-04
   4.429310704      0.1745803584E-04
   4.445294874      0.1821732068E-04
   4.461279044      0.1891562059E-04
   4.477263213      0.1952796466E-04
   4.493247383      0.2003135898E-04
   4.509231553      0.2040616968E-04
   4.525215722      0.2063736565E-04
   4.541199892      0.2071550441E-04
   4.557639914      0.2063380102E-04
   4.574079935      0.2039246431E-04
   4.590519957      0.2000251420E-04
   4.606959978      0.1948134999E-04
   4.623400000      0.1885141404E-04
   4.639840021      0.1813853217E-04
   4.656280043      0.1737010422E-04
   4.672720064      0.1657332018E-04
   4.689160086      0.1577355694E-04
   4.705600107      0.1499307050E-04
   4.722040129      0.1425004845E-04
   4.738480151      0.1355803589E-04
   4.754920172      0.1292570356E-04
   4.771360194      0.1235689737E-04
   4.787800215      0.1185089703E-04
   4.804240237      0.1140281739E-04
   4.820680258      0.1100410638E-04
   4.837120280      0.1064312026E-04
   4.853560301      0.1030578318E-04
   4.870000323      0.9976354466E-05
   4.886440344      0.9638330111E-05
   4.902880366      0.9275489548E-05
   4.919320387      0.8873069276E-05
   4.935760409      0.8419004653E-05
   4.952200430      0.7905139865E-05
   4.968640452      0.7328272954E-05
   4.985080473      0.6690887101E-05
   5.001520495      0.6001427875E-05
   5.017960517      0.5274021372E-05
   5.034400538      0.4527587986E-05
   5.050840560      0.3784383625E-05
   5.067280581      0.3068083596E-05
   5.083720603      0.2401600660E-05
   5.100160624      0.1804884587E-05
   5.116600646      0.1292974946E-05
   5.133040667      0.8745651214E-06
   5.149480689      0.5512830126E-06
   5.165920710      0.3178077937E-06
   5.182360732      0.1628338615E-06
   5.198800753      0.7077777034E-07
   5.215240775      0.2401871663E-07
   5.231680796      0.5384110657E-08
   5.248120818      0.5516315368E-09
   5.264560839      0.4489652509E-10
   5.281046338      0.2144535482E-09
   5.297531837      0.1471543495E-08
   5.314017336      0.6007483224E-08
   5.330502835      0.1729853728E-07
   5.346988334      0.3985526416E-07
   5.363473833      0.7889702923E-07
   5.379959331      0.1399747413E-06
   5.396444830      0.2285682931E-06
   5.412930329      0.3496866073E-06
   5.429415828      0.5074975291E-06
   5.445901327      0.7050121640E-06
   5.462386826      0.9438438754E-06
   5.478872325      0.1224056423E-05
   5.495357823      0.1544109118E-05
   5.511843322      0.1900899921E-05
   5.528328821      0.2289900694E-05
   5.544814320      0.2705372757E-05
   5.561299819      0.3140646073E-05
   5.577785318      0.3588441912E-05
   5.594270817      0.4041217094E-05
   5.610756315      0.4491507776E-05
   5.627241814      0.4932252253E-05
   5.643727313      0.5357075034E-05
   5.660212812      0.5760518345E-05
   5.676698311      0.6138211745E-05
   5.693183810      0.6486975304E-05
   5.709669309      0.6804856457E-05
   5.726154807      0.7091104808E-05
   5.742640306      0.7346092593E-05
   5.759125805      0.7571191017E-05
   5.775611304      0.7768614395E-05
   5.792096803      0.8025916823E-05
   5.808582302      0.8540731744E-05
   5.825067801      0.9014788854E-05
   5.841553299      0.9441512186E-05
   5.858038798      0.9815873248E-05
   5.874524297      0.1013459029E-04
   5.891009796      0.1039624635E-04
   5.907495295      0.1060132133E-04
   5.923980794      0.1075213903E-04
   5.940466292      0.1085273584E-04
   5.956951791      0.1090866244E-04
   5.973437290      0.1092673415E-04
   5.989922789      0.1100158378E-04
   6.006408288      0.1117888370E-04
   6.022893787      0.1132796179E-04
   6.039379286      0.1144891777E-04
   6.055864784      0.1154203344E-04
   6.072350283      0.1160776211E-04
   6.088835782      0.1164672494E-04
   6.105321281      0.1165971863E-04
   6.121806780      0.1164774183E-04
   6.138292279      0.1161205475E-04
   6.154777778      0.1155430240E-04
   6.171263276      0.1147677461E-04
   6.187748775      0.1144698677E-04
   6.204234274      0.1174671811E-04
   6.220719773      0.1210197345E-04
   6.237205272      0.1251216516E-04
   6.253690771      0.1297531963E-04
   6.270176270      0.1348797203E-04
   6.286661768      0.1404508046E-04
   6.303147267      0.1463997555E-04
   6.319632766      0.1526436156E-04
   6.336118265      0.1590838377E-04
   6.352603764      0.1656077273E-04
   6.369089263      0.1720907169E-04
   6.385574762      0.1783994681E-04
   6.402060260      0.1843957321E-04
   6.418545759      0.1899408307E-04
   6.435031258      0.1949005598E-04
   6.451516757      0.1991502649E-04
   6.468002256      0.2025798119E-04
   6.484487755      0.2050981608E-04
   6.500973254      0.2066372638E-04
   6.517458752      0.2071550441E-04
     
