   28.00000000       0.000000000    
   28.01333333       0.000000000    
   28.02666667       0.000000000    
   28.04000000       0.000000000    
   28.05333333       0.000000000    
   28.06666667       0.000000000    
   28.08000000       0.000000000    
   28.09333333       0.000000000    
   28.10666667       0.000000000    
   28.12000000       0.000000000    
   28.13333333       0.000000000    
   28.14666667       0.000000000    
   28.16000000       0.000000000    
   28.17333333       0.000000000    
   28.18666667       0.000000000    
   28.20000000       0.000000000    
   28.21333333       0.000000000    
   28.22666667       0.000000000    
   28.24000000       0.000000000    
   28.25333333       0.000000000    
   28.26666667       0.000000000    
   28.28000000       0.000000000    
   28.29333333       0.000000000    
   28.30666667       0.000000000    
   28.32000000       0.000000000    
   28.33333333       0.000000000    
   28.34666667       0.000000000    
   28.36000000       0.000000000    
   28.37333333       0.000000000    
   28.38666667       0.000000000    
   28.40000000       0.000000000    
   28.41333333       0.000000000    
   28.42666667       0.000000000    
   28.44000000       0.000000000    
   28.45333333      0.2131671042E-14
   28.46666667      0.3961102824E-10
   28.48000000      0.4588435025E-08
   28.49333333      0.2265681752E-06
   28.50666667      0.2169472049E-05
   28.52000000      0.1126680577E-04
   28.53333333      0.3995849862E-04
   28.54666667      0.1071946785E-03
   28.56000000      0.2302654600E-03
   28.57333333      0.4134527622E-03
   28.58666667      0.6458027918E-03
   28.60000000      0.9201485802E-03
   28.61333333      0.1254370374E-02
   28.62666667      0.1685103026E-02
   28.64000000      0.2209073982E-02
   28.65333333      0.2728952966E-02
   28.66666667      0.3062836618E-02
   28.68000000      0.3054362047E-02
   28.69333333      0.2681629518E-02
   28.70666667      0.2081435267E-02
   28.72000000      0.1452138871E-02
   28.73333333      0.9417868404E-03
   28.74666667      0.5964752970E-03
   28.76000000      0.3898836903E-03
   28.77333333      0.2725974237E-03
   28.78666667      0.2033404973E-03
   28.80000000      0.1566482811E-03
   28.81333333      0.1210045139E-03
   28.82666667      0.9415034122E-04
   28.84000000      0.7683676928E-04
   28.85333333      0.6806226002E-04
   28.86666667      0.6458737197E-04
   28.88000000      0.6280969914E-04
   28.89333333      0.6064227161E-04
   28.90666667      0.5761517109E-04
   28.92000000      0.5442329632E-04
   28.93333333      0.5230938455E-04
   28.94666667      0.5273047405E-04
   28.96000000      0.5679198260E-04
   28.97333333      0.6471620746E-04
   28.98666667      0.7529574812E-04
   29.00000000      0.8615268564E-04
   29.01333333      0.9449179040E-04
   29.02666667      0.9834823814E-04
   29.04000000      0.9747880338E-04
   29.05333333      0.9377254409E-04
   29.06666667      0.9090475860E-04
   29.08000000      0.9288816387E-04
   29.09333333      0.1020238141E-03
   29.10666667      0.1171827373E-03
   29.12000000      0.1343290684E-03
   29.13333333      0.1489513390E-03
   29.14666667      0.1586536923E-03
   29.16000000      0.1637565020E-03
   29.17333333      0.1656172108E-03
   29.18666667      0.1648460650E-03
   29.20000000      0.1606625397E-03
   29.21333333      0.1523073583E-03
   29.22666667      0.1405073230E-03
   29.24000000      0.1279809358E-03
   29.25333333      0.1178486035E-03
   29.26666667      0.1115731073E-03
   29.28000000      0.1079746757E-03
   29.29333333      0.1043058118E-03
   29.30666667      0.9835076717E-04
   29.32000000      0.9013683669E-04
   29.33333333      0.8229641460E-04
   29.34666667      0.7883311485E-04
   29.36000000      0.8293825396E-04
   29.37333333      0.9489673803E-04
   29.38666667      0.1117992068E-03
   29.40000000      0.1287711511E-03
   29.41333333      0.1411925464E-03
   29.42666667      0.1458290602E-03
   29.44000000      0.1415087661E-03
   29.45333333      0.1290230904E-03
   29.46666667      0.1114603018E-03
   29.48000000      0.9363352537E-04
   29.49333333      0.8088286925E-04
   29.50666667      0.7678842274E-04
   29.52000000      0.8155378370E-04
   29.53333333      0.9175507356E-04
   29.54666667      0.1022906715E-03
   29.56000000      0.1091271788E-03
   29.57333333      0.1114390744E-03
   29.58666667      0.1113159991E-03
   29.60000000      0.1115922427E-03
   29.61333333      0.1132229226E-03
   29.62666667      0.1145941268E-03
   29.64000000      0.1128808255E-03
   29.65333333      0.1062826776E-03
   29.66666667      0.9508033378E-04
   29.68000000      0.8121276235E-04
   29.69333333      0.6711661273E-04
   29.70666667      0.5491432402E-04
   29.72000000      0.4607196325E-04
   29.73333333      0.4126802848E-04
   29.74666667      0.4030310341E-04
   29.76000000      0.4227432915E-04
   29.77333333      0.4608915277E-04
   29.78666667      0.5114297856E-04
   29.80000000      0.5755573283E-04
   29.81333333      0.6577496326E-04
   29.82666667      0.7570168040E-04
   29.84000000      0.8625363014E-04
   29.85333333      0.9578374138E-04
   29.86666667      0.1031389295E-03
   29.88000000      0.1084058579E-03
   29.89333333      0.1126566020E-03
   29.90666667      0.1170293465E-03
   29.92000000      0.1217551507E-03
   29.93333333      0.1260766450E-03
   29.94666667      0.1287995165E-03
   29.96000000      0.1293019013E-03
   29.97333333      0.1279010934E-03
   29.98666667      0.1256015777E-03
   30.00000000      0.1231951918E-03
   30.01333333      0.1207891777E-03
   30.02666667      0.1178594945E-03
   30.04000000      0.1138908721E-03
   30.05333333      0.1087336091E-03
   30.06666667      0.1026381624E-03
   30.08000000      0.9591333883E-04
   30.09333333      0.8878690519E-04
   30.10666667      0.8146114130E-04
   30.12000000      0.7432177553E-04
   30.13333333      0.6793892558E-04
   30.14666667      0.6278367165E-04
   30.16000000      0.5889872323E-04
   30.17333333      0.5586207941E-04
   30.18666667      0.5320572133E-04
   30.20000000      0.5085511805E-04
   30.21333333      0.4913520669E-04
   30.22666667      0.4872098845E-04
   30.24000000      0.5121617194E-04
   30.25333333      0.6075032978E-04
   30.26666667      0.8436904695E-04
   30.28000000      0.1297986021E-03
   30.29333333      0.2011914765E-03
   30.30666667      0.2968778647E-03
   30.32000000      0.4115604076E-03
   30.33333333      0.5395149198E-03
   30.34666667      0.6744797205E-03
   30.36000000      0.8039759373E-03
   30.37333333      0.9056070963E-03
   30.38666667      0.9515729162E-03
   30.40000000      0.9227626465E-03
   30.41333333      0.8221749873E-03
   30.42666667      0.6764091555E-03
   30.44000000      0.5227274579E-03
   30.45333333      0.3912180980E-03
   30.46666667      0.2950131697E-03
   30.48000000      0.2327657520E-03
   30.49333333      0.1969780804E-03
   30.50666667      0.1800258770E-03
   30.52000000      0.1752343667E-03
   30.53333333      0.1761998793E-03
   30.54666667      0.1772385636E-03
   30.56000000      0.1746337396E-03
   30.57333333      0.1674937199E-03
   30.58666667      0.1569988481E-03
   30.60000000      0.1451109503E-03
   30.61333333      0.1332434854E-03
   30.62666667      0.1220103430E-03
   30.64000000      0.1116555535E-03
   30.65333333      0.1027767848E-03
   30.66666667      0.9653795949E-04
   30.68000000      0.9430426584E-04
   30.69333333      0.9673425013E-04
   30.70666667      0.1029999865E-03
   30.72000000      0.1106251090E-03
   30.73333333      0.1165311053E-03
   30.74666667      0.1185103911E-03
   30.76000000      0.1163167036E-03
   30.77333333      0.1115487134E-03
   30.78666667      0.1068678714E-03
   30.80000000      0.1050485554E-03
   30.81333333      0.1080702852E-03
   30.82666667      0.1163319444E-03
   30.84000000      0.1282336155E-03
   30.85333333      0.1407858806E-03
   30.86666667      0.1507843251E-03
   30.88000000      0.1560052549E-03
   30.89333333      0.1556952427E-03
   30.90666667      0.1505670215E-03
   30.92000000      0.1422130069E-03
   30.93333333      0.1322011314E-03
   30.94666667      0.1212860058E-03
   30.96000000      0.1096998868E-03
   30.97333333      0.9800685132E-04
   30.98666667      0.8756851016E-04
   31.00000000      0.7961433958E-04
   31.01333333      0.7413267924E-04
   31.02666667      0.6968875478E-04
   31.04000000      0.6459952931E-04
   31.05333333      0.5834280703E-04
   31.06666667      0.5213252309E-04
   31.08000000      0.4824814347E-04
   31.09333333      0.4863267566E-04
   31.10666667      0.5362994904E-04
   31.12000000      0.6190087380E-04
   31.13333333      0.7108895406E-04
   31.14666667      0.7891767266E-04
   31.16000000      0.8342677404E-04
   31.17333333      0.8328979348E-04
   31.18666667      0.7797825910E-04
   31.20000000      0.6864057048E-04
   31.21333333      0.5815353829E-04
   31.22666667      0.5041308676E-04
   31.24000000      0.4832246517E-04
   31.25333333      0.5228794093E-04
   31.26666667      0.5981387488E-04
   31.28000000      0.6713269773E-04
   31.29333333      0.7128058923E-04
   31.30666667      0.7180619389E-04
   31.32000000      0.7038708709E-04
   31.33333333      0.6936398997E-04
   31.34666667      0.6971138683E-04
   31.36000000      0.7057927642E-04
   31.37333333      0.7003716947E-04
   31.38666667      0.6671695493E-04
   31.40000000      0.6056953011E-04
   31.41333333      0.5271641384E-04
   31.42666667      0.4463415922E-04
   31.44000000      0.3761283088E-04
   31.45333333      0.3253053401E-04
   31.46666667      0.2981670196E-04
   31.48000000      0.2940189151E-04
   31.49333333      0.3080676707E-04
   31.50666667      0.3342755973E-04
   31.52000000      0.3693426931E-04
   31.53333333      0.4137828838E-04
   31.54666667      0.4691420866E-04
   31.56000000      0.5322117061E-04
   31.57333333      0.5927668308E-04
   31.58666667      0.6371799186E-04
   31.60000000      0.6573528572E-04
   31.61333333      0.6570774725E-04
   31.62666667      0.6507398867E-04
   31.64000000      0.6544458848E-04
   31.65333333      0.6758694831E-04
   31.66666667      0.7107354085E-04
   31.68000000      0.7465865273E-04
   31.69333333      0.7715693167E-04
   31.70666667      0.7797577786E-04
   31.72000000      0.7723348270E-04
   31.73333333      0.7535111199E-04
   31.74666667      0.7277173076E-04
   31.76000000      0.6977897247E-04
   31.77333333      0.6661036694E-04
   31.78666667      0.6345457979E-04
   31.80000000      0.6044010699E-04
   31.81333333      0.5751349198E-04
   31.82666667      0.5446981312E-04
   31.84000000      0.5109387386E-04
   31.85333333      0.4738621796E-04
   31.86666667      0.4366052275E-04
   31.88000000      0.4037781062E-04
   31.89333333      0.3784354327E-04
   31.90666667      0.3601134764E-04
   31.92000000      0.3464694875E-04
   31.93333333      0.3366695964E-04
   31.94666667      0.3333700631E-04
   31.96000000      0.3407384178E-04
   31.97333333      0.3602878995E-04
   31.98666667      0.3880836703E-04
