   0.000000000      -1.154821411    
  0.3333333333E-03  -1.164827291    
  0.6666666667E-03  -1.175162913    
  0.1000000000E-02  -1.185744916    
  0.1333333333E-02  -1.196478716    
  0.1666666667E-02  -1.207621907    
  0.2000000000E-02  -1.219497763    
  0.2333333333E-02  -1.232223448    
  0.2666666667E-02  -1.245908528    
  0.3000000000E-02  -1.260531294    
  0.3333333333E-02  -1.275979671    
  0.3666666667E-02  -1.292229298    
  0.4000000000E-02  -1.309320176    
  0.4333333333E-02  -1.327294106    
  0.4666666667E-02  -1.346204663    
  0.5000000000E-02  -1.366128001    
  0.5333333333E-02  -1.387165050    
  0.5666666667E-02  -1.409427110    
  0.6000000000E-02  -1.432985090    
  0.6333333333E-02  -1.457795841    
  0.6666666667E-02  -1.483633790    
  0.7000000000E-02  -1.510167250    
  0.7333333333E-02  -1.536847008    
  0.7666666667E-02  -1.561835629    
  0.8000000000E-02  -1.582224156    
  0.8333333333E-02  -1.597684450    
  0.8666666667E-02  -1.610462165    
  0.9000000000E-02  -1.620858506    
  0.9333333333E-02  -1.630610283    
  0.9666666667E-02  -1.638922724    
  0.1000000000E-01  -1.643053473    
  0.1033333333E-01  -1.645448631    
  0.1066666667E-01  -1.652724270    
  0.1100000000E-01  -1.670572497    
  0.1133333333E-01  -1.700381434    
  0.1166666667E-01  -1.740630183    
  0.1200000000E-01  -1.785759457    
  0.1233333333E-01  -1.830593693    
  0.1266666667E-01  -1.876598873    
  0.1300000000E-01  -1.928246000    
  0.1333333333E-01  -1.983324376    
  0.1366666667E-01  -2.033380873    
  0.1400000000E-01  -2.069624959    
  0.1433333333E-01  -2.090902422    
  0.1466666667E-01  -2.109513019    
  0.1500000000E-01  -2.141345131    
  0.1533333333E-01  -2.192268858    
  0.1566666667E-01  -2.259386462    
  0.1600000000E-01  -2.331470195    
  0.1633333333E-01  -2.398038090    
  0.1666666667E-01  -2.463600858    
  0.1700000000E-01  -2.544182383    
  0.1733333333E-01  -2.645795988    
  0.1766666667E-01  -2.762261267    
  0.1800000000E-01  -2.882387356    
  0.1833333333E-01  -2.993497980    
  0.1866666667E-01  -3.090160938    
  0.1900000000E-01  -3.179676047    
  0.1933333333E-01  -3.266766675    
  0.1966666667E-01  -3.341951077    
 
   0.000000000     -0.2939543084E-01
  0.3333333333E-03 -0.3213679541E-01
  0.6666666667E-03 -0.3481091029E-01
  0.1000000000E-02 -0.3745716553E-01
  0.1333333333E-02 -0.3987029375E-01
  0.1666666667E-02 -0.4180701295E-01
  0.2000000000E-02 -0.4337993659E-01
  0.2333333333E-02 -0.4475734567E-01
  0.2666666667E-02 -0.4611016640E-01
  0.3000000000E-02 -0.4766199248E-01
  0.3333333333E-02 -0.4949678787E-01
  0.3666666667E-02 -0.5160790111E-01
  0.4000000000E-02 -0.5402341098E-01
  0.4333333333E-02 -0.5679818773E-01
  0.4666666667E-02 -0.5999537815E-01
  0.5000000000E-02 -0.6370055500E-01
  0.5333333333E-02 -0.6804434954E-01
  0.5666666667E-02 -0.7324059899E-01
  0.6000000000E-02 -0.7961712642E-01
  0.6333333333E-02 -0.8761410464E-01
  0.6666666667E-02 -0.9771801385E-01
  0.7000000000E-02 -0.1104111888    
  0.7333333333E-02 -0.1265127511    
  0.7666666667E-02 -0.1468804228    
  0.8000000000E-02 -0.1701832571    
  0.8333333333E-02 -0.1927291128    
  0.8666666667E-02 -0.2133675637    
  0.9000000000E-02 -0.2318547284    
  0.9333333333E-02 -0.2477381027    
  0.9666666667E-02 -0.2629743640    
  0.1000000000E-01 -0.2746909092    
  0.1033333333E-01 -0.2778302045    
  0.1066666667E-01 -0.2708704861    
  0.1100000000E-01 -0.2580725542    
  0.1133333333E-01 -0.2452315859    
  0.1166666667E-01 -0.2380939884    
  0.1200000000E-01 -0.2399555014    
  0.1233333333E-01 -0.2480525887    
  0.1266666667E-01 -0.2578369343    
  0.1300000000E-01 -0.2717019661    
  0.1333333333E-01 -0.2961360091    
  0.1366666667E-01 -0.3330868590    
  0.1400000000E-01 -0.3761207726    
  0.1433333333E-01 -0.4115902809    
  0.1466666667E-01 -0.4286249474    
  0.1500000000E-01 -0.4315805064    
  0.1533333333E-01 -0.4326856880    
  0.1566666667E-01 -0.4438577558    
  0.1600000000E-01 -0.4707978543    
  0.1633333333E-01 -0.5060429200    
  0.1666666667E-01 -0.5361600936    
  0.1700000000E-01 -0.5620980469    
  0.1733333333E-01 -0.5986382279    
  0.1766666667E-01 -0.6584007198    
  0.1800000000E-01 -0.7473556916    
  0.1833333333E-01 -0.8635987269    
  0.1866666667E-01 -0.9963339784    
  0.1900000000E-01  -1.140477958    
  0.1933333333E-01  -1.304628550    
  0.1966666667E-01  -1.502976398    
