   0.000000000      -6.371303810    
  0.3333333333E-03  -6.685857265    
  0.6666666667E-03  -7.033125363    
  0.1000000000E-02  -7.413021262    
  0.1333333333E-02  -7.827484996    
  0.1666666667E-02  -8.297371391    
  0.2000000000E-02  -8.851778912    
  0.2333333333E-02  -9.519139536    
  0.2666666667E-02  -10.32536093    
  0.3000000000E-02  -11.27577796    
  0.3333333333E-02  -12.35002137    
  0.3666666667E-02  -13.47594999    
  0.4000000000E-02  -14.41399946    
  0.4333333333E-02  -14.50537243    
  0.4666666667E-02  -12.35378571    
  0.5000000000E-02  -6.396887702    
  0.5333333333E-02   2.082297719    
  0.5666666667E-02   8.537852437    
  0.6000000000E-02   11.09836882    
  0.6333333333E-02   11.17835558    
  0.6666666667E-02   10.29313610    
  0.7000000000E-02   9.189939544    
  0.7333333333E-02   8.118536840    
  0.7666666667E-02   7.161330481    
  0.8000000000E-02   6.394614141    
  0.8333333333E-02   5.851096379    
  0.8666666667E-02   5.468413677    
  0.9000000000E-02   5.204198426    
  0.9333333333E-02   5.031729567    
  0.9666666667E-02   4.914681526    
  0.1000000000E-01   4.890034929    
  0.1033333333E-01   4.974965003    
  0.1066666667E-01   5.111640464    
  0.1100000000E-01   5.186700036    
  0.1133333333E-01   5.128163521    
  0.1166666667E-01   4.935246497    
  0.1200000000E-01   4.675769404    
  0.1233333333E-01   4.425231752    
  0.1266666667E-01   4.200338247    
  0.1300000000E-01   3.973566366    
  0.1333333333E-01   3.741511337    
  0.1366666667E-01   3.528635333    
  0.1400000000E-01   3.358275103    
  0.1433333333E-01   3.237198552    
  0.1466666667E-01   3.152831080    
  0.1500000000E-01   3.082272934    
  0.1533333333E-01   3.004155452    
  0.1566666667E-01   2.905092898    
  0.1600000000E-01   2.797130658    
  0.1633333333E-01   2.703528386    
  0.1666666667E-01   2.628099447    
  0.1700000000E-01   2.551070711    
  0.1733333333E-01   2.460252322    
  0.1766666667E-01   2.361202917    
  0.1800000000E-01   2.264031176    
  0.1833333333E-01   2.175983780    
  0.1866666667E-01   2.097774533    
  0.1900000000E-01   2.023284329    
  0.1933333333E-01   1.949215549    
  0.1966666667E-01   1.878647118    
 
   0.000000000     -0.9905070562    
  0.3333333333E-03  -1.176628829    
  0.6666666667E-03  -1.394880703    
  0.1000000000E-02  -1.653518683    
  0.1333333333E-02  -1.951541679    
  0.1666666667E-02  -2.290019465    
  0.2000000000E-02  -2.691567145    
  0.2333333333E-02  -3.197097669    
  0.2666666667E-02  -3.876682371    
  0.3000000000E-02  -4.834317772    
  0.3333333333E-02  -6.211958811    
  0.3666666667E-02  -8.228567242    
  0.4000000000E-02  -11.21746977    
  0.4333333333E-02  -15.54391828    
  0.4666666667E-02  -21.07849178    
  0.5000000000E-02  -25.86681968    
  0.5333333333E-02  -26.28941975    
  0.5666666667E-02  -21.99367808    
  0.6000000000E-02  -16.51901112    
  0.6333333333E-02  -12.15898777    
  0.6666666667E-02  -9.193532834    
  0.7000000000E-02  -7.253289903    
  0.7333333333E-02  -5.986075031    
  0.7666666667E-02  -5.198342831    
  0.8000000000E-02  -4.755014554    
  0.8333333333E-02  -4.495540344    
  0.8666666667E-02  -4.306808146    
  0.9000000000E-02  -4.163688293    
  0.9333333333E-02  -4.027644430    
  0.9666666667E-02  -3.910649695    
  0.1000000000E-01  -3.814516060    
  0.1033333333E-01  -3.668960788    
  0.1066666667E-01  -3.395733350    
  0.1100000000E-01  -2.990412474    
  0.1133333333E-01  -2.530816924    
  0.1166666667E-01  -2.114302739    
  0.1200000000E-01  -1.803443998    
  0.1233333333E-01  -1.583223483    
  0.1266666667E-01  -1.401314461    
  0.1300000000E-01  -1.243025019    
  0.1333333333E-01  -1.129770109    
  0.1366666667E-01  -1.069316551    
  0.1400000000E-01  -1.045749005    
  0.1433333333E-01  -1.031159043    
  0.1466666667E-01  -1.000520022    
  0.1500000000E-01 -0.9444987393    
  0.1533333333E-01 -0.8677353320    
  0.1566666667E-01 -0.7903821396    
  0.1600000000E-01 -0.7342757779    
  0.1633333333E-01 -0.6961359971    
  0.1666666667E-01 -0.6535518269    
  0.1700000000E-01 -0.5975324230    
  0.1733333333E-01 -0.5419753301    
  0.1766666667E-01 -0.4997530069    
  0.1800000000E-01 -0.4732482033    
  0.1833333333E-01 -0.4579001682    
  0.1866666667E-01 -0.4456953974    
  0.1900000000E-01 -0.4335539453    
  0.1933333333E-01 -0.4256793467    
  0.1966666667E-01 -0.4261458375    
