   0.000000000       13.36944509    
  0.3808160347E-01   13.36242486    
  0.7616320694E-01   13.34713589    
  0.1142448104       13.32147908    
  0.1523264139       13.27585701    
  0.1904080173       13.20894159    
  0.2284896208       13.13144996    
  0.2665712243       13.05060461    
  0.3046528277       12.95891882    
  0.3427344312       12.85570551    
  0.3808160347       12.73724511    
  0.4188976382       12.58594259    
  0.4569792416       12.40646548    
  0.4950608451       12.20258717    
  0.5331424486       11.98203209    
  0.5712240520       11.74982301    
  0.6093056555       11.50397852    
  0.6473872590       11.25947488    
  0.6854688624       11.02068933    
  0.7235504659       10.79507807    
  0.7616320694       10.59602405    
  0.7997136728       10.41950030    
  0.8377952763       10.24830043    
  0.8758768798       10.07520866    
  0.9139584832       9.896749716    
  0.9520400867       9.714049752    
  0.9901216902       9.530473138    
   1.028203294       9.339954965    
   1.066284897       9.140787720    
   1.104366501       8.935569331    
   1.142448104       8.738411330    
   1.180529708       8.561515588    
   1.218611311       8.394655152    
   1.256692914       8.228303536    
   1.294774518       8.068561140    
   1.332856121       7.910297932    
   1.370937725       7.742682296    
   1.409019328       7.573756340    
   1.447100932       7.410641772    
   1.485182535       7.254345570    
   1.523264139       7.097871593    
   1.561345742       6.940479426    
   1.599427346       6.789792236    
   1.637508949       6.639704472    
   1.675590553       6.489502153    
   1.713672156       6.355455259    
   1.751753760       6.239973890    
   1.789835363       6.120954124    
   1.827916966       5.988027446    
   1.865998570       5.841258977    
   1.904080173       5.692287515    
   1.942161777       5.546780416    
   1.980243380       5.395408983    
   2.018324984       5.236678739    
   2.056406587       5.076396106    
   2.094488191       4.928660100    
   2.132569794       4.796921137    
   2.170651398       4.667976134    
   2.208733001       4.538842525    
   2.246814605       4.414996074    
   2.284896208       4.291667931    
   2.322977812       4.163871229    
   2.361059415       4.036540109    
   2.399141019       3.912284859    
   2.437222622       3.794245903    
   2.475304225       3.679202305    
   2.513385829       3.567232516    
   2.551467432       3.462760945    
   2.589549036       3.361378745    
   2.627630639       3.263495724    
   2.665712243       3.177204176    
   2.703793846       3.100418825    
   2.741875450       3.022089438    
   2.779957053       2.938390805    
   2.818038657       2.850146442    
   2.856120260       2.763888755    
   2.894201864       2.680168113    
   2.932283467       2.593537368    
   2.970365071       2.504035903    
   3.008446674       2.415061089    
   3.046528277       2.334230769    
   3.084609881       2.261386065    
   3.122691484       2.189648361    
   3.160773088       2.119272318    
   3.198854691       2.052492680    
   3.236936295       1.985614800    
   3.275017898       1.917490125    
   3.313099502       1.850589025    
   3.351181105       1.786127365    
   3.389262709       1.725223654    
   3.427344312       1.665586690    
   3.465425916       1.608161480    
   3.503507519       1.554434647    
   3.541589123       1.502060642    
   3.579670726       1.452381398    
   3.617752329       1.409522582    
   3.655833933       1.370733010    
   3.693915536       1.330727243    
   3.731997140       1.288452971    
   3.770078743       1.244733351    
   3.808160347       1.202922648    
   3.846241950       1.162416103    
   3.884323554       1.120802947    
   3.922405157       1.078265333    
   3.960486761       1.036333665    
   3.998568364      0.9988444237    
   4.036649968      0.9649956003    
   4.074731571      0.9318476569    
   4.112813175      0.8997748555    
   4.150894778      0.8695350725    
   4.188976382      0.8389903421    
   4.227057985      0.8083465603    
   4.265139588      0.7786091047    
   4.303221192      0.7499539424    
   4.341302795      0.7229939196    
   4.379384399      0.6965284364    
   4.417466002      0.6713876299    
   4.455547606      0.6479272515    
   4.493629209      0.6251312139    
   4.531710813      0.6041244525    
   4.569792416      0.5862059253    
   4.607874020      0.5694603533    
   4.645955623      0.5520693813    
   4.684037227      0.5339913846    
   4.722118830      0.5158421203    
   4.760200434      0.4990218240    
   4.798282037      0.4827316178    
   4.836363640      0.4659253487    
   4.874445244      0.4486479322    
   4.912526847      0.4318071797    
   4.950608451      0.4171274069    
   4.988690054      0.4040055540    
   5.026771658      0.3911671146    
   5.064853261      0.3788656153    
   5.102934865      0.3672275819    
   5.141016468      0.3553093866    
   5.179098072      0.3434334700    
   5.217179675      0.3319091178    
   5.255261279      0.3207857681    
   5.293342882      0.3100308349    
   5.331424486      0.2991821951    
   5.369506089      0.2888413378    
   5.407587693      0.2790769534    
   5.445669296      0.2695133828    
   5.483750899      0.2607814560    
   5.521832503      0.2533991562    
   5.559914106      0.2461602714    
   5.597995710      0.2385604544    
   5.636077313      0.2307868105    
   5.674158917      0.2231243759    
