 -0.5000000000       1.281843575    
 -0.4990000000       1.301699509    
 -0.4980000000       1.323506003    
 -0.4970000000       1.359916562    
 -0.4960000000       1.457023980    
 -0.4950000000       1.544967964    
 -0.4940000000       1.438398006    
 -0.4930000000       1.334886346    
 -0.4920000000       1.293146057    
 -0.4910000000       1.271305640    
 -0.4900000000       1.258951868    
 -0.4890000000       1.253396426    
 -0.4880000000       1.255049026    
 -0.4870000000       1.256813803    
 -0.4860000000       1.260891887    
 -0.4850000000       1.262354139    
 -0.4840000000       1.260892174    
 -0.4830000000       1.260352983    
 -0.4820000000       1.265957257    
 -0.4810000000       1.279983980    
 -0.4800000000       1.291222971    
 -0.4790000000       1.281691880    
 -0.4780000000       1.260063634    
 -0.4770000000       1.248522916    
 -0.4760000000       1.222590540    
 -0.4750000000       1.206564761    
 -0.4740000000       1.195506451    
 -0.4730000000       1.186606164    
 -0.4720000000       1.177507230    
 -0.4710000000       1.165959009    
 -0.4700000000       1.152429523    
 -0.4690000000       1.139665967    
 -0.4680000000       1.129141665    
 -0.4670000000       1.121166126    
 -0.4660000000       1.115338623    
 -0.4650000000       1.110487128    
 -0.4640000000       1.106456296    
 -0.4630000000       1.105379073    
 -0.4620000000       1.109896318    
 -0.4610000000       1.124843317    
 -0.4600000000       1.160116182    
 -0.4590000000       1.279938112    
 -0.4580000000       1.185724985    
 -0.4570000000       1.139716141    
 -0.4560000000       1.144075139    
 -0.4550000000       1.212091318    
 -0.4540000000       1.081989999    
 -0.4530000000       1.035303018    
 -0.4520000000       1.031228864    
 -0.4510000000       1.051887259    
 -0.4500000000       1.079940510    
 -0.4490000000       1.066761642    
 -0.4480000000       1.048412758    
 -0.4470000000       1.042211887    
 -0.4460000000       1.050432485    
 -0.4450000000       1.080914778    
 -0.4440000000       1.127136566    
 -0.4430000000       1.071363385    
 -0.4420000000       1.073643798    
 -0.4410000000       1.030273561    
 -0.4400000000      0.9885899411    
 -0.4390000000      0.9606006521    
 -0.4380000000      0.9378774812    
 -0.4370000000      0.9191087769    
 -0.4360000000      0.9060577701    
 -0.4350000000      0.8938136329    
 -0.4340000000      0.8870087388    
 -0.4330000000      0.8833641886    
 -0.4320000000      0.8785310966    
 -0.4310000000      0.8757425855    
 -0.4300000000      0.8784387351    
 -0.4290000000      0.8866247910    
 -0.4280000000      0.9003800044    
 -0.4270000000      0.9206397826    
 -0.4260000000      0.9543080843    
 -0.4250000000       1.024481184    
 -0.4240000000       1.083640806    
 -0.4230000000       1.046942626    
 -0.4220000000       1.146396073    
 -0.4210000000       1.100772515    
 -0.4200000000      0.9768990665    
 -0.4190000000      0.9452553806    
 -0.4180000000      0.9357221500    
 -0.4170000000      0.9358507489    
 -0.4160000000      0.9430106639    
 -0.4150000000      0.9509592253    
 -0.4140000000      0.9462134615    
 -0.4130000000      0.9357481255    
 -0.4120000000      0.9321169230    
 -0.4110000000      0.9433359566    
 -0.4100000000      0.9759137364    
 -0.4090000000      0.9712205782    
 -0.4080000000      0.9683077442    
 -0.4070000000      0.9836974333    
 -0.4060000000       1.009348325    
 -0.4050000000       1.044430204    
 -0.4040000000       1.095885837    
 -0.4030000000       1.205455384    
 -0.4020000000       1.457625309    
 -0.4010000000       1.416650490    
 -0.4000000000       1.237303521    
 -0.3990000000       1.167942495    
 -0.3980000000       1.154276615    
 -0.3970000000       1.178814725    
 -0.3960000000       1.249991620    
 -0.3950000000       1.414745656    
 -0.3940000000       1.573209431    
 -0.3930000000       1.463432381    
 -0.3920000000       1.326046949    
 -0.3910000000       1.293542638    
 -0.3900000000       1.349406488    
 -0.3890000000       1.428670304    
 -0.3880000000       1.296780222    
 -0.3870000000       1.174766766    
 -0.3860000000       1.141472419    
 -0.3850000000       1.133110750    
 -0.3840000000       1.135703490    
 -0.3830000000       1.147447237    
 -0.3820000000       1.173747184    
 -0.3810000000       1.233943142    
 -0.3800000000       1.407571001    
 -0.3790000000       1.622882495    
 -0.3780000000       1.308868025    
 -0.3770000000       1.224900358    
 -0.3760000000       1.256079778    
 -0.3750000000       1.215188338    
 -0.3740000000       1.261248945    
 -0.3730000000       1.706479809    
 -0.3720000000       1.429808156    
 -0.3710000000       1.402459268    
 -0.3700000000       1.457460553    
 -0.3690000000       1.587831782    
 -0.3680000000       1.743753998    
 -0.3670000000       2.419158955    
 -0.3660000000       1.578097034    
 -0.3650000000       1.479826839    
 -0.3640000000       1.433050984    
 -0.3630000000       1.405299321    
 -0.3620000000       1.390590102    
 -0.3610000000       1.382714273    
 -0.3600000000       1.377430541    
 -0.3590000000       1.370938168    
 -0.3580000000       1.365405332    
 -0.3570000000       1.366870945    
 -0.3560000000       1.385694994    
 -0.3550000000       1.425932412    
 -0.3540000000       1.418669966    
 -0.3530000000       1.365659926    
 -0.3520000000       1.327677293    
 -0.3510000000       1.295765206    
 -0.3500000000       1.266616909    
 -0.3490000000       1.244734327    
 -0.3480000000       1.230670833    
 -0.3470000000       1.222327098    
 -0.3460000000       1.215662224    
 -0.3450000000       1.206635788    
 -0.3440000000       1.195325679    
 -0.3430000000       1.185162484    
 -0.3420000000       1.180779384    
 -0.3410000000       1.212416971    
 -0.3400000000       1.260172666    
 -0.3390000000       1.179193065    
 -0.3380000000       1.156371333    
 -0.3370000000       1.113006795    
 -0.3360000000       1.103134983    
 -0.3350000000       1.103629521    
 -0.3340000000       1.064607822    
 -0.3330000000       1.064682227    
 -0.3320000000       1.085496454    
 -0.3310000000       1.133195399    
 -0.3300000000       1.234171104    
 -0.3290000000       1.218588124    
 -0.3280000000       1.186420812    
 -0.3270000000       1.189835463    
 -0.3260000000       1.200458207    
 -0.3250000000       1.166888359    
 -0.3240000000       1.103519092    
 -0.3230000000       1.058592843    
 -0.3220000000       1.025696826    
 -0.3210000000       1.010335439    
 -0.3200000000       1.000533947    
 -0.3190000000      0.9832350174    
 -0.3180000000      0.9658859911    
 -0.3170000000      0.9638817691    
 -0.3160000000      0.9732729436    
 -0.3150000000      0.9946720437    
 -0.3140000000       1.034553530    
 -0.3130000000       1.115189668    
 -0.3120000000       1.230591299    
 -0.3110000000       1.187954813    
 -0.3100000000       1.165295781    
 -0.3090000000       1.160249877    
 -0.3080000000       1.160497807    
 -0.3070000000       1.158641696    
 -0.3060000000       1.143826716    
 -0.3050000000       1.128290795    
 -0.3040000000       1.115556262    
 -0.3030000000       1.115776348    
 -0.3020000000       1.129395782    
 -0.3010000000       1.155534845    
 -0.3000000000       1.188149567    
 -0.2990000000       1.209862397    
 -0.2980000000       1.210396106    
 -0.2970000000       1.219097903    
 -0.2960000000       1.251898469    
 -0.2950000000       1.316974729    
 -0.2940000000       1.305787862    
 -0.2930000000       1.303108670    
 -0.2920000000       1.329354571    
 -0.2910000000       1.357246992    
 -0.2900000000       1.364478931    
 -0.2890000000       1.394739928    
 -0.2880000000       1.433799241    
 -0.2870000000       1.368783701    
 -0.2860000000       1.291902016    
 -0.2850000000       1.273006061    
 -0.2840000000       1.285303933    
 -0.2830000000       1.245068045    
 -0.2820000000       1.307482577    
 -0.2810000000       1.674113952    
 -0.2800000000       1.227326633    
 -0.2790000000       1.165635227    
 -0.2780000000       1.165164513    
 -0.2770000000       1.190542655    
 -0.2760000000       1.260468056    
 -0.2750000000       1.682527935    
 -0.2740000000       1.418994893    
 -0.2730000000       1.671427350    
 -0.2720000000       1.494811703    
 -0.2710000000       1.425577818    
 -0.2700000000       1.550475031    
 -0.2690000000       1.557507974    
 -0.2680000000       1.545875190    
 -0.2670000000       1.661891325    
 -0.2660000000       1.517565208    
 -0.2650000000       1.393911704    
 -0.2640000000       1.343657038    
 -0.2630000000       1.325959090    
 -0.2620000000       1.348022178    
 -0.2610000000       1.419539248    
 -0.2600000000       1.424399899    
 -0.2590000000       1.352677947    
 -0.2580000000       1.283521097    
 -0.2570000000       1.265805722    
 -0.2560000000       1.286577442    
 -0.2550000000       1.233758046    
 -0.2540000000       1.202912068    
 -0.2530000000       1.187576815    
 -0.2520000000       1.189662074    
 -0.2510000000       1.167043011    
 -0.2500000000       1.124442037    
 -0.2490000000       1.099665526    
 -0.2480000000       1.085724047    
 -0.2470000000       1.071137773    
 -0.2460000000       1.249108361    
 -0.2450000000       1.050506242    
 -0.2440000000       1.015942515    
 -0.2430000000      0.9953417671    
 -0.2420000000       1.036132021    
 -0.2410000000       1.258205228    
 -0.2400000000       1.043090843    
 -0.2390000000       1.143077121    
 -0.2380000000       1.031294350    
 -0.2370000000       1.011936873    
 -0.2360000000       1.052175398    
 -0.2350000000       1.084715417    
 -0.2340000000       1.013181843    
 -0.2330000000      0.9879317040    
 -0.2320000000      0.9823926384    
 -0.2310000000      0.9836049448    
 -0.2300000000      0.9972010527    
 -0.2290000000       1.035688552    
 -0.2280000000       1.111413407    
 -0.2270000000       1.136365697    
 -0.2260000000       1.209425699    
 -0.2250000000       1.156225879    
 -0.2240000000       1.091362522    
 -0.2230000000       1.091559478    
 -0.2220000000       1.104861374    
 -0.2210000000       1.108303720    
 -0.2200000000       1.131400998    
 -0.2190000000       1.182962474    
 -0.2180000000       1.173670640    
 -0.2170000000       1.162452119    
 -0.2160000000       1.175275922    
 -0.2150000000       1.195459324    
 -0.2140000000       1.222861228    
 -0.2130000000       1.251067842    
 -0.2120000000       1.249212320    
 -0.2110000000       1.281869491    
 -0.2100000000       1.189731128    
 -0.2090000000       1.176257198    
 -0.2080000000       1.238319849    
 -0.2070000000       1.230843996    
 -0.2060000000       1.138291997    
 -0.2050000000       1.112193753    
 -0.2040000000       1.140882500    
 -0.2030000000       1.166254169    
 -0.2020000000       1.105994319    
 -0.2010000000       1.117621115    
 -0.2000000000       1.176916557    
 -0.1990000000       1.432193005    
 -0.1980000000       2.294751378    
 -0.1970000000       1.196129264    
 -0.1960000000       1.264332616    
 -0.1950000000       1.361227940    
 -0.1940000000       1.303672207    
 -0.1930000000       1.214978782    
 -0.1920000000       1.204199999    
 -0.1910000000       1.230740828    
 -0.1900000000       1.280469711    
 -0.1890000000       1.394086096    
 -0.1880000000       1.417952101    
 -0.1870000000       1.463493234    
 -0.1860000000       1.534340882    
 -0.1850000000       1.123833127    
 -0.1840000000       1.056828246    
 -0.1830000000       1.049131309    
 -0.1820000000       1.016388973    
 -0.1810000000       1.002144792    
 -0.1800000000      0.9885117268    
 -0.1790000000      0.9895486286    
 -0.1780000000       1.018479104    
 -0.1770000000       1.028042868    
 -0.1760000000       1.021383625    
 -0.1750000000       1.026898078    
 -0.1740000000       1.042945640    
 -0.1730000000       1.049990559    
 -0.1720000000       1.091212683    
 -0.1710000000       1.053545479    
 -0.1700000000       1.029279660    
 -0.1690000000      0.9671597663    
 -0.1680000000      0.9458231979    
 -0.1670000000      0.9479728009    
 -0.1660000000      0.9656712687    
 -0.1650000000      0.9842350753    
 -0.1640000000       1.015446354    
 -0.1630000000       1.004826479    
 -0.1620000000       1.057677517    
 -0.1610000000       1.103401538    
 -0.1600000000       1.027930120    
 -0.1590000000       1.036279112    
 -0.1580000000       1.086049903    
 -0.1570000000       1.014759363    
 -0.1560000000       1.012730660    
 -0.1550000000       1.023369123    
 -0.1540000000       1.073768161    
 -0.1530000000       1.068540189    
 -0.1520000000       1.093491639    
 -0.1510000000       1.111965878    
 -0.1500000000       1.137796935    
 -0.1490000000       1.162744859    
 -0.1480000000       1.211864461    
 -0.1470000000       1.380756023    
 -0.1460000000       1.325523853    
 -0.1450000000       1.384298512    
 -0.1440000000       1.397676204    
 -0.1430000000       1.430922824    
 -0.1420000000       1.462577193    
 -0.1410000000       1.694357836    
 -0.1400000000       1.494964234    
 -0.1390000000       1.417383120    
 -0.1380000000       1.467198964    
 -0.1370000000       1.661683367    
 -0.1360000000       1.653444429    
 -0.1350000000       1.678886931    
 -0.1340000000       1.721682649    
 -0.1330000000       1.859588520    
 -0.1320000000       1.949612395    
 -0.1310000000       1.993439680    
 -0.1300000000       2.219139603    
 -0.1290000000       2.348602535    
 -0.1280000000       2.825997678    
 -0.1270000000       2.932584171    
 -0.1260000000       3.338623523    
 -0.1250000000       3.638084137    
 -0.1240000000       3.805736725    
 -0.1230000000       3.819576891    
 -0.1220000000       3.773834093    
 -0.1210000000       3.679114022    
 -0.1200000000       3.648148855    
 -0.1190000000       3.596779515    
 -0.1180000000       3.533791623    
 -0.1170000000       3.272397872    
 -0.1160000000       2.930175930    
 -0.1150000000       2.688150628    
 -0.1140000000       2.583845576    
 -0.1130000000       2.425151182    
 -0.1120000000       2.260543184    
 -0.1110000000       2.168091612    
 -0.1100000000       2.119803160    
 -0.1090000000       2.105836732    
 -0.1080000000       2.119951097    
 -0.1070000000       2.158110013    
 -0.1060000000       2.219584538    
 -0.1050000000       2.302934778    
 -0.1040000000       2.413933081    
 -0.1030000000       2.554696877    
 -0.1020000000       2.712492653    
 -0.1010000000       2.906879312    
 -0.1000000000       3.154223220    
 -0.9900000000E-01   3.433163943    
 -0.9800000000E-01   3.846696009    
 -0.9700000000E-01   4.317764876    
 -0.9600000000E-01   5.025551057    
 -0.9500000000E-01   5.523109166    
 -0.9400000000E-01   6.297255501    
 -0.9300000000E-01   7.079177788    
 -0.9200000000E-01   7.718081832    
 -0.9100000000E-01   8.189394534    
 -0.9000000000E-01   8.601874772    
 -0.8900000000E-01   9.196277381    
 -0.8800000000E-01   10.11355996    
 -0.8700000000E-01   11.47535162    
 -0.8600000000E-01   12.81274356    
 -0.8500000000E-01   13.99830273    
 -0.8400000000E-01   14.39521659    
 -0.8300000000E-01   14.22039392    
 -0.8200000000E-01   13.42054190    
 -0.8100000000E-01   12.45414847    
 -0.8000000000E-01   11.54720253    
 -0.7900000000E-01   11.15990346    
 -0.7800000000E-01   11.08221620    
 -0.7700000000E-01   11.51372569    
 -0.7600000000E-01   12.42087066    
 -0.7500000000E-01   13.84036065    
 -0.7400000000E-01   15.74806313    
 -0.7300000000E-01   18.06632820    
 -0.7200000000E-01   20.49615755    
 -0.7100000000E-01   22.64092228    
 -0.7000000000E-01   24.07636375    
 -0.6900000000E-01   24.70116039    
 -0.6800000000E-01   24.77298557    
 -0.6700000000E-01   24.71840290    
 -0.6600000000E-01   24.33545476    
 -0.6500000000E-01   24.00851676    
 -0.6400000000E-01   24.18881622    
 -0.6300000000E-01   25.39115407    
 -0.6200000000E-01   26.98678754    
 -0.6100000000E-01   28.43416146    
 -0.6000000000E-01   29.35649297    
 -0.5900000000E-01   29.94409729    
 -0.5800000000E-01   30.52775469    
 -0.5700000000E-01   31.15342122    
 -0.5600000000E-01   31.88024992    
 -0.5500000000E-01   33.14989641    
 -0.5400000000E-01   34.99688179    
 -0.5300000000E-01   36.70670407    
 -0.5200000000E-01   36.79049832    
 -0.5100000000E-01   35.11273071    
 -0.5000000000E-01   32.03295745    
 -0.4900000000E-01   28.45395873    
 -0.4800000000E-01   25.37468027    
 -0.4700000000E-01   23.24624741    
 -0.4600000000E-01   22.34229573    
 -0.4500000000E-01   22.42583465    
 -0.4400000000E-01   23.12358937    
 -0.4300000000E-01   24.07282621    
 -0.4200000000E-01   25.21488506    
 -0.4100000000E-01   26.79079795    
 -0.4000000000E-01   28.92389795    
 -0.3900000000E-01   31.20303444    
 -0.3800000000E-01   32.95064793    
 -0.3700000000E-01   33.84051982    
 -0.3600000000E-01   33.91685907    
 -0.3500000000E-01   33.55054841    
 -0.3400000000E-01   33.28322560    
 -0.3300000000E-01   33.81305299    
 -0.3200000000E-01   35.48730980    
 -0.3100000000E-01   38.31897911    
 -0.3000000000E-01   41.74998851    
 -0.2900000000E-01   44.43283115    
 -0.2800000000E-01   45.16386599    
 -0.2700000000E-01   44.26290167    
 -0.2600000000E-01   42.79929508    
 -0.2500000000E-01   41.55068890    
 -0.2400000000E-01   41.11958997    
 -0.2300000000E-01   42.08506936    
 -0.2200000000E-01   44.85916581    
 -0.2100000000E-01   49.31059247    
 -0.2000000000E-01   54.48390201    
 -0.1900000000E-01   58.98330522    
 -0.1800000000E-01   62.02317722    
 -0.1700000000E-01   63.91935068    
 -0.1600000000E-01   65.34162930    
 -0.1500000000E-01   66.21121970    
 -0.1400000000E-01   66.02096545    
 -0.1300000000E-01   64.93457663    
 -0.1200000000E-01   63.40192052    
 -0.1100000000E-01   61.63151936    
 -0.1000000000E-01   59.98340405    
 -0.9000000000E-02   58.70796547    
 -0.8000000000E-02   58.40016225    
 -0.7000000000E-02   58.98470555    
 -0.6000000000E-02   59.94115672    
 -0.5000000000E-02   60.66749822    
 -0.4000000000E-02   60.79997349    
 -0.3000000000E-02   60.21316779    
 -0.2000000000E-02   59.13701547    
 -0.1000000000E-02   58.20763895    
   0.000000000       58.21840198    
  0.1000000000E-02   59.42662934    
  0.2000000000E-02   62.13458969    
  0.3000000000E-02   66.82361875    
  0.4000000000E-02   73.49892012    
  0.5000000000E-02   80.63221998    
  0.6000000000E-02   85.81506546    
  0.7000000000E-02   87.86212412    
  0.8000000000E-02   87.24275212    
  0.9000000000E-02   84.63819705    
  0.1000000000E-01   81.12459865    
  0.1100000000E-01   78.50835963    
  0.1200000000E-01   77.94218176    
  0.1300000000E-01   78.89948782    
  0.1400000000E-01   80.06541318    
  0.1500000000E-01   80.18627223    
  0.1600000000E-01   78.77681350    
  0.1700000000E-01   76.88971769    
  0.1800000000E-01   74.89552809    
  0.1900000000E-01   73.50651805    
  0.2000000000E-01   72.68202039    
  0.2100000000E-01   71.56975272    
  0.2200000000E-01   69.84381045    
  0.2300000000E-01   68.81023481    
  0.2400000000E-01   69.14455740    
  0.2500000000E-01   70.34034185    
  0.2600000000E-01   71.27686516    
  0.2700000000E-01   71.53481462    
  0.2800000000E-01   71.72974215    
  0.2900000000E-01   72.38490752    
  0.3000000000E-01   73.33866390    
  0.3100000000E-01   74.03701882    
  0.3200000000E-01   73.89552120    
  0.3300000000E-01   72.70512327    
  0.3400000000E-01   71.43632130    
  0.3500000000E-01   70.22965245    
  0.3600000000E-01   69.14435760    
  0.3700000000E-01   67.97163220    
  0.3800000000E-01   66.50005012    
  0.3900000000E-01   64.40926444    
  0.4000000000E-01   61.80823196    
  0.4100000000E-01   59.70469184    
  0.4200000000E-01   59.16715203    
  0.4300000000E-01   60.48625339    
  0.4400000000E-01   62.74265441    
  0.4500000000E-01   64.24886947    
  0.4600000000E-01   63.76292630    
  0.4700000000E-01   61.43272845    
  0.4800000000E-01   58.43398444    
  0.4900000000E-01   56.02624631    
  0.5000000000E-01   54.92318814    
  0.5100000000E-01   55.16062965    
  0.5200000000E-01   56.28043535    
  0.5300000000E-01   57.92631384    
  0.5400000000E-01   60.13173832    
  0.5500000000E-01   62.81543445    
  0.5600000000E-01   65.58465183    
  0.5700000000E-01   68.23085242    
  0.5800000000E-01   70.45058120    
  0.5900000000E-01   71.84299996    
  0.6000000000E-01   71.29824328    
  0.6100000000E-01   68.53009336    
  0.6200000000E-01   66.93806027    
  0.6300000000E-01   62.70958788    
  0.6400000000E-01   61.51591038    
  0.6500000000E-01   61.49792242    
  0.6600000000E-01   60.31769764    
  0.6700000000E-01   57.93237162    
  0.6800000000E-01   54.26163181    
  0.6900000000E-01   49.91744230    
  0.7000000000E-01   45.83531971    
  0.7100000000E-01   42.19766589    
  0.7200000000E-01   37.27323722    
  0.7300000000E-01   31.82708298    
  0.7400000000E-01   26.83353608    
  0.7500000000E-01   22.73432179    
  0.7600000000E-01   19.45646774    
  0.7700000000E-01   16.88636237    
  0.7800000000E-01   14.86086762    
  0.7900000000E-01   13.30596346    
  0.8000000000E-01   12.09237909    
  0.8100000000E-01   11.08825780    
  0.8200000000E-01   10.29573839    
  0.8300000000E-01   9.749530601    
  0.8400000000E-01   9.446726254    
  0.8500000000E-01   9.413589824    
  0.8600000000E-01   9.588896542    
  0.8700000000E-01   9.982663442    
  0.8800000000E-01   10.60003679    
  0.8900000000E-01   11.22947542    
  0.9000000000E-01   11.57737572    
  0.9100000000E-01   11.32252016    
  0.9200000000E-01   10.52353090    
  0.9300000000E-01   9.517520590    
  0.9400000000E-01   8.608950307    
  0.9500000000E-01   7.938699328    
  0.9600000000E-01   7.531545287    
  0.9700000000E-01   7.376356404    
  0.9800000000E-01   7.475749234    
  0.9900000000E-01   7.746728817    
  0.1000000000       8.283582411    
  0.1010000000       9.025586506    
  0.1020000000       9.743598658    
  0.1030000000       10.04475435    
  0.1040000000       9.717042557    
  0.1050000000       8.953793955    
  0.1060000000       8.140508130    
  0.1070000000       7.476048880    
  0.1080000000       7.067129519    
  0.1090000000       6.746255773    
  0.1100000000       6.482509335    
  0.1110000000       6.200063071    
  0.1120000000       5.771046105    
  0.1130000000       5.355914849    
  0.1140000000       5.022393073    
  0.1150000000       4.797496499    
  0.1160000000       4.699637905    
  0.1170000000       4.740811311    
  0.1180000000       4.923768973    
  0.1190000000       5.279518607    
  0.1200000000       5.819209845    
  0.1210000000       6.548292387    
  0.1220000000       7.411460778    
  0.1230000000       8.196940752    
  0.1240000000       8.543526369    
  0.1250000000       8.278429182    
  0.1260000000       7.521356830    
  0.1270000000       6.626519285    
  0.1280000000       5.785085894    
  0.1290000000       5.055462911    
  0.1300000000       4.526030921    
  0.1310000000       4.157410392    
  0.1320000000       3.925432385    
  0.1330000000       3.800597372    
  0.1340000000       3.771472192    
  0.1350000000       3.838044222    
  0.1360000000       4.005555458    
  0.1370000000       4.294767837    
  0.1380000000       4.719022870    
  0.1390000000       5.291890881    
  0.1400000000       5.968072432    
  0.1410000000       6.666538278    
  0.1420000000       7.182792700    
  0.1430000000       7.279755229    
  0.1440000000       6.898625730    
  0.1450000000       6.177458114    
  0.1460000000       5.382651046    
  0.1470000000       4.672827642    
  0.1480000000       4.091294389    
  0.1490000000       3.643381914    
  0.1500000000       3.306967396    
  0.1510000000       3.065322021    
  0.1520000000       2.911054268    
  0.1530000000       2.809239364    
  0.1540000000       2.774035962    
  0.1550000000       2.788126263    
  0.1560000000       2.851637680    
  0.1570000000       2.957755784    
  0.1580000000       3.100597979    
  0.1590000000       3.264944859    
  0.1600000000       3.456494342    
  0.1610000000       3.639789755    
  0.1620000000       3.820134726    
  0.1630000000       3.748488175    
  0.1640000000       3.597500856    
  0.1650000000       3.154705925    
  0.1660000000       2.888126041    
  0.1670000000       2.672257817    
  0.1680000000       2.511409160    
  0.1690000000       2.406244833    
  0.1700000000       2.361388309    
  0.1710000000       2.368810111    
  0.1720000000       2.422633513    
  0.1730000000       2.518949494    
  0.1740000000       2.655169828    
  0.1750000000       2.828390779    
  0.1760000000       3.042636528    
  0.1770000000       3.292076309    
  0.1780000000       3.608132013    
  0.1790000000       3.787833030    
  0.1800000000       3.982634577    
  0.1810000000       4.115311930    
  0.1820000000       4.233566413    
  0.1830000000       4.187735283    
  0.1840000000       3.894158093    
  0.1850000000       3.651985485    
  0.1860000000       3.540510266    
  0.1870000000       3.604777910    
  0.1880000000       3.736222096    
  0.1890000000       3.664544741    
  0.1900000000       3.817543097    
  0.1910000000       4.028525389    
  0.1920000000       4.316616520    
  0.1930000000       4.683907348    
  0.1940000000       5.127501947    
  0.1950000000       5.648413148    
  0.1960000000       6.265297337    
  0.1970000000       7.019600258    
  0.1980000000       7.968188120    
  0.1990000000       9.221981522    
  0.2000000000       11.00463738    
  0.2010000000       13.84954065    
  0.2020000000       18.94340964    
  0.2030000000       24.86375184    
  0.2040000000       21.67422296    
  0.2050000000       15.51430832    
  0.2060000000       11.95776144    
  0.2070000000       9.896728059    
  0.2080000000       8.510162865    
  0.2090000000       7.490679005    
  0.2100000000       6.723217340    
  0.2110000000       6.150932457    
  0.2120000000       5.735072531    
  0.2130000000       5.455209335    
  0.2140000000       5.441750833    
  0.2150000000       5.638785812    
  0.2160000000       5.816968579    
  0.2170000000       5.970460903    
  0.2180000000       5.963381241    
  0.2190000000       5.637429071    
  0.2200000000       5.348956420    
  0.2210000000       5.571760965    
  0.2220000000       7.566129464    
  0.2230000000       14.83407384    
  0.2240000000       7.826836607    
  0.2250000000       4.730392940    
  0.2260000000       4.112096639    
  0.2270000000       4.139003082    
  0.2280000000       4.345208860    
  0.2290000000       4.631430141    
  0.2300000000       4.917101362    
  0.2310000000       5.101924940    
  0.2320000000       5.117632092    
  0.2330000000       4.968808455    
  0.2340000000       4.777979047    
  0.2350000000       4.649346106    
  0.2360000000       4.645893932    
  0.2370000000       4.804958097    
  0.2380000000       5.166307547    
  0.2390000000       5.840697275    
  0.2400000000       6.700222663    
  0.2410000000       7.545115480    
  0.2420000000       7.751834411    
  0.2430000000       7.468081139    
  0.2440000000       7.173309432    
  0.2450000000       6.779360544    
  0.2460000000       6.420263748    
  0.2470000000       6.071733818    
  0.2480000000       5.745414919    
  0.2490000000       5.404676352    
  0.2500000000       5.091822350    
  0.2510000000       4.815420095    
  0.2520000000       4.598085848    
  0.2530000000       4.472192846    
  0.2540000000       4.459596092    
  0.2550000000       4.609368738    
  0.2560000000       4.951451233    
  0.2570000000       5.316952036    
  0.2580000000       5.357892096    
  0.2590000000       5.187169082    
  0.2600000000       5.057531936    
  0.2610000000       5.024118862    
  0.2620000000       5.216920313    
  0.2630000000       6.610488207    
  0.2640000000       7.492539270    
  0.2650000000       5.166118885    
  0.2660000000       4.561758321    
  0.2670000000       4.311059488    
  0.2680000000       4.217984846    
  0.2690000000       4.212863203    
  0.2700000000       4.277953605    
  0.2710000000       4.406083589    
  0.2720000000       4.594714409    
  0.2730000000       4.838781038    
  0.2740000000       5.140070225    
  0.2750000000       5.503416623    
  0.2760000000       5.948017397    
  0.2770000000       6.527095885    
  0.2780000000       7.361884489    
  0.2790000000       8.649150697    
  0.2800000000       10.01771218    
  0.2810000000       9.662521462    
  0.2820000000       12.68813864    
  0.2830000000       13.54568723    
  0.2840000000       7.188710362    
  0.2850000000       5.988459214    
  0.2860000000       5.390468666    
  0.2870000000       5.014750450    
  0.2880000000       4.806314211    
  0.2890000000       4.757825153    
  0.2900000000       4.935821577    
  0.2910000000       5.552829723    
  0.2920000000       7.309585563    
  0.2930000000       11.11469997    
  0.2940000000       9.327349064    
  0.2950000000       6.573528644    
  0.2960000000       5.864689461    
  0.2970000000       5.421801884    
  0.2980000000       4.773473888    
  0.2990000000       4.123832059    
  0.3000000000       3.663990813    
  0.3010000000       3.384385102    
  0.3020000000       3.237157525    
  0.3030000000       3.173871057    
  0.3040000000       3.180888477    
  0.3050000000       3.248028662    
  0.3060000000       3.409795541    
  0.3070000000       3.672778568    
  0.3080000000       3.915793209    
  0.3090000000       4.055900221    
  0.3100000000       4.144623712    
  0.3110000000       4.270242891    
  0.3120000000       4.438420861    
  0.3130000000       4.648843976    
  0.3140000000       4.909152654    
  0.3150000000       5.226110291    
  0.3160000000       5.609401987    
  0.3170000000       6.023919872    
  0.3180000000       6.463868724    
  0.3190000000       6.950529154    
  0.3200000000       7.576488841    
  0.3210000000       8.684874432    
  0.3220000000       9.650445868    
  0.3230000000       9.336394841    
  0.3240000000       8.990160386    
  0.3250000000       8.925727070    
  0.3260000000       8.833516276    
  0.3270000000       8.516473071    
  0.3280000000       7.969817388    
  0.3290000000       7.318095215    
  0.3300000000       6.693969921    
  0.3310000000       6.164469406    
  0.3320000000       5.742123624    
  0.3330000000       5.430369331    
  0.3340000000       5.218578129    
  0.3350000000       5.083780466    
  0.3360000000       5.015277805    
  0.3370000000       4.993733490    
  0.3380000000       4.968808351    
  0.3390000000       4.944030272    
  0.3400000000       4.920022283    
  0.3410000000       4.923817717    
  0.3420000000       4.988158959    
  0.3430000000       5.104817576    
  0.3440000000       5.293950669    
  0.3450000000       5.520731757    
  0.3460000000       5.748541098    
  0.3470000000       5.853903675    
  0.3480000000       5.762829778    
  0.3490000000       5.561171945    
  0.3500000000       5.365421111    
  0.3510000000       5.263556544    
  0.3520000000       5.277444497    
  0.3530000000       5.403396996    
  0.3540000000       5.631418630    
  0.3550000000       5.892382467    
  0.3560000000       5.920060708    
  0.3570000000       5.872608338    
  0.3580000000       5.826014430    
  0.3590000000       5.739515925    
  0.3600000000       5.602755245    
  0.3610000000       5.477012662    
  0.3620000000       5.491081906    
  0.3630000000       5.865837426    
  0.3640000000       6.989724463    
  0.3650000000       8.801839036    
  0.3660000000       8.464120741    
  0.3670000000       6.260884897    
  0.3680000000       4.838093359    
  0.3690000000       4.112014831    
  0.3700000000       3.724471067    
  0.3710000000       3.512747620    
  0.3720000000       3.389207590    
  0.3730000000       3.329586855    
  0.3740000000       3.319404340    
  0.3750000000       3.344957242    
  0.3760000000       3.404778830    
  0.3770000000       3.489665425    
  0.3780000000       3.592690230    
  0.3790000000       3.709029165    
  0.3800000000       4.039972222    
  0.3810000000       3.962378351    
  0.3820000000       4.088567222    
  0.3830000000       4.210693520    
  0.3840000000       4.319367554    
  0.3850000000       4.414589873    
  0.3860000000       4.501225534    
  0.3870000000       4.589428264    
  0.3880000000       4.690276802    
  0.3890000000       4.814155562    
  0.3900000000       4.952736846    
  0.3910000000       5.132072356    
  0.3920000000       5.351137666    
  0.3930000000       5.600279200    
  0.3940000000       5.858364301    
  0.3950000000       6.292748481    
  0.3960000000       6.395008609    
  0.3970000000       7.162546875    
  0.3980000000       10.72400300    
  0.3990000000       19.01771158    
  0.4000000000       8.742804541    
  0.4010000000       6.518683723    
  0.4020000000       5.948475895    
  0.4030000000       5.716981800    
  0.4040000000       5.630559221    
  0.4050000000       5.548594982    
  0.4060000000       5.472163977    
  0.4070000000       5.355264682    
  0.4080000000       5.225524741    
  0.4090000000       5.082900214    
  0.4100000000       4.931291459    
  0.4110000000       4.771356442    
  0.4120000000       4.625289938    
  0.4130000000       4.516321673    
  0.4140000000       4.465320889    
  0.4150000000       4.509359933    
  0.4160000000       4.757673791    
  0.4170000000       5.581383945    
  0.4180000000       5.996264883    
  0.4190000000       5.024357166    
  0.4200000000       4.819843841    
  0.4210000000       4.923538656    
  0.4220000000       5.124157199    
  0.4230000000       5.403205551    
  0.4240000000       5.749664998    
  0.4250000000       6.096264375    
  0.4260000000       6.378728054    
  0.4270000000       6.515315813    
  0.4280000000       6.138942969    
  0.4290000000       5.973010822    
  0.4300000000       5.961345930    
  0.4310000000       5.989731344    
  0.4320000000       6.070454718    
  0.4330000000       6.228238138    
  0.4340000000       6.454353987    
  0.4350000000       6.761452644    
  0.4360000000       7.243603200    
  0.4370000000       8.376264422    
  0.4380000000       10.29788790    
  0.4390000000       8.728928211    
  0.4400000000       8.268381439    
  0.4410000000       8.061709249    
  0.4420000000       7.891565987    
  0.4430000000       7.921652433    
  0.4440000000       8.345997121    
  0.4450000000       10.03889880    
  0.4460000000       16.40598819    
  0.4470000000       29.40102034    
  0.4480000000       19.64165429    
  0.4490000000       15.70755698    
  0.4500000000       8.982264048    
  0.4510000000       7.288859259    
  0.4520000000       6.528158267    
  0.4530000000       6.089099174    
  0.4540000000       5.815972878    
  0.4550000000       5.642037095    
  0.4560000000       5.527921180    
  0.4570000000       5.451036151    
  0.4580000000       5.390764667    
  0.4590000000       5.351302559    
  0.4600000000       5.337382801    
  0.4610000000       5.350005647    
  0.4620000000       5.387785138    
  0.4630000000       5.442243879    
  0.4640000000       5.503278471    
  0.4650000000       5.538874423    
  0.4660000000       5.521738574    
  0.4670000000       5.445301689    
  0.4680000000       5.321638954    
  0.4690000000       5.177790239    
  0.4700000000       5.037305092    
  0.4710000000       4.914216097    
  0.4720000000       4.812652274    
  0.4730000000       4.773362616    
  0.4740000000       4.725038128    
  0.4750000000       4.714909580    
  0.4760000000       4.773006009    
  0.4770000000       5.090738338    
  0.4780000000       6.625384413    
  0.4790000000       5.179865596    
  0.4800000000       4.900525332    
  0.4810000000       4.725110195    
  0.4820000000       4.698420260    
  0.4830000000       4.731980797    
  0.4840000000       4.826891422    
  0.4850000000       5.020370025    
  0.4860000000       5.481836182    
  0.4870000000       7.080146036    
  0.4880000000       10.70990436    
  0.4890000000       7.345824789    
  0.4900000000       6.284744818    
  0.4910000000       6.131467301    
  0.4920000000       6.282171897    
  0.4930000000       6.566340986    
  0.4940000000       6.938406779    
  0.4950000000       7.370751904    
  0.4960000000       7.822331467    
  0.4970000000       8.226227499    
  0.4980000000       8.504699153    
  0.4990000000       8.597449469    
