 -0.1214788429E-03   0.000000000    
 -0.1188063098E-03   0.000000000    
 -0.1161337768E-03   0.000000000    
 -0.1134612437E-03   0.000000000    
 -0.1107887107E-03   0.000000000    
 -0.1081161776E-03   0.000000000    
 -0.1054436446E-03   0.000000000    
 -0.1027711115E-03   0.000000000    
 -0.1000985785E-03   0.000000000    
 -0.9742604544E-04   0.000000000    
 -0.9475351239E-04   0.000000000    
 -0.9208097934E-04   0.000000000    
 -0.8940844629E-04   0.000000000    
 -0.8673591325E-04   0.000000000    
 -0.8406338020E-04   0.000000000    
 -0.8139084715E-04   0.000000000    
 -0.7871831410E-04   0.000000000    
 -0.7604578106E-04   0.000000000    
 -0.7337324801E-04   0.000000000    
 -0.7070071496E-04   0.000000000    
 -0.6802818191E-04   0.000000000    
 -0.6535564886E-04   0.000000000    
 -0.6268311582E-04   0.000000000    
 -0.6001058277E-04   0.000000000    
 -0.5733804972E-04   0.000000000    
 -0.5466551667E-04   0.000000000    
 -0.5199298362E-04   0.000000000    
 -0.4932045058E-04   0.000000000    
 -0.4664791753E-04   0.000000000    
 -0.4397538448E-04   0.000000000    
 -0.4130285143E-04   0.000000000    
 -0.3863031839E-04   0.000000000    
 -0.3595778534E-04   0.000000000    
 -0.3328525229E-04   0.000000000    
 -0.3061271924E-04   0.000000000    
 -0.2794018619E-04   0.000000000    
 -0.2526765315E-04   0.000000000    
 -0.2259512010E-04   0.000000000    
 -0.1992258705E-04   0.000000000    
 -0.1725005400E-04   0.000000000    
 -0.1457752095E-04   0.000000000    
 -0.1190498791E-04   0.000000000    
 -0.9232454859E-05   0.000000000    
 -0.6559921811E-05   0.000000000    
 -0.3887388763E-05  0.3801108487E-34
 -0.1214855715E-05  0.3801108487E-34
  0.1457677333E-05  0.6197129300E-09
  0.4130210381E-05  0.6197129300E-09
  0.6802743429E-05  0.1048194789E-07
  0.9475276476E-05  0.9862234962E-08
  0.1214780952E-04  0.9862234962E-08
  0.1482034257E-04  0.4948219052E-07
  0.1749287562E-04  0.4974567115E-07
  0.2016540867E-04  0.2065159609E-06
  0.2283794172E-04  0.2064282313E-06
  0.2551047476E-04  0.4700093407E-06
  0.2818300781E-04  0.1098097410E-05
  0.3085554086E-04  0.1450322615E-05
  0.3352807391E-04  0.2249805080E-05
  0.3620060696E-04  0.2299490027E-05
  0.3887314000E-04  0.2738248309E-05
  0.4154567305E-04  0.4184096368E-05
  0.4421820610E-04  0.6220368978E-05
  0.4689073915E-04  0.7450004557E-05
  0.4956327219E-04  0.1217122090E-04
  0.5223580524E-04  0.1348206585E-04
  0.5490833829E-04  0.1793631065E-04
  0.5758087134E-04  0.1201078497E-04
  0.6025340439E-04  0.2863514237E-04
  0.6292593743E-04  0.2432934426E-04
  0.6559847048E-04  0.3380218137E-04
  0.6827100353E-04  0.3625309382E-04
  0.7094353658E-04  0.4896928584E-04
  0.7361606963E-04  0.5640155106E-04
  0.7628860267E-04  0.5212492429E-04
  0.7896113572E-04  0.7148191658E-04
  0.8163366877E-04  0.8023089039E-04
  0.8430620182E-04  0.8918821089E-04
  0.8697873486E-04  0.9698401649E-04
  0.8965126791E-04  0.1248459045E-03
  0.9232380096E-04  0.1532548832E-03
  0.9499633401E-04  0.1775887565E-03
  0.9766886706E-04  0.1651870442E-03
  0.1003414001E-03  0.1595840128E-03
  0.1030139332E-03  0.2002683335E-03
  0.1056864662E-03  0.2432766462E-03
  0.1083589992E-03  0.2977323840E-03
  0.1110315323E-03  0.2488172994E-03
  0.1137040653E-03  0.3042284579E-03
  0.1163765984E-03  0.3193929675E-03
  0.1190491314E-03  0.4153687199E-03
  0.1217216645E-03  0.4162909873E-03
  0.1243941975E-03  0.4190759288E-03
  0.1270667306E-03  0.5076066717E-03
  0.1297392636E-03  0.5643792185E-03
  0.1324117967E-03  0.6538184349E-03
  0.1350843297E-03  0.6840598363E-03
  0.1377568628E-03  0.7125154847E-03
  0.1404293958E-03  0.7520137824E-03
  0.1431019289E-03  0.7945140122E-03
  0.1457744619E-03  0.8334516714E-03
  0.1484469950E-03  0.9639524481E-03
  0.1511195280E-03  0.9407677873E-03
  0.1537920611E-03  0.1105787418E-02
  0.1564645941E-03  0.1094633362E-02
  0.1591371272E-03  0.1382073439E-02
  0.1618096602E-03  0.1510714936E-02
  0.1644821933E-03  0.1503748880E-02
  0.1671547263E-03  0.1493542777E-02
  0.1698272593E-03  0.1426354195E-02
  0.1724997924E-03  0.1795407753E-02
  0.1751723254E-03  0.2007551769E-02
  0.1778448585E-03  0.2364998769E-02
  0.1805173915E-03  0.2397984943E-02
  0.1831899246E-03  0.2166709217E-02
  0.1858624576E-03  0.2295813505E-02
  0.1885349907E-03  0.2380975557E-02
  0.1912075237E-03  0.2890545885E-02
  0.1938800568E-03  0.3021138090E-02
  0.1965525898E-03  0.3362073456E-02
  0.1992251229E-03  0.3411429583E-02
  0.2018976559E-03  0.3676574442E-02
  0.2045701890E-03  0.3670684092E-02
  0.2072427220E-03  0.3976415244E-02
  0.2099152551E-03  0.4042918245E-02
  0.2125877881E-03  0.4335465177E-02
  0.2152603212E-03  0.4887157290E-02
  0.2179328542E-03  0.5265472417E-02
  0.2206053873E-03  0.5815736242E-02
  0.2232779203E-03  0.5385582407E-02
  0.2259504534E-03  0.5798599839E-02
  0.2286229864E-03  0.5807222779E-02
  0.2312955195E-03  0.6907092080E-02
  0.2339680525E-03  0.7309227343E-02
  0.2366405855E-03  0.8012009442E-02
  0.2393131186E-03  0.7954803591E-02
  0.2419856516E-03  0.7821591299E-02
  0.2446581847E-03  0.7836098194E-02
  0.2473307177E-03  0.8777246007E-02
  0.2500032508E-03  0.9704545101E-02
  0.2526757838E-03  0.1060571434E-01
  0.2553483169E-03  0.1072647748E-01
  0.2580208499E-03  0.1102255967E-01
  0.2606933830E-03  0.1215533748E-01
  0.2633659160E-03  0.1253633775E-01
  0.2660384491E-03  0.1289422321E-01
  0.2687109821E-03  0.1330075107E-01
  0.2713835152E-03  0.1394043649E-01
  0.2740560482E-03  0.1444152571E-01
  0.2767285813E-03  0.1640975639E-01
  0.2794011143E-03  0.1726860966E-01
  0.2820736474E-03  0.1896692422E-01
  0.2847461804E-03  0.1743672972E-01
  0.2874187135E-03  0.1792206139E-01
  0.2900912465E-03  0.1938982919E-01
  0.2927637796E-03  0.2120087331E-01
  0.2954363126E-03  0.2335018978E-01
  0.2981088456E-03  0.2438911718E-01
  0.3007813787E-03  0.2486007452E-01
  0.3034539117E-03  0.2479545003E-01
  0.3061264448E-03  0.2608320728E-01
  0.3087989778E-03  0.2931329628E-01
  0.3114715109E-03  0.3162515556E-01
  0.3141440439E-03  0.3303621955E-01
  0.3168165770E-03  0.3250297945E-01
  0.3194891100E-03  0.3477157241E-01
  0.3221616431E-03  0.3587087857E-01
  0.3248341761E-03  0.3891490992E-01
  0.3275067092E-03  0.4001779060E-01
  0.3301792422E-03  0.4200440680E-01
  0.3328517753E-03  0.4425786496E-01
  0.3355243083E-03  0.4640391288E-01
  0.3381968414E-03  0.4765271090E-01
  0.3408693744E-03  0.4743674831E-01
  0.3435419075E-03  0.4936986665E-01
  0.3462144405E-03  0.5363899618E-01
  0.3488869736E-03  0.5594309531E-01
  0.3515595066E-03  0.5826045873E-01
  0.3542320397E-03  0.5930710359E-01
  0.3569045727E-03  0.6277595126E-01
  0.3595771057E-03  0.6378059226E-01
  0.3622496388E-03  0.6562482763E-01
  0.3649221718E-03  0.6914307563E-01
  0.3675947049E-03  0.7278953692E-01
  0.3702672379E-03  0.7499796490E-01
  0.3729397710E-03  0.7791020244E-01
  0.3756123040E-03  0.7806831823E-01
  0.3782848371E-03  0.8275036362E-01
  0.3809573701E-03  0.8092061116E-01
  0.3836299032E-03  0.8898054424E-01
  0.3863024362E-03  0.9040715724E-01
  0.3889749693E-03  0.9398954972E-01
  0.3916475023E-03  0.9484933384E-01
  0.3943200354E-03  0.9533566316E-01
  0.3969925684E-03  0.1039066884    
  0.3996651015E-03  0.1055013963    
  0.4023376345E-03  0.1101860358    
  0.4050101676E-03  0.1073569943    
  0.4076827006E-03  0.1131476057    
  0.4103552337E-03  0.1170992170    
  0.4130277667E-03  0.1231283768    
  0.4157002998E-03  0.1217433843    
  0.4183728328E-03  0.1242152489    
  0.4210453658E-03  0.1269776060    
  0.4237178989E-03  0.1343215863    
  0.4263904319E-03  0.1372672256    
  0.4290629650E-03  0.1370632022    
  0.4317354980E-03  0.1413184658    
  0.4344080311E-03  0.1453467990    
  0.4370805641E-03  0.1507673067    
  0.4397530972E-03  0.1488766473    
  0.4424256302E-03  0.1539609019    
  0.4450981633E-03  0.1582496413    
  0.4477706963E-03  0.1650402630    
  0.4504432294E-03  0.1629777178    
  0.4531157624E-03  0.1684302922    
  0.4557882955E-03  0.1719300701    
  0.4584608285E-03  0.1812745933    
  0.4611333616E-03  0.1828809171    
  0.4638058946E-03  0.1782969942    
  0.4664784277E-03  0.1849448512    
  0.4691509607E-03  0.1916399665    
  0.4718234938E-03  0.2019819946    
  0.4744960268E-03  0.2010402177    
  0.4771685599E-03  0.1994405493    
  0.4798410929E-03  0.2066676925    
  0.4825136260E-03  0.2135437372    
  0.4851861590E-03  0.2171768366    
  0.4878586920E-03  0.2207986965    
  0.4905312251E-03  0.2211230339    
  0.4932037581E-03  0.2313735936    
  0.4958762912E-03  0.2317286698    
  0.4985488242E-03  0.2381004427    
  0.5012213573E-03  0.2427764728    
  0.5038938903E-03  0.2436529986    
  0.5065664234E-03  0.2524296141    
  0.5092389564E-03  0.2473656774    
  0.5119114895E-03  0.2623987259    
  0.5145840225E-03  0.2646717608    
  0.5172565556E-03  0.2757509348    
  0.5199290886E-03  0.2780320578    
  0.5226016217E-03  0.2758757714    
  0.5252741547E-03  0.2857883350    
  0.5279466878E-03  0.2920473763    
  0.5306192208E-03  0.2990592002    
  0.5332917539E-03  0.3009050367    
  0.5359642869E-03  0.3049301612    
  0.5386368200E-03  0.3165226534    
  0.5413093530E-03  0.3202720960    
  0.5439818861E-03  0.3251660549    
  0.5466544191E-03  0.3255216505    
  0.5493269521E-03  0.3369994677    
  0.5519994852E-03  0.3420418147    
  0.5546720182E-03  0.3538806734    
  0.5573445513E-03  0.3548220022    
  0.5600170843E-03  0.3647379743    
  0.5626896174E-03  0.3684875239    
  0.5653621504E-03  0.3776358778    
  0.5680346835E-03  0.3731853237    
  0.5707072165E-03  0.3939817216    
  0.5733797496E-03  0.3933171693    
  0.5760522826E-03  0.4188199621    
  0.5787248157E-03  0.4105824635    
  0.5813973487E-03  0.4316033827    
  0.5840698818E-03  0.4304621177    
  0.5867424148E-03  0.4438654690    
  0.5894149479E-03  0.4470284470    
  0.5920874809E-03  0.4646107440    
  0.5947600140E-03  0.4726783460    
  0.5974325470E-03  0.4907477298    
  0.6001050801E-03  0.4954350476    
  0.6027776131E-03  0.5070039135    
  0.6054501462E-03  0.5122571605    
  0.6081226792E-03  0.5355186415    
  0.6107952122E-03  0.5476397259    
  0.6134677453E-03  0.5717653354    
  0.6161402783E-03  0.5831796272    
  0.6188128114E-03  0.5989144327    
  0.6214853444E-03  0.6127570490    
  0.6241578775E-03  0.6315707160    
  0.6268304105E-03  0.6556930482    
  0.6295029436E-03  0.6827056442    
  0.6321754766E-03  0.7051576177    
  0.6348480097E-03  0.7385509500    
  0.6375205427E-03  0.7589178219    
  0.6401930758E-03  0.8012969822    
  0.6428656088E-03  0.8434709491    
  0.6455381419E-03  0.9043850337    
  0.6482106749E-03  0.9555189678    
  0.6508832080E-03   1.039483134    
  0.6535557410E-03   1.198302673    
  0.6562282741E-03   1.330433549    
  0.6589008071E-03   1.410226950    
  0.6615733402E-03   1.400075953    
  0.6642458732E-03   1.393698961    
  0.6669184063E-03   1.422295416    
  0.6695909393E-03   1.435087850    
  0.6722634723E-03   1.465921975    
  0.6749360054E-03   1.435054345    
  0.6776085384E-03   1.401581055    
  0.6802810715E-03   1.390710068    
  0.6829536045E-03   1.397865635    
  0.6856261376E-03   1.415513287    
  0.6882986706E-03   1.390013872    
  0.6909712037E-03   1.328049771    
  0.6936437367E-03   1.234834057    
  0.6963162698E-03   1.139339604    
  0.6989888028E-03   1.060964831    
  0.7016613359E-03   1.040424565    
  0.7043338689E-03   1.009748699    
  0.7070064020E-03  0.9836978182    
  0.7096789350E-03  0.9435322817    
  0.7123514681E-03  0.9188764339    
  0.7150240011E-03  0.9166038680    
  0.7176965342E-03  0.9082401543    
  0.7203690672E-03  0.8838319721    
  0.7230416003E-03  0.8663986326    
  0.7257141333E-03  0.8339612588    
  0.7283866664E-03  0.8192783905    
  0.7310591994E-03  0.8011895524    
  0.7337317325E-03  0.7906379347    
  0.7364042655E-03  0.7849605620    
  0.7390767985E-03  0.7846813588    
  0.7417493316E-03  0.7801081205    
  0.7444218646E-03  0.7701009651    
  0.7470943977E-03  0.7610295139    
  0.7497669307E-03  0.7605096297    
  0.7524394638E-03  0.7785767961    
  0.7551119968E-03  0.7865848636    
  0.7577845299E-03  0.7833013308    
  0.7604570629E-03  0.7791675893    
  0.7631295960E-03  0.7704813660    
  0.7658021290E-03  0.7676567724    
  0.7684746621E-03  0.7511666722    
  0.7711471951E-03  0.7499188564    
  0.7738197282E-03  0.7352130537    
  0.7764922612E-03  0.7311604909    
  0.7791647943E-03  0.7184396044    
  0.7818373273E-03  0.7133594686    
  0.7845098604E-03  0.7122242387    
  0.7871823934E-03  0.7214013334    
  0.7898549265E-03  0.7111458630    
  0.7925274595E-03  0.7000665206    
  0.7951999926E-03  0.7002378800    
  0.7978725256E-03  0.7230918813    
  0.8005450586E-03  0.7200840918    
  0.8032175917E-03  0.7102563562    
  0.8058901247E-03  0.7273084882    
  0.8085626578E-03  0.7338158860    
  0.8112351908E-03  0.7411002780    
  0.8139077239E-03  0.7233228556    
  0.8165802569E-03  0.7332277474    
  0.8192527900E-03  0.7098855825    
  0.8219253230E-03  0.6955255638    
  0.8245978561E-03  0.6934405186    
  0.8272703891E-03  0.6972495319    
  0.8299429222E-03  0.6897723557    
  0.8326154552E-03  0.6444056507    
  0.8352879883E-03  0.6171330889    
  0.8379605213E-03  0.5906650028    
  0.8406330544E-03  0.5897145780    
  0.8433055874E-03  0.5814302819    
  0.8459781205E-03  0.5689990725    
  0.8486506535E-03  0.5423747917    
  0.8513231866E-03  0.5205646947    
  0.8539957196E-03  0.5183550017    
  0.8566682527E-03  0.5271656642    
  0.8593407857E-03  0.5155779911    
  0.8620133187E-03  0.4988970558    
  0.8646858518E-03  0.4730481307    
  0.8673583848E-03  0.4843320374    
  0.8700309179E-03  0.4866108742    
  0.8727034509E-03  0.4735469427    
  0.8753759840E-03  0.4582666772    
  0.8780485170E-03  0.4353765691    
  0.8807210501E-03  0.4536383972    
  0.8833935831E-03  0.4413576219    
  0.8860661162E-03  0.4446697070    
  0.8887386492E-03  0.4196600318    
  0.8914111823E-03  0.4248223729    
  0.8940837153E-03  0.4187493058    
  0.8967562484E-03  0.4239028291    
  0.8994287814E-03  0.4189333357    
  0.9021013145E-03  0.3989226643    
  0.9047738475E-03  0.4005302367    
  0.9074463806E-03  0.4005588488    
  0.9101189136E-03  0.4078645452    
  0.9127914467E-03  0.3860197496    
  0.9154639797E-03  0.3829378326    
  0.9181365128E-03  0.3887746111    
  0.9208090458E-03  0.3943779298    
  0.9234815789E-03  0.3901873651    
  0.9261541119E-03  0.3952848882    
  0.9288266449E-03  0.4001578096    
  0.9314991780E-03  0.3969627570    
  0.9341717110E-03  0.4089410770    
  0.9368442441E-03  0.4174107664    
  0.9395167771E-03  0.4285201815    
  0.9421893102E-03  0.4197015964    
  0.9448618432E-03  0.4471285176    
  0.9475343763E-03  0.4584103255    
  0.9502069093E-03  0.4766426141    
  0.9528794424E-03  0.4767209631    
  0.9555519754E-03  0.5149901077    
  0.9582245085E-03  0.5216695729    
  0.9608970415E-03  0.5591493003    
  0.9635695746E-03  0.5721179976    
  0.9662421076E-03  0.6236149057    
  0.9689146407E-03  0.6394987348    
  0.9715871737E-03  0.6584890717    
  0.9742597068E-03  0.6835154458    
  0.9769322398E-03  0.7126965147    
  0.9796047729E-03  0.7487999089    
  0.9822773059E-03  0.7818140382    
  0.9849498390E-03  0.8201599442    
  0.9876223720E-03  0.8790247155    
  0.9902949050E-03  0.9391473392    
  0.9929674381E-03   1.043182426    
  0.9956399711E-03   1.109772721    
  0.9983125042E-03   1.169400266    
  0.1000985037E-02   1.192040552    
  0.1003657570E-02   1.237823939    
  0.1006330103E-02   1.299862616    
  0.1009002636E-02   1.337869241    
  0.1011675169E-02   1.358360615    
  0.1014347702E-02   1.331886403    
  0.1017020236E-02   1.319069590    
  0.1019692769E-02   1.288845428    
  0.1022365302E-02   1.282806695    
  0.1025037835E-02   1.254628576    
  0.1027710368E-02   1.249106660    
  0.1030382901E-02   1.238733919    
  0.1033055434E-02   1.252617764    
  0.1035727967E-02   1.242812453    
  0.1038400500E-02   1.164393981    
  0.1041073033E-02   1.028982367    
  0.1043745566E-02  0.8743320304    
  0.1046418099E-02  0.7690782054    
  0.1049090632E-02  0.6923536142    
  0.1051763165E-02  0.6287611563    
  0.1054435698E-02  0.5701736492    
  0.1057108231E-02  0.5063996662    
  0.1059780764E-02  0.4356629499    
  0.1062453297E-02  0.3188856820    
  0.1065125830E-02  0.2070466528    
  0.1067798363E-02  0.1202692498    
  0.1070470896E-02  0.9458962199E-01
  0.1073143430E-02  0.8381588436E-01
  0.1075815963E-02  0.7926804998E-01
  0.1078488496E-02  0.7155949018E-01
  0.1081161029E-02  0.6567912531E-01
  0.1083833562E-02  0.5892432356E-01
  0.1086506095E-02  0.5383654684E-01
  0.1089178628E-02  0.4839037985E-01
  0.1091851161E-02  0.4161728390E-01
  0.1094523694E-02  0.3555180480E-01
  0.1097196227E-02  0.2900290594E-01
  0.1099868760E-02  0.2220027873E-01
  0.1102541293E-02  0.1247138479E-01
  0.1105213826E-02  0.4897551404E-02
  0.1107886359E-02  0.2792628519E-03
  0.1110558892E-02   0.000000000    
  0.1113231425E-02   0.000000000    
  0.1115903958E-02   0.000000000    
  0.1118576491E-02   0.000000000    
  0.1121249024E-02   0.000000000    
  0.1123921557E-02   0.000000000    
  0.1126594090E-02   0.000000000    
  0.1129266624E-02   0.000000000    
  0.1131939157E-02   0.000000000    
  0.1134611690E-02   0.000000000    
  0.1137284223E-02   0.000000000    
  0.1139956756E-02   0.000000000    
  0.1142629289E-02   0.000000000    
  0.1145301822E-02   0.000000000    
  0.1147974355E-02   0.000000000    
  0.1150646888E-02   0.000000000    
  0.1153319421E-02   0.000000000    
  0.1155991954E-02   0.000000000    
  0.1158664487E-02   0.000000000    
  0.1161337020E-02   0.000000000    
  0.1164009553E-02   0.000000000    
  0.1166682086E-02   0.000000000    
  0.1169354619E-02   0.000000000    
  0.1172027152E-02   0.000000000    
  0.1174699685E-02   0.000000000    
  0.1177372218E-02   0.000000000    
  0.1180044751E-02   0.000000000    
  0.1182717284E-02   0.000000000    
  0.1185389818E-02   0.000000000    
  0.1188062351E-02   0.000000000    
  0.1190734884E-02   0.000000000    
  0.1193407417E-02   0.000000000    
  0.1196079950E-02   0.000000000    
  0.1198752483E-02   0.000000000    
  0.1201425016E-02   0.000000000    
  0.1204097549E-02   0.000000000    
  0.1206770082E-02   0.000000000    
  0.1209442615E-02   0.000000000    
  0.1212115148E-02   0.000000000    
