   4.641895546      0.1120506996E-03   2.101141314    
   6.592837152      0.1109092731E-03   2.100438923    
   8.543778758      0.1084305350E-03   2.100870512    
   10.49472036      0.1034312918E-03   2.103474471    
   12.44566197      0.9456550699E-04   2.109291107    
   14.39660358      0.8035593294E-04   2.118670638    
   16.34754518      0.5548320594E-04   2.132418902    
   18.29848679      0.6524183979E-07   2.145515563    
   20.24942840      0.1586296463E-09   2.145522420    
   22.20037000      0.8747859637E-10   2.145413019    
   24.15131161      0.8177930128E-10   2.145365447    
   26.10225321      0.4455281642E-10   2.145429476    
   28.05319482      0.4018356898E-10   2.145433057    
   30.00413643      0.3572715852E-10   2.145376528    
   31.95507803      0.3133564660E-10   2.145503799    
   33.90601964      0.2711170766E-10   2.145343631    
   35.85696125      0.2315706998E-10   2.145399025    
   37.80790285      0.1954084995E-10   2.145423321    
   39.75884446      0.1630383490E-10   2.145417662    
   41.70978607      0.1346079432E-10   2.145381783    
   43.66072767      0.1100581597E-10   2.145313985    
   45.61166928      0.8917681450E-11   2.145564840    
   47.56261088      0.7165505735E-11   2.145459957    
   49.51355249      0.5713685173E-11   2.145317782    
   51.46449410      0.4519035286E-11   2.145540374    
   53.41543570      0.3548509285E-11   2.145358556    
   55.36637731      0.2767949501E-11   2.145562933    
   57.31731892      0.2145787635E-11   2.145337200    
   59.26826052      0.1654042659E-11   2.145529720    
   61.21920213      0.1268288974E-11   2.145251669    
   63.17014373      0.9678114946E-12   2.145437652    
   65.12108534      0.7351873113E-12   2.145607235    
   67.07202695      0.5561825589E-12   2.145277821    
   69.02296855      0.4191819398E-12   2.145446808    
   70.97391016      0.3148133141E-12   2.145602106    
   72.92485177      0.2356776139E-12   2.145206374    
   74.87579337      0.1759225704E-12   2.145365976    
   76.82673498      0.1309578187E-12   2.145513623    
   78.77767658      0.9724010491E-13   2.145650478    
   80.72861819      0.7204139109E-13   2.145183350    
