   0.000000000      0.1104284254E-02
  0.1640615945E-01  0.1103175681E-02
  0.3281231890E-01  0.1099861896E-02
  0.4921847835E-01  0.1094378639E-02
  0.6562463780E-01  0.1086785263E-02
  0.8203079725E-01  0.1077164413E-02
  0.9843695670E-01  0.1065621560E-02
  0.1148431162      0.1052284392E-02
  0.1312492756      0.1037302030E-02
  0.1476554351      0.1020844066E-02
  0.1640615945      0.1003099378E-02
  0.1804677540      0.9842746811E-03
  0.1968739134      0.9645927891E-03
  0.2132800729      0.9442904960E-03
  0.2296862323      0.9236160341E-03
  0.2460923918      0.9028260246E-03
  0.2624985512      0.8821818547E-03
  0.2789047107      0.8619454265E-03
  0.2953108701      0.8423742573E-03
  0.3117170296      0.8237159658E-03
  0.3281231890      0.8062022592E-03
  0.3445293485      0.7900426390E-03
  0.3609355079      0.7754181559E-03
  0.3773416674      0.7624756514E-03
  0.3937478268      0.7513229917E-03
  0.4101539863      0.7420258100E-03
  0.4265601457      0.7346061933E-03
  0.4429663052      0.7290435880E-03
  0.4593724646      0.7252779673E-03
  0.4757786241      0.7232150495E-03
  0.4921847835      0.7227331267E-03
  0.5085909430      0.7236909085E-03
  0.5249971024      0.7259357238E-03
  0.5414032619      0.7293114606E-03
  0.5578094213      0.7336657305E-03
  0.5742155808      0.7388558927E-03
  0.5906217402      0.7447537252E-03
  0.6070278997      0.7512486679E-03
  0.6234340591      0.7582496650E-03
  0.6398402186      0.7656857081E-03
  0.6562463780      0.7735052235E-03
  0.6726525375      0.7816744701E-03
  0.6890586969      0.7901751238E-03
  0.7054648564      0.7990012271E-03
  0.7218710158      0.8081556831E-03
  0.7382771753      0.8176464729E-03
  0.7546833347      0.8274827744E-03
  0.7710894942      0.8376711537E-03
  0.7874956536      0.8482119959E-03
  0.8039018131      0.8590963228E-03
  0.8203079725      0.8703031260E-03
  0.8367141320      0.8817973127E-03
  0.8531202914      0.8935283273E-03
  0.8695264509      0.9054294760E-03
  0.8859326103      0.9174179414E-03
  0.9023387698      0.9109937499E-03
  0.9187449292      0.9037083620E-03
  0.9351510887      0.8955474422E-03
  0.9515572481      0.8865042980E-03
  0.9679634076      0.8765797261E-03
  0.9843695670      0.8657817803E-03
   1.000775726      0.8541254677E-03
   1.017181886      0.8416323767E-03
   1.033588045      0.8283302449E-03
   1.049994205      0.8142524693E-03
   1.066400364      0.7994375669E-03
   1.082806524      0.7839285892E-03
   1.099212683      0.7677724989E-03
   1.115618843      0.7510195117E-03
   1.132025002      0.7337224133E-03
   1.148431162      0.7159358560E-03
   1.164837321      0.6977156438E-03
   1.181243480      0.6791180134E-03
   1.197649640      0.6601989202E-03
   1.214055799      0.6410133383E-03
   1.230461959      0.6216145846E-03
   1.246868118      0.6020536764E-03
   1.263274278      0.5823787347E-03
   1.279680437      0.5626344417E-03
   1.296086597      0.5428615651E-03
   1.312492756      0.5230965582E-03
   1.328898916      0.5033712446E-03
   1.345305075      0.4837125973E-03
   1.361711234      0.4641426156E-03
   1.378117394      0.4446783068E-03
   1.394523553      0.4253317718E-03
   1.410929713      0.4061103935E-03
   1.427335872      0.3870171247E-03
   1.443742032      0.3680508647E-03
   1.460148191      0.3492069166E-03
   1.476554351      0.3304775087E-03
   1.492960510      0.3118523647E-03
   1.509366669      0.2933193051E-03
   1.525772829      0.2748648592E-03
   1.542178988      0.2564748699E-03
   1.558585148      0.2381350713E-03
   1.574991307      0.2198316234E-03
   1.591397467      0.2015515865E-03
   1.607803626      0.1832833250E-03
   1.624209786      0.1650168292E-03
   1.640615945      0.1467439500E-03
   1.657022105      0.1284585419E-03
   1.673428264      0.1101565156E-03
   1.689834423      0.9183580177E-04
   1.706240583      0.7349623257E-04
   1.722646742      0.5513934762E-04
   1.739052902      0.3676813500E-04
   1.755459061      0.1838671793E-04
   1.771865221     -0.4874794363E-10
   1.788365009      0.1967239359E-04
   1.804864797      0.3935006319E-04
   1.821364585      0.5903744919E-04
   1.837864373      0.7873740873E-04
   1.854364161      0.9845063673E-04
   1.870863949      0.1181753233E-03
   1.887363737      0.1379070963E-03
   1.903863525      0.1576392769E-03
   1.920363314      0.1773634495E-03
   1.936863102      0.1970703267E-03
   1.953362890      0.2167508643E-03
   1.969862678      0.2363975607E-03
   1.986362466      0.2560058606E-03
   2.002862254      0.2755755640E-03
   2.019362042      0.2951121391E-03
   2.035861830      0.3146278277E-03
   2.052361618      0.3341424382E-03
   2.068861406      0.3536837276E-03
   2.085361195      0.3732872922E-03
   2.101860983      0.3929959073E-03
   2.118360771      0.4128582927E-03
   2.134860559      0.4329273133E-03
   2.151360347      0.4532576702E-03
   2.167860135      0.4739031786E-03
   2.184359923      0.4949137691E-03
   2.200859711      0.5163323792E-03
   2.217359499      0.5381919201E-03
   2.233859287      0.5605125070E-03
   2.250359076      0.5832991272E-03
   2.266858864      0.6065398887E-03
   2.283358652      0.6302049554E-03
   2.299858440      0.6542462225E-03
   2.316358228      0.6785977406E-03
   2.332858016      0.7031768501E-03
   2.349357804      0.7278859529E-03
   2.365857592      0.7526148186E-03
   2.382357380      0.7772433083E-03
   2.398857168      0.8016443895E-03
   2.415356957      0.8256873179E-03
   2.431856745      0.8492408658E-03
   2.448356533      0.8721764872E-03
   2.464856321      0.8943713213E-03
   2.481356109      0.9157109461E-03
   2.497855897      0.9360918083E-03
   2.514355685      0.9554232663E-03
   2.530855473      0.9736291928E-03
   2.547355261      0.9840986433E-03
   2.563855049      0.9909031509E-03
   2.580354838      0.9989373266E-03
   2.596854626      0.1008074654E-02
   2.613354414      0.1018120363E-02
   2.629854202      0.1028822404E-02
   2.646353990      0.1039885110E-02
   2.662853778      0.1050984391E-02
   2.679353566      0.1061783345E-02
   2.695853354      0.1071947353E-02
   2.712353142      0.1081157990E-02
   2.728852930      0.1089125284E-02
   2.745352719      0.1095598109E-02
   2.761852507      0.1100372600E-02
   2.778352295      0.1103298609E-02
   2.794852083      0.1104284254E-02
   2.810926771      0.1103244387E-02
   2.827001458      0.1100133044E-02
   2.843076146      0.1094974995E-02
   2.859150834      0.1087811479E-02
   2.875225521      0.1078700140E-02
   2.891300209      0.1067714940E-02
   2.907374897      0.1054946031E-02
   2.923449585      0.1040499593E-02
   2.939524272      0.1024497626E-02
   2.955598960      0.1007077682E-02
   2.971673648      0.9883925183E-03
   2.987748335      0.9686096447E-03
   3.003823023      0.9479107327E-03
   3.019897711      0.9264908344E-03
   3.035972399      0.9045573517E-03
   3.052047086      0.8823286780E-03
   3.068121774      0.8600324180E-03
   3.084196462      0.8379030816E-03
   3.100271149      0.8161791381E-03
   3.116345837      0.7950993268E-03
   3.132420525      0.7748981450E-03
   3.148495213      0.7558004938E-03
   3.164569900      0.7380155478E-03
   3.180644588      0.7217300437E-03
   3.196719276      0.7071013294E-03
   3.212793963      0.6942506646E-03
   3.228868651      0.6832573846E-03
   3.244943339      0.6741545737E-03
   3.261018027      0.6669268336E-03
   3.277092714      0.6615105423E-03
   3.293167402      0.6577967249E-03
   3.309242090      0.6556363361E-03
   3.325316777      0.6548474753E-03
   3.341391465      0.6552238639E-03
   3.357466153      0.6565438508E-03
   3.373540841      0.6585792740E-03
   3.389615528      0.6611036472E-03
   3.405690216      0.6638993300E-03
   3.421764904      0.6667635181E-03
   3.437839591      0.6695130414E-03
   3.453914279      0.6719880610E-03
   3.469988967      0.6740548137E-03
   3.486063655      0.6756075730E-03
   3.502138342      0.6765699872E-03
   3.518213030      0.6768959334E-03
   3.534197200      0.6769430479E-03
   3.550181370      0.6770965372E-03
   3.566165539      0.6773922051E-03
   3.582149709      0.6778876325E-03
   3.598133879      0.6786591075E-03
   3.614118048      0.6797974752E-03
   3.630102218      0.6814030699E-03
   3.646086388      0.6835799628E-03
   3.662070558      0.6864298223E-03
   3.678054727      0.6900457485E-03
   3.694038897      0.6945064779E-03
   3.710023067      0.6998713613E-03
   3.726007236      0.7061764775E-03
   3.741991406      0.7134321582E-03
   3.757975576      0.7216220797E-03
   3.773959746      0.7307039330E-03
   3.789943915      0.7406115454E-03
   3.805928085      0.7512582075E-03
   3.821912255      0.7625408842E-03
   3.837896424      0.7743449503E-03
   3.853880594      0.7865491015E-03
   3.869864764      0.7990301294E-03
   3.885848934      0.8116673096E-03
   3.901833103      0.8243462187E-03
   3.917817273      0.8369618613E-03
   3.933801443      0.8494210475E-03
   3.949785613      0.8616440068E-03
   3.965769782      0.8735652623E-03
   3.981753952      0.8851338189E-03
   3.997738122      0.8963127334E-03
   4.013722291      0.9070781567E-03
   4.029706461      0.9174179414E-03
   4.045690631      0.9070781567E-03
   4.061674801      0.8963127334E-03
   4.077658970      0.8851338189E-03
   4.093643140      0.8735652623E-03
   4.109627310      0.8616440068E-03
   4.125611479      0.8494210475E-03
   4.141595649      0.8369618613E-03
   4.157579819      0.8243462187E-03
   4.173563989      0.8116673096E-03
   4.189548158      0.7990301294E-03
   4.205532328      0.7865491015E-03
   4.221516498      0.7743449503E-03
   4.237500668      0.7625408842E-03
   4.253484837      0.7512582075E-03
   4.269469007      0.7406115454E-03
   4.285453177      0.7307039330E-03
   4.301437346      0.7216220797E-03
   4.317421516      0.7134321582E-03
   4.333405686      0.7061764775E-03
   4.349389856      0.6998713613E-03
   4.365374025      0.6945064779E-03
   4.381358195      0.6900457485E-03
   4.397342365      0.6864298223E-03
   4.413326534      0.6835799628E-03
   4.429310704      0.6814030699E-03
   4.445294874      0.6797974752E-03
   4.461279044      0.6786591075E-03
   4.477263213      0.6778876325E-03
   4.493247383      0.6773922051E-03
   4.509231553      0.6770965372E-03
   4.525215722      0.6769430479E-03
   4.541199892      0.6768959334E-03
   4.557639914      0.6764106948E-03
   4.574079935      0.6749578982E-03
   4.590519957      0.6725462213E-03
   4.606959978      0.6691898632E-03
   4.623400000      0.6649081570E-03
   4.639840021      0.6597250402E-03
   4.656280043      0.6536683990E-03
   4.672720064      0.6467693038E-03
   4.689160086      0.6390611570E-03
   4.705600107      0.6305787798E-03
   4.722040129      0.6213574643E-03
   4.738480151      0.6114320238E-03
   4.754920172      0.6008358704E-03
   4.771360194      0.5896001551E-03
   4.787800215      0.5757737738E-03
   4.804240237      0.5508936274E-03
   4.820680258      0.5267076417E-03
   4.837120280      0.5034609744E-03
   4.853560301      0.4813514494E-03
   4.870000323      0.4605190208E-03
   4.886440344      0.4410370406E-03
   4.902880366      0.4229066368E-03
   4.919320387      0.4060554062E-03
   4.935760409      0.3903411959E-03
   4.952200430      0.3755610468E-03
   4.968640452      0.3614645496E-03
   4.985080473      0.3477701748E-03
   5.001520495      0.3341827625E-03
   5.017960517      0.3204103906E-03
   5.034400538      0.3061792059E-03
   5.050840560      0.2912453438E-03
   5.067280581      0.2754036097E-03
   5.083720603      0.2584930259E-03
   5.100160624      0.2403996188E-03
   5.116600646      0.2210569408E-03
   5.133040667      0.2004448310E-03
   5.149480689      0.1765112085E-03
   5.165920710      0.1521156550E-03
   5.182360732      0.1273516060E-03
   5.198800753      0.1022721489E-03
   5.215240775      0.7693478088E-04
   5.231680796      0.5140065952E-04
   5.248120818      0.2573376568E-04
   5.264560839     -0.4874794363E-10
   5.281046338      0.1617313168E-04
   5.297531837      0.3237096913E-04
   5.314017336      0.4861780442E-04
   5.330502835      0.6493711182E-04
   5.346988334      0.8135116247E-04
   5.363473833      0.9788066643E-04
   5.379959331      0.1145444492E-03
   5.396444830      0.1313591688E-03
   5.412930329      0.1483390785E-03
   5.429415828      0.1654958371E-03
   5.445901327      0.1828383695E-03
   5.462386826      0.2003727762E-03
   5.478872325      0.2181022918E-03
   5.495357823      0.2360272894E-03
   5.511843322      0.2541453269E-03
   5.528328821      0.2724512328E-03
   5.544814320      0.2909372255E-03
   5.561299819      0.3095930623E-03
   5.577785318      0.3284062121E-03
   5.594270817      0.3473620486E-03
   5.610756315      0.3664440578E-03
   5.627241814      0.3856340551E-03
   5.643727313      0.4049124099E-03
   5.660212812      0.4242582712E-03
   5.676698311      0.4436497921E-03
   5.693183810      0.4630643500E-03
   5.709669309      0.4824787596E-03
   5.726154807      0.5018694752E-03
   5.742640306      0.5212127828E-03
   5.759125805      0.5404849769E-03
   5.775611304      0.5596625238E-03
   5.792096803      0.5787222076E-03
   5.808582302      0.5976412606E-03
   5.825067801      0.6163974754E-03
   5.841553299      0.6349692999E-03
   5.858038798      0.6510426388E-03
   5.874524297      0.6596281489E-03
   5.891009796      0.6673382833E-03
   5.907495295      0.6741978783E-03
   5.923980794      0.6802371930E-03
   5.940466292      0.6854913285E-03
   5.956951791      0.6899995094E-03
   5.973437290      0.6938042211E-03
   5.989922789      0.6969501996E-03
   6.006408288      0.6994832781E-03
   6.022893787      0.7014491053E-03
   6.039379286      0.7028917656E-03
   6.055864784      0.7038523616E-03
   6.072350283      0.7043676544E-03
   6.088835782      0.7044689194E-03
   6.105321281      0.7041812480E-03
   6.121806780      0.7035236165E-03
   6.138292279      0.7025101135E-03
   6.154777778      0.7011527143E-03
   6.171263276      0.6994658059E-03
   6.187748775      0.6974722019E-03
   6.204234274      0.6952096290E-03
   6.220719773      0.6927358502E-03
   6.237205272      0.6901302478E-03
   6.253690771      0.6874903239E-03
   6.270176270      0.6849232012E-03
   6.286661768      0.6825340300E-03
   6.303147267      0.6804142079E-03
   6.319632766      0.6786320470E-03
   6.336118265      0.6772273724E-03
   6.352603764      0.6762102557E-03
   6.369089263      0.6755632070E-03
   6.385574762      0.6752457734E-03
   6.402060260      0.6752004909E-03
   6.418545759      0.6753593175E-03
   6.435031258      0.6756499143E-03
   6.451516757      0.6760013596E-03
   6.468002256      0.6763490570E-03
   6.484487755      0.6766387308E-03
   6.500973254      0.6768294830E-03
   6.517458752      0.6768959334E-03
     
   0.000000000      0.1104284254E-02
  0.1640615945E-01  0.1103987669E-02
  0.3281231890E-01  0.1103099680E-02
  0.4921847835E-01  0.1101625596E-02
  0.6562463780E-01  0.1099574289E-02
  0.8203079725E-01  0.1096958240E-02
  0.9843695670E-01  0.1093793576E-02
  0.1148431162      0.1090100133E-02
  0.1312492756      0.1085901506E-02
  0.1476554351      0.1081225093E-02
  0.1640615945      0.1076102128E-02
  0.1804677540      0.1070567680E-02
  0.1968739134      0.1064660627E-02
  0.2132800729      0.1058423575E-02
  0.2296862323      0.1051902726E-02
  0.2460923918      0.1045147669E-02
  0.2624985512      0.1038211108E-02
  0.2789047107      0.1031148484E-02
  0.2953108701      0.1024017515E-02
  0.3117170296      0.1016877621E-02
  0.3281231890      0.1009789260E-02
  0.3445293485      0.1002813142E-02
  0.3609355079      0.9960093573E-03
  0.3773416674      0.9894364117E-03
  0.3937478268      0.9831501862E-03
  0.4101539863      0.9772028507E-03
  0.4265601457      0.9716417532E-03
  0.4429663052      0.9665083183E-03
  0.4593724646      0.9618369923E-03
  0.4757786241      0.9576542744E-03
  0.4921847835      0.9539778709E-03
  0.5085909430      0.9508160119E-03
  0.5249971024      0.9481669599E-03
  0.5414032619      0.9460187378E-03
  0.5578094213      0.9443490904E-03
  0.5742155808      0.9431256866E-03
  0.5906217402      0.9423065568E-03
  0.6070278997      0.9418407521E-03
  0.6234340591      0.9416691993E-03
  0.6398402186      0.9417257230E-03
  0.6562463780      0.9419381982E-03
  0.6726525375      0.9422297943E-03
  0.6890586969      0.9425202740E-03
  0.7054648564      0.9427273088E-03
  0.7218710158      0.9427677790E-03
  0.7382771753      0.9425590293E-03
  0.7546833347      0.9420200554E-03
  0.7710894942      0.9410726049E-03
  0.7874956536      0.9396421769E-03
  0.8039018131      0.9376589127E-03
  0.8203079725      0.9350583719E-03
  0.8367141320      0.9317821911E-03
  0.8531202914      0.9277786270E-03
  0.8695264509      0.9230029858E-03
  0.8859326103      0.9174179414E-03
  0.9023387698      0.9109937499E-03
  0.9187449292      0.9037083620E-03
  0.9351510887      0.8955474422E-03
  0.9515572481      0.8865042980E-03
  0.9679634076      0.8765797261E-03
  0.9843695670      0.8657817803E-03
   1.000775726      0.8541254677E-03
   1.017181886      0.8416323767E-03
   1.033588045      0.8283302449E-03
   1.049994205      0.8142524693E-03
   1.066400364      0.7994375669E-03
   1.082806524      0.7839285892E-03
   1.099212683      0.7677724989E-03
   1.115618843      0.7510195117E-03
   1.132025002      0.7337224133E-03
   1.148431162      0.7159358560E-03
   1.164837321      0.6977156438E-03
   1.181243480      0.6791180134E-03
   1.197649640      0.6601989202E-03
   1.214055799      0.6410133383E-03
   1.230461959      0.6216145846E-03
   1.246868118      0.6020536764E-03
   1.263274278      0.5823787347E-03
   1.279680437      0.5626344417E-03
   1.296086597      0.5428615651E-03
   1.312492756      0.5230965582E-03
   1.328898916      0.5033712446E-03
   1.345305075      0.4837125973E-03
   1.361711234      0.4641426156E-03
   1.378117394      0.4446783068E-03
   1.394523553      0.4253317718E-03
   1.410929713      0.4061103935E-03
   1.427335872      0.3870171247E-03
   1.443742032      0.3680508647E-03
   1.460148191      0.3492069166E-03
   1.476554351      0.3304775087E-03
   1.492960510      0.3118523647E-03
   1.509366669      0.2933193051E-03
   1.525772829      0.2748648592E-03
   1.542178988      0.2564748699E-03
   1.558585148      0.2381350713E-03
   1.574991307      0.2198316234E-03
   1.591397467      0.2015515865E-03
   1.607803626      0.1832833250E-03
   1.624209786      0.1650168292E-03
   1.640615945      0.1467439500E-03
   1.657022105      0.1284585419E-03
   1.673428264      0.1101565156E-03
   1.689834423      0.9183580177E-04
   1.706240583      0.7349623257E-04
   1.722646742      0.5513934762E-04
   1.739052902      0.3676813500E-04
   1.755459061      0.1838671793E-04
   1.771865221     -0.4874794363E-10
   1.788365009      0.1967239359E-04
   1.804864797      0.3935006319E-04
   1.821364585      0.5903744919E-04
   1.837864373      0.7873740873E-04
   1.854364161      0.9845063673E-04
   1.870863949      0.1181753233E-03
   1.887363737      0.1379070963E-03
   1.903863525      0.1576392769E-03
   1.920363314      0.1773634495E-03
   1.936863102      0.1970703267E-03
   1.953362890      0.2167508643E-03
   1.969862678      0.2363975607E-03
   1.986362466      0.2560058606E-03
   2.002862254      0.2755755640E-03
   2.019362042      0.2951121391E-03
   2.035861830      0.3146278277E-03
   2.052361618      0.3341424382E-03
   2.068861406      0.3536837276E-03
   2.085361195      0.3732872922E-03
   2.101860983      0.3929959073E-03
   2.118360771      0.4128582927E-03
   2.134860559      0.4329273133E-03
   2.151360347      0.4532576702E-03
   2.167860135      0.4739031786E-03
   2.184359923      0.4949137691E-03
   2.200859711      0.5163323792E-03
   2.217359499      0.5381919201E-03
   2.233859287      0.5605125070E-03
   2.250359076      0.5832991272E-03
   2.266858864      0.6065398887E-03
   2.283358652      0.6302049554E-03
   2.299858440      0.6542462225E-03
   2.316358228      0.6785977406E-03
   2.332858016      0.7031768501E-03
   2.349357804      0.7278859529E-03
   2.365857592      0.7526148186E-03
   2.382357380      0.7772433083E-03
   2.398857168      0.8016443895E-03
   2.415356957      0.8256873179E-03
   2.431856745      0.8492408658E-03
   2.448356533      0.8721764872E-03
   2.464856321      0.8943713213E-03
   2.481356109      0.9157109461E-03
   2.497855897      0.9360918083E-03
   2.514355685      0.9554232663E-03
   2.530855473      0.9736291928E-03
   2.547355261      0.9906490987E-03
   2.563855049      0.1006438748E-02
   2.580354838      0.1020970248E-02
   2.596854626      0.1034231610E-02
   2.613354414      0.1046225795E-02
   2.629854202      0.1056969271E-02
   2.646353990      0.1066490122E-02
   2.662853778      0.1074825781E-02
   2.679353566      0.1082020451E-02
   2.695853354      0.1088122332E-02
   2.712353142      0.1093180745E-02
   2.728852930      0.1097243288E-02
   2.745352719      0.1100353138E-02
   2.761852507      0.1102546644E-02
   2.778352295      0.1103851306E-02
   2.794852083      0.1104284254E-02
   2.810926771      0.1103888634E-02
   2.827001458      0.1102704368E-02
   2.843076146      0.1100739231E-02
   2.859150834      0.1098006115E-02
   2.875225521      0.1094522942E-02
   2.891300209      0.1090312530E-02
   2.907374897      0.1085402429E-02
   2.923449585      0.1079824718E-02
   2.939524272      0.1073615762E-02
   2.955598960      0.1066815940E-02
   2.971673648      0.1059469331E-02
   2.987748335      0.1051623369E-02
   3.003823023      0.1043328462E-02
   3.019897711      0.1034637582E-02
   3.035972399      0.1025605824E-02
   3.052047086      0.1016289939E-02
   3.068121774      0.1006747840E-02
   3.084196462      0.9970380944E-03
   3.100271149      0.9872193997E-03
   3.116345837      0.9773500524E-03
   3.132420525      0.9674874165E-03
   3.148495213      0.9576874010E-03
   3.164569900      0.9480039537E-03
   3.180644588      0.9384885827E-03
   3.196719276      0.9291899156E-03
   3.212793963      0.9201533065E-03
   3.228868651      0.9114205008E-03
   3.244943339      0.9030293689E-03
   3.261018027      0.8950137150E-03
   3.277092714      0.8874031687E-03
   3.293167402      0.8802231632E-03
   3.309242090      0.8734950018E-03
   3.325316777      0.8672360112E-03
   3.341391465      0.8614597764E-03
   3.357466153      0.8561764495E-03
   3.373540841      0.8513931228E-03
   3.389615528      0.8471142500E-03
   3.405690216      0.8433421029E-03
   3.421764904      0.8400772441E-03
   3.437839591      0.8373189993E-03
   3.453914279      0.8350659104E-03
   3.469988967      0.8333161527E-03
   3.486063655      0.8320678998E-03
   3.502138342      0.8313196234E-03
   3.518213030      0.8310703151E-03
   3.534197200      0.8307506731E-03
   3.550181370      0.8298052427E-03
   3.566165539      0.8282743332E-03
   3.582149709      0.8262245110E-03
   3.598133879      0.8237475958E-03
   3.614118048      0.8209591012E-03
   3.630102218      0.8179959820E-03
   3.646086388      0.8150135381E-03
   3.662070558      0.8121813331E-03
   3.678054727      0.8096780247E-03
   3.694038897      0.8076850789E-03
   3.710023067      0.8063794477E-03
   3.726007236      0.8059254323E-03
   3.741991406      0.8064661073E-03
   3.757975576      0.8081148258E-03
   3.773959746      0.8109474294E-03
   3.789943915      0.8149958171E-03
   3.805928085      0.8202434636E-03
   3.821912255      0.8266233280E-03
   3.837896424      0.8340183655E-03
   3.853880594      0.8422646060E-03
   3.869864764      0.8511565305E-03
   3.885848934      0.8604542993E-03
   3.901833103      0.8698922952E-03
   3.917817273      0.8791884321E-03
   3.933801443      0.8880537322E-03
   3.949785613      0.8962017708E-03
   3.965769782      0.9033576936E-03
   3.981753952      0.9092666177E-03
   3.997738122      0.9137013078E-03
   4.013722291      0.9164690826E-03
   4.029706461      0.9174179414E-03
   4.045690631      0.9164690826E-03
   4.061674801      0.9137013078E-03
   4.077658970      0.9092666177E-03
   4.093643140      0.9033576936E-03
   4.109627310      0.8962017708E-03
   4.125611479      0.8880537322E-03
   4.141595649      0.8791884321E-03
   4.157579819      0.8698922952E-03
   4.173563989      0.8604542993E-03
   4.189548158      0.8511565305E-03
   4.205532328      0.8422646060E-03
   4.221516498      0.8340183655E-03
   4.237500668      0.8266233280E-03
   4.253484837      0.8202434636E-03
   4.269469007      0.8149958171E-03
   4.285453177      0.8109474294E-03
   4.301437346      0.8081148258E-03
   4.317421516      0.8064661073E-03
   4.333405686      0.8059254323E-03
   4.349389856      0.8063794477E-03
   4.365374025      0.8076850789E-03
   4.381358195      0.8096780247E-03
   4.397342365      0.8121813331E-03
   4.413326534      0.8150135381E-03
   4.429310704      0.8179959820E-03
   4.445294874      0.8209591012E-03
   4.461279044      0.8237475958E-03
   4.477263213      0.8262245110E-03
   4.493247383      0.8282743332E-03
   4.509231553      0.8298052427E-03
   4.525215722      0.8307506731E-03
   4.541199892      0.8310703151E-03
   4.557639914      0.8296073445E-03
   4.574079935      0.8252376568E-03
   4.590519957      0.8180187131E-03
   4.606959978      0.8080455738E-03
   4.623400000      0.7954498301E-03
   4.639840021      0.7803980941E-03
   4.656280043      0.7630900281E-03
   4.672720064      0.7437558878E-03
   4.689160086      0.7226535361E-03
   4.705600107      0.7000648709E-03
   4.722040129      0.6762915890E-03
   4.738480151      0.6516501877E-03
   4.754920172      0.6264660893E-03
   4.771360194      0.6010667672E-03
   4.787800215      0.5777530012E-03
   4.804240237      0.5653188606E-03
   4.820680258      0.5523180200E-03
   4.837120280      0.5387662779E-03
   4.853560301      0.5246748084E-03
   4.870000323      0.5100502189E-03
   4.886440344      0.4948948030E-03
   4.902880366      0.4792069797E-03
   4.919320387      0.4629819030E-03
   4.935760409      0.4462122201E-03
   4.952200430      0.4288889467E-03
   4.968640452      0.4110024279E-03
   4.985080473      0.3925433471E-03
   5.001520495      0.3735037457E-03
   5.017960517      0.3538780161E-03
   5.034400538      0.3336638354E-03
   5.050840560      0.3128630064E-03
   5.067280581      0.2914821828E-03
   5.083720603      0.2695334547E-03
   5.100160624      0.2470347813E-03
   5.116600646      0.2240102608E-03
   5.133040667      0.2004902318E-03
   5.149480689      0.1785868633E-03
   5.165920710      0.1555468513E-03
   5.182360732      0.1314246896E-03
   5.198800753      0.1063517415E-03
   5.215240775      0.8048591808E-04
   5.231680796      0.5400655315E-04
   5.248120818      0.2710914290E-04
   5.264560839     -0.4874794363E-10
   5.281046338      0.1710293184E-04
   5.297531837      0.3430846660E-04
   5.314017336      0.5171396775E-04
   5.330502835      0.6940672583E-04
   5.346988334      0.8745988214E-04
   5.363473833      0.1059293631E-03
   5.379959331      0.1248519586E-03
   5.396444830      0.1442445584E-03
   5.412930329      0.1641044553E-03
   5.429415828      0.1844105506E-03
   5.445901327      0.2051252502E-03
   5.462386826      0.2261968245E-03
   5.478872325      0.2475620130E-03
   5.495357823      0.2691486776E-03
   5.511843322      0.2908783486E-03
   5.528328821      0.3126685477E-03
   5.544814320      0.3344348182E-03
   5.561299819      0.3560924320E-03
   5.577785318      0.3775577763E-03
   5.594270817      0.3987494496E-03
   5.610756315      0.4195891075E-03
   5.627241814      0.4400021095E-03
   5.643727313      0.4599180153E-03
   5.660212812      0.4792709742E-03
   5.676698311      0.4980000424E-03
   5.693183810      0.5160494567E-03
   5.709669309      0.5333688808E-03
   5.726154807      0.5499136353E-03
   5.742640306      0.5656449148E-03
   5.759125805      0.5805299908E-03
   5.775611304      0.5945423958E-03
   5.792096803      0.6076620804E-03
   5.808582302      0.6198755343E-03
   5.825067801      0.6311758607E-03
   5.841553299      0.6415627926E-03
   5.858038798      0.6533359146E-03
   5.874524297      0.6714772924E-03
   5.891009796      0.6893742426E-03
   5.907495295      0.7070084375E-03
   5.923980794      0.7243624247E-03
   5.940466292      0.7414196254E-03
   5.956951791      0.7581643196E-03
   5.973437290      0.7745816203E-03
   5.989922789      0.7906574377E-03
   6.006408288      0.8063784351E-03
   6.022893787      0.8217319786E-03
   6.039379286      0.8367060819E-03
   6.055864784      0.8512893477E-03
   6.072350283      0.8654709086E-03
   6.088835782      0.8792403672E-03
   6.105321281      0.8925877386E-03
   6.121806780      0.9031061025E-03
   6.138292279      0.8914959268E-03
   6.154777778      0.8803915169E-03
   6.171263276      0.8700073172E-03
   6.187748775      0.8605297644E-03
   6.204234274      0.8521059188E-03
   6.220719773      0.8448337745E-03
   6.237205272      0.8387566887E-03
   6.253690771      0.8338637471E-03
   6.270176270      0.8300962573E-03
   6.286661768      0.8273586916E-03
   6.303147267      0.8255313233E-03
   6.319632766      0.8244819675E-03
   6.336118265      0.8240752666E-03
   6.352603764      0.8241791223E-03
   6.369089263      0.8246686625E-03
   6.385574762      0.8254284458E-03
   6.402060260      0.8263535876E-03
   6.418545759      0.8273503312E-03
   6.435031258      0.8283363966E-03
   6.451516757      0.8292412847E-03
   6.468002256      0.8300066063E-03
   6.484487755      0.8305864385E-03
   6.500973254      0.8309476737E-03
   6.517458752      0.8310703151E-03
     
   0.000000000      0.1104284254E-02
  0.1640615945E-01  0.1103987669E-02
  0.3281231890E-01  0.1103099680E-02
  0.4921847835E-01  0.1101625596E-02
  0.6562463780E-01  0.1099574289E-02
  0.8203079725E-01  0.1096958240E-02
  0.9843695670E-01  0.1093793576E-02
  0.1148431162      0.1090100133E-02
  0.1312492756      0.1085901506E-02
  0.1476554351      0.1081225093E-02
  0.1640615945      0.1076102128E-02
  0.1804677540      0.1070567680E-02
  0.1968739134      0.1064660627E-02
  0.2132800729      0.1058423575E-02
  0.2296862323      0.1051902726E-02
  0.2460923918      0.1045147669E-02
  0.2624985512      0.1038211108E-02
  0.2789047107      0.1031148484E-02
  0.2953108701      0.1024017515E-02
  0.3117170296      0.1016877621E-02
  0.3281231890      0.1009789260E-02
  0.3445293485      0.1002813142E-02
  0.3609355079      0.9960093573E-03
  0.3773416674      0.9894364117E-03
  0.3937478268      0.9831501862E-03
  0.4101539863      0.9772028507E-03
  0.4265601457      0.9716417532E-03
  0.4429663052      0.9665083183E-03
  0.4593724646      0.9618369923E-03
  0.4757786241      0.9576542744E-03
  0.4921847835      0.9539778709E-03
  0.5085909430      0.9508160119E-03
  0.5249971024      0.9481669599E-03
  0.5414032619      0.9460187378E-03
  0.5578094213      0.9443490904E-03
  0.5742155808      0.9431256866E-03
  0.5906217402      0.9423065568E-03
  0.6070278997      0.9418407521E-03
  0.6234340591      0.9416691993E-03
  0.6398402186      0.9417257230E-03
  0.6562463780      0.9419381982E-03
  0.6726525375      0.9422297943E-03
  0.6890586969      0.9425202740E-03
  0.7054648564      0.9427273088E-03
  0.7218710158      0.9427677790E-03
  0.7382771753      0.9425590293E-03
  0.7546833347      0.9420200554E-03
  0.7710894942      0.9410726049E-03
  0.7874956536      0.9396421769E-03
  0.8039018131      0.9376589127E-03
  0.8203079725      0.9350583719E-03
  0.8367141320      0.9317821911E-03
  0.8531202914      0.9277786270E-03
  0.8695264509      0.9230029858E-03
  0.8859326103      0.9174179414E-03
  0.9023387698      0.9293954435E-03
  0.9187449292      0.9412494739E-03
  0.9351510887      0.9528550121E-03
  0.9515572481      0.9640766202E-03
  0.9679634076      0.9747708104E-03
  0.9843695670      0.9847885839E-03
   1.000775726      0.9939780467E-03
   1.017181886      0.1002187023E-02
   1.033588045      0.1009265599E-02
   1.049994205      0.1015068540E-02
   1.066400364      0.1019457555E-02
   1.082806524      0.1022303352E-02
   1.099212683      0.1023487502E-02
   1.115618843      0.1022904065E-02
   1.132025002      0.1020461000E-02
   1.148431162      0.1016081339E-02
   1.164837321      0.1009704139E-02
   1.181243480      0.1001285207E-02
   1.197649640      0.9907976157E-03
   1.214055799      0.9782319981E-03
   1.230461959      0.9635966484E-03
   1.246868118      0.9469174187E-03
   1.263274278      0.9282374290E-03
   1.279680437      0.9076165925E-03
   1.296086597      0.8851309651E-03
   1.312492756      0.8608719245E-03
   1.328898916      0.8349451872E-03
   1.345305075      0.8074696669E-03
   1.361711234      0.7785761840E-03
   1.378117394      0.7484060294E-03
   1.394523553      0.7171093901E-03
   1.410929713      0.6848436417E-03
   1.427335872      0.6517715142E-03
   1.443742032      0.6180591354E-03
   1.460148191      0.5838739598E-03
   1.476554351      0.5493825892E-03
   1.492960510      0.5147484936E-03
   1.509366669      0.4801296433E-03
   1.525772829      0.4456760677E-03
   1.542178988      0.4115273616E-03
   1.558585148      0.3778101675E-03
   1.574991307      0.3446356745E-03
   1.591397467      0.3120971873E-03
   1.607803626      0.2802678370E-03
   1.624209786      0.2491985224E-03
   1.640615945      0.2189161952E-03
   1.657022105      0.1894226150E-03
   1.673428264      0.1606937159E-03
   1.689834423      0.1326797263E-03
   1.706240583      0.1053061691E-03
   1.722646742      0.7847583133E-04
   1.739052902      0.5207173794E-04
   1.755459061      0.2596108484E-04
   1.771865221     -0.4874794363E-10
   1.788365009      0.3529691598E-04
   1.804864797      0.7055922313E-04
   1.821364585      0.1057537496E-03
   1.837864373      0.1408500488E-03
   1.854364161      0.1758214004E-03
   1.870863949      0.2106454036E-03
   1.887363737      0.2453040693E-03
   1.903863525      0.2797833559E-03
   1.920363314      0.3140721291E-03
   1.936863102      0.3481605776E-03
   1.953362890      0.3820381561E-03
   1.969862678      0.4156911729E-03
   1.986362466      0.4491001742E-03
   2.002862254      0.4822373022E-03
   2.019362042      0.5150638192E-03
   2.035861830      0.5475279851E-03
   2.052361618      0.5795634654E-03
   2.068861406      0.6110884148E-03
   2.085361195      0.6420053479E-03
   2.101860983      0.6722018636E-03
   2.118360771      0.7015522468E-03
   2.134860559      0.7299199260E-03
   2.151360347      0.7571607295E-03
   2.167860135      0.7831268474E-03
   2.184359923      0.8076713826E-03
   2.200859711      0.8306533561E-03
   2.217359499      0.8519430151E-03
   2.233859287      0.8714272858E-03
   2.250359076      0.8890152054E-03
   2.266858864      0.9046431593E-03
   2.283358652      0.9182797437E-03
   2.299858440      0.9299300620E-03
   2.316358228      0.9396392507E-03
   2.332858016      0.9474950127E-03
   2.349357804      0.9536289180E-03
   2.365857592      0.9582162172E-03
   2.382357380      0.9614739026E-03
   2.398857168      0.9636567669E-03
   2.415356957      0.9650512472E-03
   2.431856745      0.9659669345E-03
   2.448356533      0.9667257689E-03
   2.464856321      0.9676491584E-03
   2.481356109      0.9690435187E-03
   2.497855897      0.9711850321E-03
   2.514355685      0.9743046886E-03
   2.530855473      0.9785748559E-03
   2.547355261      0.9906490987E-03
   2.563855049      0.1006438748E-02
   2.580354838      0.1020970248E-02
   2.596854626      0.1034231610E-02
   2.613354414      0.1046225795E-02
   2.629854202      0.1056969271E-02
   2.646353990      0.1066490122E-02
   2.662853778      0.1074825781E-02
   2.679353566      0.1082020451E-02
   2.695853354      0.1088122332E-02
   2.712353142      0.1093180745E-02
   2.728852930      0.1097243288E-02
   2.745352719      0.1100353138E-02
   2.761852507      0.1102546644E-02
   2.778352295      0.1103851306E-02
   2.794852083      0.1104284254E-02
   2.810926771      0.1104024081E-02
   2.827001458      0.1103247574E-02
   2.843076146      0.1101966719E-02
   2.859150834      0.1100201316E-02
   2.875225521      0.1097978705E-02
   2.891300209      0.1095333388E-02
   2.907374897      0.1092306547E-02
   2.923449585      0.1088945441E-02
   2.939524272      0.1085302710E-02
   2.955598960      0.1081435561E-02
   2.971673648      0.1077404865E-02
   2.987748335      0.1073274153E-02
   3.003823023      0.1069108534E-02
   3.019897711      0.1064973543E-02
   3.035972399      0.1060933936E-02
   3.052047086      0.1057052463E-02
   3.068121774      0.1053388633E-02
   3.084196462      0.1049997512E-02
   3.100271149      0.1046928576E-02
   3.116345837      0.1044224664E-02
   3.132420525      0.1041921058E-02
   3.148495213      0.1040044724E-02
   3.164569900      0.1038613735E-02
   3.180644588      0.1037636918E-02
   3.196719276      0.1037113713E-02
   3.212793963      0.1037034269E-02
   3.228868651      0.1037379772E-02
   3.244943339      0.1038122983E-02
   3.261018027      0.1039228981E-02
   3.277092714      0.1040656073E-02
   3.293167402      0.1042356846E-02
   3.309242090      0.1044279323E-02
   3.325316777      0.1046368195E-02
   3.341391465      0.1048566082E-02
   3.357466153      0.1050814804E-02
   3.373540841      0.1053056615E-02
   3.389615528      0.1055235404E-02
   3.405690216      0.1057297801E-02
   3.421764904      0.1059194211E-02
   3.437839591      0.1060879739E-02
   3.453914279      0.1062314998E-02
   3.469988967      0.1063466811E-02
   3.486063655      0.1064308776E-02
   3.502138342      0.1064821715E-02
   3.518213030      0.1064993995E-02
   3.534197200      0.1064701131E-02
   3.550181370      0.1063829314E-02
   3.566165539      0.1062398585E-02
   3.582149709      0.1060441396E-02
   3.598133879      0.1058001221E-02
   3.614118048      0.1055130676E-02
   3.630102218      0.1051889221E-02
   3.646086388      0.1048340525E-02
   3.662070558      0.1044549600E-02
   3.678054727      0.1040579835E-02
   3.694038897      0.1036490047E-02
   3.710023067      0.1032331702E-02
   3.726007236      0.1028146450E-02
   3.741991406      0.1023964078E-02
   3.757975576      0.1019801032E-02
   3.773959746      0.1015659548E-02
   3.789943915      0.1011527480E-02
   3.805928085      0.1007378804E-02
   3.821912255      0.1003174796E-02
   3.837896424      0.9988657956E-03
   3.853880594      0.9943934768E-03
   3.869864764      0.9896934898E-03
   3.885848934      0.9846983549E-03
   3.901833103      0.9793404635E-03
   3.917817273      0.9735550569E-03
   3.933801443      0.9672830620E-03
   3.949785613      0.9604736819E-03
   3.965769782      0.9530866576E-03
   3.981753952      0.9450941355E-03
   3.997738122      0.9364820991E-03
   4.013722291      0.9272513379E-03
   4.029706461      0.9174179414E-03
   4.045690631      0.9272513379E-03
   4.061674801      0.9364820991E-03
   4.077658970      0.9450941355E-03
   4.093643140      0.9530866576E-03
   4.109627310      0.9604736819E-03
   4.125611479      0.9672830620E-03
   4.141595649      0.9735550569E-03
   4.157579819      0.9793404635E-03
   4.173563989      0.9846983549E-03
   4.189548158      0.9896934898E-03
   4.205532328      0.9943934768E-03
   4.221516498      0.9988657956E-03
   4.237500668      0.1003174796E-02
   4.253484837      0.1007378804E-02
   4.269469007      0.1011527480E-02
   4.285453177      0.1015659548E-02
   4.301437346      0.1019801032E-02
   4.317421516      0.1023964078E-02
   4.333405686      0.1028146450E-02
   4.349389856      0.1032331702E-02
   4.365374025      0.1036490047E-02
   4.381358195      0.1040579835E-02
   4.397342365      0.1044549600E-02
   4.413326534      0.1048340525E-02
   4.429310704      0.1051889221E-02
   4.445294874      0.1055130676E-02
   4.461279044      0.1058001221E-02
   4.477263213      0.1060441396E-02
   4.493247383      0.1062398585E-02
   4.509231553      0.1063829314E-02
   4.525215722      0.1064701131E-02
   4.541199892      0.1064993995E-02
   4.557639914      0.1064196355E-02
   4.574079935      0.1061803878E-02
   4.590519957      0.1057817950E-02
   4.606959978      0.1052241084E-02
   4.623400000      0.1045077214E-02
   4.639840021      0.1036332087E-02
   4.656280043      0.1026013746E-02
   4.672720064      0.1014133075E-02
   4.689160086      0.1000704394E-02
   4.705600107      0.9857460654E-03
   4.722040129      0.9692811102E-03
   4.738480151      0.9513377828E-03
   4.754920172      0.9319500990E-03
   4.771360194      0.9111582851E-03
   4.787800215      0.8890091270E-03
   4.804240237      0.8655562019E-03
   4.820680258      0.8408599735E-03
   4.837120280      0.8149877383E-03
   4.853560301      0.7880134120E-03
   4.870000323      0.7600171500E-03
   4.886440344      0.7310847973E-03
   4.902880366      0.7013071698E-03
   4.919320387      0.6707791712E-03
   4.935760409      0.6395987531E-03
   4.952200430      0.6078657327E-03
   4.968640452      0.5756804824E-03
   4.985080473      0.5431425152E-03
   5.001520495      0.5103489894E-03
   5.017960517      0.4773931636E-03
   5.034400538      0.4443628384E-03
   5.050840560      0.4113388221E-03
   5.067280581      0.3783934671E-03
   5.083720603      0.3455893233E-03
   5.100160624      0.3129779603E-03
   5.116600646      0.2805990108E-03
   5.133040667      0.2484794860E-03
   5.149480689      0.2166334110E-03
   5.165920710      0.1850618217E-03
   5.182360732      0.1537531524E-03
   5.198800753      0.1226840318E-03
   5.215240775      0.9182048259E-04
   5.231680796      0.6111950669E-04
   5.248120818      0.3053100919E-04
   5.264560839     -0.4874794363E-10
   5.281046338      0.3030146633E-04
   5.297531837      0.6064703647E-04
   5.314017336      0.9107971365E-04
   5.330502835      0.1216402785E-03
   5.346988334      0.1523661276E-03
   5.363473833      0.1832900605E-03
   5.379959331      0.2144390148E-03
   5.396444830      0.2458327607E-03
   5.412930329      0.2774825815E-03
   5.429415828      0.3093899838E-03
   5.445901327      0.3415454944E-03
   5.462386826      0.3739276098E-03
   5.478872325      0.4065019713E-03
   5.495357823      0.4392208277E-03
   5.511843322      0.4720228409E-03
   5.528328821      0.5048332650E-03
   5.544814320      0.5375645077E-03
   5.561299819      0.5701170589E-03
   5.577785318      0.6023807486E-03
   5.594270817      0.6342362829E-03
   5.610756315      0.6655569957E-03
   5.627241814      0.6962107522E-03
   5.643727313      0.7260619444E-03
   5.660212812      0.7549735220E-03
   5.676698311      0.7828090150E-03
   5.693183810      0.8094345107E-03
   5.709669309      0.8347205575E-03
   5.726154807      0.8585439752E-03
   5.742640306      0.8807895596E-03
   5.759125805      0.9013516707E-03
   5.775611304      0.9201357016E-03
   5.792096803      0.9370594232E-03
   5.808582302      0.9520542058E-03
   5.825067801      0.9650661173E-03
   5.841553299      0.9760568979E-03
   5.858038798      0.9850048134E-03
   5.874524297      0.9919053885E-03
   5.891009796      0.9967720188E-03
   5.907495295      0.9996364641E-03
   5.923980794      0.1000549221E-02
   5.940466292      0.9995797719E-03
   5.956951791      0.9968167089E-03
   5.973437290      0.9923677202E-03
   5.989922789      0.9863594315E-03
   6.006408288      0.9789370790E-03
   6.022893787      0.9702639837E-03
   6.039379286      0.9605207787E-03
   6.055864784      0.9499043141E-03
   6.072350283      0.9386261286E-03
   6.088835782      0.9269103205E-03
   6.105321281      0.9149905844E-03
   6.121806780      0.9055033965E-03
   6.138292279      0.9179780231E-03
   6.154777778      0.9300025653E-03
   6.171263276      0.9415681974E-03
   6.187748775      0.9526662913E-03
   6.204234274      0.9632883942E-03
   6.220719773      0.9734262158E-03
   6.237205272      0.9830716223E-03
   6.253690771      0.9922166401E-03
   6.270176270      0.1000853467E-02
   6.286661768      0.1008974490E-02
   6.303147267      0.1016572313E-02
   6.319632766      0.1023639785E-02
   6.336118265      0.1030170039E-02
   6.352603764      0.1036156534E-02
   6.369089263      0.1041593092E-02
   6.385574762      0.1046473951E-02
   6.402060260      0.1050793803E-02
   6.418545759      0.1054547844E-02
   6.435031258      0.1057731811E-02
   6.451516757      0.1060342026E-02
   6.468002256      0.1062375427E-02
   6.484487755      0.1063829602E-02
   6.500973254      0.1064702809E-02
   6.517458752      0.1064993995E-02
     
