 -0.1214788429E-03   0.000000000    
 -0.1188063098E-03   0.000000000    
 -0.1161337768E-03   0.000000000    
 -0.1134612437E-03   0.000000000    
 -0.1107887107E-03   0.000000000    
 -0.1081161776E-03   0.000000000    
 -0.1054436446E-03   0.000000000    
 -0.1027711115E-03   0.000000000    
 -0.1000985785E-03   0.000000000    
 -0.9742604544E-04   0.000000000    
 -0.9475351239E-04   0.000000000    
 -0.9208097934E-04   0.000000000    
 -0.8940844629E-04   0.000000000    
 -0.8673591325E-04   0.000000000    
 -0.8406338020E-04   0.000000000    
 -0.8139084715E-04   0.000000000    
 -0.7871831410E-04   0.000000000    
 -0.7604578106E-04   0.000000000    
 -0.7337324801E-04   0.000000000    
 -0.7070071496E-04   0.000000000    
 -0.6802818191E-04   0.000000000    
 -0.6535564886E-04   0.000000000    
 -0.6268311582E-04   0.000000000    
 -0.6001058277E-04   0.000000000    
 -0.5733804972E-04   0.000000000    
 -0.5466551667E-04   0.000000000    
 -0.5199298362E-04   0.000000000    
 -0.4932045058E-04   0.000000000    
 -0.4664791753E-04   0.000000000    
 -0.4397538448E-04   0.000000000    
 -0.4130285143E-04   0.000000000    
 -0.3863031839E-04   0.000000000    
 -0.3595778534E-04   0.000000000    
 -0.3328525229E-04   0.000000000    
 -0.3061271924E-04   0.000000000    
 -0.2794018619E-04   0.000000000    
 -0.2526765315E-04   0.000000000    
 -0.2259512010E-04   0.000000000    
 -0.1992258705E-04   0.000000000    
 -0.1725005400E-04   0.000000000    
 -0.1457752095E-04   0.000000000    
 -0.1190498791E-04   0.000000000    
 -0.9232454859E-05   0.000000000    
 -0.6559921811E-05   0.000000000    
 -0.3887388763E-05  0.3741768510    
 -0.1214855715E-05  0.3741768510    
  0.1457677333E-05   1.122530553    
  0.4130210381E-05  0.7483537020    
  0.6802743429E-05   1.496707404    
  0.9475276476E-05  0.7483537020    
  0.1214780952E-04  0.7483537020    
  0.1482034257E-04  0.7483537020    
  0.1749287562E-04   1.496707404    
  0.2016540867E-04   3.741768510    
  0.2283794172E-04   7.483537020    
  0.2551047476E-04   12.72201293    
  0.2818300781E-04   14.21872034    
  0.3085554086E-04   14.21872034    
  0.3352807391E-04   11.97365923    
  0.3620060696E-04   10.22750059    
  0.3887314000E-04   10.97585430    
  0.4154567305E-04   14.71762281    
  0.4421820610E-04   23.19896476    
  0.4689073915E-04   26.94073327    
  0.4956327219E-04   31.43085548    
  0.5223580524E-04   30.68250178    
  0.5490833829E-04   32.42866042    
  0.5758087134E-04   22.70006229    
  0.6025340439E-04   30.18359931    
  0.6292593743E-04   30.68250178    
  0.6559847048E-04   44.15286842    
  0.6827100353E-04   47.14628322    
  0.7094353658E-04   53.88146654    
  0.7361606963E-04   49.39134433    
  0.7628860267E-04   49.89024680    
  0.7896113572E-04   44.65177088    
  0.8163366877E-04   56.62543012    
  0.8430620182E-04   56.87488135    
  0.8697873486E-04   65.85512577    
  0.8965126791E-04   71.84195539    
  0.9232380096E-04   77.82878500    
  0.9499633401E-04   86.06067573    
  0.9766886706E-04   74.08701649    
  0.1003414001E-03   68.84854058    
  0.1030139332E-03   73.33866279    
  0.1056864662E-03   86.06067573    
  0.1083589992E-03   99.53104236    
  0.1110315323E-03   90.05189547    
  0.1137040653E-03   105.7673232    
  0.1163765984E-03   109.2596405    
  0.1190491314E-03   116.4937263    
  0.1217216645E-03   102.2750059    
  0.1243941975E-03   98.78268866    
  0.1270667306E-03   115.2464701    
  0.1297392636E-03   127.2201293    
  0.1324117967E-03   142.9355571    
  0.1350843297E-03   145.9289719    
  0.1377568628E-03   143.6839108    
  0.1404293958E-03   143.6839108    
  0.1431019289E-03   135.4520201    
  0.1457744619E-03   148.1740330    
  0.1484469950E-03   146.6773256    
  0.1511195280E-03   161.6443996    
  0.1537920611E-03   170.6246440    
  0.1564645941E-03   174.8653150    
  0.1591371272E-03   183.0972057    
  0.1618096602E-03   189.8323891    
  0.1644821933E-03   190.8301940    
  0.1671547263E-03   184.8433644    
  0.1698272593E-03   175.8631200    
  0.1724997924E-03   195.5697674    
  0.1751723254E-03   215.7753174    
  0.1778448585E-03   242.7160507    
  0.1805173915E-03   243.9633068    
  0.1831899246E-03   223.0094032    
  0.1858624576E-03   217.7709273    
  0.1885349907E-03   214.0291588    
  0.1912075237E-03   246.2083679    
  0.1938800568E-03   256.6853198    
  0.1965525898E-03   276.6414185    
  0.1992251229E-03   265.4161130    
  0.2018976559E-03   276.6414185    
  0.2045701890E-03   266.4139179    
  0.2072427220E-03   285.8711142    
  0.2099152551E-03   275.3941623    
  0.2125877881E-03   292.6062975    
  0.2152603212E-03   311.3151400    
  0.2179328542E-03   326.2822141    
  0.2206053873E-03   353.2229473    
  0.2232779203E-03   326.2822141    
  0.2259504534E-03   336.0108122    
  0.2286229864E-03   321.0437381    
  0.2312955195E-03   358.4614232    
  0.2339680525E-03   373.1790460    
  0.2366405855E-03   391.3889861    
  0.2393131186E-03   391.3889861    
  0.2419856516E-03   372.9295948    
  0.2446581847E-03   370.4350825    
  0.2473307177E-03   400.3692306    
  0.2500032508E-03   421.3231342    
  0.2526757838E-03   444.5220990    
  0.2553483169E-03   425.0649027    
  0.2580208499E-03   431.0517323    
  0.2606933830E-03   472.2111859    
  0.2633659160E-03   475.9529544    
  0.2660384491E-03   483.4364915    
  0.2687109821E-03   470.7144785    
  0.2713835152E-03   484.1848452    
  0.2740560482E-03   489.1738699    
  0.2767285813E-03   526.5915549    
  0.2794011143E-03   553.5322882    
  0.2820736474E-03   580.7224727    
  0.2847461804E-03   534.3245432    
  0.2874187135E-03   537.3179580    
  0.2900912465E-03   569.4971672    
  0.2927637796E-03   594.1928394    
  0.2954363126E-03   623.3786337    
  0.2981088456E-03   629.3654634    
  0.3007813787E-03   639.8424152    
  0.3034539117E-03   625.1247924    
  0.3061264448E-03   649.8204645    
  0.3087989778E-03   693.9733330    
  0.3114715109E-03   715.4261391    
  0.3141440439E-03   711.4349193    
  0.3168165770E-03   697.9645527    
  0.3194891100E-03   721.9118712    
  0.3221616431E-03   731.8899205    
  0.3248341761E-03   763.3207760    
  0.3275067092E-03   795.4999852    
  0.3301792422E-03   815.7055351    
  0.3328517753E-03   838.1561462    
  0.3355243083E-03   838.9044999    
  0.3381968414E-03   860.6067573    
  0.3408693744E-03   830.6726092    
  0.3435419075E-03   865.8452332    
  0.3462144405E-03   914.4882238    
  0.3488869736E-03   956.3960311    
  0.3515595066E-03   957.8927385    
  0.3542320397E-03   956.1465799    
  0.3569045727E-03   987.5774354    
  0.3595771057E-03   999.5510946    
  0.3622496388E-03   988.5752403    
  0.3649221718E-03   1043.205061    
  0.3675947049E-03   1079.126038    
  0.3702672379E-03   1116.543723    
  0.3729397710E-03   1114.548113    
  0.3756123040E-03   1107.812930    
  0.3782848371E-03   1142.237200    
  0.3809573701E-03   1118.040431    
  0.3836299032E-03   1194.372508    
  0.3863024362E-03   1209.339582    
  0.3889749693E-03   1232.538547    
  0.3916475023E-03   1233.286901    
  0.3943200354E-03   1234.035255    
  0.3969925684E-03   1309.369527    
  0.3996651015E-03   1315.356357    
  0.4023376345E-03   1347.535566    
  0.4050101676E-03   1304.380503    
  0.4076827006E-03   1351.526786    
  0.4103552337E-03   1395.679654    
  0.4130277667E-03   1454.051243    
  0.4157002998E-03   1426.362156    
  0.4183728328E-03   1428.607217    
  0.4210453658E-03   1438.335815    
  0.4237178989E-03   1503.442587    
  0.4263904319E-03   1528.138259    
  0.4290629650E-03   1521.403076    
  0.4317354980E-03   1561.814176    
  0.4344080311E-03   1560.317469    
  0.4370805641E-03   1603.472532    
  0.4397530972E-03   1582.518628    
  0.4424256302E-03   1626.671497    
  0.4450981633E-03   1655.358389    
  0.4477706963E-03   1701.257416    
  0.4504432294E-03   1675.065036    
  0.4531157624E-03   1724.456381    
  0.4557882955E-03   1736.928942    
  0.4584608285E-03   1812.512666    
  0.4611333616E-03   1811.015959    
  0.4638058946E-03   1745.909187    
  0.4664784277E-03   1793.803824    
  0.4691509607E-03   1858.162242    
  0.4718234938E-03   1937.487734    
  0.4744960268E-03   1925.514075    
  0.4771685599E-03   1886.599683    
  0.4798410929E-03   1934.244868    
  0.4825136260E-03   1980.642798    
  0.4851861590E-03   1995.609872    
  0.4878586920E-03   2022.051703    
  0.4905312251E-03   2025.793471    
  0.4932037581E-03   2079.674938    
  0.4958762912E-03   2085.661767    
  0.4985488242E-03   2115.595915    
  0.5012213573E-03   2156.007015    
  0.5038938903E-03   2158.252076    
  0.5065664234E-03   2197.166469    
  0.5092389564E-03   2145.530064    
  0.5119114895E-03   2253.292997    
  0.5145840225E-03   2267.511717    
  0.5172565556E-03   2349.082270    
  0.5199290886E-03   2345.340502    
  0.5226016217E-03   2309.419524    
  0.5252741547E-03   2373.777943    
  0.5279466878E-03   2404.460444    
  0.5306192208E-03   2468.818863    
  0.5332917539E-03   2474.805692    
  0.5359642869E-03   2484.534291    
  0.5386368200E-03   2551.137770    
  0.5413093530E-03   2566.853198    
  0.5439818861E-03   2596.038992    
  0.5466544191E-03   2594.542285    
  0.5493269521E-03   2661.894118    
  0.5519994852E-03   2696.318388    
  0.5546720182E-03   2775.643881    
  0.5573445513E-03   2786.869186    
  0.5600170843E-03   2840.002299    
  0.5626896174E-03   2843.744067    
  0.5653621504E-03   2904.111266    
  0.5680346835E-03   2855.468275    
  0.5707072165E-03   3000.648894    
  0.5733797496E-03   2967.970782    
  0.5760522826E-03   3153.562500    
  0.5787248157E-03   3060.766641    
  0.5813973487E-03   3201.457137    
  0.5840698818E-03   3158.052622    
  0.5867424148E-03   3260.577079    
  0.5894149479E-03   3255.338604    
  0.5920874809E-03   3378.068611    
  0.5947600140E-03   3402.015929    
  0.5974325470E-03   3525.743741    
  0.6001050801E-03   3533.227278    
  0.6027776131E-03   3596.088989    
  0.6054501462E-03   3605.568136    
  0.6081226792E-03   3741.519059    
  0.6107952122E-03   3805.877477    
  0.6134677453E-03   3951.058095    
  0.6161402783E-03   4008.930781    
  0.6188128114E-03   4080.772737    
  0.6214853444E-03   4142.137740    
  0.6241578775E-03   4240.920429    
  0.6268304105E-03   4367.392205    
  0.6295029436E-03   4511.076115    
  0.6321754766E-03   4618.839049    
  0.6348480097E-03   4802.934059    
  0.6375205427E-03   4884.504613    
  0.6401930758E-03   5103.023894    
  0.6428656088E-03   5314.807991    
  0.6455381419E-03   5633.606668    
  0.6482106749E-03   5862.353450    
  0.6508832080E-03   6250.749021    
  0.6535557410E-03   7040.262177    
  0.6562282741E-03   7678.857336    
  0.6589008071E-03   8091.200226    
  0.6615733402E-03   8005.139550    
  0.6642458732E-03   7987.927415    
  0.6669184063E-03   8132.359679    
  0.6695909393E-03   8211.934623    
  0.6722634723E-03   8393.784572    
  0.6749360054E-03   8192.477427    
  0.6776085384E-03   7958.741620    
  0.6802810715E-03   7821.044539    
  0.6829536045E-03   7797.097221    
  0.6856261376E-03   7836.011613    
  0.6882986706E-03   7692.701879    
  0.6909712037E-03   7375.524635    
  0.6936437367E-03   6913.790401    
  0.6963162698E-03   6383.581803    
  0.6989888028E-03   5971.862542    
  0.7016613359E-03   5889.543634    
  0.7043338689E-03   5750.724023    
  0.7070064020E-03   5606.665935    
  0.7096789350E-03   5374.676288    
  0.7123514681E-03   5250.823750    
  0.7150240011E-03   5266.165001    
  0.7176965342E-03   5244.462743    
  0.7203690672E-03   5121.233834    
  0.7230416003E-03   5029.435780    
  0.7257141333E-03   4860.557294    
  0.7283866664E-03   4766.140002    
  0.7310591994E-03   4671.223808    
  0.7337317325E-03   4620.585207    
  0.7364042655E-03   4603.248346    
  0.7390767985E-03   4627.070939    
  0.7417493316E-03   4606.366487    
  0.7444218646E-03   4547.994898    
  0.7470943977E-03   4503.093676    
  0.7497669307E-03   4495.610139    
  0.7524394638E-03   4623.079720    
  0.7551119968E-03   4678.208442    
  0.7577845299E-03   4693.175516    
  0.7604570629E-03   4656.630910    
  0.7631295960E-03   4625.075329    
  0.7658021290E-03   4633.806123    
  0.7684746621E-03   4587.782370    
  0.7711471951E-03   4594.642279    
  0.7738197282E-03   4489.373858    
  0.7764922612E-03   4508.082701    
  0.7791647943E-03   4449.461661    
  0.7818373273E-03   4456.196844    
  0.7845098604E-03   4465.177088    
  0.7871823934E-03   4509.579408    
  0.7898549265E-03   4484.883736    
  0.7925274595E-03   4442.227575    
  0.7951999926E-03   4477.400199    
  0.7978725256E-03   4592.896120    
  0.8005450586E-03   4588.530724    
  0.8032175917E-03   4568.948802    
  0.8058901247E-03   4682.449113    
  0.8085626578E-03   4745.186099    
  0.8112351908E-03   4796.198876    
  0.8139077239E-03   4737.328385    
  0.8165802569E-03   4794.951620    
  0.8192527900E-03   4685.941430    
  0.8219253230E-03   4607.114841    
  0.8245978561E-03   4610.108255    
  0.8272703891E-03   4645.031428    
  0.8299429222E-03   4631.311610    
  0.8326154552E-03   4357.414155    
  0.8352879883E-03   4191.279633    
  0.8379605213E-03   4018.659380    
  0.8406330544E-03   4043.604503    
  0.8433055874E-03   4010.676940    
  0.8459781205E-03   3939.583338    
  0.8486506535E-03   3767.212536    
  0.8513231866E-03   3622.031918    
  0.8539957196E-03   3632.758321    
  0.8566682527E-03   3698.363995    
  0.8593407857E-03   3630.513259    
  0.8620133187E-03   3519.507460    
  0.8646858518E-03   3358.361963    
  0.8673583848E-03   3443.424834    
  0.8700309179E-03   3480.094165    
  0.8727034509E-03   3397.525807    
  0.8753759840E-03   3283.776044    
  0.8780485170E-03   3116.893169    
  0.8807210501E-03   3260.327628    
  0.8833935831E-03   3221.787413    
  0.8860661162E-03   3240.496255    
  0.8887386492E-03   3062.138623    
  0.8914111823E-03   3093.195301    
  0.8940837153E-03   3074.486459    
  0.8967562484E-03   3132.858048    
  0.8994287814E-03   3095.190911    
  0.9021013145E-03   2953.752062    
  0.9047738475E-03   2951.257549    
  0.9074463806E-03   2977.699380    
  0.9101189136E-03   3037.068774    
  0.9127914467E-03   2902.365107    
  0.9154639797E-03   2868.689191    
  0.9181365128E-03   2917.082730    
  0.9208090458E-03   2963.854837    
  0.9234815789E-03   2933.920689    
  0.9261541119E-03   2989.049411    
  0.9288266449E-03   3014.493437    
  0.9314991780E-03   3015.241791    
  0.9341717110E-03   3093.070576    
  0.9368442441E-03   3167.656495    
  0.9395167771E-03   3239.248999    
  0.9421893102E-03   3185.991160    
  0.9448618432E-03   3403.762088    
  0.9475343763E-03   3480.343617    
  0.9502069093E-03   3615.795637    
  0.9528794424E-03   3600.703837    
  0.9555519754E-03   3920.999221    
  0.9582245085E-03   3953.677333    
  0.9608970415E-03   4210.362653    
  0.9635695746E-03   4268.235339    
  0.9662421076E-03   4663.241368    
  0.9689146407E-03   4794.327992    
  0.9715871737E-03   4933.646506    
  0.9742597068E-03   5137.572890    
  0.9769322398E-03   5388.895008    
  0.9796047729E-03   5715.177222    
  0.9822773059E-03   5993.938976    
  0.9849498390E-03   6335.437715    
  0.9876223720E-03   6834.839086    
  0.9902949050E-03   7385.627410    
  0.9929674381E-03   8308.098074    
  0.9956399711E-03   8876.722161    
  0.9983125042E-03   9378.119142    
  0.1000985037E-02   9482.888660    
  0.1003657570E-02   9817.028588    
  0.1006330103E-02   10212.53352    
  0.1009002636E-02   10434.79457    
  0.1011675169E-02   10438.16216    
  0.1014347702E-02   10057.25013    
  0.1017020236E-02   9732.215168    
  0.1019692769E-02   9356.666336    
  0.1022365302E-02   9114.948090    
  0.1025037835E-02   8779.436180    
  0.1027710368E-02   8560.043820    
  0.1030382901E-02   8375.574632    
  0.1033055434E-02   8349.881155    
  0.1035727967E-02   8185.118615    
  0.1038400500E-02   7596.912605    
  0.1041073033E-02   6648.499014    
  0.1043745566E-02   5612.029137    
  0.1046418099E-02   4892.861229    
  0.1049090632E-02   4363.650436    
  0.1051763165E-02   3916.883276    
  0.1054435698E-02   3532.977827    
  0.1057108231E-02   3120.260760    
  0.1059780764E-02   2688.834851    
  0.1062453297E-02   2050.863320    
  0.1065125830E-02   1493.713989    
  0.1067798363E-02   1063.909513    
  0.1070470896E-02   929.5800235    
  0.1073143430E-02   836.7841644    
  0.1075815963E-02   805.2285833    
  0.1078488496E-02   739.3734575    
  0.1081161029E-02   691.8529975    
  0.1083833562E-02   630.1138171    
  0.1086506095E-02   584.4642412    
  0.1089178628E-02   533.3267383    
  0.1091851161E-02   465.9749051    
  0.1094523694E-02   404.6099015    
  0.1097196227E-02   335.2624585    
  0.1099868760E-02   260.1776370    
  0.1102541293E-02   147.5504049    
  0.1105213826E-02   58.49631437    
  0.1107886359E-02   3.367591659    
  0.1110558892E-02   0.000000000    
  0.1113231425E-02   0.000000000    
  0.1115903958E-02   0.000000000    
  0.1118576491E-02   0.000000000    
  0.1121249024E-02   0.000000000    
  0.1123921557E-02   0.000000000    
  0.1126594090E-02   0.000000000    
  0.1129266624E-02   0.000000000    
  0.1131939157E-02   0.000000000    
  0.1134611690E-02   0.000000000    
  0.1137284223E-02   0.000000000    
  0.1139956756E-02   0.000000000    
  0.1142629289E-02   0.000000000    
  0.1145301822E-02   0.000000000    
  0.1147974355E-02   0.000000000    
  0.1150646888E-02   0.000000000    
  0.1153319421E-02   0.000000000    
  0.1155991954E-02   0.000000000    
  0.1158664487E-02   0.000000000    
  0.1161337020E-02   0.000000000    
  0.1164009553E-02   0.000000000    
  0.1166682086E-02   0.000000000    
  0.1169354619E-02   0.000000000    
  0.1172027152E-02   0.000000000    
  0.1174699685E-02   0.000000000    
  0.1177372218E-02   0.000000000    
  0.1180044751E-02   0.000000000    
  0.1182717284E-02   0.000000000    
  0.1185389818E-02   0.000000000    
  0.1188062351E-02   0.000000000    
  0.1190734884E-02   0.000000000    
  0.1193407417E-02   0.000000000    
  0.1196079950E-02   0.000000000    
  0.1198752483E-02   0.000000000    
  0.1201425016E-02   0.000000000    
  0.1204097549E-02   0.000000000    
  0.1206770082E-02   0.000000000    
  0.1209442615E-02   0.000000000    
  0.1212115148E-02   0.000000000    
