   0.000000000      0.1054834577E-04
  0.1640615945E-01  0.1054426906E-04
  0.3281231890E-01  0.1053224948E-04
  0.4921847835E-01  0.1051291115E-04
  0.6562463780E-01  0.1048726943E-04
  0.8203079725E-01  0.1045669506E-04
  0.9843695670E-01  0.1042286651E-04
  0.1148431162      0.1038771301E-04
  0.1312492756      0.1035335081E-04
  0.1476554351      0.1032201555E-04
  0.1640615945      0.1029599337E-04
  0.1804677540      0.1027755320E-04
  0.1968739134      0.1026888230E-04
  0.2132800729      0.1027202659E-04
  0.2296862323      0.1028883686E-04
  0.2460923918      0.1032092148E-04
  0.2624985512      0.1036960608E-04
  0.2789047107      0.1043589994E-04
  0.2953108701      0.1052046948E-04
  0.3117170296      0.1062361856E-04
  0.3281231890      0.1074527583E-04
  0.3445293485      0.1088498952E-04
  0.3609355079      0.1104193002E-04
  0.3773416674      0.1121490100E-04
  0.3937478268      0.1140235969E-04
  0.4101539863      0.1160244679E-04
  0.4265601457      0.1181302643E-04
  0.4429663052      0.1203173592E-04
  0.4593724646      0.1225604474E-04
  0.4757786241      0.1235715223E-04
  0.4921847835      0.1232117761E-04
  0.5085909430      0.1230211703E-04
  0.5249971024      0.1230319825E-04
  0.5414032619      0.1232707044E-04
  0.5578094213      0.1237573160E-04
  0.5742155808      0.1245046998E-04
  0.5906217402      0.1255181836E-04
  0.6070278997      0.1267952119E-04
  0.6234340591      0.1283251463E-04
  0.6398402186      0.1300892134E-04
  0.6562463780      0.1320606214E-04
  0.6726525375      0.1342048754E-04
  0.6890586969      0.1364803207E-04
  0.7054648564      0.1388389412E-04
  0.7218710158      0.1412274272E-04
  0.7382771753      0.1435885137E-04
  0.7546833347      0.1458625685E-04
  0.7710894942      0.1479893888E-04
  0.7874956536      0.1499101419E-04
  0.8039018131      0.1515693680E-04
  0.8203079725      0.1529169463E-04
  0.8367141320      0.1534477832E-04
  0.8531202914      0.1538531932E-04
  0.8695264509      0.1541996037E-04
  0.8859326103      0.1544698628E-04
  0.9023387698      0.1538058083E-04
  0.9187449292      0.1527217934E-04
  0.9351510887      0.1512369552E-04
  0.9515572481      0.1493797262E-04
  0.9679634076      0.1471863602E-04
  0.9843695670      0.1446991558E-04
   1.000775726      0.1419644783E-04
   1.017181886      0.1390306852E-04
   1.033588045      0.1359460603E-04
   1.049994205      0.1327568534E-04
   1.066400364      0.1295055054E-04
   1.082806524      0.1262291236E-04
   1.099212683      0.1229582502E-04
   1.115618843      0.1197159525E-04
   1.132025002      0.1165172428E-04
   1.148431162      0.1133688276E-04
   1.164837321      0.1102691786E-04
   1.181243480      0.1072089095E-04
   1.197649640      0.1041714488E-04
   1.214055799      0.9777600309E-05
   1.230461959      0.9099967529E-05
   1.246868118      0.8410024987E-05
   1.263274278      0.7715588455E-05
   1.279680437      0.7024540575E-05
   1.296086597      0.6344592768E-05
   1.312492756      0.5683056486E-05
   1.328898916      0.5046634419E-05
   1.345305075      0.4441241004E-05
   1.361711234      0.3871859762E-05
   1.378117394      0.3342442719E-05
   1.394523553      0.2855854678E-05
   1.410929713      0.2413862481E-05
   1.427335872      0.2017166951E-05
   1.443742032      0.1665472985E-05
   1.460148191      0.1357591512E-05
   1.476554351      0.1091565743E-05
   1.492960510      0.8648135035E-06
   1.509366669      0.6742772993E-06
   1.525772829      0.5165742427E-06
   1.542178988      0.3881388419E-06
   1.558585148      0.2853529263E-06
   1.574991307      0.2046584482E-06
   1.591397467      0.1426504762E-06
   1.607803626      0.9614923659E-07
   1.624209786      0.6225146469E-07
   1.640615945      0.3836252037E-07
   1.657022105      0.2221164456E-07
   1.673428264      0.1185336640E-07
   1.689834423      0.5658417901E-08
   1.706240583      0.2297598172E-08
   1.722646742      0.7218952595E-09
   1.739052902      0.1418656213E-09
   1.755459061      0.8838830962E-11
   1.771865221      0.3660200637E-35
   1.788365009      0.8932626533E-10
   1.804864797      0.1415136414E-08
   1.821364585      0.7047244014E-08
   1.837864373      0.2176823466E-07
   1.854364161      0.5161263052E-07
   1.870863949      0.1032958840E-06
   1.887363737      0.1835954396E-06
   1.903863525      0.2987489043E-06
   1.920363314      0.4539291341E-06
   1.936863102      0.6528438813E-06
   1.953362890      0.8974905434E-06
   1.969862678      0.1188077092E-05
   1.986362466      0.1523101129E-05
   2.002862254      0.1899562630E-05
   2.019362042      0.2313274129E-05
   2.035861830      0.2759225805E-05
   2.052361618      0.3231962306E-05
   2.068861406      0.3725932535E-05
   2.085361195      0.4235781728E-05
   2.101860983      0.4756565504E-05
   2.118360771      0.5283876579E-05
   2.134860559      0.5813885136E-05
   2.151360347      0.6343302461E-05
   2.167860135      0.6869283813E-05
   2.184359923      0.7389290391E-05
   2.200859711      0.7900931827E-05
   2.217359499      0.8401810253E-05
   2.233859287      0.8889384889E-05
   2.250359076      0.9360872867E-05
   2.266858864      0.9813197806E-05
   2.283358652      0.1024299286E-04
   2.299858440      0.1064665981E-04
   2.316358228      0.1102048051E-04
   2.332858016      0.1136077214E-04
   2.349357804      0.1166407323E-04
   2.365857592      0.1192734441E-04
   2.382357380      0.1214816579E-04
   2.398857168      0.1232491308E-04
   2.415356957      0.1245689589E-04
   2.431856745      0.1254444546E-04
   2.448356533      0.1258894344E-04
   2.464856321      0.1259278914E-04
   2.481356109      0.1255930810E-04
   2.497855897      0.1249261027E-04
   2.514355685      0.1239740994E-04
   2.530855473      0.1227882220E-04
   2.547355261      0.1214215190E-04
   2.563855049      0.1199268984E-04
   2.580354838      0.1183552954E-04
   2.596854626      0.1167541420E-04
   2.613354414      0.1151662052E-04
   2.629854202      0.1136288209E-04
   2.646353990      0.1121735185E-04
   2.662853778      0.1108260049E-04
   2.679353566      0.1096064543E-04
   2.695853354      0.1085300388E-04
   2.712353142      0.1076076258E-04
   2.728852930      0.1068465674E-04
   2.745352719      0.1062515100E-04
   2.761852507      0.1058251570E-04
   2.778352295      0.1055689268E-04
   2.794852083      0.1054834577E-04
   2.810926771      0.1053722989E-04
   2.827001458      0.1050420196E-04
   2.843076146      0.1045021086E-04
   2.859150834      0.1037680425E-04
   2.875225521      0.1028607971E-04
   2.891300209      0.1018062002E-04
   2.907374897      0.1006341580E-04
   2.923449585      0.9937779442E-05
   2.939524272      0.9807254234E-05
   2.955598960      0.9675522938E-05
   2.971673648      0.9546319337E-05
   2.987748335      0.9423346015E-05
   3.003823023      0.9310200733E-05
   3.019897711      0.9210312918E-05
   3.035972399      0.9126890847E-05
   3.052047086      0.9062879185E-05
   3.068121774      0.9020925735E-05
   3.084196462      0.9003355626E-05
   3.100271149      0.9012150729E-05
   3.116345837      0.9048931959E-05
   3.132420525      0.9114942219E-05
   3.148495213      0.9211028107E-05
   3.164569900      0.9337619132E-05
   3.180644588      0.9494703930E-05
   3.196719276      0.9681803855E-05
   3.212793963      0.9897945252E-05
   3.228868651      0.1014163252E-04
   3.244943339      0.1041082482E-04
   3.261018027      0.1070291978E-04
   3.277092714      0.1101474774E-04
   3.293167402      0.1134258013E-04
   3.309242090      0.1168215497E-04
   3.325316777      0.1202872212E-04
   3.341391465      0.1237710957E-04
   3.357466153      0.1272181122E-04
   3.373540841      0.1305709509E-04
   3.389615528      0.1337712963E-04
   3.405690216      0.1367612453E-04
   3.421764904      0.1394848116E-04
   3.437839591      0.1356105511E-04
   3.453914279      0.1319186101E-04
   3.469988967      0.1290028453E-04
   3.486063655      0.1268972879E-04
   3.502138342      0.1256250599E-04
   3.518213030      0.1251995279E-04
   3.534197200      0.1254047020E-04
   3.550181370      0.1260128515E-04
   3.566165539      0.1270021334E-04
   3.582149709      0.1283370691E-04
   3.598133879      0.1299699598E-04
   3.614118048      0.1318429001E-04
   3.630102218      0.1338903773E-04
   3.646086388      0.1360423938E-04
   3.662070558      0.1382279828E-04
   3.678054727      0.1403789158E-04
   3.694038897      0.1424333450E-04
   3.710023067      0.1443390871E-04
   3.726007236      0.1460562622E-04
   3.741991406      0.1475590390E-04
   3.757975576      0.1488363199E-04
   3.773959746      0.1498912954E-04
   3.789943915      0.1488650472E-04
   3.805928085      0.1452024652E-04
   3.821912255      0.1425889212E-04
   3.837896424      0.1409542607E-04
   3.853880594      0.1402087280E-04
   3.869864764      0.1402458528E-04
   3.885848934      0.1409450734E-04
   3.901833103      0.1421744360E-04
   3.917817273      0.1437936814E-04
   3.933801443      0.1456579301E-04
   3.949785613      0.1476220272E-04
   3.965769782      0.1495454444E-04
   3.981753952      0.1512974832E-04
   3.997738122      0.1527624132E-04
   4.013722291      0.1538441217E-04
   4.029706461      0.1544698628E-04
   4.045690631      0.1538441217E-04
   4.061674801      0.1527624132E-04
   4.077658970      0.1512974832E-04
   4.093643140      0.1495454444E-04
   4.109627310      0.1476220272E-04
   4.125611479      0.1456579301E-04
   4.141595649      0.1437936814E-04
   4.157579819      0.1421744360E-04
   4.173563989      0.1409450734E-04
   4.189548158      0.1402458528E-04
   4.205532328      0.1402087280E-04
   4.221516498      0.1409542607E-04
   4.237500668      0.1425889212E-04
   4.253484837      0.1452024652E-04
   4.269469007      0.1488650472E-04
   4.285453177      0.1498912954E-04
   4.301437346      0.1488363199E-04
   4.317421516      0.1475590390E-04
   4.333405686      0.1460562622E-04
   4.349389856      0.1443390871E-04
   4.365374025      0.1424333450E-04
   4.381358195      0.1403789158E-04
   4.397342365      0.1382279828E-04
   4.413326534      0.1360423938E-04
   4.429310704      0.1338903773E-04
   4.445294874      0.1318429001E-04
   4.461279044      0.1299699598E-04
   4.477263213      0.1283370691E-04
   4.493247383      0.1270021334E-04
   4.509231553      0.1260128515E-04
   4.525215722      0.1254047020E-04
   4.541199892      0.1251995279E-04
   4.557639914      0.1246695510E-04
   4.574079935      0.1230996500E-04
   4.590519957      0.1205485143E-04
   4.606959978      0.1171094311E-04
   4.623400000      0.1129039646E-04
   4.639840021      0.1080739847E-04
   4.656280043      0.1027727909E-04
   4.672720064      0.9715611473E-05
   4.689160086      0.9137373629E-05
   4.705600107      0.8556232231E-05
   4.722040129      0.7983990861E-05
   4.738480151      0.7430224101E-05
   4.754920172      0.6902098424E-05
   4.771360194      0.6404363683E-05
   4.787800215      0.5939486916E-05
   4.804240237      0.5507894145E-05
   4.820680258      0.5108285499E-05
   4.837120280      0.4737993175E-05
   4.853560301      0.4393358514E-05
   4.870000323      0.4070111711E-05
   4.886440344      0.3763743571E-05
   4.902880366      0.3469861771E-05
   4.919320387      0.3184524093E-05
   4.935760409      0.2904538254E-05
   4.952200430      0.2627713723E-05
   4.968640452      0.2353046931E-05
   4.985080473      0.2080819449E-05
   5.001520495      0.1812590507E-05
   5.017960517      0.1551071619E-05
   5.034400538      0.1299881714E-05
   5.050840560      0.1063195205E-05
   5.067280581      0.8453105848E-06
   5.083720603      0.6501811297E-06
   5.100160624      0.4809592438E-06
   5.116600646      0.3396098588E-06
   5.133040667      0.2266445319E-06
   5.149480689      0.1410163558E-06
   5.165920710      0.8019748571E-07
   5.182360732      0.4043830627E-07
   5.198800753      0.1718311419E-07
   5.215240775      0.5595247892E-08
   5.231680796      0.1128232826E-08
   5.248120818      0.7139362773E-10
   5.264560839      0.3660200637E-35
   5.281046338      0.1157181683E-10
   5.297531837      0.1859975642E-09
   5.314017336      0.9486846086E-09
   5.330502835      0.3029022438E-08
   5.346988334      0.7489035783E-08
   5.363473833      0.1575965431E-07
   5.379959331      0.2968073469E-07
   5.396444830      0.5153989973E-07
   5.412930329      0.8410430656E-07
   5.429415828      0.1306387300E-06
   5.445901327      0.1949029760E-06
   5.462386826      0.2811217578E-06
   5.478872325      0.3939208904E-06
   5.495357823      0.5382250678E-06
   5.511843322      0.7191146082E-06
   5.528328821      0.9416413240E-06
   5.544814320      0.1210606980E-05
   5.561299819      0.1530311407E-05
   5.577785318      0.1904281000E-05
   5.594270817      0.2334991631E-05
   5.610756315      0.2823602735E-05
   5.627241814      0.3369720992E-05
   5.643727313      0.3971212468E-05
   5.660212812      0.4594868291E-05
   5.676698311      0.5153141893E-05
   5.693183810      0.5732080910E-05
   5.709669309      0.6327286738E-05
   5.726154807      0.6934094126E-05
   5.742640306      0.7547661040E-05
   5.759125805      0.8163058282E-05
   5.775611304      0.8775353257E-05
   5.792096803      0.9379674969E-05
   5.808582302      0.9971211304E-05
   5.825067801      0.1054480672E-04
   5.841553299      0.1108660120E-04
   5.858038798      0.1135240616E-04
   5.874524297      0.1149071808E-04
   5.891009796      0.1161832377E-04
   5.907495295      0.1174174170E-04
   5.923980794      0.1186477707E-04
   5.940466292      0.1199032710E-04
   5.956951791      0.1212054732E-04
   5.973437290      0.1225687944E-04
   5.989922789      0.1240007008E-04
   6.006408288      0.1255020191E-04
   6.022893787      0.1270674162E-04
   6.039379286      0.1286860490E-04
   6.055864784      0.1303423723E-04
   6.072350283      0.1320170851E-04
   6.088835782      0.1336881836E-04
   6.105321281      0.1353320778E-04
   6.121806780      0.1369247121E-04
   6.138292279      0.1384426075E-04
   6.154777778      0.1398637052E-04
   6.171263276      0.1411678124E-04
   6.187748775      0.1423362492E-04
   6.204234274      0.1433496739E-04
   6.220719773      0.1441809076E-04
   6.237205272      0.1447713426E-04
   6.253690771      0.1449564473E-04
   6.270176270      0.1444141124E-04
   6.286661768      0.1431459175E-04
   6.303147267      0.1415178368E-04
   6.319632766      0.1397429326E-04
   6.336118265      0.1379143575E-04
   6.352603764      0.1360867360E-04
   6.369089263      0.1343019623E-04
   6.385574762      0.1325966868E-04
   6.402060260      0.1310044687E-04
   6.418545759      0.1295561831E-04
   6.435031258      0.1282798085E-04
   6.451516757      0.1272000067E-04
   6.468002256      0.1263376657E-04
   6.484487755      0.1257094849E-04
   6.500973254      0.1253276381E-04
   6.517458752      0.1251995279E-04
     
   0.000000000      0.1054834577E-04
  0.1640615945E-01  0.1054426906E-04
  0.3281231890E-01  0.1053224948E-04
  0.4921847835E-01  0.1051291115E-04
  0.6562463780E-01  0.1048726943E-04
  0.8203079725E-01  0.1045669506E-04
  0.9843695670E-01  0.1042286651E-04
  0.1148431162      0.1038771301E-04
  0.1312492756      0.1035335081E-04
  0.1476554351      0.1032201555E-04
  0.1640615945      0.1029599337E-04
  0.1804677540      0.1027755320E-04
  0.1968739134      0.1026888230E-04
  0.2132800729      0.1027202659E-04
  0.2296862323      0.1028883686E-04
  0.2460923918      0.1032092148E-04
  0.2624985512      0.1036960608E-04
  0.2789047107      0.1043589994E-04
  0.2953108701      0.1052046948E-04
  0.3117170296      0.1062361856E-04
  0.3281231890      0.1074527583E-04
  0.3445293485      0.1088498952E-04
  0.3609355079      0.1104193002E-04
  0.3773416674      0.1121490100E-04
  0.3937478268      0.1140235969E-04
  0.4101539863      0.1160244679E-04
  0.4265601457      0.1181302643E-04
  0.4429663052      0.1203173592E-04
  0.4593724646      0.1225604474E-04
  0.4757786241      0.1248332142E-04
  0.4921847835      0.1271090646E-04
  0.5085909430      0.1293618870E-04
  0.5249971024      0.1315668217E-04
  0.5414032619      0.1337010003E-04
  0.5578094213      0.1357442214E-04
  0.5742155808      0.1376795293E-04
  0.5906217402      0.1394936641E-04
  0.6070278997      0.1411773591E-04
  0.6234340591      0.1427254689E-04
  0.6398402186      0.1441369162E-04
  0.6562463780      0.1454144609E-04
  0.6726525375      0.1465642959E-04
  0.6890586969      0.1475954901E-04
  0.7054648564      0.1485192987E-04
  0.7218710158      0.1493483703E-04
  0.7382771753      0.1500958826E-04
  0.7546833347      0.1507746393E-04
  0.7710894942      0.1513961607E-04
  0.7874956536      0.1519698017E-04
  0.8039018131      0.1525019257E-04
  0.8203079725      0.1529951636E-04
  0.8367141320      0.1534477832E-04
  0.8531202914      0.1538531932E-04
  0.8695264509      0.1541996037E-04
  0.8859326103      0.1544698628E-04
  0.9023387698      0.1546414893E-04
  0.9187449292      0.1546869132E-04
  0.9351510887      0.1545739405E-04
  0.9515572481      0.1542664430E-04
  0.9679634076      0.1537252771E-04
  0.9843695670      0.1529094174E-04
   1.000775726      0.1517772874E-04
   1.017181886      0.1502882532E-04
   1.033588045      0.1484042350E-04
   1.049994205      0.1460913796E-04
   1.066400364      0.1433217268E-04
   1.082806524      0.1400747923E-04
   1.099212683      0.1363389892E-04
   1.115618843      0.1321128067E-04
   1.132025002      0.1274056742E-04
   1.148431162      0.1222384449E-04
   1.164837321      0.1166434541E-04
   1.181243480      0.1106641231E-04
   1.197649640      0.1043541066E-04
   1.214055799      0.9777600309E-05
   1.230461959      0.9099967529E-05
   1.246868118      0.8410024987E-05
   1.263274278      0.7715588455E-05
   1.279680437      0.7024540575E-05
   1.296086597      0.6344592768E-05
   1.312492756      0.5683056486E-05
   1.328898916      0.5046634419E-05
   1.345305075      0.4441241004E-05
   1.361711234      0.3871859762E-05
   1.378117394      0.3342442719E-05
   1.394523553      0.2855854678E-05
   1.410929713      0.2413862481E-05
   1.427335872      0.2017166951E-05
   1.443742032      0.1665472985E-05
   1.460148191      0.1357591512E-05
   1.476554351      0.1091565743E-05
   1.492960510      0.8648135035E-06
   1.509366669      0.6742772993E-06
   1.525772829      0.5165742427E-06
   1.542178988      0.3881388419E-06
   1.558585148      0.2853529263E-06
   1.574991307      0.2046584482E-06
   1.591397467      0.1426504762E-06
   1.607803626      0.9614923659E-07
   1.624209786      0.6225146469E-07
   1.640615945      0.3836252037E-07
   1.657022105      0.2221164456E-07
   1.673428264      0.1185336640E-07
   1.689834423      0.5658417901E-08
   1.706240583      0.2297598172E-08
   1.722646742      0.7218952595E-09
   1.739052902      0.1418656213E-09
   1.755459061      0.8838830962E-11
   1.771865221      0.3660200637E-35
   1.788365009      0.8932626533E-10
   1.804864797      0.1415136414E-08
   1.821364585      0.7047244014E-08
   1.837864373      0.2176823466E-07
   1.854364161      0.5161263052E-07
   1.870863949      0.1032958840E-06
   1.887363737      0.1835954396E-06
   1.903863525      0.2987489043E-06
   1.920363314      0.4539291341E-06
   1.936863102      0.6528438813E-06
   1.953362890      0.8974905434E-06
   1.969862678      0.1188077092E-05
   1.986362466      0.1523101129E-05
   2.002862254      0.1899562630E-05
   2.019362042      0.2313274129E-05
   2.035861830      0.2759225805E-05
   2.052361618      0.3231962306E-05
   2.068861406      0.3725932535E-05
   2.085361195      0.4235781728E-05
   2.101860983      0.4756565504E-05
   2.118360771      0.5283876579E-05
   2.134860559      0.5813885136E-05
   2.151360347      0.6343302461E-05
   2.167860135      0.6869283813E-05
   2.184359923      0.7389290391E-05
   2.200859711      0.7900931827E-05
   2.217359499      0.8401810253E-05
   2.233859287      0.8889384889E-05
   2.250359076      0.9360872867E-05
   2.266858864      0.9813197806E-05
   2.283358652      0.1024299286E-04
   2.299858440      0.1064665981E-04
   2.316358228      0.1102048051E-04
   2.332858016      0.1136077214E-04
   2.349357804      0.1166407323E-04
   2.365857592      0.1192734441E-04
   2.382357380      0.1214816579E-04
   2.398857168      0.1232491308E-04
   2.415356957      0.1245689589E-04
   2.431856745      0.1254444546E-04
   2.448356533      0.1258894344E-04
   2.464856321      0.1259278914E-04
   2.481356109      0.1255930810E-04
   2.497855897      0.1249261027E-04
   2.514355685      0.1239740994E-04
   2.530855473      0.1227882220E-04
   2.547355261      0.1214215190E-04
   2.563855049      0.1199268984E-04
   2.580354838      0.1183552954E-04
   2.596854626      0.1167541420E-04
   2.613354414      0.1151662052E-04
   2.629854202      0.1136288209E-04
   2.646353990      0.1121735185E-04
   2.662853778      0.1108260049E-04
   2.679353566      0.1096064543E-04
   2.695853354      0.1085300388E-04
   2.712353142      0.1076076258E-04
   2.728852930      0.1068465674E-04
   2.745352719      0.1062515100E-04
   2.761852507      0.1058251570E-04
   2.778352295      0.1055689268E-04
   2.794852083      0.1054834577E-04
   2.810926771      0.1056683174E-04
   2.827001458      0.1062226349E-04
   2.843076146      0.1071456062E-04
   2.859150834      0.1084358265E-04
   2.875225521      0.1100911964E-04
   2.891300209      0.1121087962E-04
   2.907374897      0.1144847348E-04
   2.923449585      0.1172139808E-04
   2.939524272      0.1202901813E-04
   2.955598960      0.1237054801E-04
   2.971673648      0.1274503419E-04
   2.987748335      0.1315133910E-04
   3.003823023      0.1358812738E-04
   3.019897711      0.1405385507E-04
   3.035972399      0.1454676247E-04
   3.052047086      0.1506487097E-04
   3.068121774      0.1560598434E-04
   3.084196462      0.1616769443E-04
   3.100271149      0.1674739147E-04
   3.116345837      0.1734227862E-04
   3.132420525      0.1794939051E-04
   3.148495213      0.1856561536E-04
   3.164569900      0.1918772011E-04
   3.180644588      0.1981237786E-04
   3.196719276      0.2043619703E-04
   3.212793963      0.2105575147E-04
   3.228868651      0.2134954376E-04
   3.244943339      0.2089825959E-04
   3.261018027      0.2036670290E-04
   3.277092714      0.1976950811E-04
   3.293167402      0.1912241958E-04
   3.309242090      0.1844173480E-04
   3.325316777      0.1774376981E-04
   3.341391465      0.1704437363E-04
   3.357466153      0.1635851371E-04
   3.373540841      0.1569994809E-04
   3.389615528      0.1508099252E-04
   3.405690216      0.1451238378E-04
   3.421764904      0.1400323280E-04
   3.437839591      0.1418894696E-04
   3.453914279      0.1439276751E-04
   3.469988967      0.1455582950E-04
   3.486063655      0.1467478843E-04
   3.502138342      0.1474717476E-04
   3.518213030      0.1477147370E-04
   3.534197200      0.1477062742E-04
   3.550181370      0.1476833660E-04
   3.566165539      0.1476532445E-04
   3.582149709      0.1476272833E-04
   3.598133879      0.1476200336E-04
   3.614118048      0.1476479813E-04
   3.630102218      0.1477281176E-04
   3.646086388      0.1478764293E-04
   3.662070558      0.1481064170E-04
   3.678054727      0.1484277451E-04
   3.694038897      0.1488451194E-04
   3.710023067      0.1493574739E-04
   3.726007236      0.1499575329E-04
   3.741991406      0.1506317928E-04
   3.757975576      0.1513609511E-04
   3.773959746      0.1521207796E-04
   3.789943915      0.1507399107E-04
   3.805928085      0.1514083914E-04
   3.821912255      0.1519300574E-04
   3.837896424      0.1523417105E-04
   3.853880594      0.1526799021E-04
   3.869864764      0.1529773828E-04
   3.885848934      0.1532600028E-04
   3.901833103      0.1535442911E-04
   3.917817273      0.1538358874E-04
   3.933801443      0.1541289510E-04
   3.949785613      0.1544066111E-04
   3.965769782      0.1546424724E-04
   3.981753952      0.1548031205E-04
   3.997738122      0.1547362522E-04
   4.013722291      0.1545431222E-04
   4.029706461      0.1544698628E-04
   4.045690631      0.1545431222E-04
   4.061674801      0.1547362522E-04
   4.077658970      0.1548031205E-04
   4.093643140      0.1546424724E-04
   4.109627310      0.1544066111E-04
   4.125611479      0.1541289510E-04
   4.141595649      0.1538358874E-04
   4.157579819      0.1535442911E-04
   4.173563989      0.1532600028E-04
   4.189548158      0.1529773828E-04
   4.205532328      0.1526799021E-04
   4.221516498      0.1523417105E-04
   4.237500668      0.1519300574E-04
   4.253484837      0.1514083914E-04
   4.269469007      0.1507399107E-04
   4.285453177      0.1521207796E-04
   4.301437346      0.1513609511E-04
   4.317421516      0.1506317928E-04
   4.333405686      0.1499575329E-04
   4.349389856      0.1493574739E-04
   4.365374025      0.1488451194E-04
   4.381358195      0.1484277451E-04
   4.397342365      0.1481064170E-04
   4.413326534      0.1478764293E-04
   4.429310704      0.1477281176E-04
   4.445294874      0.1476479813E-04
   4.461279044      0.1476200336E-04
   4.477263213      0.1476272833E-04
   4.493247383      0.1476532445E-04
   4.509231553      0.1476833660E-04
   4.525215722      0.1477062742E-04
   4.541199892      0.1477147370E-04
   4.557639914      0.1470901098E-04
   4.574079935      0.1452430448E-04
   4.590519957      0.1422519394E-04
   4.606959978      0.1382408389E-04
   4.623400000      0.1333702618E-04
   4.639840021      0.1278257482E-04
   4.656280043      0.1218052865E-04
   4.672720064      0.1155068102E-04
   4.689160086      0.1091168418E-04
   4.705600107      0.1028011181E-04
   4.722040129      0.9669771544E-05
   4.738480151      0.9091284989E-05
   4.754920172      0.8551921707E-05
   4.771360194      0.8055650474E-05
   4.787800215      0.7603358265E-05
   4.804240237      0.7193185640E-05
   4.820680258      0.6820934945E-05
   4.837120280      0.6480521436E-05
   4.853560301      0.6164452982E-05
   4.870000323      0.5864336687E-05
   4.886440344      0.5571417287E-05
   4.902880366      0.5277150357E-05
   4.919320387      0.4973803418E-05
   4.935760409      0.4655062135E-05
   4.952200430      0.4316600679E-05
   4.968640452      0.3956559847E-05
   4.985080473      0.3575868257E-05
   5.001520495      0.3178344517E-05
   5.017960517      0.2770533429E-05
   5.034400538      0.2361256315E-05
   5.050840560      0.1960891322E-05
   5.067280581      0.1580438945E-05
   5.083720603      0.1230464449E-05
   5.100160624      0.9200360014E-06
   5.116600646      0.6557894261E-06
   5.133040667      0.4412443202E-06
   5.149480689      0.2764710817E-06
   5.165920710      0.1581667999E-06
   5.182360732      0.8014524257E-07
   5.198800753      0.3418980647E-07
   5.215240775      0.1116666638E-07
   5.231680796      0.2256457924E-08
   5.248120818      0.1429677656E-09
   5.264560839      0.3660200637E-35
   5.281046338      0.2477821740E-10
   5.297531837      0.3952335424E-09
   5.314017336      0.1990636964E-08
   5.330502835      0.6246405822E-08
   5.346988334      0.1510998601E-07
   5.363473833      0.3098092474E-07
   5.379959331      0.5663690360E-07
   5.396444830      0.9514791197E-07
   5.412930329      0.1497810849E-06
   5.429415828      0.2238989951E-06
   5.445901327      0.3208543686E-06
   5.462386826      0.4438842832E-06
   5.478872325      0.5960069044E-06
   5.495357823      0.7799237137E-06
   5.511843322      0.9979299998E-06
   5.528328821      0.1251836110E-05
   5.544814320      0.1542901613E-05
   5.561299819      0.1871784127E-05
   5.577785318      0.2238504086E-05
   5.594270817      0.2642426267E-05
   5.610756315      0.3082258336E-05
   5.627241814      0.3556066227E-05
   5.643727313      0.4061305612E-05
   5.660212812      0.4624081026E-05
   5.676698311      0.5322428285E-05
   5.693183810      0.6058506301E-05
   5.709669309      0.6822868901E-05
   5.726154807      0.7604621301E-05
   5.742640306      0.8391761001E-05
   5.759125805      0.9171596240E-05
   5.775611304      0.9931222326E-05
   5.792096803      0.1065803127E-04
   5.808582302      0.1087066782E-04
   5.825067801      0.1105638559E-04
   5.841553299      0.1123163366E-04
   5.858038798      0.1164182145E-04
   5.874524297      0.1213994627E-04
   5.891009796      0.1261085892E-04
   5.907495295      0.1304971065E-04
   5.923980794      0.1345430427E-04
   5.940466292      0.1382321257E-04
   5.956951791      0.1415555249E-04
   5.973437290      0.1445091343E-04
   5.989922789      0.1443179199E-04
   6.006408288      0.1438250142E-04
   6.022893787      0.1431754103E-04
   6.039379286      0.1424904912E-04
   6.055864784      0.1418895778E-04
   6.072350283      0.1414871540E-04
   6.088835782      0.1413906492E-04
   6.105321281      0.1416987432E-04
   6.121806780      0.1425001080E-04
   6.138292279      0.1438724573E-04
   6.154777778      0.1458817548E-04
   6.171263276      0.1485814341E-04
   6.187748775      0.1520115027E-04
   6.204234274      0.1520427075E-04
   6.220719773      0.1508419235E-04
   6.237205272      0.1495917836E-04
   6.253690771      0.1484802130E-04
   6.270176270      0.1478578931E-04
   6.286661768      0.1477565883E-04
   6.303147267      0.1478478151E-04
   6.319632766      0.1479593408E-04
   6.336118265      0.1480412304E-04
   6.352603764      0.1480834226E-04
   6.369089263      0.1480888454E-04
   6.385574762      0.1480648497E-04
   6.402060260      0.1480200257E-04
   6.418545759      0.1479628468E-04
   6.435031258      0.1479010420E-04
   6.451516757      0.1478412979E-04
   6.468002256      0.1477891260E-04
   6.484487755      0.1477488120E-04
   6.500973254      0.1477234075E-04
   6.517458752      0.1477147370E-04
     
   0.000000000      0.1054834577E-04
  0.1640615945E-01  0.1056207525E-04
  0.3281231890E-01  0.1060293411E-04
  0.4921847835E-01  0.1066993838E-04
  0.6562463780E-01  0.1076146428E-04
  0.8203079725E-01  0.1087527433E-04
  0.9843695670E-01  0.1100855685E-04
  0.1148431162      0.1115798135E-04
  0.1312492756      0.1131977182E-04
  0.1476554351      0.1148979922E-04
  0.1640615945      0.1166369312E-04
  0.1804677540      0.1183697094E-04
  0.1968739134      0.1200518128E-04
  0.2132800729      0.1216405636E-04
  0.2296862323      0.1230966673E-04
  0.2460923918      0.1243857079E-04
  0.2624985512      0.1254795083E-04
  0.2789047107      0.1263572786E-04
  0.2953108701      0.1270064827E-04
  0.3117170296      0.1274233693E-04
  0.3281231890      0.1276131347E-04
  0.3445293485      0.1275897089E-04
  0.3609355079      0.1273751772E-04
  0.3773416674      0.1269988775E-04
  0.3937478268      0.1264962258E-04
  0.4101539863      0.1259073417E-04
  0.4265601457      0.1252755464E-04
  0.4429663052      0.1246458107E-04
  0.4593724646      0.1240632213E-04
  0.4757786241      0.1248332142E-04
  0.4921847835      0.1271090646E-04
  0.5085909430      0.1293618870E-04
  0.5249971024      0.1315668217E-04
  0.5414032619      0.1337010003E-04
  0.5578094213      0.1357442214E-04
  0.5742155808      0.1376795293E-04
  0.5906217402      0.1394936641E-04
  0.6070278997      0.1411773591E-04
  0.6234340591      0.1427254689E-04
  0.6398402186      0.1441369162E-04
  0.6562463780      0.1454144609E-04
  0.6726525375      0.1465642959E-04
  0.6890586969      0.1475954901E-04
  0.7054648564      0.1485192987E-04
  0.7218710158      0.1493483703E-04
  0.7382771753      0.1500958826E-04
  0.7546833347      0.1507746393E-04
  0.7710894942      0.1513961607E-04
  0.7874956536      0.1519698017E-04
  0.8039018131      0.1525019257E-04
  0.8203079725      0.1529951636E-04
  0.8367141320      0.1539099209E-04
  0.8531202914      0.1545140810E-04
  0.8695264509      0.1547052008E-04
  0.8859326103      0.1544698628E-04
  0.9023387698      0.1546414893E-04
  0.9187449292      0.1546869132E-04
  0.9351510887      0.1545739405E-04
  0.9515572481      0.1542664430E-04
  0.9679634076      0.1537252771E-04
  0.9843695670      0.1529094174E-04
   1.000775726      0.1517772874E-04
   1.017181886      0.1502882532E-04
   1.033588045      0.1484042350E-04
   1.049994205      0.1460913796E-04
   1.066400364      0.1433217268E-04
   1.082806524      0.1400747923E-04
   1.099212683      0.1363389892E-04
   1.115618843      0.1321128067E-04
   1.132025002      0.1274056742E-04
   1.148431162      0.1222384449E-04
   1.164837321      0.1166434541E-04
   1.181243480      0.1106641231E-04
   1.197649640      0.1043541066E-04
   1.214055799      0.1011339914E-04
   1.230461959      0.9806871688E-05
   1.246868118      0.9494425746E-05
   1.263274278      0.9172739135E-05
   1.279680437      0.8838492804E-05
   1.296086597      0.8488573531E-05
   1.312492756      0.8120283992E-05
   1.328898916      0.7731551352E-05
   1.345305075      0.7321123655E-05
   1.361711234      0.6888741821E-05
   1.378117394      0.6435274304E-05
   1.394523553      0.5962801736E-05
   1.410929713      0.5474640284E-05
   1.427335872      0.4975295184E-05
   1.443742032      0.4470339785E-05
   1.460148191      0.3966220397E-05
   1.476554351      0.3469992795E-05
   1.492960510      0.2989002049E-05
   1.509366669      0.2530522848E-05
   1.525772829      0.2101382121E-05
   1.542178988      0.1707588996E-05
   1.558585148      0.1353998581E-05
   1.574991307      0.1044035377E-05
   1.591397467      0.7794992683E-06
   1.607803626      0.5604720197E-06
   1.624209786      0.3853354346E-06
   1.640615945      0.2509042102E-06
   1.657022105      0.1526677470E-06
   1.673428264      0.8512646524E-07
   1.689834423      0.4220030883E-07
   1.706240583      0.1768080138E-07
   1.722646742      0.5693860207E-08
   1.739052902      0.1138995734E-08
   1.755459061      0.7172885624E-10
   1.771865221      0.3660200637E-35
   1.788365009      0.1659161240E-09
   1.804864797      0.2629173768E-08
   1.821364585      0.1309806660E-07
   1.837864373      0.4047669917E-07
   1.854364161      0.9601080077E-07
   1.870863949      0.1922068135E-06
   1.887363737      0.3416260997E-06
   1.903863525      0.5556677803E-06
   1.920363314      0.8434544697E-06
   1.936863102      0.1210924842E-05
   1.953362890      0.1660216454E-05
   1.969862678      0.2189393546E-05
   1.986362466      0.2792540533E-05
   2.002862254      0.3460206128E-05
   2.019362042      0.4180149275E-05
   2.035861830      0.4938310050E-05
   2.052361618      0.5719909311E-05
   2.068861406      0.6510572242E-05
   2.085361195      0.7297373714E-05
   2.101860983      0.8069716696E-05
   2.118360771      0.8819976798E-05
   2.134860559      0.9543873082E-05
   2.151360347      0.1024055372E-04
   2.167860135      0.1091241124E-04
   2.184359923      0.1156466245E-04
   2.200859711      0.1220474128E-04
   2.217359499      0.1284155727E-04
   2.233859287      0.1348467014E-04
   2.250359076      0.1414342402E-04
   2.266858864      0.1482607572E-04
   2.283358652      0.1553894529E-04
   2.299858440      0.1628561389E-04
   2.316358228      0.1706619792E-04
   2.332858016      0.1787673667E-04
   2.349357804      0.1870874229E-04
   2.365857592      0.1954897202E-04
   2.382357380      0.2037948757E-04
   2.398857168      0.2117806265E-04
   2.415356957      0.2191898173E-04
   2.431856745      0.2257424232E-04
   2.448356533      0.2311512991E-04
   2.464856321      0.2351408414E-04
   2.481356109      0.2374672503E-04
   2.497855897      0.2379386642E-04
   2.514355685      0.2364331927E-04
   2.530855473      0.2329128689E-04
   2.547355261      0.2274318046E-04
   2.563855049      0.2201373613E-04
   2.580354838      0.2112638888E-04
   2.596854626      0.2011194376E-04
   2.613354414      0.1900667091E-04
   2.629854202      0.1785002212E-04
   2.646353990      0.1668221388E-04
   2.662853778      0.1554193557E-04
   2.679353566      0.1446441820E-04
   2.695853354      0.1348004232E-04
   2.712353142      0.1261358124E-04
   2.728852930      0.1188407966E-04
   2.745352719      0.1130527477E-04
   2.761852507      0.1088639015E-04
   2.778352295      0.1063308680E-04
   2.794852083      0.1054834577E-04
   2.810926771      0.1059201403E-04
   2.827001458      0.1072273776E-04
   2.843076146      0.1093963969E-04
   2.859150834      0.1124114764E-04
   2.875225521      0.1162484183E-04
   2.891300209      0.1208726497E-04
   2.907374897      0.1262371669E-04
   2.923449585      0.1322805663E-04
   2.939524272      0.1389254165E-04
   2.955598960      0.1460772134E-04
   2.971673648      0.1536241268E-04
   2.987748335      0.1614376971E-04
   3.003823023      0.1693745735E-04
   3.019897711      0.1772793119E-04
   3.035972399      0.1849881677E-04
   3.052047086      0.1923337464E-04
   3.068121774      0.1991503004E-04
   3.084196462      0.2052794083E-04
   3.100271149      0.2105757331E-04
   3.116345837      0.2149125380E-04
   3.132420525      0.2181866453E-04
   3.148495213      0.2203225486E-04
   3.164569900      0.2212754384E-04
   3.180644588      0.2210329629E-04
   3.196719276      0.2196156254E-04
   3.212793963      0.2170758006E-04
   3.228868651      0.2166761086E-04
   3.244943339      0.2226837071E-04
   3.261018027      0.2285468127E-04
   3.277092714      0.2342327500E-04
   3.293167402      0.2397099196E-04
   3.309242090      0.2449480281E-04
   3.325316777      0.2499182932E-04
   3.341391465      0.2545936206E-04
   3.357466153      0.2589487534E-04
   3.373540841      0.2629603955E-04
   3.389615528      0.2666073085E-04
   3.405690216      0.2698703860E-04
   3.421764904      0.2727327082E-04
   3.437839591      0.2751795784E-04
   3.453914279      0.2771985464E-04
   3.469988967      0.2787794215E-04
   3.486063655      0.2799142777E-04
   3.502138342      0.2805974547E-04
   3.518213030      0.2808255576E-04
   3.534197200      0.2797669282E-04
   3.550181370      0.2766338570E-04
   3.566165539      0.2715519339E-04
   3.582149709      0.2647212166E-04
   3.598133879      0.2564032923E-04
   3.614118048      0.2469049377E-04
   3.630102218      0.2365598843E-04
   3.646086388      0.2257102903E-04
   3.662070558      0.2146894229E-04
   3.678054727      0.2038068023E-04
   3.694038897      0.1933366779E-04
   3.710023067      0.1835102680E-04
   3.726007236      0.1745117500E-04
   3.741991406      0.1664776037E-04
   3.757975576      0.1594986263E-04
   3.773959746      0.1536237838E-04
   3.789943915      0.1528834174E-04
   3.805928085      0.1536190223E-04
   3.821912255      0.1542976931E-04
   3.837896424      0.1548915445E-04
   3.853880594      0.1553767911E-04
   3.869864764      0.1557356849E-04
   3.885848934      0.1559581501E-04
   3.901833103      0.1560429724E-04
   3.917817273      0.1559984290E-04
   3.933801443      0.1558422894E-04
   3.949785613      0.1556011645E-04
   3.965769782      0.1553092360E-04
   3.981753952      0.1550064445E-04
   3.997738122      0.1548515049E-04
   4.013722291      0.1547509993E-04
   4.029706461      0.1544698628E-04
   4.045690631      0.1547509993E-04
   4.061674801      0.1548515049E-04
   4.077658970      0.1550064445E-04
   4.093643140      0.1553092360E-04
   4.109627310      0.1556011645E-04
   4.125611479      0.1558422894E-04
   4.141595649      0.1559984290E-04
   4.157579819      0.1560429724E-04
   4.173563989      0.1559581501E-04
   4.189548158      0.1557356849E-04
   4.205532328      0.1553767911E-04
   4.221516498      0.1548915445E-04
   4.237500668      0.1542976931E-04
   4.253484837      0.1536190223E-04
   4.269469007      0.1528834174E-04
   4.285453177      0.1536237838E-04
   4.301437346      0.1594986263E-04
   4.317421516      0.1664776037E-04
   4.333405686      0.1745117500E-04
   4.349389856      0.1835102680E-04
   4.365374025      0.1933366779E-04
   4.381358195      0.2038068023E-04
   4.397342365      0.2146894229E-04
   4.413326534      0.2257102903E-04
   4.429310704      0.2365598843E-04
   4.445294874      0.2469049377E-04
   4.461279044      0.2564032923E-04
   4.477263213      0.2647212166E-04
   4.493247383      0.2715519339E-04
   4.509231553      0.2766338570E-04
   4.525215722      0.2797669282E-04
   4.541199892      0.2808255576E-04
   4.557639914      0.2796923447E-04
   4.574079935      0.2763455254E-04
   4.590519957      0.2709393256E-04
   4.606959978      0.2637171675E-04
   4.623400000      0.2549928623E-04
   4.639840021      0.2451272755E-04
   4.656280043      0.2345029201E-04
   4.672720064      0.2234989619E-04
   4.689160086      0.2124688240E-04
   4.705600107      0.2017220051E-04
   4.722040129      0.1915110114E-04
   4.738480151      0.1820235630E-04
   4.754920172      0.1733796045E-04
   4.771360194      0.1656322304E-04
   4.787800215      0.1587714685E-04
   4.804240237      0.1527299610E-04
   4.820680258      0.1473898725E-04
   4.837120280      0.1425907517E-04
   4.853560301      0.1381384503E-04
   4.870000323      0.1338154649E-04
   4.886440344      0.1293931069E-04
   4.902880366      0.1246457152E-04
   4.919320387      0.1193667037E-04
   4.935760409      0.1133856736E-04
   4.952200430      0.1065852275E-04
   4.968640452      0.9891564474E-05
   4.985080473      0.9040533452E-05
   5.001520495      0.8116508733E-05
   5.017960517      0.7138461737E-05
   5.034400538      0.6132071447E-05
   5.050840560      0.5127739543E-05
   5.067280581      0.4157961125E-05
   5.083720603      0.3254314005E-05
   5.100160624      0.2444408761E-05
   5.116600646      0.1749177352E-05
   5.133040667      0.1180860487E-05
   5.149480689      0.7419820054E-06
   5.165920710      0.4254795286E-06
   5.182360732      0.2160102523E-06
   5.198800753      0.9229010774E-07
   5.215240775      0.3017759525E-07
   5.231680796      0.6102964183E-08
   5.248120818      0.3868660582E-09
   5.264560839      0.3660200637E-35
   5.281046338      0.8176172578E-10
   5.297531837      0.1298980946E-08
   5.314017336      0.6499188863E-08
   5.330502835      0.2020548315E-07
   5.346988334      0.4829872089E-07
   5.363473833      0.9760406135E-07
   5.379959331      0.1754104602E-06
   5.396444830      0.2889560528E-06
   5.412930329      0.4449142619E-06
   5.429415828      0.6489148232E-06
   5.445901327      0.9051308401E-06
   5.462386826      0.1215957744E-05
   5.478872325      0.1581803104E-05
   5.495357823      0.2000998167E-05
   5.511843322      0.2469833459E-05
   5.528328821      0.2982712401E-05
   5.544814320      0.3532409317E-05
   5.561299819      0.4110411930E-05
   5.577785318      0.4707323905E-05
   5.594270817      0.5313300438E-05
   5.610756315      0.5918489338E-05
   5.627241814      0.6513451494E-05
   5.643727313      0.7089537737E-05
   5.660212812      0.7639203650E-05
   5.676698311      0.8156249231E-05
   5.693183810      0.8635976233E-05
   5.709669309      0.9075261788E-05
   5.726154807      0.9472552331E-05
   5.742640306      0.9827786558E-05
   5.759125805      0.1014226014E-04
   5.775611304      0.1041844912E-04
   5.792096803      0.1065981713E-04
   5.808582302      0.1134022694E-04
   5.825067801      0.1196731657E-04
   5.841553299      0.1253055065E-04
   5.858038798      0.1302328567E-04
   5.874524297      0.1344124983E-04
   5.891009796      0.1378269775E-04
   5.907495295      0.1404844805E-04
   5.923980794      0.1424180563E-04
   5.940466292      0.1436837788E-04
   5.956951791      0.1443580106E-04
   5.973437290      0.1445339804E-04
   5.989922789      0.1470930997E-04
   6.006408288      0.1493113688E-04
   6.022893787      0.1511712212E-04
   6.039379286      0.1526827786E-04
   6.055864784      0.1538585064E-04
   6.072350283      0.1547127266E-04
   6.088835782      0.1552611655E-04
   6.105321281      0.1555205632E-04
   6.121806780      0.1555083791E-04
   6.138292279      0.1552426437E-04
   6.154777778      0.1547420309E-04
   6.171263276      0.1540263041E-04
   6.187748775      0.1531174834E-04
   6.204234274      0.1561974464E-04
   6.220719773      0.1611489034E-04
   6.237205272      0.1668581442E-04
   6.253690771      0.1732984569E-04
   6.270176270      0.1804225965E-04
   6.286661768      0.1881615024E-04
   6.303147267      0.1964235125E-04
   6.319632766      0.2050943040E-04
   6.336118265      0.2140377664E-04
   6.352603764      0.2230979618E-04
   6.369089263      0.2321022581E-04
   6.385574762      0.2408656323E-04
   6.402060260      0.2491960447E-04
   6.418545759      0.2569006918E-04
   6.435031258      0.2637928576E-04
   6.451516757      0.2696990138E-04
   6.468002256      0.2744657759E-04
   6.484487755      0.2779663083E-04
   6.500973254      0.2801057838E-04
   6.517458752      0.2808255576E-04
     
