 -0.4146949408E-03   0.000000000    
 -0.4055716522E-03   0.000000000    
 -0.3964483635E-03   0.000000000    
 -0.3873250748E-03   0.000000000    
 -0.3782017861E-03  0.7060295733E-05
 -0.3690784974E-03  0.3561110381E-04
 -0.3599552087E-03  0.6417078950E-04
 -0.3508319200E-03  0.9972925321E-04
 -0.3417086313E-03  0.1100743673E-03
 -0.3325853426E-03  0.1365092142E-03
 -0.3234620539E-03  0.1431960285E-03
 -0.3143387652E-03  0.1410519769E-03
 -0.3052154765E-03  0.1594449500E-03
 -0.2960921878E-03  0.1818666244E-03
 -0.2869688991E-03  0.2167108714E-03
 -0.2778456104E-03  0.1977085804E-03
 -0.2687223217E-03  0.1882796868E-03
 -0.2595990330E-03  0.1635410514E-03
 -0.2504757443E-03  0.1630268805E-03
 -0.2413524556E-03  0.1752428656E-03
 -0.2322291669E-03  0.2251333365E-03
 -0.2231058782E-03  0.2335862144E-03
 -0.2139825895E-03  0.2150904379E-03
 -0.2048593008E-03  0.1915918297E-03
 -0.1957360121E-03  0.2205750474E-03
 -0.1866127234E-03  0.2407905904E-03
 -0.1774894347E-03  0.2246329127E-03
 -0.1683661460E-03  0.2032855089E-03
 -0.1592428573E-03  0.1833765712E-03
 -0.1501195686E-03  0.1864607827E-03
 -0.1409962799E-03  0.1699878938E-03
 -0.1318729912E-03  0.1675186956E-03
 -0.1227497025E-03  0.1384001647E-03
 -0.1136264138E-03  0.1329809789E-03
 -0.1045031251E-03  0.1365549215E-03
 -0.9537983640E-04  0.1472038050E-03
 -0.8625654770E-04  0.1413793701E-03
 -0.7713325900E-04  0.1157751984E-03
 -0.6800997030E-04  0.1143801262E-03
 -0.5888668160E-04  0.9650278758E-04
 -0.4976339290E-04  0.8376924751E-04
 -0.4064010420E-04  0.5385874636E-04
 -0.3151681550E-04  0.4382728590E-04
 -0.2239352681E-04  0.3549365371E-04
 -0.1327023811E-04  0.3072164102E-04
 -0.4146949408E-05  0.1994402483E-04
  0.4976339290E-05  0.1159881232E-04
  0.1409962799E-04  0.1776908483E-04
  0.2322291669E-04  0.3195766880E-04
  0.3234620539E-04  0.7113177584E-04
  0.4146949408E-04  0.7551357497E-04
  0.5059278278E-04  0.9940985382E-04
  0.5971607148E-04  0.9900794116E-04
  0.6883936018E-04  0.1201567335E-03
  0.7796264888E-04  0.1322784699E-03
  0.8708593758E-04  0.1355663767E-03
  0.9620922628E-04  0.1652296620E-03
  0.1053325150E-03  0.1986935219E-03
  0.1144558037E-03  0.2457898481E-03
  0.1235790924E-03  0.2596522497E-03
  0.1327023811E-03  0.2695527014E-03
  0.1418256698E-03  0.2393523662E-03
  0.1509489585E-03  0.2738768233E-03
  0.1600722472E-03  0.3264718820E-03
  0.1691955359E-03  0.3748500666E-03
  0.1783188246E-03  0.3858901617E-03
  0.1874421133E-03  0.3600261992E-03
  0.1965654020E-03  0.4286062611E-03
  0.2056886907E-03  0.5119832669E-03
  0.2148119794E-03  0.5907814476E-03
  0.2239352681E-03  0.6556097928E-03
  0.2330585568E-03  0.6435099023E-03
  0.2421818455E-03  0.7379263332E-03
  0.2513051342E-03  0.7609926821E-03
  0.2604284229E-03  0.8445345562E-03
  0.2695517116E-03  0.8611203083E-03
  0.2786750003E-03  0.9483364492E-03
  0.2877982889E-03  0.1009740197E-02
  0.2969215776E-03  0.1082168363E-02
  0.3060448663E-03  0.1168864994E-02
  0.3151681550E-03  0.1364866174E-02
  0.3242914437E-03  0.1484872943E-02
  0.3334147324E-03  0.1675443634E-02
  0.3425380211E-03  0.1769316360E-02
  0.3516613098E-03  0.1904038147E-02
  0.3607845985E-03  0.1978312668E-02
  0.3699078872E-03  0.2080773664E-02
  0.3790311759E-03  0.2190800758E-02
  0.3881544646E-03  0.2378606735E-02
  0.3972777533E-03  0.2540697124E-02
  0.4064010420E-03  0.2790871290E-02
  0.4155243307E-03  0.2944674458E-02
  0.4246476194E-03  0.3215136015E-02
  0.4337709081E-03  0.3514989439E-02
  0.4428941968E-03  0.3781195979E-02
  0.4520174855E-03  0.3990863743E-02
  0.4611407742E-03  0.4180260164E-02
  0.4702640629E-03  0.4404702744E-02
  0.4793873516E-03  0.4665727215E-02
  0.4885106403E-03  0.4855327094E-02
  0.4976339290E-03  0.5253265576E-02
  0.5067572177E-03  0.5617301427E-02
  0.5158805064E-03  0.6092427460E-02
  0.5250037951E-03  0.6424090676E-02
  0.5341270838E-03  0.6658060098E-02
  0.5432503725E-03  0.7034624293E-02
  0.5523736612E-03  0.7219902605E-02
  0.5614969499E-03  0.7699827861E-02
  0.5706202386E-03  0.7906119451E-02
  0.5797435273E-03  0.8549540251E-02
  0.5888668160E-03  0.9062331745E-02
  0.5979901047E-03  0.9595143732E-02
  0.6071133934E-03  0.1000269635E-01
  0.6162366821E-03  0.1019561665E-01
  0.6253599708E-03  0.1058305947E-01
  0.6344832595E-03  0.1086409983E-01
  0.6436065482E-03  0.1163835864E-01
  0.6527298369E-03  0.1226033541E-01
  0.6618531256E-03  0.1299941494E-01
  0.6709764143E-03  0.1343597678E-01
  0.6800997030E-03  0.1381206203E-01
  0.6892229917E-03  0.1407260651E-01
  0.6983462804E-03  0.1449838217E-01
  0.7074695691E-03  0.1534345756E-01
  0.7165928578E-03  0.1618691855E-01
  0.7257161465E-03  0.1684013887E-01
  0.7348394352E-03  0.1746211021E-01
  0.7439627239E-03  0.1793970577E-01
  0.7530860126E-03  0.1839881145E-01
  0.7622093013E-03  0.1901010557E-01
  0.7713325900E-03  0.2007319171E-01
  0.7804558787E-03  0.2134214359E-01
  0.7895791674E-03  0.2249178851E-01
  0.7987024561E-03  0.2333937915E-01
  0.8078257448E-03  0.2383382541E-01
  0.8169490335E-03  0.2487971858E-01
  0.8260723222E-03  0.2636058070E-01
  0.8351956109E-03  0.2810041556E-01
  0.8443188996E-03  0.2899272906E-01
  0.8534421883E-03  0.2954106807E-01
  0.8625654770E-03  0.3080103005E-01
  0.8716887657E-03  0.3242226419E-01
  0.8808120544E-03  0.3437463622E-01
  0.8899353431E-03  0.3600836472E-01
  0.8990586318E-03  0.3706263389E-01
  0.9081819205E-03  0.3839587293E-01
  0.9173052092E-03  0.3928729407E-01
  0.9264284979E-03  0.4120001066E-01
  0.9355517866E-03  0.4208605358E-01
  0.9446750753E-03  0.4280121125E-01
  0.9537983640E-03  0.4376869419E-01
  0.9629216527E-03  0.4572905876E-01
  0.9720449414E-03  0.4779664359E-01
  0.9811682300E-03  0.4932578658E-01
  0.9902915187E-03  0.5098569489E-01
  0.9994148074E-03  0.5286260728E-01
  0.1008538096E-02  0.5355246874E-01
  0.1017661385E-02  0.5534933626E-01
  0.1026784674E-02  0.5763244016E-01
  0.1035907962E-02  0.6012735386E-01
  0.1045031251E-02  0.6230062326E-01
  0.1054154540E-02  0.6349787094E-01
  0.1063277828E-02  0.6586261853E-01
  0.1072401117E-02  0.6740046973E-01
  0.1081524406E-02  0.6919688284E-01
  0.1090647694E-02  0.7197481921E-01
  0.1099770983E-02  0.7361276846E-01
  0.1108894272E-02  0.7696382886E-01
  0.1118017561E-02  0.7871521751E-01
  0.1127140849E-02  0.8225562040E-01
  0.1136264138E-02  0.8500320742E-01
  0.1145387427E-02  0.8893222195E-01
  0.1154510715E-02  0.9074677637E-01
  0.1163634004E-02  0.9349650202E-01
  0.1172757293E-02  0.9412753373E-01
  0.1181880581E-02  0.9685248248E-01
  0.1191003870E-02  0.9770181239E-01
  0.1200127159E-02  0.1001240710    
  0.1209250448E-02  0.1014180154    
  0.1218373736E-02  0.1024511938    
  0.1227497025E-02  0.1033756884    
  0.1236620314E-02  0.1043734816    
  0.1245743602E-02  0.1071774284    
  0.1254866891E-02  0.1101217112    
  0.1263990180E-02  0.1127619780    
  0.1273113468E-02  0.1167558490    
  0.1282236757E-02  0.1216384497    
  0.1291360046E-02  0.1309471752    
  0.1300483335E-02  0.1461177141    
  0.1309606623E-02  0.1664615509    
  0.1318729912E-02  0.1807633526    
  0.1327853201E-02  0.1790500329    
  0.1336976489E-02  0.1689847521    
  0.1346099778E-02  0.1685532093    
  0.1355223067E-02  0.1686165912    
  0.1364346355E-02  0.1565994181    
  0.1373469644E-02  0.1393991994    
  0.1382592933E-02  0.1425172024    
  0.1391716221E-02  0.1873885330    
  0.1400839510E-02  0.2439713343    
  0.1409962799E-02  0.2732880347    
  0.1419086088E-02  0.2561662514    
  0.1428209376E-02  0.2170762605    
  0.1437332665E-02  0.1902520419    
  0.1446455954E-02  0.1858520219    
  0.1455579242E-02  0.1975162093    
  0.1464702531E-02  0.2201565569    
  0.1473825820E-02  0.2591716238    
  0.1482949108E-02  0.2943843607    
  0.1492072397E-02  0.3138826635    
  0.1501195686E-02  0.3112678282    
  0.1510318975E-02  0.2994040412    
  0.1519442263E-02  0.2896274842    
  0.1528565552E-02  0.2785388763    
  0.1537688841E-02  0.2639327255    
  0.1546812129E-02  0.2451905202    
  0.1555935418E-02  0.2259613017    
  0.1565058707E-02  0.2074102199    
  0.1574181995E-02  0.1936141183    
  0.1583305284E-02  0.1809656771    
  0.1592428573E-02  0.1728520044    
  0.1601551862E-02  0.1771931757    
  0.1610675150E-02  0.1952540612    
  0.1619798439E-02  0.2180508986    
  0.1628921728E-02  0.2324922948    
  0.1638045016E-02  0.2345282342    
  0.1647168305E-02  0.2357681506    
  0.1656291594E-02  0.2360515921    
  0.1665414882E-02  0.2371862563    
  0.1674538171E-02  0.2388870238    
  0.1683661460E-02  0.2413718596    
  0.1692784749E-02  0.2499539076    
  0.1701908037E-02  0.2533449182    
  0.1711031326E-02  0.2531161421    
  0.1720154615E-02  0.2501017011    
  0.1729277903E-02  0.2569005481    
  0.1738401192E-02  0.2622087132    
  0.1747524481E-02  0.2721933576    
  0.1756647769E-02  0.2814443423    
  0.1765771058E-02  0.2912049165    
  0.1774894347E-02  0.3022473431    
  0.1784017636E-02  0.3171423616    
  0.1793140924E-02  0.3416589770    
  0.1802264213E-02  0.3509402967    
  0.1811387502E-02  0.3507767510    
  0.1820510790E-02  0.3536230635    
  0.1829634079E-02  0.3578074668    
  0.1838757368E-02  0.3707211535    
  0.1847880656E-02  0.3767493599    
  0.1857003945E-02  0.3865154231    
  0.1866127234E-02  0.3913235911    
  0.1875250523E-02  0.3910413339    
  0.1884373811E-02  0.3897829282    
  0.1893497100E-02  0.3858286089    
  0.1902620389E-02  0.3832881819    
  0.1911743677E-02  0.3817935350    
  0.1920866966E-02  0.3759909606    
  0.1929990255E-02  0.3759789972    
  0.1939113543E-02  0.3673280913    
  0.1948236832E-02  0.3612683429    
  0.1957360121E-02  0.3489114608    
  0.1966483410E-02  0.3482002439    
  0.1975606698E-02  0.3418979178    
  0.1984729987E-02  0.3391030962    
  0.1993853276E-02  0.3273631408    
  0.2002976564E-02  0.3262728754    
  0.2012099853E-02  0.3230550850    
  0.2021223142E-02  0.3161153471    
  0.2030346430E-02  0.3054466670    
  0.2039469719E-02  0.3000344536    
  0.2048593008E-02  0.2994686558    
  0.2057716296E-02  0.2958233095    
  0.2066839585E-02  0.2903630574    
  0.2075962874E-02  0.2853704110    
  0.2085086163E-02  0.2819975519    
  0.2094209451E-02  0.2811945470    
  0.2103332740E-02  0.2800147719    
  0.2112456029E-02  0.2887893560    
  0.2121579317E-02  0.3040202061    
  0.2130702606E-02  0.3332632388    
  0.2139825895E-02  0.3590479309    
  0.2148949183E-02  0.3628857083    
  0.2158072472E-02  0.3399819116    
  0.2167195761E-02  0.3173330728    
  0.2176319050E-02  0.2934815595    
  0.2185442338E-02  0.2810041989    
  0.2194565627E-02  0.2657713554    
  0.2203688916E-02  0.2499328158    
  0.2212812204E-02  0.2434059074    
  0.2221935493E-02  0.2387050469    
  0.2231058782E-02  0.2411747311    
  0.2240182070E-02  0.2479352167    
  0.2249305359E-02  0.2538439960    
  0.2258428648E-02  0.2607654924    
  0.2267551937E-02  0.2683286656    
  0.2276675225E-02  0.2733122251    
  0.2285798514E-02  0.2851225930    
  0.2294921803E-02  0.2952646134    
  0.2304045091E-02  0.3012639788    
  0.2313168380E-02  0.3093381103    
  0.2322291669E-02  0.3084593361    
  0.2331414957E-02  0.3160214549    
  0.2340538246E-02  0.3161254019    
  0.2349661535E-02  0.3197646154    
  0.2358784824E-02  0.3209206128    
  0.2367908112E-02  0.3259075060    
  0.2377031401E-02  0.3330001169    
  0.2386154690E-02  0.3324921156    
  0.2395277978E-02  0.3357122748    
  0.2404401267E-02  0.3422547595    
  0.2413524556E-02  0.3582238544    
  0.2422647844E-02  0.3633068058    
  0.2431771133E-02  0.3560236168    
  0.2440894422E-02  0.3352908906    
  0.2450017711E-02  0.3104626806    
  0.2459140999E-02  0.2950895503    
  0.2468264288E-02  0.2787045756    
  0.2477387577E-02  0.2686737264    
  0.2486510865E-02  0.2542536171    
  0.2495634154E-02  0.2426585265    
  0.2504757443E-02  0.2358210669    
  0.2513880731E-02  0.2272309645    
  0.2523004020E-02  0.2235747561    
  0.2532127309E-02  0.2114051959    
  0.2541250598E-02  0.1999487426    
  0.2550373886E-02  0.1951860812    
  0.2559497175E-02  0.1916250663    
  0.2568620464E-02  0.1945256643    
  0.2577743752E-02  0.1792297626    
  0.2586867041E-02  0.1773648193    
  0.2595990330E-02  0.1646245970    
  0.2605113618E-02  0.1713002268    
  0.2614236907E-02  0.1614748520    
  0.2623360196E-02  0.1600031571    
  0.2632483485E-02  0.1473474305    
  0.2641606773E-02  0.1512589458    
  0.2650730062E-02  0.1796771493    
  0.2659853351E-02  0.2144744669    
  0.2668976639E-02  0.2507634295    
  0.2678099928E-02  0.2650520790    
  0.2687223217E-02  0.2897451385    
  0.2696346505E-02  0.3115240024    
  0.2705469794E-02  0.3287122883    
  0.2714593083E-02  0.3438730592    
  0.2723716371E-02  0.3557458795    
  0.2732839660E-02  0.3875386709    
  0.2741962949E-02  0.4425657908    
  0.2751086238E-02  0.5141714383    
  0.2760209526E-02  0.5795034051    
  0.2769332815E-02  0.6445425149    
  0.2778456104E-02  0.7069513399    
  0.2787579392E-02  0.7950626329    
  0.2796702681E-02  0.8979412448    
  0.2805825970E-02  0.9809422116    
  0.2814949258E-02   1.030771986    
  0.2824072547E-02   1.023910284    
  0.2833195836E-02   1.020301863    
  0.2842319125E-02   1.011043855    
  0.2851442413E-02   1.010291397    
  0.2860565702E-02   1.014432895    
  0.2869688991E-02  0.9873274875    
  0.2878812279E-02  0.9879297933    
  0.2887935568E-02  0.9733608152    
  0.2897058857E-02  0.9686442055    
  0.2906182145E-02  0.9347056869    
  0.2915305434E-02  0.9301351098    
  0.2924428723E-02  0.9116659896    
  0.2933552012E-02  0.8871854023    
  0.2942675300E-02  0.8647887906    
  0.2951798589E-02  0.8516750782    
  0.2960921878E-02  0.8438738713    
  0.2970045166E-02  0.8033991181    
  0.2979168455E-02  0.7919974172    
  0.2988291744E-02  0.7693969736    
  0.2997415032E-02  0.7386356487    
  0.3006538321E-02  0.6856870914    
  0.3015661610E-02  0.6410720991    
  0.3024784899E-02  0.6073065971    
  0.3033908187E-02  0.5854578783    
  0.3043031476E-02  0.5588980700    
  0.3052154765E-02  0.5302205380    
  0.3061278053E-02  0.5117847164    
  0.3070401342E-02  0.4803588008    
  0.3079524631E-02  0.4655123740    
  0.3088647919E-02  0.4298229907    
  0.3097771208E-02  0.4331659634    
  0.3106894497E-02  0.4039686508    
  0.3116017786E-02  0.4051005950    
  0.3125141074E-02  0.3753070185    
  0.3134264363E-02  0.3722814090    
  0.3143387652E-02  0.3609964524    
  0.3152510940E-02  0.3611282012    
  0.3161634229E-02  0.3535765386    
  0.3170757518E-02  0.3338646218    
  0.3179880806E-02  0.3148368351    
  0.3189004095E-02  0.2942960966    
  0.3198127384E-02  0.2810099936    
  0.3207250673E-02  0.2664910479    
  0.3216373961E-02  0.2637409388    
  0.3225497250E-02  0.2575735347    
  0.3234620539E-02  0.2533268337    
  0.3243743827E-02  0.2479757214    
  0.3252867116E-02  0.2506620634    
  0.3261990405E-02  0.2526164537    
  0.3271113693E-02  0.2534723935    
  0.3280236982E-02  0.2500426306    
  0.3289360271E-02  0.2470975801    
  0.3298483560E-02  0.2419790098    
  0.3307606848E-02  0.2416086251    
  0.3316730137E-02  0.2388507586    
  0.3325853426E-02  0.2395869130    
  0.3334976714E-02  0.2323399745    
  0.3344100003E-02  0.2297672011    
  0.3353223292E-02  0.2226733771    
  0.3362346580E-02  0.2198927879    
  0.3371469869E-02  0.2116851747    
  0.3380593158E-02  0.2055806365    
  0.3389716447E-02  0.1948602459    
  0.3398839735E-02  0.1908988048    
  0.3407963024E-02  0.1851663531    
  0.3417086313E-02  0.1823440819    
  0.3426209601E-02  0.1786887379    
  0.3435332890E-02  0.1774115557    
  0.3444456179E-02  0.1745873411    
  0.3453579467E-02  0.1730332907    
  0.3462702756E-02  0.1705453545    
  0.3471826045E-02  0.1717405472    
  0.3480949333E-02  0.1715059216    
  0.3490072622E-02  0.1749061427    
  0.3499195911E-02  0.1731773946    
  0.3508319200E-02  0.1698267652    
  0.3517442488E-02  0.1619112873    
  0.3526565777E-02  0.1572107379    
  0.3535689066E-02  0.1521480547    
  0.3544812354E-02  0.1482635324    
  0.3553935643E-02  0.1440336238    
  0.3563058932E-02  0.1366832021    
  0.3572182220E-02  0.1256263027    
  0.3581305509E-02  0.1110548939    
  0.3590428798E-02  0.9660716608E-01
  0.3599552087E-02  0.8307975284E-01
  0.3608675375E-02  0.6665228245E-01
  0.3617798664E-02  0.5141548943E-01
  0.3626921953E-02  0.3784625979E-01
  0.3636045241E-02  0.3111226278E-01
  0.3645168530E-02  0.2702181172E-01
  0.3654291819E-02  0.2476764021E-01
  0.3663415107E-02  0.2232836457E-01
  0.3672538396E-02  0.2002333499E-01
  0.3681661685E-02  0.1758648623E-01
  0.3690784974E-02  0.1546779628E-01
  0.3699908262E-02  0.1374908376E-01
  0.3709031551E-02  0.1224350433E-01
  0.3718154840E-02  0.1129412170E-01
  0.3727278128E-02  0.1047698716E-01
  0.3736401417E-02  0.9709750383E-02
  0.3745524706E-02  0.9220106380E-02
  0.3754647994E-02  0.8475239978E-02
  0.3763771283E-02  0.8083262571E-02
  0.3772894572E-02  0.7485656106E-02
  0.3782017861E-02  0.6966268304E-02
  0.3791141149E-02  0.6514984231E-02
  0.3800264438E-02  0.6073126968E-02
  0.3809387727E-02  0.5705356347E-02
  0.3818511015E-02  0.5371075660E-02
  0.3827634304E-02  0.4941970565E-02
  0.3836757593E-02  0.4695581581E-02
  0.3845880881E-02  0.4459457983E-02
  0.3855004170E-02  0.4124747788E-02
  0.3864127459E-02  0.3947564545E-02
  0.3873250748E-02  0.3621481770E-02
  0.3882374036E-02  0.3474773004E-02
  0.3891497325E-02  0.3203186001E-02
  0.3900620614E-02  0.2932512508E-02
  0.3909743902E-02  0.2688358038E-02
  0.3918867191E-02  0.2448098631E-02
  0.3927990480E-02  0.2270369138E-02
  0.3937113768E-02  0.2132188814E-02
  0.3946237057E-02  0.2010125838E-02
  0.3955360346E-02  0.1835644548E-02
  0.3964483635E-02  0.1651897324E-02
  0.3973606923E-02  0.1383488282E-02
  0.3982730212E-02  0.1129547588E-02
  0.3991853501E-02  0.8606029585E-03
  0.4000976789E-02  0.6469853584E-03
  0.4010100078E-02  0.4612794374E-03
  0.4019223367E-02  0.2615786762E-03
  0.4028346655E-02  0.1128616003E-03
  0.4037469944E-02  0.2003427351E-04
  0.4046593233E-02   0.000000000    
  0.4055716522E-02   0.000000000    
  0.4064839810E-02   0.000000000    
  0.4073963099E-02   0.000000000    
  0.4083086388E-02   0.000000000    
  0.4092209676E-02   0.000000000    
  0.4101332965E-02   0.000000000    
  0.4110456254E-02   0.000000000    
  0.4119579542E-02   0.000000000    
  0.4128702831E-02   0.000000000    
  0.4137826120E-02   0.000000000    
