 -0.4146949408E-03   0.000000000    
 -0.4055716522E-03   0.000000000    
 -0.3964483635E-03   0.000000000    
 -0.3873250748E-03   0.000000000    
 -0.3782017861E-03  0.5845845187    
 -0.3690784974E-03   2.630630334    
 -0.3599552087E-03   5.042041474    
 -0.3508319200E-03   7.599598744    
 -0.3417086313E-03   8.184183262    
 -0.3325853426E-03   10.23022908    
 -0.3234620539E-03   10.88788666    
 -0.3143387652E-03   11.18017892    
 -0.3052154765E-03   11.10710586    
 -0.2960921878E-03   12.56856715    
 -0.2869688991E-03   14.83383216    
 -0.2778456104E-03   14.24924764    
 -0.2687223217E-03   12.93393248    
 -0.2595990330E-03   10.59559440    
 -0.2504757443E-03   10.52252134    
 -0.2413524556E-03   11.83783650    
 -0.2322291669E-03   14.17617458    
 -0.2231058782E-03   14.24924764    
 -0.2139825895E-03   12.93393248    
 -0.2048593008E-03   12.20320183    
 -0.1957360121E-03   13.22622474    
 -0.1866127234E-03   14.46846684    
 -0.1774894347E-03   14.17617458    
 -0.1683661460E-03   13.95695539    
 -0.1592428573E-03   13.08007861    
 -0.1501195686E-03   12.86085941    
 -0.1409962799E-03   12.20320183    
 -0.1318729912E-03   11.39939812    
 -0.1227497025E-03   10.30330214    
 -0.1136264138E-03   9.353352300    
 -0.1045031251E-03   9.426425365    
 -0.9537983640E-04   9.572571495    
 -0.8625654770E-04   9.499498430    
 -0.7713325900E-04   8.111110198    
 -0.6800997030E-04   7.307306484    
 -0.5888668160E-04   6.503502771    
 -0.4976339290E-04   6.247747044    
 -0.4064010420E-04   5.590089461    
 -0.3151681550E-04   4.786285747    
 -0.2239352681E-04   3.434434048    
 -0.1327023811E-04   2.374874607    
 -0.4146949408E-05   1.278778635    
  0.4976339290E-05   1.205705570    
  0.1409962799E-04   1.899899686    
  0.2322291669E-04   3.617116710    
  0.3234620539E-04   5.918918252    
  0.4146949408E-04   7.818817938    
  0.5059278278E-04   9.097596573    
  0.5971607148E-04   10.23022908    
  0.6883936018E-04   10.92442319    
  0.7796264888E-04   13.81080926    
  0.8708593758E-04   17.39138943    
  0.9620922628E-04   19.47397178    
  0.1053325150E-03   22.06806558    
  0.1144558037E-03   24.51601326    
  0.1235790924E-03   27.65815504    
  0.1327023811E-03   29.63112779    
  0.1418256698E-03   28.97347021    
  0.1509489585E-03   32.91941571    
  0.1600722472E-03   35.62311911    
  0.1691955359E-03   38.76526090    
  0.1783188246E-03   40.62862405    
  0.1874421133E-03   43.07657173    
  0.1965654020E-03   48.41090546    
  0.2056886907E-03   53.19719121    
  0.2148119794E-03   56.96045405    
  0.2239352681E-03   59.51801132    
  0.2330585568E-03   59.91991317    
  0.2421818455E-03   63.64663948    
  0.2513051342E-03   67.70219458    
  0.2604284229E-03   71.83082274    
  0.2695517116E-03   73.94994162    
  0.2786750003E-03   78.62661777    
  0.2877982889E-03   83.12061126    
  0.2969215776E-03   86.22621652    
  0.3060448663E-03   87.72421434    
  0.3151681550E-03   94.19118058    
  0.3242914437E-03   100.5120007    
  0.3334147324E-03   107.8193072    
  0.3425380211E-03   112.1306180    
  0.3516613098E-03   116.1131000    
  0.3607845985E-03   118.0495363    
  0.3699078872E-03   120.6070935    
  0.3790311759E-03   121.8493356    
  0.3881544646E-03   131.3853706    
  0.3972777533E-03   139.0945789    
  0.4064010420E-03   146.9133969    
  0.4155243307E-03   148.2287120    
  0.4246476194E-03   152.6130959    
  0.4337709081E-03   163.3548365    
  0.4428941968E-03   169.9314123    
  0.4520174855E-03   172.9274080    
  0.4611407742E-03   177.8233033    
  0.4702640629E-03   188.2362150    
  0.4793873516E-03   195.6165946    
  0.4885106403E-03   196.8953732    
  0.4976339290E-03   201.1336110    
  0.5067572177E-03   210.2312076    
  0.5158805064E-03   225.1015763    
  0.5250037951E-03   230.2532273    
  0.5341270838E-03   239.6065796    
  0.5432503725E-03   245.5620344    
  0.5523736612E-03   252.5039756    
  0.5614969499E-03   256.3768480    
  0.5706202386E-03   263.0995700    
  0.5797435273E-03   277.4218907    
  0.5888668160E-03   291.1961634    
  0.5979901047E-03   299.6361024    
  0.6071133934E-03   310.0490141    
  0.6162366821E-03   315.1641287    
  0.6253599708E-03   323.6040677    
  0.6344832595E-03   326.8923556    
  0.6436065482E-03   341.7261877    
  0.6527298369E-03   360.9444038    
  0.6618531256E-03   377.7877452    
  0.6709764143E-03   387.5064629    
  0.6800997030E-03   392.7311870    
  0.6892229917E-03   400.8422972    
  0.6983462804E-03   412.6801337    
  0.7074695691E-03   430.6561077    
  0.7165928578E-03   450.8608101    
  0.7257161465E-03   468.3983456    
  0.7348394352E-03   479.1766227    
  0.7439627239E-03   494.1566010    
  0.7530860126E-03   505.4829261    
  0.7622093013E-03   521.6686099    
  0.7713325900E-03   544.6500888    
  0.7804558787E-03   571.4679036    
  0.7895791674E-03   601.1355679    
  0.7987024561E-03   616.9193499    
  0.8078257448E-03   636.1375660    
  0.8169490335E-03   659.9228486    
  0.8260723222E-03   686.5214442    
  0.8351956109E-03   716.0794989    
  0.8443188996E-03   738.1475645    
  0.8534421883E-03   759.6310456    
  0.8625654770E-03   787.4718833    
  0.8716887657E-03   814.3993077    
  0.8808120544E-03   853.2011051    
  0.8899353431E-03   890.4318317    
  0.8990586318E-03   909.4308285    
  0.9081819205E-03   929.4893848    
  0.9173052092E-03   936.7236182    
  0.9264284979E-03   960.4358278    
  0.9355517866E-03   976.0369271    
  0.9446750753E-03   992.2226110    
  0.9537983640E-03   1013.779165    
  0.9629216527E-03   1040.048932    
  0.9720449414E-03   1067.049429    
  0.9811682300E-03   1100.918795    
  0.9902915187E-03   1126.640514    
  0.9994148074E-03   1163.652021    
  0.1008538096E-02   1178.631999    
  0.1017661385E-02   1225.873736    
  0.1026784674E-02   1259.231590    
  0.1035907962E-02   1310.419272    
  0.1045031251E-02   1350.755604    
  0.1054154540E-02   1394.489833    
  0.1063277828E-02   1449.586924    
  0.1072401117E-02   1502.053384    
  0.1081524406E-02   1570.340163    
  0.1090647694E-02   1640.453769    
  0.1099770983E-02   1706.511820    
  0.1108894272E-02   1791.386185    
  0.1118017561E-02   1883.714002    
  0.1127140849E-02   1986.673950    
  0.1136264138E-02   2094.931696    
  0.1145387427E-02   2216.707959    
  0.1154510715E-02   2337.790027    
  0.1163634004E-02   2499.975694    
  0.1172757293E-02   2657.484686    
  0.1181880581E-02   2873.525202    
  0.1191003870E-02   3173.855498    
  0.1200127159E-02   3556.246847    
  0.1209250448E-02   3958.148703    
  0.1218373736E-02   4295.161678    
  0.1227497025E-02   4625.159639    
  0.1236620314E-02   4988.259698    
  0.1245743602E-02   5389.869263    
  0.1254866891E-02   5856.879220    
  0.1263990180E-02   6416.143922    
  0.1273113468E-02   7147.276472    
  0.1282236757E-02   8243.737810    
  0.1291360046E-02   9605.381301    
  0.1300483335E-02   11019.74701    
  0.1309606623E-02   11685.29648    
  0.1318729912E-02   11498.96017    
  0.1327853201E-02   10683.09940    
  0.1336976489E-02   10218.09895    
  0.1346099778E-02   10759.89919    
  0.1355223067E-02   10437.24507    
  0.1364346355E-02   8525.507548    
  0.1373469644E-02   5732.362718    
  0.1382592933E-02   4205.318345    
  0.1391716221E-02   4464.362360    
  0.1400839510E-02   5116.502927    
  0.1409962799E-02   5514.568448    
  0.1419086088E-02   5327.537939    
  0.1428209376E-02   4851.174629    
  0.1437332665E-02   4437.909911    
  0.1446455954E-02   4314.379895    
  0.1455579242E-02   4464.289287    
  0.1464702531E-02   4974.960401    
  0.1473825820E-02   6069.923741    
  0.1482949108E-02   7116.256956    
  0.1492072397E-02   7775.449074    
  0.1501195686E-02   7811.839461    
  0.1510318975E-02   7542.565217    
  0.1519442263E-02   7040.041750    
  0.1528565552E-02   6348.259045    
  0.1537688841E-02   5585.193565    
  0.1546812129E-02   4809.376836    
  0.1555935418E-02   3991.031583    
  0.1565058707E-02   3262.931564    
  0.1574181995E-02   2702.388084    
  0.1583305284E-02   2199.901154    
  0.1592428573E-02   1656.822136    
  0.1601551862E-02   1303.294648    
  0.1610675150E-02   1228.833195    
  0.1619798439E-02   1465.516852    
  0.1628921728E-02   1718.386193    
  0.1638045016E-02   1899.899686    
  0.1647168305E-02   2067.419687    
  0.1656291594E-02   2236.620369    
  0.1665414882E-02   2425.696924    
  0.1674538171E-02   2672.428127    
  0.1683661460E-02   3004.325988    
  0.1692784749E-02   3532.534637    
  0.1701908037E-02   4116.790327    
  0.1711031326E-02   4447.409409    
  0.1720154615E-02   4233.743767    
  0.1729277903E-02   3744.884964    
  0.1738401192E-02   3333.447072    
  0.1747524481E-02   3231.327464    
  0.1756647769E-02   3263.443076    
  0.1765771058E-02   3318.795923    
  0.1774894347E-02   3384.853973    
  0.1784017636E-02   3501.990096    
  0.1793140924E-02   3648.391982    
  0.1802264213E-02   3629.758350    
  0.1811387502E-02   3399.760878    
  0.1820510790E-02   3120.256405    
  0.1829634079E-02   2921.680352    
  0.1838757368E-02   2854.343522    
  0.1847880656E-02   2803.484669    
  0.1857003945E-02   2788.760447    
  0.1866127234E-02   2775.022711    
  0.1875250523E-02   2774.291980    
  0.1884373811E-02   2781.745432    
  0.1893497100E-02   2790.623810    
  0.1902620389E-02   2780.430117    
  0.1911743677E-02   2789.491177    
  0.1920866966E-02   2774.840028    
  0.1929990255E-02   2804.617302    
  0.1939113543E-02   2774.840028    
  0.1948236832E-02   2762.965655    
  0.1957360121E-02   2728.986680    
  0.1966483410E-02   2766.400089    
  0.1975606698E-02   2774.547736    
  0.1984729987E-02   2812.911095    
  0.1993853276E-02   2808.599784    
  0.2002976564E-02   2870.931108    
  0.2012099853E-02   2923.214886    
  0.2021223142E-02   2977.471637    
  0.2030346430E-02   3032.349508    
  0.2039469719E-02   3110.464615    
  0.2048593008E-02   3226.796934    
  0.2057716296E-02   3349.596219    
  0.2066839585E-02   3575.647745    
  0.2075962874E-02   3971.667220    
  0.2085086163E-02   4139.150685    
  0.2094209451E-02   4077.111653    
  0.2103332740E-02   3726.908990    
  0.2112456029E-02   3561.435034    
  0.2121579317E-02   3562.092692    
  0.2130702606E-02   3713.536619    
  0.2139825895E-02   3854.458024    
  0.2148949183E-02   3775.539114    
  0.2158072472E-02   3499.688295    
  0.2167195761E-02   3190.771913    
  0.2176319050E-02   2909.148321    
  0.2185442338E-02   2710.024219    
  0.2194565627E-02   2524.418635    
  0.2203688916E-02   2356.533268    
  0.2212812204E-02   2227.632382    
  0.2221935493E-02   2117.584346    
  0.2231058782E-02   2057.993262    
  0.2240182070E-02   2043.232503    
  0.2249305359E-02   2045.570841    
  0.2258428648E-02   2067.785052    
  0.2267551937E-02   2095.735500    
  0.2276675225E-02   2128.362623    
  0.2285798514E-02   2179.221476    
  0.2294921803E-02   2249.408155    
  0.2304045091E-02   2275.385630    
  0.2313168380E-02   2341.480217    
  0.2322291669E-02   2349.554790    
  0.2331414957E-02   2431.104331    
  0.2340538246E-02   2472.427149    
  0.2349661535E-02   2543.381095    
  0.2358784824E-02   2593.363071    
  0.2367908112E-02   2654.671373    
  0.2377031401E-02   2726.209903    
  0.2386154690E-02   2733.882575    
  0.2395277978E-02   2783.608796    
  0.2404401267E-02   2854.818497    
  0.2413524556E-02   2978.713879    
  0.2422647844E-02   3029.024684    
  0.2431771133E-02   3005.604767    
  0.2440894422E-02   2908.417590    
  0.2450017711E-02   2767.313502    
  0.2459140999E-02   2675.935635    
  0.2468264288E-02   2591.792000    
  0.2477387577E-02   2544.148362    
  0.2486510865E-02   2479.734455    
  0.2495634154E-02   2420.654883    
  0.2504757443E-02   2424.308536    
  0.2513880731E-02   2394.385116    
  0.2523004020E-02   2403.555785    
  0.2532127309E-02   2331.615353    
  0.2541250598E-02   2264.351597    
  0.2550373886E-02   2273.303047    
  0.2559497175E-02   2249.956203    
  0.2568620464E-02   2313.493233    
  0.2577743752E-02   2178.052307    
  0.2586867041E-02   2224.453703    
  0.2595990330E-02   2113.857620    
  0.2605113618E-02   2212.615867    
  0.2614236907E-02   2113.199962    
  0.2623360196E-02   2166.397153    
  0.2632483485E-02   2055.801070    
  0.2641606773E-02   2094.054819    
  0.2650730062E-02   2084.664930    
  0.2659853351E-02   2126.024285    
  0.2668976639E-02   2117.474737    
  0.2678099928E-02   2075.055822    
  0.2687223217E-02   2082.655421    
  0.2696346505E-02   2078.636403    
  0.2705469794E-02   2089.926191    
  0.2714593083E-02   2096.283548    
  0.2723716371E-02   2109.363626    
  0.2732839660E-02   2134.171932    
  0.2741962949E-02   2180.134890    
  0.2751086238E-02   2226.390140    
  0.2760209526E-02   2250.796543    
  0.2769332815E-02   2265.411156    
  0.2778456104E-02   2289.525268    
  0.2787579392E-02   2362.379113    
  0.2796702681E-02   2428.254481    
  0.2805825970E-02   2491.389609    
  0.2814949258E-02   2515.321038    
  0.2824072547E-02   2530.191407    
  0.2833195836E-02   2558.324537    
  0.2842319125E-02   2586.530740    
  0.2851442413E-02   2600.341549    
  0.2860565702E-02   2646.560263    
  0.2869688991E-02   2719.012206    
  0.2878812279E-02   2848.424604    
  0.2887935568E-02   2908.563737    
  0.2897058857E-02   2934.248919    
  0.2906182145E-02   2846.999679    
  0.2915305434E-02   2706.955151    
  0.2924428723E-02   2540.969684    
  0.2933552012E-02   2391.681412    
  0.2942675300E-02   2299.718960    
  0.2951798589E-02   2211.446698    
  0.2960921878E-02   2139.871631    
  0.2970045166E-02   2073.886653    
  0.2979168455E-02   2018.241514    
  0.2988291744E-02   1962.340620    
  0.2997415032E-02   1920.469754    
  0.3006538321E-02   1894.309596    
  0.3015661610E-02   1892.153941    
  0.3024784899E-02   1863.984275    
  0.3033908187E-02   1874.287577    
  0.3043031476E-02   1883.165954    
  0.3052154765E-02   1918.752537    
  0.3061278053E-02   1929.786569    
  0.3070401342E-02   1961.390670    
  0.3079524631E-02   2041.369139    
  0.3088647919E-02   2095.479744    
  0.3097771208E-02   2205.162414    
  0.3106894497E-02   2244.585333    
  0.3116017786E-02   2338.301538    
  0.3125141074E-02   2383.058791    
  0.3134264363E-02   2448.714939    
  0.3143387652E-02   2435.159886    
  0.3152510940E-02   2330.519257    
  0.3161634229E-02   2240.566314    
  0.3170757518E-02   2190.218973    
  0.3179880806E-02   2201.070323    
  0.3189004095E-02   2193.909162    
  0.3198127384E-02   2199.170423    
  0.3207250673E-02   2200.631884    
  0.3216373961E-02   2217.219470    
  0.3225497250E-02   2227.961211    
  0.3234620539E-02   2226.061311    
  0.3243743827E-02   2234.537786    
  0.3252867116E-02   2240.529778    
  0.3261990405E-02   2288.758001    
  0.3271113693E-02   2299.061303    
  0.3280236982E-02   2312.177918    
  0.3289360271E-02   2322.481220    
  0.3298483560E-02   2358.250485    
  0.3307606848E-02   2495.993212    
  0.3316730137E-02   2679.004703    
  0.3325853426E-02   2839.290471    
  0.3334976714E-02   2910.171344    
  0.3344100003E-02   2940.496666    
  0.3353223292E-02   2971.114280    
  0.3362346580E-02   3030.961120    
  0.3371469869E-02   3047.073731    
  0.3380593158E-02   3065.341997    
  0.3389716447E-02   3025.590250    
  0.3398839735E-02   3060.153810    
  0.3407963024E-02   3086.825478    
  0.3417086313E-02   3166.548192    
  0.3426209601E-02   3257.268402    
  0.3435332890E-02   3397.605223    
  0.3444456179E-02   3520.660264    
  0.3453579467E-02   3638.490581    
  0.3462702756E-02   3740.683262    
  0.3471826045E-02   3838.126194    
  0.3480949333E-02   3975.576629    
  0.3490072622E-02   4121.978515    
  0.3499195911E-02   4128.153189    
  0.3508319200E-02   4010.542091    
  0.3517442488E-02   3816.386958    
  0.3526565777E-02   3759.499577    
  0.3535689066E-02   3705.754337    
  0.3544812354E-02   3703.817901    
  0.3553935643E-02   3687.559144    
  0.3563058932E-02   3634.142734    
  0.3572182220E-02   3501.222829    
  0.3581305509E-02   3287.922553    
  0.3590428798E-02   3069.616771    
  0.3599552087E-02   2884.888063    
  0.3608675375E-02   2646.706409    
  0.3617798664E-02   2454.414639    
  0.3626921953E-02   2265.630375    
  0.3636045241E-02   2214.954205    
  0.3645168530E-02   2207.902654    
  0.3654291819E-02   2282.692936    
  0.3663415107E-02   2274.143388    
  0.3672538396E-02   2152.038296    
  0.3681661685E-02   1925.548332    
  0.3690784974E-02   1647.432247    
  0.3699908262E-02   1351.632480    
  0.3709031551E-02   1074.320199    
  0.3718154840E-02   903.9868852    
  0.3727278128E-02   832.1560624    
  0.3736401417E-02   789.0064176    
  0.3745524706E-02   769.2036171    
  0.3754647994E-02   734.3112286    
  0.3763771283E-02   718.0159352    
  0.3772894572E-02   688.9693919    
  0.3782017861E-02   662.6996251    
  0.3791141149E-02   638.2566849    
  0.3800264438E-02   620.8287589    
  0.3809387727E-02   601.3182506    
  0.3818511015E-02   583.0865209    
  0.3827634304E-02   553.7842219    
  0.3836757593E-02   537.8542938    
  0.3845880881E-02   524.0069480    
  0.3855004170E-02   499.1255694    
  0.3864127459E-02   489.6991441    
  0.3873250748E-02   467.0099574    
  0.3882374036E-02   459.6295779    
  0.3891497325E-02   441.3247751    
  0.3900620614E-02   426.5274795    
  0.3909743902E-02   411.6936473    
  0.3918867191E-02   396.0925480    
  0.3927990480E-02   381.8067638    
  0.3937113768E-02   368.6536121    
  0.3946237057E-02   359.5925521    
  0.3955360346E-02   342.4203819    
  0.3964483635E-02   326.4173807    
  0.3973606923E-02   290.3923597    
  0.3982730212E-02   252.2482198    
  0.3991853501E-02   208.8793559    
  0.4000976789E-02   171.1371179    
  0.4010100078E-02   134.3082932    
  0.4019223367E-02   82.17066142    
  0.4028346655E-02   37.92492065    
  0.4037469944E-02   7.088087290    
  0.4046593233E-02   0.000000000    
  0.4055716522E-02   0.000000000    
  0.4064839810E-02   0.000000000    
  0.4073963099E-02   0.000000000    
  0.4083086388E-02   0.000000000    
  0.4092209676E-02   0.000000000    
  0.4101332965E-02   0.000000000    
  0.4110456254E-02   0.000000000    
  0.4119579542E-02   0.000000000    
  0.4128702831E-02   0.000000000    
  0.4137826120E-02   0.000000000    
