 -0.3676951211E-04   0.000000000    
 -0.3596058284E-04   0.000000000    
 -0.3515165358E-04   0.000000000    
 -0.3434272431E-04   0.000000000    
 -0.3353379504E-04   0.000000000    
 -0.3272486578E-04   0.000000000    
 -0.3191593651E-04   0.000000000    
 -0.3110700725E-04   0.000000000    
 -0.3029807798E-04   0.000000000    
 -0.2948914871E-04   0.000000000    
 -0.2868021945E-04   0.000000000    
 -0.2787129018E-04   0.000000000    
 -0.2706236091E-04   0.000000000    
 -0.2625343165E-04   0.000000000    
 -0.2544450238E-04   0.000000000    
 -0.2463557311E-04   0.000000000    
 -0.2382664385E-04   0.000000000    
 -0.2301771458E-04   0.000000000    
 -0.2220878531E-04   0.000000000    
 -0.2139985605E-04   0.000000000    
 -0.2059092678E-04   0.000000000    
 -0.1978199752E-04   0.000000000    
 -0.1897306825E-04   0.000000000    
 -0.1816413898E-04   0.000000000    
 -0.1735520972E-04   0.000000000    
 -0.1654628045E-04   0.000000000    
 -0.1573735118E-04   0.000000000    
 -0.1492842192E-04   0.000000000    
 -0.1411949265E-04   0.000000000    
 -0.1331056338E-04   0.000000000    
 -0.1250163412E-04   0.000000000    
 -0.1169270485E-04   0.000000000    
 -0.1088377558E-04   0.000000000    
 -0.1007484632E-04   0.000000000    
 -0.9265917052E-05   0.000000000    
 -0.8456987785E-05   0.000000000    
 -0.7648058519E-05   0.000000000    
 -0.6839129253E-05   0.000000000    
 -0.6030199986E-05   0.000000000    
 -0.5221270720E-05   0.000000000    
 -0.4412341453E-05   0.000000000    
 -0.3603412187E-05   0.000000000    
 -0.2794482920E-05   0.000000000    
 -0.1985553654E-05   0.000000000    
 -0.1176624388E-05  0.9449296139E-34
 -0.3676951211E-06  0.9449296139E-34
  0.4412341453E-06  0.9449296139E-34
  0.1250163412E-05   0.000000000    
  0.2059092678E-05   0.000000000    
  0.2868021945E-05   0.000000000    
  0.3676951211E-05  0.1271576402E-08
  0.4485880477E-05  0.5517778063E-08
  0.5294809744E-05  0.5517778063E-08
  0.6103739010E-05  0.4246201661E-08
  0.6912668277E-05  0.4025466980E-08
  0.7721597543E-05  0.1087326668E-07
  0.8530526810E-05  0.8513967300E-07
  0.9339456076E-05  0.9268436776E-07
  0.1014838534E-04  0.1899608995E-06
  0.1095731461E-04  0.1754159728E-06
  0.1176624388E-04  0.2748928049E-06
  0.1257517314E-04  0.4901579966E-06
  0.1338410241E-04  0.1096441933E-05
  0.1419303167E-04  0.9863410526E-06
  0.1500196094E-04  0.1662692145E-05
  0.1581089021E-04  0.2106305984E-05
  0.1661981947E-04  0.2245755800E-05
  0.1742874874E-04  0.3727909640E-05
  0.1823767801E-04  0.5955295749E-05
  0.1904660727E-04  0.8583947013E-05
  0.1985553654E-04  0.7631633101E-05
  0.2066446581E-04  0.8955876936E-05
  0.2147339507E-04  0.1071157166E-04
  0.2228232434E-04  0.1723810392E-04
  0.2309125361E-04  0.2228750423E-04
  0.2390018287E-04  0.2955175555E-04
  0.2470911214E-04  0.2675707063E-04
  0.2551804140E-04  0.3159828775E-04
  0.2632697067E-04  0.4324746355E-04
  0.2713589994E-04  0.5532575357E-04
  0.2794482920E-04  0.7113541270E-04
  0.2875375847E-04  0.6528271666E-04
  0.2956268774E-04  0.6861668660E-04
  0.3037161700E-04  0.1050891487E-03
  0.3118054627E-04  0.1288490401E-03
  0.3198947554E-04  0.1467378254E-03
  0.3279840480E-04  0.1396489898E-03
  0.3360733407E-04  0.1579001415E-03
  0.3441626334E-04  0.2120013225E-03
  0.3522519260E-04  0.2621350502E-03
  0.3603412187E-04  0.3128960695E-03
  0.3684305113E-04  0.3094942356E-03
  0.3765198040E-04  0.2933876430E-03
  0.3846090967E-04  0.3958837732E-03
  0.3926983893E-04  0.4308302977E-03
  0.4007876820E-04  0.5788934329E-03
  0.4088769747E-04  0.5468781799E-03
  0.4169662673E-04  0.6364106668E-03
  0.4250555600E-04  0.6809142160E-03
  0.4331448527E-04  0.8313043975E-03
  0.4412341453E-04  0.8987781261E-03
  0.4493234380E-04  0.9469151321E-03
  0.4574127307E-04  0.9862481825E-03
  0.4655020233E-04  0.1245092070E-02
  0.4735913160E-04  0.1328056544E-02
  0.4816806086E-04  0.1434312131E-02
  0.4897699013E-04  0.1496424196E-02
  0.4978591940E-04  0.1711216217E-02
  0.5059484866E-04  0.1947372171E-02
  0.5140377793E-04  0.2225769023E-02
  0.5221270720E-04  0.2272611436E-02
  0.5302163646E-04  0.2413440643E-02
  0.5383056573E-04  0.2544829691E-02
  0.5463949500E-04  0.3105072132E-02
  0.5544842426E-04  0.3251424827E-02
  0.5625735353E-04  0.3561594167E-02
  0.5706628280E-04  0.3683698586E-02
  0.5787521206E-04  0.4240093712E-02
  0.5868414133E-04  0.4327707962E-02
  0.5949307059E-04  0.4939293237E-02
  0.6030199986E-04  0.5234904089E-02
  0.6111092913E-04  0.5718570073E-02
  0.6191985839E-04  0.6073486662E-02
  0.6272878766E-04  0.6578062441E-02
  0.6353771693E-04  0.7181906107E-02
  0.6434664619E-04  0.7596015328E-02
  0.6515557546E-04  0.8212095816E-02
  0.6596450473E-04  0.8794368801E-02
  0.6677343399E-04  0.9732209080E-02
  0.6758236326E-04  0.1031309318E-01
  0.6839129253E-04  0.1082273332E-01
  0.6920022179E-04  0.1167414778E-01
  0.7000915106E-04  0.1253894918E-01
  0.7081808032E-04  0.1338951226E-01
  0.7162700959E-04  0.1450405805E-01
  0.7243593886E-04  0.1590981505E-01
  0.7324486812E-04  0.1751891830E-01
  0.7405379739E-04  0.1719587485E-01
  0.7486272666E-04  0.1956057113E-01
  0.7567165592E-04  0.2081204687E-01
  0.7648058519E-04  0.2323499588E-01
  0.7728951446E-04  0.2446333871E-01
  0.7809844372E-04  0.2642681748E-01
  0.7890737299E-04  0.2821853881E-01
  0.7971630226E-04  0.3182467873E-01
  0.8052523152E-04  0.3607935352E-01
  0.8133416079E-04  0.4577873662E-01
  0.8214309005E-04  0.5509802386E-01
  0.8295201932E-04  0.6893477683E-01
  0.8376094859E-04  0.7693009076E-01
  0.8456987785E-04  0.8614821961E-01
  0.8537880712E-04  0.9128146082E-01
  0.8618773639E-04  0.9469198096E-01
  0.8699666565E-04  0.9733108981E-01
  0.8780559492E-04  0.9927244134E-01
  0.8861452419E-04  0.1051747250    
  0.8942345345E-04  0.1117489051    
  0.9023238272E-04  0.1193480664    
  0.9104131199E-04  0.1269377244    
  0.9185024125E-04  0.1337025368    
  0.9265917052E-04  0.1507301424    
  0.9346809978E-04  0.1642355704    
  0.9427702905E-04  0.1805405269    
  0.9508595832E-04  0.1889606022    
  0.9589488758E-04  0.2007469547    
  0.9670381685E-04  0.2017099359    
  0.9751274612E-04  0.2031194906    
  0.9832167538E-04  0.2056282837    
  0.9913060465E-04  0.2091154681    
  0.9993953392E-04  0.2096887846    
  0.1007484632E-03  0.2094539244    
  0.1015573924E-03  0.2078197347    
  0.1023663217E-03  0.2169256989    
  0.1031752510E-03  0.2170379097    
  0.1039841802E-03  0.2200753053    
  0.1047931095E-03  0.2158726498    
  0.1056020388E-03  0.2161689851    
  0.1064109680E-03  0.2211723317    
  0.1072198973E-03  0.2252461614    
  0.1080288266E-03  0.2261213653    
  0.1088377558E-03  0.2279599236    
  0.1096466851E-03  0.2273864489    
  0.1104556144E-03  0.2317339886    
  0.1112645436E-03  0.2272272315    
  0.1120734729E-03  0.2287208682    
  0.1128824022E-03  0.2354452752    
  0.1136913314E-03  0.2381509313    
  0.1145002607E-03  0.2384657850    
  0.1153091900E-03  0.2335407091    
  0.1161181192E-03  0.2392655222    
  0.1169270485E-03  0.2422353363    
  0.1177359778E-03  0.2406812929    
  0.1185449070E-03  0.2410989255    
  0.1193538363E-03  0.2488484853    
  0.1201627656E-03  0.2553142509    
  0.1209716948E-03  0.2537758886    
  0.1217806241E-03  0.2513793487    
  0.1225895534E-03  0.2466598964    
  0.1233984826E-03  0.2571989254    
  0.1242074119E-03  0.2543666375    
  0.1250163412E-03  0.2652366738    
  0.1258252704E-03  0.2620330910    
  0.1266341997E-03  0.2669213102    
  0.1274431290E-03  0.2664844654    
  0.1282520582E-03  0.2685757309    
  0.1290609875E-03  0.2707249797    
  0.1298699168E-03  0.2708957529    
  0.1306788460E-03  0.2803272610    
  0.1314877753E-03  0.2788325665    
  0.1322967046E-03  0.2885086616    
  0.1331056338E-03  0.2844860955    
  0.1339145631E-03  0.2925684122    
  0.1347234924E-03  0.2936394168    
  0.1355324216E-03  0.2983179191    
  0.1363413509E-03  0.2978066228    
  0.1371502802E-03  0.3063532655    
  0.1379592094E-03  0.3074891937    
  0.1387681387E-03  0.3168607071    
  0.1395770680E-03  0.3163400841    
  0.1403859972E-03  0.3241651880    
  0.1411949265E-03  0.3272331741    
  0.1420038558E-03  0.3301205262    
  0.1428127850E-03  0.3345344360    
  0.1436217143E-03  0.3432994502    
  0.1444306436E-03  0.3531491801    
  0.1452395728E-03  0.3608297433    
  0.1460485021E-03  0.3630321815    
  0.1468574314E-03  0.3695908392    
  0.1476663606E-03  0.3783542228    
  0.1484752899E-03  0.3892847653    
  0.1492842192E-03  0.3971019837    
  0.1500931484E-03  0.4101594678    
  0.1509020777E-03  0.4195054863    
  0.1517110070E-03  0.4347834318    
  0.1525199362E-03  0.4421819772    
  0.1533288655E-03  0.4579721063    
  0.1541377948E-03  0.4657817811    
  0.1549467240E-03  0.4838887620    
  0.1557556533E-03  0.4992102502    
  0.1565645826E-03  0.5088206955    
  0.1573735118E-03  0.5389646800    
  0.1581824411E-03  0.5611034459    
  0.1589913704E-03  0.5890090122    
  0.1598002996E-03  0.5982304251    
  0.1606092289E-03  0.6115368184    
  0.1614181582E-03  0.6251532139    
  0.1622270874E-03  0.6172376522    
  0.1630360167E-03  0.6022158278    
  0.1638449460E-03  0.5976958831    
  0.1646538752E-03  0.6070006017    
  0.1654628045E-03  0.6092890139    
  0.1662717338E-03  0.6133973724    
  0.1670806630E-03  0.6069582870    
  0.1678895923E-03  0.6270579339    
  0.1686985216E-03  0.6318074042    
  0.1695074508E-03  0.6521783052    
  0.1703163801E-03  0.6523741595    
  0.1711253094E-03  0.6731674457    
  0.1719342386E-03  0.6852639476    
  0.1727431679E-03  0.7003268297    
  0.1735520972E-03  0.7128563892    
  0.1743610264E-03  0.7269569711    
  0.1751699557E-03  0.7497655786    
  0.1759788850E-03  0.7758008651    
  0.1767878142E-03  0.8113629641    
  0.1775967435E-03  0.8430780740    
  0.1784056728E-03  0.8600173944    
  0.1792146020E-03  0.8905065142    
  0.1800235313E-03  0.9393984971    
  0.1808324606E-03   1.009805007    
  0.1816413898E-03   1.069697079    
  0.1824503191E-03   1.070119450    
  0.1832592484E-03   1.018669684    
  0.1840681776E-03  0.9481734469    
  0.1848771069E-03  0.8956993676    
  0.1856860362E-03  0.8595506561    
  0.1864949654E-03  0.8197553573    
  0.1873038947E-03  0.8011922937    
  0.1881128240E-03  0.7804988965    
  0.1889217532E-03  0.7625830712    
  0.1897306825E-03  0.7450929157    
  0.1905396118E-03  0.7185628607    
  0.1913485410E-03  0.7077744818    
  0.1921574703E-03  0.7024859763    
  0.1929663996E-03  0.6939562958    
  0.1937753288E-03  0.6734616348    
  0.1945842581E-03  0.6435860809    
  0.1953931874E-03  0.6160179026    
  0.1962021166E-03  0.6019630772    
  0.1970110459E-03  0.5771656872    
  0.1978199752E-03  0.5732652489    
  0.1986289044E-03  0.5575834135    
  0.1994378337E-03  0.5417843486    
  0.2002467630E-03  0.5362717354    
  0.2010556922E-03  0.5188302861    
  0.2018646215E-03  0.5126047751    
  0.2026735508E-03  0.5032504094    
  0.2034824800E-03  0.5050254403    
  0.2042914093E-03  0.4970093018    
  0.2051003386E-03  0.4875411861    
  0.2059092678E-03  0.4729763157    
  0.2067181971E-03  0.4823012825    
  0.2075271264E-03  0.4710261835    
  0.2083360556E-03  0.4612314292    
  0.2091449849E-03  0.4515751124    
  0.2099539141E-03  0.4520572408    
  0.2107628434E-03  0.4492741854    
  0.2115717727E-03  0.4538258517    
  0.2123807019E-03  0.4397849723    
  0.2131896312E-03  0.4430781053    
  0.2139985605E-03  0.4329673938    
  0.2148074897E-03  0.4301490304    
  0.2156164190E-03  0.4243887542    
  0.2164253483E-03  0.4192891326    
  0.2172342775E-03  0.4282612053    
  0.2180432068E-03  0.4315413334    
  0.2188521361E-03  0.4214660066    
  0.2196610653E-03  0.4149111696    
  0.2204699946E-03  0.4093214054    
  0.2212789239E-03  0.4128443658    
  0.2220878531E-03  0.4113176824    
  0.2228967824E-03  0.4067863591    
  0.2237057117E-03  0.4084245704    
  0.2245146409E-03  0.4119081871    
  0.2253235702E-03  0.4081243973    
  0.2261324995E-03  0.4006862341    
  0.2269414287E-03  0.3937236243    
  0.2277503580E-03  0.3978957377    
  0.2285592873E-03  0.3988671903    
  0.2293682165E-03  0.4064580981    
  0.2301771458E-03  0.4093330390    
  0.2309860751E-03  0.4069129457    
  0.2317950043E-03  0.3980422788    
  0.2326039336E-03  0.4034784345    
  0.2334128629E-03  0.3978321925    
  0.2342217921E-03  0.4006889413    
  0.2350307214E-03  0.3966509954    
  0.2358396507E-03  0.3979763803    
  0.2366485799E-03  0.3955581594    
  0.2374575092E-03  0.3808557256    
  0.2382664385E-03  0.3853555095    
  0.2390753677E-03  0.3790739192    
  0.2398842970E-03  0.3810114425    
  0.2406932263E-03  0.3728280441    
  0.2415021555E-03  0.3681570478    
  0.2423110848E-03  0.3573614826    
  0.2431200141E-03  0.3484911132    
  0.2439289433E-03  0.3364580973    
  0.2447378726E-03  0.3224640029    
  0.2455468019E-03  0.3037696814    
  0.2463557311E-03  0.2994910323    
  0.2471646604E-03  0.2914065836    
  0.2479735897E-03  0.2861732601    
  0.2487825189E-03  0.2705403562    
  0.2495914482E-03  0.2651229503    
  0.2504003775E-03  0.2617272571    
  0.2512093067E-03  0.2634887908    
  0.2520182360E-03  0.2580257504    
  0.2528271653E-03  0.2525423485    
  0.2536360945E-03  0.2428373288    
  0.2544450238E-03  0.2415491484    
  0.2552539531E-03  0.2406165053    
  0.2560628823E-03  0.2352367754    
  0.2568718116E-03  0.2409082874    
  0.2576807409E-03  0.2385256466    
  0.2584896701E-03  0.2391426611    
  0.2592985994E-03  0.2326135047    
  0.2601075287E-03  0.2345473470    
  0.2609164579E-03  0.2388492321    
  0.2617253872E-03  0.2417648563    
  0.2625343165E-03  0.2516376803    
  0.2633432457E-03  0.2520047822    
  0.2641521750E-03  0.2565119510    
  0.2649611043E-03  0.2531256769    
  0.2657700335E-03  0.2644044284    
  0.2665789628E-03  0.2714988152    
  0.2673878921E-03  0.2877036865    
  0.2681968213E-03  0.2950527057    
  0.2690057506E-03  0.3016857321    
  0.2698146799E-03  0.2992348148    
  0.2706236091E-03  0.3110723677    
  0.2714325384E-03  0.3332443073    
  0.2722414677E-03  0.3538722305    
  0.2730503969E-03  0.3701378120    
  0.2738593262E-03  0.3763250261    
  0.2746682555E-03  0.3925667378    
  0.2754771847E-03  0.4265792373    
  0.2762861140E-03  0.4586128276    
  0.2770950433E-03  0.4808785598    
  0.2779039725E-03  0.5027697800    
  0.2787129018E-03  0.5239768129    
  0.2795218311E-03  0.5624547950    
  0.2803307603E-03  0.6008511168    
  0.2811396896E-03  0.6440750100    
  0.2819486189E-03  0.6787230314    
  0.2827575481E-03  0.7274283455    
  0.2835664774E-03  0.7849373165    
  0.2843754067E-03  0.8612515368    
  0.2851843359E-03  0.9141126581    
  0.2859932652E-03   1.003226878    
  0.2868021945E-03   1.099338908    
  0.2876111237E-03   1.266370284    
  0.2884200530E-03   1.460503478    
  0.2892289823E-03   2.134078970    
  0.2900379115E-03   2.759348096    
  0.2908468408E-03   3.203687343    
  0.2916557701E-03   3.040431620    
  0.2924646993E-03   2.822502562    
  0.2932736286E-03   2.628005892    
  0.2940825579E-03   2.469177030    
  0.2948914871E-03   2.308066874    
  0.2957004164E-03   2.173531701    
  0.2965093457E-03   2.050124485    
  0.2973182749E-03   1.927531659    
  0.2981272042E-03   1.782270105    
  0.2989361335E-03   1.672209971    
  0.2997450627E-03   1.519697279    
  0.3005539920E-03   1.438247322    
  0.3013629213E-03   1.321816300    
  0.3021718505E-03   1.279704914    
  0.3029807798E-03   1.203365066    
  0.3037897091E-03   1.141594746    
  0.3045986383E-03   1.084912850    
  0.3054075676E-03   1.036957672    
  0.3062164969E-03  0.9999361884    
  0.3070254261E-03  0.9378495113    
  0.3078343554E-03  0.8850262311    
  0.3086432847E-03  0.8314826780    
  0.3094522139E-03  0.7557175435    
  0.3102611432E-03  0.6971147012    
  0.3110700725E-03  0.6554919240    
  0.3118790017E-03  0.6182942604    
  0.3126879310E-03  0.5939640066    
  0.3134968603E-03  0.5630067945    
  0.3143057895E-03  0.5529660783    
  0.3151147188E-03  0.5193797393    
  0.3159236481E-03  0.4992096144    
  0.3167325773E-03  0.4826911358    
  0.3175415066E-03  0.4713177735    
  0.3183504359E-03  0.4525876611    
  0.3191593651E-03  0.4349310679    
  0.3199682944E-03  0.4303581800    
  0.3207772236E-03  0.4125294691    
  0.3215861529E-03  0.4015484102    
  0.3223950822E-03  0.3781115360    
  0.3232040114E-03  0.3749209036    
  0.3240129407E-03  0.3582658375    
  0.3248218700E-03  0.3557400366    
  0.3256307992E-03  0.3412728765    
  0.3264397285E-03  0.3318957281    
  0.3272486578E-03  0.3210672627    
  0.3280575870E-03  0.3081564385    
  0.3288665163E-03  0.3031277172    
  0.3296754456E-03  0.2852046810    
  0.3304843748E-03  0.2820795992    
  0.3312933041E-03  0.2725943620    
  0.3321022334E-03  0.2676504909    
  0.3329111626E-03  0.2567534308    
  0.3337200919E-03  0.2424778086    
  0.3345290212E-03  0.2208016691    
  0.3353379504E-03  0.2025876460    
  0.3361468797E-03  0.1763596631    
  0.3369558090E-03  0.1613661342    
  0.3377647382E-03  0.1408896484    
  0.3385736675E-03  0.1275193012    
  0.3393825968E-03  0.1164642993    
  0.3401915260E-03  0.1021756679    
  0.3410004553E-03  0.9185823400E-01
  0.3418093846E-03  0.7601820473E-01
  0.3426183138E-03  0.6313615260E-01
  0.3434272431E-03  0.4063215072E-01
  0.3442361724E-03  0.1939584315E-01
  0.3450451016E-03  0.4375550264E-02
  0.3458540309E-03   0.000000000    
  0.3466629602E-03   0.000000000    
  0.3474718894E-03   0.000000000    
  0.3482808187E-03   0.000000000    
  0.3490897480E-03   0.000000000    
  0.3498986772E-03   0.000000000    
  0.3507076065E-03   0.000000000    
  0.3515165358E-03   0.000000000    
  0.3523254650E-03   0.000000000    
  0.3531343943E-03   0.000000000    
  0.3539433236E-03   0.000000000    
  0.3547522528E-03   0.000000000    
  0.3555611821E-03   0.000000000    
  0.3563701114E-03   0.000000000    
  0.3571790406E-03   0.000000000    
  0.3579879699E-03   0.000000000    
  0.3587968992E-03   0.000000000    
  0.3596058284E-03   0.000000000    
  0.3604147577E-03   0.000000000    
  0.3612236870E-03   0.000000000    
  0.3620326162E-03   0.000000000    
  0.3628415455E-03   0.000000000    
  0.3636504748E-03   0.000000000    
  0.3644594040E-03   0.000000000    
  0.3652683333E-03   0.000000000    
  0.3660772626E-03   0.000000000    
  0.3668861918E-03   0.000000000    
