   0.000000000      0.4369966343E-10
  0.1815415904E-01  0.1235050197E-04
  0.3630831809E-01  0.2452237058E-04
  0.5446247713E-01  0.3634506762E-04
  0.7261663618E-01  0.4766399921E-04
  0.9077079522E-01  0.5834786129E-04
  0.1089249543      0.6829519893E-04
  0.1270791133      0.7743985703E-04
  0.1452332724      0.8575494396E-04
  0.1633874314      0.9325486435E-04
  0.1815415904      0.9999491923E-04
  0.1996957495      0.1060679597E-03
  0.2178499085      0.1115976761E-03
  0.2360040676      0.1167283845E-03
  0.2541582266      0.1216116868E-03
  0.2723123857      0.1263911062E-03
  0.2904665447      0.1311865587E-03
  0.3086207037      0.1360810123E-03
  0.3267748628      0.1411116026E-03
  0.3449290218      0.1462667096E-03
  0.3630831809      0.1514892779E-03
  0.3812373399      0.1566854370E-03
  0.3993914990      0.1617366657E-03
  0.4175456580      0.1665135274E-03
  0.4356998171      0.1708892556E-03
  0.4538539761      0.1747519526E-03
  0.4720081351      0.1780146482E-03
  0.4901622942      0.1806228210E-03
  0.5083164532      0.1825591862E-03
  0.5264706123      0.1838456305E-03
  0.5446247713      0.1845421862E-03
  0.5627789304      0.1847429368E-03
  0.5809330894      0.1845688093E-03
  0.5990872485      0.1841573830E-03
  0.6172414075      0.1836501843E-03
  0.6353955665      0.1831784313E-03
  0.6535497256      0.1828487454E-03
  0.6717038846      0.1827307766E-03
  0.6899718220      0.1832638862E-03
  0.7082397594      0.1847374455E-03
  0.7265076968      0.1868072062E-03
  0.7447756341      0.1889958852E-03
  0.7630435715      0.1907995534E-03
  0.7813115089      0.1917848387E-03
  0.7995794463      0.1916596310E-03
  0.8178473836      0.1903122836E-03
  0.8361153210      0.1878205529E-03
  0.8543832584      0.1844326788E-03
  0.8726511958      0.1805223741E-03
  0.8909191331      0.1765202360E-03
  0.9091870705      0.1728285189E-03
  0.9274550079      0.1697344268E-03
  0.9457229453      0.1673449250E-03
  0.9639908826      0.1655656473E-03
  0.9822588200      0.1641330476E-03
   1.000526757      0.1626885976E-03
   1.018794695      0.1608698550E-03
   1.037062632      0.1583930323E-03
   1.055330570      0.1551110177E-03
   1.073598507      0.1510407869E-03
   1.091866444      0.1463597888E-03
   1.110134382      0.1413725390E-03
   1.128402319      0.1364495383E-03
   1.146670256      0.1319445824E-03
   1.164938194      0.1281055295E-03
   1.183206131      0.1250042097E-03
   1.201474069      0.1225131760E-03
   1.219742006      0.1203420092E-03
   1.238009943      0.1181204174E-03
   1.256277881      0.1154980530E-03
   1.274545818      0.1122322305E-03
   1.292813755      0.1082474075E-03
   1.311081693      0.1036613696E-03
   1.329349630      0.9877622352E-04
   1.347617568      0.9402918117E-04
   1.365885505      0.8989597445E-04
   1.384153442      0.8675090023E-04
   1.402421380      0.8472022791E-04
   1.420689317      0.8359883565E-04
   1.438957254      0.8288331944E-04
   1.457225192      0.8190269178E-04
   1.475493129      0.7997363535E-04
   1.493761067      0.7652014835E-04
   1.512029004      0.7114095681E-04
   1.530296941      0.6363527998E-04
   1.548564879      0.5400221146E-04
   1.566832816      0.4242434540E-04
   1.585100753      0.2924141908E-04
   1.603368691      0.1491698274E-04
   1.621636628      0.4369966343E-10
   1.639815148      0.7467044959E-05
   1.657993667      0.1488244295E-04
   1.676172187      0.2219514851E-04
   1.694350707      0.2935531458E-04
   1.712529226      0.3631488053E-04
   1.730707746      0.4302814663E-04
   1.748886266      0.4945233096E-04
   1.767064785      0.5554810429E-04
   1.785243305      0.6128009929E-04
   1.803421824      0.6661738973E-04
   1.821600344      0.7153393619E-04
   1.839778864      0.7600899401E-04
   1.857957383      0.8002747954E-04
   1.876135903      0.8358028988E-04
   1.894314422      0.8666457049E-04
   1.912492942      0.8928392387E-04
   1.930671462      0.9144855000E-04
   1.948849981      0.9317530684E-04
   1.967028501      0.9448767494E-04
   1.985207021      0.9541560554E-04
   2.003385540      0.9599522589E-04
   2.021564060      0.9626836945E-04
   2.039742579      0.9628189351E-04
   2.057921099      0.9608674436E-04
   2.076099619      0.9573673297E-04
   2.094278138      0.9528699644E-04
   2.112456658      0.9479214470E-04
   2.130635178      0.9430413151E-04
   2.148813697      0.9386994114E-04
   2.166992217      0.9352924086E-04
   2.185170736      0.9331220086E-04
   2.203349256      0.9323770987E-04
   2.221527776      0.9382657966E-04
   2.239706295      0.9555823233E-04
   2.257884815      0.9833430039E-04
   2.276063335      0.1020097964E-03
   2.294241854      0.1064139410E-03
   2.312420374      0.1113690507E-03
   2.330598893      0.1167042660E-03
   2.348777413      0.1222637130E-03
   2.366955933      0.1279102707E-03
   2.385134452      0.1335264911E-03
   2.403312972      0.1390139602E-03
   2.421491492      0.1442919616E-03
   2.439670011      0.1492959367E-03
   2.457848531      0.1539759828E-03
   2.476027050      0.1582954820E-03
   2.494205570      0.1622298733E-03
   2.512384090      0.1657655424E-03
   2.530562609      0.1688987889E-03
   2.548741129      0.1716348294E-03
   2.566919649      0.1739867949E-03
   2.585098168      0.1759746909E-03
   2.603276688      0.1776242939E-03
   2.621455207      0.1789659665E-03
   2.639633727      0.1800333856E-03
   2.657812247      0.1808621869E-03
   2.675990766      0.1814885445E-03
   2.694169286      0.1819477152E-03
   2.712347805      0.1822725907E-03
   2.730526325      0.1824923144E-03
   2.748704845      0.1826310240E-03
   2.766883364      0.1827067846E-03
   2.785061884      0.1827307766E-03
   2.802738302      0.1832452628E-03
   2.820414720      0.1847507815E-03
   2.838091138      0.1871389704E-03
   2.855767556      0.1902459341E-03
   2.873443974      0.1938728303E-03
   2.891120392      0.1978077587E-03
   2.908796810      0.2018453933E-03
   2.926473228      0.2058023007E-03
   2.944149646      0.2095272846E-03
   2.961826064      0.2129069990E-03
   2.979502482      0.2158674697E-03
   2.997178900      0.2183722522E-03
   3.014855318      0.2204178966E-03
   3.032531736      0.2220273345E-03
   3.050208154      0.2232417927E-03
   3.067884572      0.2241118927E-03
   3.085560990      0.2246886833E-03
   3.103237408      0.2250154267E-03
   3.120913826      0.2251209695E-03
   3.138505173      0.2231853456E-03
   3.156096520      0.2187632498E-03
   3.173687868      0.2133540482E-03
   3.191279215      0.2075212692E-03
   3.208870562      0.2014674299E-03
   3.226461909      0.1952803449E-03
   3.244053256      0.1890065859E-03
   3.261644603      0.1826760917E-03
   3.279235950      0.1763118471E-03
   3.296827297      0.1699343235E-03
   3.314418644      0.1635638512E-03
   3.332009992      0.1572221053E-03
   3.349601339      0.1509331933E-03
   3.367192686      0.1447245634E-03
   3.384784033      0.1386278352E-03
   3.402375380      0.1326795923E-03
   3.419966727      0.1269221311E-03
   3.437558074      0.1214041163E-03
   3.455149421      0.1161810432E-03
   3.472740768      0.1113153370E-03
   3.490332115      0.1068758500E-03
   3.507923463      0.1029364574E-03
   3.525514810      0.9957344221E-04
   3.543106157      0.9686147430E-04
   3.560697504      0.9486826774E-04
   3.578288851      0.9364845436E-04
   3.595880198      0.9323770987E-04
     
   0.000000000      0.4369966343E-10
  0.1815415904E-01  0.1235050197E-04
  0.3630831809E-01  0.2452237058E-04
  0.5446247713E-01  0.3634506762E-04
  0.7261663618E-01  0.4766399921E-04
  0.9077079522E-01  0.5834786129E-04
  0.1089249543      0.6829519893E-04
  0.1270791133      0.7743985703E-04
  0.1452332724      0.8575494396E-04
  0.1633874314      0.9325486435E-04
  0.1815415904      0.9999491923E-04
  0.1996957495      0.1060679597E-03
  0.2178499085      0.1115976761E-03
  0.2360040676      0.1167283845E-03
  0.2541582266      0.1216116868E-03
  0.2723123857      0.1263911062E-03
  0.2904665447      0.1311865587E-03
  0.3086207037      0.1360810123E-03
  0.3267748628      0.1411116026E-03
  0.3449290218      0.1462667096E-03
  0.3630831809      0.1514892779E-03
  0.3812373399      0.1566854370E-03
  0.3993914990      0.1617366657E-03
  0.4175456580      0.1665135274E-03
  0.4356998171      0.1708892556E-03
  0.4538539761      0.1747519526E-03
  0.4720081351      0.1780146482E-03
  0.4901622942      0.1806228210E-03
  0.5083164532      0.1825591862E-03
  0.5264706123      0.1838456305E-03
  0.5446247713      0.1845421862E-03
  0.5627789304      0.1847429368E-03
  0.5809330894      0.1845688093E-03
  0.5990872485      0.1841573830E-03
  0.6172414075      0.1836501843E-03
  0.6353955665      0.1831784313E-03
  0.6535497256      0.1828487454E-03
  0.6717038846      0.1827307766E-03
  0.6899718220      0.1840116887E-03
  0.7082397594      0.1876503446E-03
  0.7265076968      0.1931050786E-03
  0.7447756341      0.1996664034E-03
  0.7630435715      0.2066398883E-03
  0.7813115089      0.2134788234E-03
  0.7995794463      0.2198494346E-03
  0.8178473836      0.2256397227E-03
  0.8361153210      0.2309289454E-03
  0.8543832584      0.2359309264E-03
  0.8726511958      0.2409206034E-03
  0.8909191331      0.2461509918E-03
  0.9091870705      0.2517528371E-03
  0.9274550079      0.2578306036E-03
  0.9457229453      0.2606277665E-03
  0.9639908826      0.2556461766E-03
  0.9822588200      0.2514452140E-03
   1.000526757      0.2478364915E-03
   1.018794695      0.2445176276E-03
   1.037062632      0.2411452192E-03
   1.055330570      0.2374052882E-03
   1.073598507      0.2330659007E-03
   1.091866444      0.2280045960E-03
   1.110134382      0.2222102815E-03
   1.128402319      0.2157638045E-03
   1.146670256      0.2088039636E-03
   1.164938194      0.2014872095E-03
   1.183206131      0.1939500468E-03
   1.201474069      0.1862827882E-03
   1.219742006      0.1785210897E-03
   1.238009943      0.1706574354E-03
   1.256277881      0.1626693818E-03
   1.274545818      0.1545566520E-03
   1.292813755      0.1463765344E-03
   1.311081693      0.1382666913E-03
   1.329349630      0.1304456782E-03
   1.347617568      0.1231838915E-03
   1.365885505      0.1167428238E-03
   1.384153442      0.1112913073E-03
   1.402421380      0.1068233955E-03
   1.420689317      0.1031134454E-03
   1.438957254      0.9973425197E-04
   1.457225192      0.9613358060E-04
   1.475493129      0.9173688032E-04
   1.493761067      0.8604068920E-04
   1.512029004      0.7867730001E-04
   1.530296941      0.6944834078E-04
   1.548564879      0.5833334433E-04
   1.566832816      0.4548053309E-04
   1.585100753      0.3118535554E-04
   1.603368691      0.1586050128E-04
   1.621636628      0.4369966343E-10
   1.639815148      0.7467044959E-05
   1.657993667      0.1488244295E-04
   1.676172187      0.2219514851E-04
   1.694350707      0.2935531458E-04
   1.712529226      0.3631488053E-04
   1.730707746      0.4302814663E-04
   1.748886266      0.4945233096E-04
   1.767064785      0.5554810429E-04
   1.785243305      0.6128009929E-04
   1.803421824      0.6661738973E-04
   1.821600344      0.7153393619E-04
   1.839778864      0.7600899401E-04
   1.857957383      0.8002747954E-04
   1.876135903      0.8358028988E-04
   1.894314422      0.8666457049E-04
   1.912492942      0.8928392387E-04
   1.930671462      0.9144855000E-04
   1.948849981      0.9317530684E-04
   1.967028501      0.9448767494E-04
   1.985207021      0.9541560554E-04
   2.003385540      0.9599522589E-04
   2.021564060      0.9626836945E-04
   2.039742579      0.9628189351E-04
   2.057921099      0.9608674436E-04
   2.076099619      0.9573673297E-04
   2.094278138      0.9528699644E-04
   2.112456658      0.9479214470E-04
   2.130635178      0.9430413151E-04
   2.148813697      0.9386994114E-04
   2.166992217      0.9352924086E-04
   2.185170736      0.9331220086E-04
   2.203349256      0.9323770987E-04
   2.221527776      0.9476465322E-04
   2.239706295      0.9916688724E-04
   2.257884815      0.1059822990E-03
   2.276063335      0.1146233456E-03
   2.294241854      0.1245124229E-03
   2.312420374      0.1351493810E-03
   2.330598893      0.1461260598E-03
   2.348777413      0.1571158560E-03
   2.366955933      0.1678564638E-03
   2.385134452      0.1781334646E-03
   2.403312972      0.1877667952E-03
   2.421491492      0.1965999867E-03
   2.439670011      0.2044916446E-03
   2.457848531      0.2113090824E-03
   2.476027050      0.2169250450E-03
   2.494205570      0.2212199339E-03
   2.512384090      0.2240930415E-03
   2.530562609      0.2254846693E-03
   2.548741129      0.2254040503E-03
   2.566919649      0.2239487273E-03
   2.585098168      0.2213010134E-03
   2.603276688      0.2177019737E-03
   2.621455207      0.2134183642E-03
   2.639633727      0.2087175124E-03
   2.657812247      0.2038544448E-03
   2.675990766      0.1990675932E-03
   2.694169286      0.1945777935E-03
   2.712347805      0.1905868825E-03
   2.730526325      0.1872741901E-03
   2.748704845      0.1847907357E-03
   2.766883364      0.1832519945E-03
   2.785061884      0.1827307766E-03
   2.802738302      0.1833678462E-03
   2.820414720      0.1852167285E-03
   2.838091138      0.1881019245E-03
   2.855767556      0.1917654460E-03
   2.873443974      0.1959076176E-03
   2.891120392      0.2002282496E-03
   2.908796810      0.2044613996E-03
   2.926473228      0.2084007952E-03
   2.944149646      0.2119157336E-03
   2.961826064      0.2149584227E-03
   2.979502482      0.2175637473E-03
   2.997178900      0.2198419985E-03
   3.014855318      0.2219647202E-03
   3.032531736      0.2241438786E-03
   3.050208154      0.2266052550E-03
   3.067884572      0.2295582801E-03
   3.085560990      0.2331660970E-03
   3.103237408      0.2375207114E-03
   3.120913826      0.2426278486E-03
   3.138505173      0.2422780226E-03
   3.156096520      0.2412302553E-03
   3.173687868      0.2394896897E-03
   3.191279215      0.2370649313E-03
   3.208870562      0.2339681029E-03
   3.226461909      0.2302149270E-03
   3.244053256      0.2258248428E-03
   3.261644603      0.2208211688E-03
   3.279235950      0.2152313228E-03
   3.296827297      0.2090871190E-03
   3.314418644      0.2024251668E-03
   3.332009992      0.1952874051E-03
   3.349601339      0.1877218160E-03
   3.367192686      0.1797833787E-03
   3.384784033      0.1715353400E-03
   3.402375380      0.1630508979E-03
   3.419966727      0.1544154142E-03
   3.437558074      0.1457292734E-03
   3.455149421      0.1371114687E-03
   3.472740768      0.1287038610E-03
   3.490332115      0.1206757260E-03
   3.507923463      0.1132275155E-03
   3.525514810      0.1065915654E-03
   3.543106157      0.1010258976E-03
   3.560697504      0.9679621575E-04
   3.578288851      0.9414299364E-04
   3.595880198      0.9323770987E-04
     
   0.000000000      0.4369966343E-10
  0.1815415904E-01  0.1949397745E-04
  0.3630831809E-01  0.3877023166E-04
  0.5446247713E-01  0.5762116465E-04
  0.7261663618E-01  0.7585898369E-04
  0.9077079522E-01  0.9332448163E-04
  0.1089249543      0.1098944486E-03
  0.1270791133      0.1254872299E-03
  0.1452332724      0.1400659423E-03
  0.1633874314      0.1536388834E-03
  0.1815415904      0.1662567560E-03
  0.1996957495      0.1780064975E-03
  0.2178499085      0.1890017939E-03
  0.2360040676      0.1993707631E-03
  0.2541582266      0.2092417772E-03
  0.2723123857      0.2187288560E-03
  0.2904665447      0.2279183693E-03
  0.3086207037      0.2368587962E-03
  0.3267748628      0.2455549376E-03
  0.3449290218      0.2539673323E-03
  0.3630831809      0.2620168347E-03
  0.3812373399      0.2695936005E-03
  0.3993914990      0.2765692375E-03
  0.4175456580      0.2828106898E-03
  0.4356998171      0.2881944726E-03
  0.4538539761      0.2926200828E-03
  0.4720081351      0.2960216580E-03
  0.4901622942      0.2983771745E-03
  0.5083164532      0.2997146218E-03
  0.5264706123      0.3001146723E-03
  0.5446247713      0.2997093949E-03
  0.5627789304      0.2986766085E-03
  0.5809330894      0.2972295996E-03
  0.5990872485      0.2956022314E-03
  0.6172414075      0.2940300332E-03
  0.6353955665      0.2927286644E-03
  0.6535497256      0.2918720802E-03
  0.6717038846      0.2915734567E-03
  0.6899718220      0.2921718228E-03
  0.7082397594      0.2938416635E-03
  0.7265076968      0.2962315946E-03
  0.7447756341      0.2988305485E-03
  0.7630435715      0.3010593122E-03
  0.7813115089      0.3023670432E-03
  0.7995794463      0.3023157608E-03
  0.8178473836      0.3006418407E-03
  0.8361153210      0.2972894671E-03
  0.8543832584      0.2924152378E-03
  0.8726511958      0.2863657948E-03
  0.8909191331      0.2796340879E-03
  0.9091870705      0.2728187891E-03
  0.9274550079      0.2664089591E-03
  0.9457229453      0.2644914452E-03
  0.9639908826      0.2715619079E-03
  0.9822588200      0.2787585899E-03
   1.000526757      0.2857436724E-03
   1.018794695      0.2921821331E-03
   1.037062632      0.2977883863E-03
   1.055330570      0.3023555564E-03
   1.073598507      0.3057655762E-03
   1.091866444      0.3079818959E-03
   1.110134382      0.3090289487E-03
   1.128402319      0.3089640462E-03
   1.146670256      0.3078481909E-03
   1.164938194      0.3057222115E-03
   1.183206131      0.3025933900E-03
   1.201474069      0.2984353574E-03
   1.219742006      0.2932009432E-03
   1.238009943      0.2868446435E-03
   1.256277881      0.2793492200E-03
   1.274545818      0.2707500541E-03
   1.292813755      0.2611512271E-03
   1.311081693      0.2507285392E-03
   1.329349630      0.2397165416E-03
   1.347617568      0.2283790913E-03
   1.365885505      0.2169661611E-03
   1.384153442      0.2056636590E-03
   1.402421380      0.1945470687E-03
   1.420689317      0.1835518523E-03
   1.438957254      0.1724713637E-03
   1.457225192      0.1609857975E-03
   1.475493129      0.1487160901E-03
   1.493761067      0.1352894610E-03
   1.512029004      0.1204017562E-03
   1.530296941      0.1038654166E-03
   1.548564879      0.8563765910E-04
   1.566832816      0.6582840253E-04
   1.585100753      0.4469043025E-04
   1.603368691      0.2259546411E-04
   1.621636628      0.4369966343E-10
   1.639815148      0.1951841901E-04
   1.657993667      0.3894844965E-04
   1.676172187      0.5820266705E-04
   1.694350707      0.7719556138E-04
   1.712529226      0.9584446544E-04
   1.730707746      0.1140704463E-03
   1.748886266      0.1317991495E-03
   1.767064785      0.1489615833E-03
   1.785243305      0.1654948328E-03
   1.803421824      0.1813426907E-03
   1.821600344      0.1964561953E-03
   1.839778864      0.2107940638E-03
   1.857957383      0.2243230109E-03
   1.876135903      0.2370179435E-03
   1.894314422      0.2488620210E-03
   1.912492942      0.2598465760E-03
   1.930671462      0.2699708859E-03
   1.948849981      0.2792417938E-03
   1.967028501      0.2876731759E-03
   1.985207021      0.2952852553E-03
   2.003385540      0.3021037706E-03
   2.021564060      0.3081590062E-03
   2.039742579      0.3134847012E-03
   2.057921099      0.3181168578E-03
   2.076099619      0.3220924770E-03
   2.094278138      0.3254482536E-03
   2.112456658      0.3282192722E-03
   2.130635178      0.3304377447E-03
   2.148813697      0.3321318372E-03
   2.166992217      0.3333246322E-03
   2.185170736      0.3340332673E-03
   2.203349256      0.3342682919E-03
   2.221527776      0.3341499762E-03
   2.239706295      0.3337937916E-03
   2.257884815      0.3331961748E-03
   2.276063335      0.3323516851E-03
   2.294241854      0.3312537529E-03
   2.312420374      0.3298957358E-03
   2.330598893      0.3282722933E-03
   2.348777413      0.3263811055E-03
   2.366955933      0.3242249714E-03
   2.385134452      0.3218143380E-03
   2.403312972      0.3191703004E-03
   2.421491492      0.3163280610E-03
   2.439670011      0.3133406466E-03
   2.457848531      0.3102822410E-03
   2.476027050      0.3072496067E-03
   2.494205570      0.3043587526E-03
   2.512384090      0.3017330302E-03
   2.530562609      0.2994805578E-03
   2.548741129      0.2976658831E-03
   2.566919649      0.2962900897E-03
   2.585098168      0.2952935865E-03
   2.603276688      0.2945809947E-03
   2.621455207      0.2940525195E-03
   2.639633727      0.2936266008E-03
   2.657812247      0.2932492665E-03
   2.675990766      0.2928935446E-03
   2.694169286      0.2925539217E-03
   2.712347805      0.2922393497E-03
   2.730526325      0.2919665727E-03
   2.748704845      0.2917544807E-03
   2.766883364      0.2916197002E-03
   2.785061884      0.2915734567E-03
   2.802738302      0.2918166565E-03
   2.820414720      0.2925060755E-03
   2.838091138      0.2935261823E-03
   2.855767556      0.2947001494E-03
   2.873443974      0.2958103915E-03
   2.891120392      0.2966222544E-03
   2.908796810      0.2969076694E-03
   2.926473228      0.2964663455E-03
   2.944149646      0.2951430150E-03
   2.961826064      0.2928400630E-03
   2.979502482      0.2895253943E-03
   2.997178900      0.2852356232E-03
   3.014855318      0.2800746851E-03
   3.032531736      0.2742078668E-03
   3.050208154      0.2678511363E-03
   3.067884572      0.2612556580E-03
   3.085560990      0.2546876372E-03
   3.103237408      0.2484042942E-03
   3.120913826      0.2426278486E-03
   3.138505173      0.2444847879E-03
   3.156096520      0.2486704879E-03
   3.173687868      0.2536845903E-03
   3.191279215      0.2589620235E-03
   3.208870562      0.2642983423E-03
   3.226461909      0.2696036479E-03
   3.244053256      0.2748294220E-03
   3.261644603      0.2799442719E-03
   3.279235950      0.2849246669E-03
   3.296827297      0.2897509768E-03
   3.314418644      0.2944056378E-03
   3.332009992      0.2988722695E-03
   3.349601339      0.3031352530E-03
   3.367192686      0.3071795495E-03
   3.384784033      0.3109906507E-03
   3.402375380      0.3145546028E-03
   3.419966727      0.3178580739E-03
   3.437558074      0.3208884427E-03
   3.455149421      0.3236338992E-03
   3.472740768      0.3260835481E-03
   3.490332115      0.3282275095E-03
   3.507923463      0.3300570133E-03
   3.525514810      0.3315644856E-03
   3.543106157      0.3327436234E-03
   3.560697504      0.3335894574E-03
   3.578288851      0.3340984022E-03
   3.595880198      0.3342682919E-03
     
