 -0.3676951211E-04   0.000000000    
 -0.3596058284E-04   0.000000000    
 -0.3515165358E-04   0.000000000    
 -0.3434272431E-04   0.000000000    
 -0.3353379504E-04   0.000000000    
 -0.3272486578E-04   0.000000000    
 -0.3191593651E-04   0.000000000    
 -0.3110700725E-04   0.000000000    
 -0.3029807798E-04   0.000000000    
 -0.2948914871E-04   0.000000000    
 -0.2868021945E-04   0.000000000    
 -0.2787129018E-04   0.000000000    
 -0.2706236091E-04   0.000000000    
 -0.2625343165E-04   0.000000000    
 -0.2544450238E-04   0.000000000    
 -0.2463557311E-04   0.000000000    
 -0.2382664385E-04   0.000000000    
 -0.2301771458E-04   0.000000000    
 -0.2220878531E-04   0.000000000    
 -0.2139985605E-04   0.000000000    
 -0.2059092678E-04   0.000000000    
 -0.1978199752E-04   0.000000000    
 -0.1897306825E-04   0.000000000    
 -0.1816413898E-04   0.000000000    
 -0.1735520972E-04   0.000000000    
 -0.1654628045E-04   0.000000000    
 -0.1573735118E-04   0.000000000    
 -0.1492842192E-04   0.000000000    
 -0.1411949265E-04   0.000000000    
 -0.1331056338E-04   0.000000000    
 -0.1250163412E-04   0.000000000    
 -0.1169270485E-04   0.000000000    
 -0.1088377558E-04   0.000000000    
 -0.1007484632E-04   0.000000000    
 -0.9265917052E-05   0.000000000    
 -0.8456987785E-05   0.000000000    
 -0.7648058519E-05   0.000000000    
 -0.6839129253E-05   0.000000000    
 -0.6030199986E-05   0.000000000    
 -0.5221270720E-05   0.000000000    
 -0.4412341453E-05   0.000000000    
 -0.3603412187E-05   0.000000000    
 -0.2794482920E-05   0.000000000    
 -0.1985553654E-05   0.000000000    
 -0.1176624388E-05   1.236202028    
 -0.3676951211E-06   1.236202028    
  0.4412341453E-06   1.236202028    
  0.1250163412E-05   0.000000000    
  0.2059092678E-05   0.000000000    
  0.2868021945E-05   0.000000000    
  0.3676951211E-05   4.944808114    
  0.4485880477E-05   7.417212170    
  0.5294809744E-05   7.417212170    
  0.6103739010E-05   2.472404057    
  0.6912668277E-05   2.472404057    
  0.7721597543E-05   4.944808114    
  0.8530526810E-05   19.77923245    
  0.9339456076E-05   19.77923245    
  0.1014838534E-04   22.25163651    
  0.1095731461E-04   17.30682840    
  0.1176624388E-04   26.37230994    
  0.1257517314E-04   31.31711805    
  0.1338410241E-04   46.15154239    
  0.1419303167E-04   35.43779148    
  0.1500196094E-04   50.27221582    
  0.1581089021E-04   47.79981177    
  0.1661981947E-04   51.92048519    
  0.1742874874E-04   56.86529331    
  0.1823767801E-04   64.28250548    
  0.1904660727E-04   93.95135416    
  0.1985553654E-04   71.69971765    
  0.2066446581E-04   74.17212170    
  0.2147339507E-04   71.69971765    
  0.2228232434E-04   98.89616227    
  0.2309125361E-04   120.3236641    
  0.2390018287E-04   140.1028966    
  0.2470911214E-04   125.2684722    
  0.2551804140E-04   111.2581826    
  0.2632697067E-04   128.5650110    
  0.2713589994E-04   153.2890515    
  0.2794482920E-04   187.9027083    
  0.2875375847E-04   151.6407822    
  0.2956268774E-04   156.5855903    
  0.3037161700E-04   181.3096308    
  0.3118054627E-04   215.0991529    
  0.3198947554E-04   222.5163651    
  0.3279840480E-04   195.3199205    
  0.3360733407E-04   192.8475164    
  0.3441626334E-04   244.7680016    
  0.3522519260E-04   273.6127156    
  0.3603412187E-04   313.1711805    
  0.3684305113E-04   276.0851197    
  0.3765198040E-04   259.6024260    
  0.3846090967E-04   301.6332949    
  0.3926983893E-04   331.3021436    
  0.4007876820E-04   390.6398410    
  0.4088769747E-04   336.2469517    
  0.4169662673E-04   363.4433964    
  0.4250555600E-04   361.7951270    
  0.4331448527E-04   423.6052284    
  0.4412341453E-04   396.4087838    
  0.4493234380E-04   400.5294572    
  0.4574127307E-04   412.0673428    
  0.4655020233E-04   493.6566767    
  0.4735913160E-04   506.0186970    
  0.4816806086E-04   489.5360033    
  0.4897699013E-04   506.8428317    
  0.4978591940E-04   558.7633168    
  0.5059484866E-04   588.4321655    
  0.5140377793E-04   593.3769736    
  0.5221270720E-04   573.5977412    
  0.5302163646E-04   630.4630345    
  0.5383056573E-04   630.4630345    
  0.5463949500E-04   677.4387116    
  0.5544842426E-04   676.6145769    
  0.5625735353E-04   709.5799643    
  0.5706628280E-04   736.7764089    
  0.5787521206E-04   806.8278572    
  0.5868414133E-04   788.6968941    
  0.5949307059E-04   843.0897834    
  0.6030199986E-04   843.0897834    
  0.6111092913E-04   914.7895010    
  0.6191985839E-04   919.7343091    
  0.6272878766E-04   919.7343091    
  0.6353771693E-04   988.1374880    
  0.6434664619E-04   1012.861529    
  0.6515557546E-04   1059.837206    
  0.6596450473E-04   1050.771724    
  0.6677343399E-04   1147.195482    
  0.6758236326E-04   1174.391927    
  0.6839129253E-04   1194.171159    
  0.6920022179E-04   1239.498567    
  0.7000915106E-04   1293.891456    
  0.7081808032E-04   1352.405019    
  0.7162700959E-04   1393.611753    
  0.7243593886E-04   1462.839067    
  0.7324486812E-04   1515.583687    
  0.7405379739E-04   1466.135606    
  0.7486272666E-04   1614.479849    
  0.7567165592E-04   1696.069183    
  0.7648058519E-04   1804.030827    
  0.7728951446E-04   1806.503231    
  0.7809844372E-04   1897.982181    
  0.7890737299E-04   2000.174882    
  0.7971630226E-04   2148.519125    
  0.8052523152E-04   2326.532217    
  0.8133416079E-04   2744.368503    
  0.8214309005E-04   3124.294593    
  0.8295201932E-04   3709.430220    
  0.8376094859E-04   4010.239380    
  0.8456987785E-04   4369.562103    
  0.8537880712E-04   4517.906347    
  0.8618773639E-04   4600.319815    
  0.8699666565E-04   4635.757607    
  0.8780559492E-04   4621.747317    
  0.8861452419E-04   4793.991466    
  0.8942345345E-04   4956.345999    
  0.9023238272E-04   5228.310446    
  0.9104131199E-04   5411.268346    
  0.9185024125E-04   5648.619135    
  0.9265917052E-04   6159.582640    
  0.9346809978E-04   6605.439505    
  0.9427702905E-04   7122.996088    
  0.9508595832E-04   7368.588224    
  0.9589488758E-04   7692.473155    
  0.9670381685E-04   7736.152294    
  0.9751274612E-04   7807.852011    
  0.9832167538E-04   7937.241157    
  0.9913060465E-04   8080.640592    
  0.9993953392E-04   8033.664915    
  0.1007484632E-03   8074.871650    
  0.1015573924E-03   8045.202801    
  0.1023663217E-03   8416.063409    
  0.1031752510E-03   8401.228985    
  0.1039841802E-03   8440.787450    
  0.1047931095E-03   8331.177537    
  0.1056020388E-03   8375.680810    
  0.1064109680E-03   8556.166306    
  0.1072198973E-03   8717.696704    
  0.1080288266E-03   8716.872570    
  0.1088377558E-03   8813.296328    
  0.1096466851E-03   8850.382389    
  0.1104556144E-03   9086.084909    
  0.1112645436E-03   8910.544221    
  0.1120734729E-03   8930.323453    
  0.1128824022E-03   9142.950202    
  0.1136913314E-03   9290.470311    
  0.1145002607E-03   9330.028776    
  0.1153091900E-03   9156.960492    
  0.1161181192E-03   9459.417921    
  0.1169270485E-03   9501.448790    
  0.1177359778E-03   9538.534851    
  0.1185449070E-03   9543.479659    
  0.1193538363E-03   9877.254207    
  0.1201627656E-03   10207.73222    
  0.1209716948E-03   10054.44316    
  0.1217806241E-03   10004.17095    
  0.1225895534E-03   9775.885641    
  0.1233984826E-03   10265.42164    
  0.1242074119E-03   10271.19059    
  0.1250163412E-03   10631.33744    
  0.1258252704E-03   10539.85849    
  0.1266341997E-03   10714.57505    
  0.1274431290E-03   10776.38515    
  0.1282520582E-03   10845.61246    
  0.1290609875E-03   10942.03622    
  0.1298699168E-03   10929.67420    
  0.1306788460E-03   11330.20366    
  0.1314877753E-03   11329.37952    
  0.1322967046E-03   11650.79205    
  0.1331056338E-03   11536.23733    
  0.1339145631E-03   11898.85659    
  0.1347234924E-03   12022.47679    
  0.1355324216E-03   12181.53479    
  0.1363413509E-03   12104.06613    
  0.1371502802E-03   12393.33740    
  0.1379592094E-03   12595.25040    
  0.1387681387E-03   12875.45619    
  0.1395770680E-03   12965.28687    
  0.1403859972E-03   13158.95853    
  0.1411949265E-03   13354.27845    
  0.1420038558E-03   13426.80230    
  0.1428127850E-03   13613.88087    
  0.1436217143E-03   13984.74148    
  0.1444306436E-03   14363.84344    
  0.1452395728E-03   14658.88365    
  0.1460485021E-03   14817.11751    
  0.1468574314E-03   15089.90609    
  0.1476663606E-03   15505.26998    
  0.1484752899E-03   15956.07165    
  0.1492842192E-03   16317.04264    
  0.1500931484E-03   16941.73673    
  0.1509020777E-03   17343.91446    
  0.1517110070E-03   17807.90229    
  0.1525199362E-03   17976.84990    
  0.1533288655E-03   18182.05943    
  0.1541377948E-03   18308.15204    
  0.1549467240E-03   18473.80311    
  0.1557556533E-03   18735.87794    
  0.1565645826E-03   19025.14922    
  0.1573735118E-03   19772.63938    
  0.1581824411E-03   20482.21934    
  0.1589913704E-03   21078.06872    
  0.1598002996E-03   21126.69267    
  0.1606092289E-03   21322.01259    
  0.1614181582E-03   21376.40548    
  0.1622270874E-03   20857.20062    
  0.1630360167E-03   19895.43545    
  0.1638449460E-03   19247.66558    
  0.1646538752E-03   19195.74510    
  0.1654628045E-03   18748.23996    
  0.1662717338E-03   18608.13707    
  0.1670806630E-03   18140.85270    
  0.1678895923E-03   18563.63379    
  0.1686985216E-03   18261.17636    
  0.1695074508E-03   18229.03511    
  0.1703163801E-03   17969.43269    
  0.1711253094E-03   18140.02856    
  0.1719342386E-03   18182.05943    
  0.1727431679E-03   17974.37749    
  0.1735520972E-03   17868.06412    
  0.1743610264E-03   17791.41959    
  0.1751699557E-03   17814.49536    
  0.1759788850E-03   17787.29892    
  0.1767878142E-03   18113.65626    
  0.1775967435E-03   18229.03511    
  0.1784056728E-03   17873.00893    
  0.1792146020E-03   17694.99583    
  0.1800235313E-03   18177.11463    
  0.1808324606E-03   18607.31293    
  0.1816413898E-03   18562.80966    
  0.1824503191E-03   18031.24279    
  0.1832592484E-03   17596.09967    
  0.1840681776E-03   17494.73111    
  0.1848771069E-03   17013.43645    
  0.1856860362E-03   16699.44113    
  0.1864949654E-03   16106.06416    
  0.1873038947E-03   16164.57772    
  0.1881128240E-03   16132.43647    
  0.1889217532E-03   15993.98184    
  0.1897306825E-03   15679.98653    
  0.1905396118E-03   15363.51881    
  0.1913485410E-03   15294.29150    
  0.1921574703E-03   15430.27372    
  0.1929663996E-03   15299.23630    
  0.1937753288E-03   14906.12406    
  0.1945842581E-03   14459.44306    
  0.1953931874E-03   14219.61987    
  0.1962021166E-03   14039.13437    
  0.1970110459E-03   13615.52914    
  0.1978199752E-03   13350.98191    
  0.1986289044E-03   13165.55160    
  0.1994378337E-03   12994.95572    
  0.2002467630E-03   12990.01091    
  0.2010556922E-03   12643.87435    
  0.2018646215E-03   12485.64049    
  0.2026735508E-03   12250.76210    
  0.2034824800E-03   12381.79952    
  0.2042914093E-03   12246.64143    
  0.2051003386E-03   12194.72094    
  0.2059092678E-03   11796.66389    
  0.2067181971E-03   11919.45996    
  0.2075271264E-03   11736.50206    
  0.2083360556E-03   11637.60590    
  0.2091449849E-03   11420.03434    
  0.2099539141E-03   11251.91086    
  0.2107628434E-03   11286.52452    
  0.2115717727E-03   11424.97915    
  0.2123807019E-03   11229.65923    
  0.2131896312E-03   11120.87345    
  0.2139985605E-03   10926.37766    
  0.2148074897E-03   10802.75746    
  0.2156164190E-03   10745.89217    
  0.2164253483E-03   10656.06148    
  0.2172342775E-03   10754.95765    
  0.2180432068E-03   10801.93332    
  0.2188521361E-03   10532.44128    
  0.2196610653E-03   10465.68637    
  0.2204699946E-03   10339.59377    
  0.2212789239E-03   10290.14568    
  0.2220878531E-03   10262.94924    
  0.2228967824E-03   10112.13259    
  0.2237057117E-03   10147.57038    
  0.2245146409E-03   10150.04279    
  0.2253235702E-03   10001.69854    
  0.2261324995E-03   9790.720065    
  0.2269414287E-03   9634.958609    
  0.2277503580E-03   9723.965156    
  0.2285592873E-03   9857.474975    
  0.2293682165E-03   9973.677965    
  0.2301771458E-03   10015.70883    
  0.2309860751E-03   9919.285076    
  0.2317950043E-03   9751.161600    
  0.2326039336E-03   9869.836995    
  0.2334128629E-03   9742.096119    
  0.2342217921E-03   9749.513331    
  0.2350307214E-03   9648.144764    
  0.2358396507E-03   9573.148508    
  0.2366485799E-03   9503.921194    
  0.2374575092E-03   9098.446929    
  0.2382664385E-03   9115.753758    
  0.2390753677E-03   8880.875372    
  0.2398842970E-03   8851.206523    
  0.2406932263E-03   8655.886603    
  0.2415021555E-03   8507.542360    
  0.2423110848E-03   8199.315987    
  0.2431200141E-03   7850.707015    
  0.2439289433E-03   7536.711700    
  0.2447378726E-03   7160.082149    
  0.2455468019E-03   6727.411439    
  0.2463557311E-03   6499.950265    
  0.2471646604E-03   6218.096203    
  0.2479735897E-03   6064.807151    
  0.2487825189E-03   5689.001735    
  0.2495914482E-03   5548.074704    
  0.2504003775E-03   5362.644399    
  0.2512093067E-03   5274.461988    
  0.2520182360E-03   5111.283320    
  0.2528271653E-03   4975.301097    
  0.2536360945E-03   4793.991466    
  0.2544450238E-03   4653.064435    
  0.2552539531E-03   4544.278656    
  0.2560628823E-03   4376.155181    
  0.2568718116E-03   4519.554616    
  0.2576807409E-03   4450.327302    
  0.2584896701E-03   4395.934413    
  0.2592985994E-03   4174.242183    
  0.2601075287E-03   4196.493819    
  0.2609164579E-03   4283.027961    
  0.2617253872E-03   4353.903544    
  0.2625343165E-03   4509.665000    
  0.2633432457E-03   4502.247787    
  0.2641521750E-03   4551.695869    
  0.2649611043E-03   4489.885767    
  0.2657700335E-03   4707.457324    
  0.2665789628E-03   4888.766955    
  0.2673878921E-03   5163.203805    
  0.2681968213E-03   5309.075645    
  0.2690057506E-03   5412.092480    
  0.2698146799E-03   5389.840844    
  0.2706236091E-03   5567.853936    
  0.2714325384E-03   5958.493777    
  0.2722414677E-03   6307.102749    
  0.2730503969E-03   6561.760367    
  0.2738593262E-03   6584.836138    
  0.2746682555E-03   6794.990483    
  0.2754771847E-03   7324.084951    
  0.2762861140E-03   7815.269224    
  0.2770950433E-03   8126.792135    
  0.2779039725E-03   8317.167247    
  0.2787129018E-03   8559.462845    
  0.2795218311E-03   9019.329999    
  0.2803307603E-03   9566.555431    
  0.2811396896E-03   10046.20182    
  0.2819486189E-03   10426.95204    
  0.2827575481E-03   10782.15409    
  0.2835664774E-03   11474.42723    
  0.2843754067E-03   12248.28970    
  0.2851843359E-03   12715.57406    
  0.2859932652E-03   13368.28874    
  0.2868021945E-03   14056.44120    
  0.2876111237E-03   15401.42900    
  0.2884200530E-03   16494.23160    
  0.2892289823E-03   19786.64967    
  0.2900379115E-03   22788.14819    
  0.2908468408E-03   25308.76413    
  0.2916557701E-03   25605.45261    
  0.2924646993E-03   25846.09994    
  0.2932736286E-03   26010.51481    
  0.2940825579E-03   25795.41566    
  0.2948914871E-03   25230.88340    
  0.2957004164E-03   24795.74029    
  0.2965093457E-03   24283.95265    
  0.2973182749E-03   23670.79644    
  0.2981272042E-03   22559.03875    
  0.2989361335E-03   21592.32876    
  0.2997450627E-03   20269.59259    
  0.3005539920E-03   19455.34752    
  0.3013629213E-03   18439.18946    
  0.3021718505E-03   18075.74606    
  0.3029807798E-03   17559.83775    
  0.3037897091E-03   16986.24001    
  0.3045986383E-03   16568.40372    
  0.3054075676E-03   16164.57772    
  0.3062164969E-03   15900.03049    
  0.3070254261E-03   15276.98467    
  0.3078343554E-03   14802.28309    
  0.3086432847E-03   14249.28871    
  0.3094522139E-03   13213.35141    
  0.3102611432E-03   12296.08951    
  0.3110700725E-03   11610.40945    
  0.3118790017E-03   11073.89777    
  0.3126879310E-03   10705.50957    
  0.3134968603E-03   10273.66299    
  0.3143057895E-03   10085.76028    
  0.3151147188E-03   9603.641491    
  0.3159236481E-03   9278.932425    
  0.3167325773E-03   9046.526444    
  0.3175415066E-03   8856.975466    
  0.3183504359E-03   8597.373040    
  0.3191593651E-03   8320.463786    
  0.3199682944E-03   8285.025994    
  0.3207772236E-03   8000.699528    
  0.3215861529E-03   7879.551729    
  0.3223950822E-03   7484.791215    
  0.3232040114E-03   7420.508709    
  0.3240129407E-03   7173.268304    
  0.3248218700E-03   7125.468492    
  0.3256307992E-03   6953.224342    
  0.3264397285E-03   6760.376826    
  0.3272486578E-03   6644.173835    
  0.3280575870E-03   6396.109295    
  0.3288665163E-03   6312.047557    
  0.3296754456E-03   5998.876377    
  0.3304843748E-03   5969.207528    
  0.3312933041E-03   5833.225305    
  0.3321022334E-03   5746.691163    
  0.3329111626E-03   5571.150475    
  0.3337200919E-03   5253.034486    
  0.3345290212E-03   4789.046658    
  0.3353379504E-03   4313.520944    
  0.3361468797E-03   3733.330126    
  0.3369558090E-03   3275.935375    
  0.3377647382E-03   2777.333891    
  0.3385736675E-03   2444.383478    
  0.3393825968E-03   2222.691247    
  0.3401915260E-03   1945.781993    
  0.3410004553E-03   1740.572456    
  0.3418093846E-03   1451.301181    
  0.3426183138E-03   1209.005584    
  0.3434272431E-03   781.2796820    
  0.3442361724E-03   373.3330126    
  0.3450451016E-03   84.06173793    
  0.3458540309E-03   0.000000000    
  0.3466629602E-03   0.000000000    
  0.3474718894E-03   0.000000000    
  0.3482808187E-03   0.000000000    
  0.3490897480E-03   0.000000000    
  0.3498986772E-03   0.000000000    
  0.3507076065E-03   0.000000000    
  0.3515165358E-03   0.000000000    
  0.3523254650E-03   0.000000000    
  0.3531343943E-03   0.000000000    
  0.3539433236E-03   0.000000000    
  0.3547522528E-03   0.000000000    
  0.3555611821E-03   0.000000000    
  0.3563701114E-03   0.000000000    
  0.3571790406E-03   0.000000000    
  0.3579879699E-03   0.000000000    
  0.3587968992E-03   0.000000000    
  0.3596058284E-03   0.000000000    
  0.3604147577E-03   0.000000000    
  0.3612236870E-03   0.000000000    
  0.3620326162E-03   0.000000000    
  0.3628415455E-03   0.000000000    
  0.3636504748E-03   0.000000000    
  0.3644594040E-03   0.000000000    
  0.3652683333E-03   0.000000000    
  0.3660772626E-03   0.000000000    
  0.3668861918E-03   0.000000000    
