   0.000000000      0.5290416243E-12
  0.1815415904E-01  0.2978788816E-10
  0.3630831809E-01  0.3728506999E-09
  0.5446247713E-01  0.1704853346E-08
  0.7261663618E-01  0.4877086012E-08
  0.9077079522E-01  0.1059684951E-07
  0.1089249543      0.1913157002E-07
  0.1270791133      0.3013078114E-07
  0.1452332724      0.4262365003E-07
  0.1633874314      0.5519640890E-07
  0.1815415904      0.6630010576E-07
  0.1996957495      0.7460122216E-07
  0.2178499085      0.7927735877E-07
  0.2360040676      0.8018003602E-07
  0.2541582266      0.7782994189E-07
  0.2723123857      0.7326278030E-07
  0.2904665447      0.6778962830E-07
  0.3086207037      0.6276024235E-07
  0.3267748628      0.5941361576E-07
  0.3449290218      0.5886863367E-07
  0.3630831809      0.6225845056E-07
  0.3812373399      0.7095997733E-07
  0.3993914990      0.8683016104E-07
  0.4175456580      0.1123454840E-06
  0.4356998171      0.1505553598E-06
  0.4538539761      0.2048009044E-06
  0.4720081351      0.2782079765E-06
  0.4901622942      0.3730233458E-06
  0.5083164532      0.4899108095E-06
  0.5264706123      0.6273485914E-06
  0.5446247713      0.7812645298E-06
  0.5627789304      0.9450121104E-06
  0.5809330894      0.1109734998E-05
  0.5990872485      0.1265101257E-05
  0.6172414075      0.1400323506E-05
  0.6353955665      0.1505329553E-05
  0.6535497256      0.1571918573E-05
  0.6717038846      0.1594735234E-05
  0.6899718220      0.1547262429E-05
  0.7082397594      0.1414104030E-05
  0.7265076968      0.1220079341E-05
  0.7447756341      0.9979605118E-06
  0.7630435715      0.7793805906E-06
  0.7813115089      0.5876965695E-06
  0.7995794463      0.4349200496E-06
  0.8178473836      0.3227604406E-06
  0.8361153210      0.2461710552E-06
  0.8543832584      0.1972853668E-06
  0.8726511958      0.1682452589E-06
  0.8909191331      0.1525184627E-06
  0.9091870705      0.1451472049E-06
  0.9274550079      0.1426000855E-06
  0.9457229453      0.1426380325E-06
  0.9639908826      0.1442357065E-06
  0.9822588200      0.1474229114E-06
   1.000526757      0.1529620777E-06
   1.018794695      0.1618991572E-06
   1.037062632      0.1750688844E-06
   1.055330570      0.1926010211E-06
   1.073598507      0.2134683072E-06
   1.091866444      0.2352031954E-06
   1.110134382      0.2540137150E-06
   1.128402319      0.2654918670E-06
   1.146670256      0.2658535634E-06
   1.164938194      0.2532923043E-06
   1.183206131      0.2288233750E-06
   1.201474069      0.1961418962E-06
   1.219742006      0.1604864241E-06
   1.238009943      0.1270189798E-06
   1.256277881      0.9946971525E-07
   1.274545818      0.7959377468E-07
   1.292813755      0.6748557925E-07
   1.311081693      0.6232510384E-07
   1.329349630      0.6298706751E-07
   1.347617568      0.6818449133E-07
   1.365885505      0.7623873176E-07
   1.384153442      0.8486359720E-07
   1.402421380      0.9028946620E-07
   1.420689317      0.9201616894E-07
   1.438957254      0.8846164910E-07
   1.457225192      0.7794004514E-07
   1.475493129      0.6269492873E-07
   1.493761067      0.4557892881E-07
   1.512029004      0.2944154295E-07
   1.530296941      0.1644738087E-07
   1.548564879      0.7585241762E-08
   1.566832816      0.2643466086E-08
   1.585100753      0.5725370481E-09
   1.603368691      0.4393785056E-10
   1.621636628      0.5290416243E-12
   1.639815148      0.9984275847E-11
   1.657993667      0.1079003572E-09
   1.676172187      0.4930251722E-09
   1.694350707      0.1464893613E-08
   1.712529226      0.3380632376E-08
   1.730707746      0.6602624936E-08
   1.748886266      0.1144384717E-07
   1.767064785      0.1811794290E-07
   1.785243305      0.2670043610E-07
   1.803421824      0.3710597643E-07
   1.821600344      0.4908440231E-07
   1.839778864      0.6223597681E-07
   1.857957383      0.7604373854E-07
   1.876135903      0.8991883558E-07
   1.894314422      0.1032532419E-06
   1.912492942      0.1154735681E-06
   1.930671462      0.1260898347E-06
   1.948849981      0.1347340125E-06
   1.967028501      0.1411846960E-06
   1.985207021      0.1453762037E-06
   2.003385540      0.1473924166E-06
   2.021564060      0.1474474849E-06
   2.039742579      0.1458569080E-06
   2.057921099      0.1430032694E-06
   2.076099619      0.1393010102E-06
   2.094278138      0.1351641045E-06
   2.112456658      0.1309794797E-06
   2.130635178      0.1270877152E-06
   2.148813697      0.1237711879E-06
   2.166992217      0.1212486393E-06
   2.185170736      0.1196743162E-06
   2.203349256      0.1191394887E-06
   2.221527776      0.1178332358E-06
   2.239706295      0.1140761749E-06
   2.257884815      0.1083288565E-06
   2.276063335      0.1012829754E-06
   2.294241854      0.9376701794E-07
   2.312420374      0.8664883051E-07
   2.330598893      0.8076047772E-07
   2.348777413      0.7686651026E-07
   2.366955933      0.7568675277E-07
   2.385134452      0.7797032089E-07
   2.403312972      0.8460107426E-07
   2.421491492      0.9669912311E-07
   2.439670011      0.1117045343E-06
   2.457848531      0.1302614756E-06
   2.476027050      0.1560248004E-06
   2.494205570      0.1904814737E-06
   2.512384090      0.2351730010E-06
   2.530562609      0.2915401672E-06
   2.548741129      0.3607271001E-06
   2.566919649      0.4433644089E-06
   2.585098168      0.5393574678E-06
   2.603276688      0.6477090848E-06
   2.621455207      0.7664050784E-06
   2.639633727      0.8923864859E-06
   2.657812247      0.1021623643E-05
   2.675990766      0.1149296131E-05
   2.694169286      0.1270069980E-05
   2.712347805      0.1378451175E-05
   2.730526325      0.1469184075E-05
   2.748704845      0.1537656337E-05
   2.766883364      0.1580269321E-05
   2.785061884      0.1594735234E-05
   2.802738302      0.1567544308E-05
   2.820414720      0.1489365187E-05
   2.838091138      0.1369685321E-05
   2.855767556      0.1222198453E-05
   2.873443974      0.1062237708E-05
   2.891120392      0.9041958379E-06
   2.908796810      0.7595388886E-06
   2.926473228      0.6357807437E-06
   2.944149646      0.5323552096E-06
   2.961826064      0.4354376668E-06
   2.979502482      0.3587073608E-06
   2.997178900      0.3000716179E-06
   3.014855318      0.2567114828E-06
   3.032531736      0.2256639805E-06
   3.050208154      0.2041899393E-06
   3.067884572      0.1899611050E-06
   3.085560990      0.1811344252E-06
   3.103237408      0.1763774038E-06
   3.120913826      0.1748821027E-06
   3.138505173      0.1738758331E-06
   3.156096520      0.1709793351E-06
   3.173687868      0.1665215617E-06
   3.191279215      0.1609477729E-06
   3.208870562      0.1547244053E-06
   3.226461909      0.1482722327E-06
   3.244053256      0.1419341196E-06
   3.261644603      0.1359681493E-06
   3.279235950      0.1305544783E-06
   3.296827297      0.1258075553E-06
   3.314418644      0.1217890757E-06
   3.332009992      0.1185195777E-06
   3.349601339      0.1159879733E-06
   3.367192686      0.1141589910E-06
   3.384784033      0.1129788149E-06
   3.402375380      0.1123793298E-06
   3.419966727      0.1122814101E-06
   3.437558074      0.1125976708E-06
   3.455149421      0.1132350296E-06
   3.472740768      0.1140973481E-06
   3.490332115      0.1150883071E-06
   3.507923463      0.1161145626E-06
   3.525514810      0.1170891206E-06
   3.543106157      0.1179347797E-06
   3.560697504      0.1185874270E-06
   3.578288851      0.1189989446E-06
   3.595880198      0.1191394887E-06
     
   0.000000000      0.5290416243E-12
  0.1815415904E-01  0.2978788816E-10
  0.3630831809E-01  0.3728506999E-09
  0.5446247713E-01  0.1704853346E-08
  0.7261663618E-01  0.4877086012E-08
  0.9077079522E-01  0.1059684951E-07
  0.1089249543      0.1913157002E-07
  0.1270791133      0.3013078114E-07
  0.1452332724      0.4262365003E-07
  0.1633874314      0.5519640890E-07
  0.1815415904      0.6630010576E-07
  0.1996957495      0.7460122216E-07
  0.2178499085      0.7927735877E-07
  0.2360040676      0.8018003602E-07
  0.2541582266      0.7782994189E-07
  0.2723123857      0.7326278030E-07
  0.2904665447      0.6778962830E-07
  0.3086207037      0.6276024235E-07
  0.3267748628      0.5941361576E-07
  0.3449290218      0.5886863367E-07
  0.3630831809      0.6225845056E-07
  0.3812373399      0.7095997733E-07
  0.3993914990      0.8683016104E-07
  0.4175456580      0.1123454840E-06
  0.4356998171      0.1505553598E-06
  0.4538539761      0.2048009044E-06
  0.4720081351      0.2782079765E-06
  0.4901622942      0.3730233458E-06
  0.5083164532      0.4899108095E-06
  0.5264706123      0.6273485914E-06
  0.5446247713      0.7812645298E-06
  0.5627789304      0.9450121104E-06
  0.5809330894      0.1109734998E-05
  0.5990872485      0.1265101257E-05
  0.6172414075      0.1400323506E-05
  0.6353955665      0.1505329553E-05
  0.6535497256      0.1571918573E-05
  0.6717038846      0.1594735234E-05
  0.6899718220      0.1548691669E-05
  0.7082397594      0.1419718463E-05
  0.7265076968      0.1232360221E-05
  0.7447756341      0.1019024770E-05
  0.7630435715      0.8109911985E-06
  0.7813115089      0.6313750607E-06
  0.7995794463      0.4921783087E-06
  0.8178473836      0.3954746128E-06
  0.8361153210      0.3370390980E-06
  0.8543832584      0.3101190216E-06
  0.8726511958      0.3076895761E-06
  0.8909191331      0.3229123557E-06
  0.9091870705      0.3486895954E-06
  0.9274550079      0.3797699817E-06
  0.9457229453      0.4131131737E-06
  0.9639908826      0.4457406495E-06
  0.9822588200      0.4521825500E-06
   1.000526757      0.4212629751E-06
   1.018794695      0.3906904434E-06
   1.037062632      0.3637547193E-06
   1.055330570      0.3427155231E-06
   1.073598507      0.3282282764E-06
   1.091866444      0.3192558221E-06
   1.110134382      0.3133092272E-06
   1.128402319      0.3069591780E-06
   1.146670256      0.2966316529E-06
   1.164938194      0.2796048865E-06
   1.183206131      0.2549170024E-06
   1.201474069      0.2237808825E-06
   1.219742006      0.1892463055E-06
   1.238009943      0.1552086895E-06
   1.256277881      0.1252105910E-06
   1.274545818      0.1015738158E-06
   1.292813755      0.8516907639E-07
   1.311081693      0.7573755029E-07
   1.329349630      0.7239264118E-07
   1.347617568      0.7392930745E-07
   1.365885505      0.7882016846E-07
   1.384153442      0.8507753552E-07
   1.402421380      0.9133168116E-07
   1.420689317      0.9309920350E-07
   1.438957254      0.8862279675E-07
   1.457225192      0.7910936637E-07
   1.475493129      0.6497908976E-07
   1.493761067      0.4833730639E-07
   1.512029004      0.3196061426E-07
   1.530296941      0.1825622810E-07
   1.548564879      0.8587967217E-08
   1.566832816      0.3041303217E-08
   1.585100753      0.6654594928E-09
   1.603368691      0.5082743795E-10
   1.621636628      0.5290416243E-12
   1.639815148      0.9984275847E-11
   1.657993667      0.1079003572E-09
   1.676172187      0.4930251722E-09
   1.694350707      0.1464893613E-08
   1.712529226      0.3380632376E-08
   1.730707746      0.6602624936E-08
   1.748886266      0.1144384717E-07
   1.767064785      0.1811794290E-07
   1.785243305      0.2670043610E-07
   1.803421824      0.3710597643E-07
   1.821600344      0.4908440231E-07
   1.839778864      0.6223597681E-07
   1.857957383      0.7604373854E-07
   1.876135903      0.8991883558E-07
   1.894314422      0.1032532419E-06
   1.912492942      0.1154735681E-06
   1.930671462      0.1260898347E-06
   1.948849981      0.1347340125E-06
   1.967028501      0.1411846960E-06
   1.985207021      0.1453762037E-06
   2.003385540      0.1473924166E-06
   2.021564060      0.1474474849E-06
   2.039742579      0.1458569080E-06
   2.057921099      0.1430032694E-06
   2.076099619      0.1393010102E-06
   2.094278138      0.1351641045E-06
   2.112456658      0.1309794797E-06
   2.130635178      0.1270877152E-06
   2.148813697      0.1237711879E-06
   2.166992217      0.1212486393E-06
   2.185170736      0.1196743162E-06
   2.203349256      0.1191394887E-06
   2.221527776      0.1182287293E-06
   2.239706295      0.1155952128E-06
   2.257884815      0.1115231962E-06
   2.276063335      0.1064489229E-06
   2.294241854      0.1009128611E-06
   2.312420374      0.9550814052E-07
   2.330598893      0.9083676600E-07
   2.348777413      0.8748392038E-07
   2.366955933      0.8601714319E-07
   2.385134452      0.8701193326E-07
   2.403312972      0.9109926785E-07
   2.421491492      0.9902473425E-07
   2.439670011      0.1156720352E-06
   2.457848531      0.1431678782E-06
   2.476027050      0.1808971076E-06
   2.494205570      0.2303303136E-06
   2.512384090      0.2923468522E-06
   2.530562609      0.3669792834E-06
   2.548741129      0.4533956978E-06
   2.566919649      0.5501233772E-06
   2.585098168      0.6553337383E-06
   2.603276688      0.7669870775E-06
   2.621455207      0.8827993136E-06
   2.639633727      0.1000137646E-05
   2.657812247      0.1115960446E-05
   2.675990766      0.1226853412E-05
   2.694169286      0.1329160952E-05
   2.712347805      0.1419188076E-05
   2.730526325      0.1493441696E-05
   2.748704845      0.1548880336E-05
   2.766883364      0.1583143442E-05
   2.785061884      0.1594735234E-05
   2.802738302      0.1570240848E-05
   2.820414720      0.1499334649E-05
   2.838091138      0.1389294264E-05
   2.855767556      0.1250847217E-05
   2.873443974      0.1096417551E-05
   2.891120392      0.9382651622E-06
   2.908796810      0.7869031744E-06
   2.926473228      0.6500688870E-06
   2.944149646      0.5364631976E-06
   2.961826064      0.4618965011E-06
   2.979502482      0.4102532891E-06
   2.997178900      0.3786124965E-06
   3.014855318      0.3636913434E-06
   3.032531736      0.3622059532E-06
   3.050208154      0.3709746323E-06
   3.067884572      0.3869571938E-06
   3.085560990      0.4073932123E-06
   3.103237408      0.4300966901E-06
   3.120913826      0.4538486565E-06
   3.138505173      0.4523534284E-06
   3.156096520      0.4479026507E-06
   3.173687868      0.4405997793E-06
   3.191279215      0.4306130878E-06
   3.208870562      0.4181696446E-06
   3.226461909      0.4035472810E-06
   3.244053256      0.3870649287E-06
   3.261644603      0.3690717726E-06
   3.279235950      0.3499357210E-06
   3.296827297      0.3300317139E-06
   3.314418644      0.3097303903E-06
   3.332009992      0.2893876055E-06
   3.349601339      0.2693352357E-06
   3.367192686      0.2498736284E-06
   3.384784033      0.2312659685E-06
   3.402375380      0.2137347189E-06
   3.419966727      0.1974601851E-06
   3.437558074      0.1825811372E-06
   3.455149421      0.1691973173E-06
   3.472740768      0.1573735612E-06
   3.490332115      0.1471451830E-06
   3.507923463      0.1385242145E-06
   3.525514810      0.1315060505E-06
   3.543106157      0.1260760442E-06
   3.560697504      0.1222156119E-06
   3.578288851      0.1199074443E-06
   3.595880198      0.1191394887E-06
     
   0.000000000      0.5290416243E-12
  0.1815415904E-01  0.4386461697E-10
  0.3630831809E-01  0.5827356268E-09
  0.5446247713E-01  0.2784369683E-08
  0.7261663618E-01  0.8400346379E-08
  0.9077079522E-01  0.1949147714E-07
  0.1089249543      0.3807765056E-07
  0.1270791133      0.6575406806E-07
  0.1452332724      0.1033304936E-06
  0.1633874314      0.1505599224E-06
  0.1815415904      0.2060213869E-06
  0.1996957495      0.2672039909E-06
  0.2178499085      0.3308053212E-06
  0.2360040676      0.3932124823E-06
  0.2541582266      0.4510890275E-06
  0.2723123857      0.5019598676E-06
  0.2904665447      0.5446811449E-06
  0.3086207037      0.5797086924E-06
  0.3267748628      0.6091322889E-06
  0.3449290218      0.6365078676E-06
  0.3630831809      0.6665735912E-06
  0.3812373399      0.7049563003E-06
  0.3993914990      0.7579497519E-06
  0.4175456580      0.8323791105E-06
  0.4356998171      0.9354791245E-06
  0.4538539761      0.1074640855E-05
  0.4720081351      0.1256859722E-05
  0.4901622942      0.1487769527E-05
  0.5083164532      0.1770272363E-05
  0.5264706123      0.2102943993E-05
  0.5446247713      0.2478556398E-05
  0.5627789304      0.2883154074E-05
  0.5809330894      0.3296100843E-05
  0.5990872485      0.3691362400E-05
  0.6172414075      0.4040030383E-05
  0.6353955665      0.4313787866E-05
  0.6535497256      0.4488747082E-05
  0.6717038846      0.4548938379E-05
  0.6899718220      0.4427389382E-05
  0.7082397594      0.4085193105E-05
  0.7265076968      0.3582782030E-05
  0.7447756341      0.3000717734E-05
  0.7630435715      0.2418137597E-05
  0.7813115089      0.1895460125E-05
  0.7995794463      0.1466368503E-05
  0.8178473836      0.1139391157E-05
  0.8361153210      0.9055623576E-06
  0.8543832584      0.7474128406E-06
  0.8726511958      0.6458476872E-06
  0.8909191331      0.5838420763E-06
  0.9091870705      0.5477296689E-06
  0.9274550079      0.5247272973E-06
  0.9457229453      0.5039732049E-06
  0.9639908826      0.4802718441E-06
  0.9822588200      0.4766169574E-06
   1.000526757      0.5065564807E-06
   1.018794695      0.5375564138E-06
   1.037062632      0.5718033898E-06
   1.055330570      0.6106559975E-06
   1.073598507      0.6538361053E-06
   1.091866444      0.6990001045E-06
   1.110134382      0.7418432493E-06
   1.128402319      0.7768364671E-06
   1.146670256      0.7985205436E-06
   1.164938194      0.8030201304E-06
   1.183206131      0.7892487674E-06
   1.201474069      0.7593210322E-06
   1.219742006      0.7179935776E-06
   1.238009943      0.6713655992E-06
   1.256277881      0.6253458849E-06
   1.274545818      0.5843937778E-06
   1.292813755      0.5508099053E-06
   1.311081693      0.5245753231E-06
   1.329349630      0.5035921850E-06
   1.347617568      0.4842053389E-06
   1.365885505      0.4619763698E-06
   1.384153442      0.4326954929E-06
   1.402421380      0.3934997563E-06
   1.420689317      0.3438022988E-06
   1.438957254      0.2856770052E-06
   1.457225192      0.2234780153E-06
   1.475493129      0.1627611427E-06
   1.493761067      0.1088623384E-06
   1.512029004      0.6561971002E-07
   1.530296941      0.3463897826E-07
   1.548564879      0.1526079753E-07
   1.566832816      0.5126519426E-08
   1.585100753      0.1074924417E-08
   1.603368691      0.7787725621E-10
   1.621636628      0.5290416243E-12
   1.639815148      0.6522583335E-10
   1.657993667      0.8935857227E-09
   1.676172187      0.4289662910E-08
   1.694350707      0.1294480580E-07
   1.712529226      0.3001080994E-07
   1.730707746      0.5858816636E-07
   1.748886266      0.1012005956E-06
   1.767064785      0.1593288612E-06
   1.785243305      0.2330685469E-06
   1.803421824      0.3209593167E-06
   1.821600344      0.4200096692E-06
   1.839778864      0.5259147140E-06
   1.857957383      0.6334388010E-06
   1.876135903      0.7369134939E-06
   1.894314422      0.8307872913E-06
   1.912492942      0.9101584541E-06
   1.930671462      0.9712267579E-06
   1.948849981      0.1011613028E-05
   1.967028501      0.1030514805E-05
   1.985207021      0.1028689414E-05
   2.003385540      0.1008278685E-05
   2.021564060      0.9725092402E-06
   2.039742579      0.9253159754E-06
   2.057921099      0.8709423764E-06
   2.076099619      0.8135691100E-06
   2.094278138      0.7570127379E-06
   2.112456658      0.7045212418E-06
   2.130635178      0.6586750351E-06
   2.148813697      0.6213842627E-06
   2.166992217      0.5939583686E-06
   2.185170736      0.5772144346E-06
   2.203349256      0.5715880252E-06
   2.221527776      0.5700686257E-06
   2.239706295      0.5656657315E-06
   2.257884815      0.5588344154E-06
   2.276063335      0.5502989175E-06
   2.294241854      0.5410077067E-06
   2.312420374      0.5320822337E-06
   2.330598893      0.5247687209E-06
   2.348777413      0.5204022703E-06
   2.366955933      0.5203912784E-06
   2.385134452      0.5262280593E-06
   2.403312972      0.5395292106E-06
   2.421491492      0.5621070387E-06
   2.439670011      0.5960710364E-06
   2.457848531      0.6439540473E-06
   2.476027050      0.7088462326E-06
   2.494205570      0.7944929300E-06
   2.512384090      0.9052658700E-06
   2.530562609      0.1045874423E-05
   2.548741129      0.1220715417E-05
   2.566919649      0.1432925238E-05
   2.585098168      0.1683401129E-05
   2.603276688      0.1970089313E-05
   2.621455207      0.2287670477E-05
   2.639633727      0.2627611773E-05
   2.657812247      0.2978517500E-05
   2.675990766      0.3326736623E-05
   2.694169286      0.3657196726E-05
   2.712347805      0.3954417260E-05
   2.730526325      0.4203627303E-05
   2.748704845      0.4391890268E-05
   2.766883364      0.4509127679E-05
   2.785061884      0.4548938379E-05
   2.802738302      0.4477792022E-05
   2.820414720      0.4272005885E-05
   2.838091138      0.3953165560E-05
   2.855767556      0.3553005403E-05
   2.873443974      0.3108121168E-05
   2.891120392      0.2654391319E-05
   2.908796810      0.2222280582E-05
   2.926473228      0.1833851822E-05
   2.944149646      0.1501785929E-05
   2.961826064      0.1230179116E-05
   2.979502482      0.1016510934E-05
   2.997178900      0.8540431890E-06
   3.014855318      0.7340164692E-06
   3.032531736      0.6472740214E-06
   3.050208154      0.5852401154E-06
   3.067884572      0.5404005782E-06
   3.085560990      0.5065173666E-06
   3.103237408      0.4787635053E-06
   3.120913826      0.4538486565E-06
   3.138505173      0.4555160690E-06
   3.156096520      0.4603639162E-06
   3.173687868      0.4679691788E-06
   3.191279215      0.4777368804E-06
   3.208870562      0.4890051874E-06
   3.226461909      0.5011250282E-06
   3.244053256      0.5135068877E-06
   3.261644603      0.5256428403E-06
   3.279235950      0.5371143052E-06
   3.296827297      0.5475928236E-06
   3.314418644      0.5568376104E-06
   3.332009992      0.5646913647E-06
   3.349601339      0.5710747351E-06
   3.367192686      0.5759794649E-06
   3.384784033      0.5794602198E-06
   3.402375380      0.5816252119E-06
   3.419966727      0.5826258688E-06
   3.437558074      0.5826458977E-06
   3.455149421      0.5818901534E-06
   3.472740768      0.5805737235E-06
   3.490332115      0.5789116099E-06
   3.507923463      0.5771093161E-06
   3.525514810      0.5753545674E-06
   3.543106157      0.5738103016E-06
   3.560697504      0.5726089918E-06
   3.578288851      0.5718482999E-06
   3.595880198      0.5715880252E-06
     
