   18.00000000       0.000000000    
   18.01333333       0.000000000    
   18.02666667       0.000000000    
   18.04000000       0.000000000    
   18.05333333       0.000000000    
   18.06666667       0.000000000    
   18.08000000       0.000000000    
   18.09333333       0.000000000    
   18.10666667       0.000000000    
   18.12000000       0.000000000    
   18.13333333       0.000000000    
   18.14666667       0.000000000    
   18.16000000       0.000000000    
   18.17333333       0.000000000    
   18.18666667       0.000000000    
   18.20000000       0.000000000    
   18.21333333       0.000000000    
   18.22666667       0.000000000    
   18.24000000       0.000000000    
   18.25333333       0.000000000    
   18.26666667       0.000000000    
   18.28000000       0.000000000    
   18.29333333       0.000000000    
   18.30666667       0.000000000    
   18.32000000       0.000000000    
   18.33333333       0.000000000    
   18.34666667       0.000000000    
   18.36000000       0.000000000    
   18.37333333       0.000000000    
   18.38666667       0.000000000    
   18.40000000       0.000000000    
   18.41333333       0.000000000    
   18.42666667       0.000000000    
   18.44000000       0.000000000    
   18.45333333       0.000000000    
   18.46666667       0.000000000    
   18.48000000       0.000000000    
   18.49333333       0.000000000    
   18.50666667       0.000000000    
   18.52000000       0.000000000    
   18.53333333       0.000000000    
   18.54666667       0.000000000    
   18.56000000       0.000000000    
   18.57333333       0.000000000    
   18.58666667       0.000000000    
   18.60000000       0.000000000    
   18.61333333       0.000000000    
   18.62666667       0.000000000    
   18.64000000      0.4802983991E-10
   18.65333333      0.4187232974E-08
   18.66666667      0.1166852820E-06
   18.68000000      0.1185389883E-05
   18.69333333      0.7384946085E-05
   18.70666667      0.3045664582E-04
   18.72000000      0.9242656802E-04
   18.73333333      0.2095808507E-03
   18.74666667      0.3736608862E-03
   18.76000000      0.5533811122E-03
   18.77333333      0.7624387726E-03
   18.78666667      0.1130701129E-02
   18.80000000      0.1718257455E-02
   18.81333333      0.2493497109E-02
   18.82666667      0.3185876321E-02
   18.84000000      0.3773753388E-02
   18.85333333      0.4163071949E-02
   18.86666667      0.4417930457E-02
   18.88000000      0.4382860113E-02
   18.89333333      0.4265167650E-02
   18.90666667      0.4274114406E-02
   18.92000000      0.4531939553E-02
   18.93333333      0.4773633135E-02
   18.94666667      0.4692470703E-02
   18.96000000      0.4280908391E-02
   18.97333333      0.3707009360E-02
   18.98666667      0.3231771893E-02
   19.00000000      0.2948639963E-02
   19.01333333      0.2934893917E-02
   19.02666667      0.3219916297E-02
   19.04000000      0.3575260703E-02
   19.05333333      0.3751330763E-02
   19.06666667      0.3327580078E-02
   19.08000000      0.2543806713E-02
   19.09333333      0.1654728178E-02
   19.10666667      0.1150618326E-02
   19.12000000      0.9459602807E-03
   19.13333333      0.8998660240E-03
   19.14666667      0.8176059080E-03
   19.16000000      0.7558026853E-03
   19.17333333      0.9037873207E-03
   19.18666667      0.1321903948E-02
   19.20000000      0.1867767255E-02
   19.21333333      0.2223600447E-02
   19.22666667      0.2224099692E-02
   19.24000000      0.1902702475E-02
   19.25333333      0.1439482382E-02
   19.26666667      0.9722495061E-03
   19.28000000      0.5977864035E-03
   19.29333333      0.3478918970E-03
   19.30666667      0.2213236000E-03
   19.32000000      0.1703656489E-03
   19.33333333      0.1539137766E-03
   19.34666667      0.1451793490E-03
   19.36000000      0.1375585069E-03
   19.37333333      0.1278149172E-03
   19.38666667      0.1195727132E-03
   19.40000000      0.1260018751E-03
   19.41333333      0.1695476274E-03
   19.42666667      0.3183900566E-03
   19.44000000      0.5793807268E-03
   19.45333333      0.9115068510E-03
   19.46666667      0.1130902983E-02
   19.48000000      0.1185230847E-02
   19.49333333      0.1088279488E-02
   19.50666667      0.9753621739E-03
   19.52000000      0.8640461661E-03
   19.53333333      0.7562832710E-03
   19.54666667      0.6414338684E-03
   19.56000000      0.5560142899E-03
   19.57333333      0.5075797090E-03
   19.58666667      0.4777864278E-03
   19.60000000      0.4375588173E-03
   19.61333333      0.3777842167E-03
   19.62666667      0.3123612299E-03
   19.64000000      0.2611515503E-03
   19.65333333      0.2373966982E-03
   19.66666667      0.2324238458E-03
   19.68000000      0.2292782226E-03
   19.69333333      0.2212538667E-03
   19.70666667      0.2174469307E-03
   19.72000000      0.2324020016E-03
   19.73333333      0.2755053590E-03
   19.74666667      0.3373106475E-03
   19.76000000      0.4001468611E-03
   19.77333333      0.4277098535E-03
   19.78666667      0.4056550688E-03
   19.80000000      0.3437894304E-03
   19.81333333      0.2756163370E-03
   19.82666667      0.2317231865E-03
   19.84000000      0.2230530902E-03
   19.85333333      0.2569834841E-03
   19.86666667      0.3246486802E-03
   19.88000000      0.4109200279E-03
   19.89333333      0.4913710672E-03
   19.90666667      0.5572174814E-03
   19.92000000      0.6215124056E-03
   19.93333333      0.7215388596E-03
   19.94666667      0.8783714081E-03
   19.96000000      0.1089505958E-02
   19.97333333      0.1309540454E-02
   19.98666667      0.1506600555E-02
   20.00000000      0.1641843699E-02
   20.01333333      0.1683875413E-02
   20.02666667      0.1608065088E-02
   20.04000000      0.1413556994E-02
   20.05333333      0.1149511752E-02
   20.06666667      0.8333914280E-03
   20.08000000      0.5265343190E-03
   20.09333333      0.2595013230E-03
   20.10666667      0.9703860137E-04
   20.12000000      0.2181874162E-04
   20.13333333      0.4267836290E-05
   20.14666667      0.8728401994E-06
   20.16000000      0.4237144268E-07
   20.17333333       0.000000000    
   20.18666667       0.000000000    
   20.20000000       0.000000000    
   20.21333333       0.000000000    
   20.22666667       0.000000000    
   20.24000000       0.000000000    
   20.25333333       0.000000000    
   20.26666667       0.000000000    
   20.28000000       0.000000000    
   20.29333333       0.000000000    
   20.30666667       0.000000000    
   20.32000000       0.000000000    
   20.33333333       0.000000000    
   20.34666667       0.000000000    
   20.36000000       0.000000000    
   20.37333333       0.000000000    
   20.38666667       0.000000000    
   20.40000000       0.000000000    
   20.41333333       0.000000000    
   20.42666667       0.000000000    
   20.44000000       0.000000000    
   20.45333333       0.000000000    
   20.46666667       0.000000000    
   20.48000000       0.000000000    
   20.49333333       0.000000000    
   20.50666667       0.000000000    
   20.52000000       0.000000000    
   20.53333333       0.000000000    
   20.54666667       0.000000000    
   20.56000000       0.000000000    
   20.57333333       0.000000000    
   20.58666667       0.000000000    
   20.60000000       0.000000000    
   20.61333333       0.000000000    
   20.62666667       0.000000000    
   20.64000000       0.000000000    
   20.65333333       0.000000000    
   20.66666667       0.000000000    
   20.68000000       0.000000000    
   20.69333333       0.000000000    
   20.70666667       0.000000000    
   20.72000000       0.000000000    
   20.73333333       0.000000000    
   20.74666667       0.000000000    
   20.76000000       0.000000000    
   20.77333333       0.000000000    
   20.78666667       0.000000000    
   20.80000000       0.000000000    
   20.81333333       0.000000000    
   20.82666667       0.000000000    
   20.84000000       0.000000000    
   20.85333333       0.000000000    
   20.86666667       0.000000000    
   20.88000000       0.000000000    
   20.89333333       0.000000000    
   20.90666667       0.000000000    
   20.92000000       0.000000000    
   20.93333333       0.000000000    
   20.94666667       0.000000000    
   20.96000000       0.000000000    
   20.97333333       0.000000000    
   20.98666667       0.000000000    
   21.00000000       0.000000000    
   21.01333333       0.000000000    
   21.02666667       0.000000000    
   21.04000000       0.000000000    
   21.05333333       0.000000000    
   21.06666667       0.000000000    
   21.08000000       0.000000000    
   21.09333333       0.000000000    
   21.10666667       0.000000000    
   21.12000000       0.000000000    
   21.13333333       0.000000000    
   21.14666667       0.000000000    
   21.16000000       0.000000000    
   21.17333333       0.000000000    
   21.18666667       0.000000000    
   21.20000000       0.000000000    
   21.21333333       0.000000000    
   21.22666667       0.000000000    
   21.24000000       0.000000000    
   21.25333333       0.000000000    
   21.26666667       0.000000000    
   21.28000000       0.000000000    
   21.29333333       0.000000000    
   21.30666667       0.000000000    
   21.32000000       0.000000000    
   21.33333333       0.000000000    
   21.34666667       0.000000000    
   21.36000000       0.000000000    
   21.37333333       0.000000000    
   21.38666667       0.000000000    
   21.40000000       0.000000000    
   21.41333333       0.000000000    
   21.42666667       0.000000000    
   21.44000000       0.000000000    
   21.45333333       0.000000000    
   21.46666667       0.000000000    
   21.48000000       0.000000000    
   21.49333333       0.000000000    
   21.50666667       0.000000000    
   21.52000000       0.000000000    
   21.53333333       0.000000000    
   21.54666667       0.000000000    
   21.56000000       0.000000000    
   21.57333333       0.000000000    
   21.58666667       0.000000000    
   21.60000000       0.000000000    
   21.61333333       0.000000000    
   21.62666667       0.000000000    
   21.64000000       0.000000000    
   21.65333333       0.000000000    
   21.66666667       0.000000000    
   21.68000000       0.000000000    
   21.69333333       0.000000000    
   21.70666667       0.000000000    
   21.72000000       0.000000000    
   21.73333333       0.000000000    
   21.74666667       0.000000000    
   21.76000000       0.000000000    
   21.77333333       0.000000000    
   21.78666667       0.000000000    
   21.80000000       0.000000000    
   21.81333333       0.000000000    
   21.82666667       0.000000000    
   21.84000000       0.000000000    
   21.85333333       0.000000000    
   21.86666667       0.000000000    
   21.88000000       0.000000000    
   21.89333333       0.000000000    
   21.90666667       0.000000000    
   21.92000000       0.000000000    
   21.93333333       0.000000000    
   21.94666667       0.000000000    
   21.96000000       0.000000000    
   21.97333333       0.000000000    
   21.98666667       0.000000000    
