 -0.3733061402E-04   0.000000000    
 -0.3650934158E-04   0.000000000    
 -0.3568806913E-04   0.000000000    
 -0.3486679669E-04   0.000000000    
 -0.3404552425E-04   0.000000000    
 -0.3322425180E-04   0.000000000    
 -0.3240297936E-04   0.000000000    
 -0.3158170692E-04   0.000000000    
 -0.3076043447E-04   0.000000000    
 -0.2993916203E-04   0.000000000    
 -0.2911788959E-04   0.000000000    
 -0.2829661715E-04   0.000000000    
 -0.2747534470E-04   0.000000000    
 -0.2665407226E-04   0.000000000    
 -0.2583279982E-04   0.000000000    
 -0.2501152737E-04   0.000000000    
 -0.2419025493E-04   0.000000000    
 -0.2336898249E-04   0.000000000    
 -0.2254771004E-04   0.000000000    
 -0.2172643760E-04   0.000000000    
 -0.2090516516E-04   0.000000000    
 -0.2008389272E-04   0.000000000    
 -0.1926262027E-04   0.000000000    
 -0.1844134783E-04   0.000000000    
 -0.1762007539E-04   0.000000000    
 -0.1679880294E-04   0.000000000    
 -0.1597753050E-04   0.000000000    
 -0.1515625806E-04   0.000000000    
 -0.1433498562E-04   0.000000000    
 -0.1351371317E-04   0.000000000    
 -0.1269244073E-04   0.000000000    
 -0.1187116829E-04   0.000000000    
 -0.1104989584E-04   0.000000000    
 -0.1022862340E-04   0.000000000    
 -0.9407350958E-05   0.000000000    
 -0.8586078515E-05   0.000000000    
 -0.7764806072E-05   0.000000000    
 -0.6943533629E-05   0.000000000    
 -0.6122261186E-05   0.000000000    
 -0.5300988743E-05   0.000000000    
 -0.4479716300E-05   0.000000000    
 -0.3658443857E-05   0.000000000    
 -0.2837171414E-05   0.000000000    
 -0.2015898971E-05   0.000000000    
 -0.1194626528E-05  0.5201078357E-34
 -0.3733540851E-06  0.5201078357E-34
  0.4479183578E-06  0.5201078357E-34
  0.1269190801E-05   0.000000000    
  0.2090463244E-05   0.000000000    
  0.2911735687E-05   0.000000000    
  0.3733008130E-05   0.000000000    
  0.4554280573E-05  0.3168369434E-08
  0.5375553016E-05  0.3168369434E-08
  0.6196825459E-05  0.3168369434E-08
  0.7018097901E-05  0.2360372753E-08
  0.7839370344E-05  0.3098439279E-07
  0.8660642787E-05  0.3098439279E-07
  0.9481915230E-05  0.1065775328E-06
  0.1030318767E-04  0.7795351273E-07
  0.1112446012E-04  0.1288953459E-06
  0.1194573256E-04  0.1630692536E-06
  0.1276700500E-04  0.4774030075E-06
  0.1358827745E-04  0.7014444603E-06
  0.1440954989E-04  0.8582135593E-06
  0.1523082233E-04  0.1067737772E-05
  0.1605209477E-04  0.1363416802E-05
  0.1687336722E-04  0.1499278249E-05
  0.1769463966E-04  0.2748193663E-05
  0.1851591210E-04  0.3625885796E-05
  0.1933718455E-04  0.5094146698E-05
  0.2015845699E-04  0.5245772745E-05
  0.2097972943E-04  0.6196672222E-05
  0.2180100187E-04  0.9029906447E-05
  0.2262227432E-04  0.1142988952E-04
  0.2344354676E-04  0.1361562723E-04
  0.2426481920E-04  0.1650048834E-04
  0.2508609165E-04  0.1689706280E-04
  0.2590736409E-04  0.2801924778E-04
  0.2672863653E-04  0.2848004026E-04
  0.2754990898E-04  0.3820241779E-04
  0.2837118142E-04  0.3482637072E-04
  0.2919245386E-04  0.4372564775E-04
  0.3001372630E-04  0.5810526856E-04
  0.3083499875E-04  0.7472270581E-04
  0.3165627119E-04  0.8298074785E-04
  0.3247754363E-04  0.8168479750E-04
  0.3329881608E-04  0.1008955629E-03
  0.3412008852E-04  0.1161496825E-03
  0.3494136096E-04  0.1361480210E-03
  0.3576263340E-04  0.1473928404E-03
  0.3658390585E-04  0.1783212778E-03
  0.3740517829E-04  0.1951816395E-03
  0.3822645073E-04  0.2225300340E-03
  0.3904772318E-04  0.2492314203E-03
  0.3986899562E-04  0.2999345175E-03
  0.4069026806E-04  0.3443046820E-03
  0.4151154051E-04  0.3731541826E-03
  0.4233281295E-04  0.3679703322E-03
  0.4315408539E-04  0.4243320222E-03
  0.4397535783E-04  0.5142351775E-03
  0.4479663028E-04  0.6031016196E-03
  0.4561790272E-04  0.6081487353E-03
  0.4643917516E-04  0.6333671885E-03
  0.4726044761E-04  0.6831312838E-03
  0.4808172005E-04  0.8588160310E-03
  0.4890299249E-04  0.9513878042E-03
  0.4972426494E-04  0.1061158620E-02
  0.5054553738E-04  0.9909157820E-03
  0.5136680982E-04  0.1065222278E-02
  0.5218808226E-04  0.1316020974E-02
  0.5300935471E-04  0.1552215910E-02
  0.5383062715E-04  0.1659043598E-02
  0.5465189959E-04  0.1567565595E-02
  0.5547317204E-04  0.1593140990E-02
  0.5629444448E-04  0.1875001146E-02
  0.5711571692E-04  0.2270938325E-02
  0.5793698936E-04  0.2441566607E-02
  0.5875826181E-04  0.2273139915E-02
  0.5957953425E-04  0.2582378822E-02
  0.6040080669E-04  0.3005524070E-02
  0.6122207914E-04  0.3431134387E-02
  0.6204335158E-04  0.3416304862E-02
  0.6286462402E-04  0.3301618919E-02
  0.6368589647E-04  0.3873794900E-02
  0.6450716891E-04  0.4138853240E-02
  0.6532844135E-04  0.5006884662E-02
  0.6614971379E-04  0.4516865423E-02
  0.6697098624E-04  0.5091701553E-02
  0.6779225868E-04  0.5235525118E-02
  0.6861353112E-04  0.6200757494E-02
  0.6943480357E-04  0.6464202594E-02
  0.7025607601E-04  0.6348247154E-02
  0.7107734845E-04  0.6904578569E-02
  0.7189862090E-04  0.7680048722E-02
  0.7271989334E-04  0.8588295916E-02
  0.7354116578E-04  0.8959348251E-02
  0.7436243822E-04  0.8930169137E-02
  0.7518371067E-04  0.9965920862E-02
  0.7600498311E-04  0.1064109865E-01
  0.7682625555E-04  0.1174658943E-01
  0.7764752800E-04  0.1186670420E-01
  0.7846880044E-04  0.1264473531E-01
  0.7929007288E-04  0.1334856249E-01
  0.8011134532E-04  0.1416024037E-01
  0.8093261777E-04  0.1540911739E-01
  0.8175389021E-04  0.1656583951E-01
  0.8257516265E-04  0.1760708111E-01
  0.8339643510E-04  0.1856770371E-01
  0.8421770754E-04  0.1940384495E-01
  0.8503897998E-04  0.2149260574E-01
  0.8586025243E-04  0.2344427451E-01
  0.8668152487E-04  0.2504047631E-01
  0.8750279731E-04  0.2580842313E-01
  0.8832406975E-04  0.2844127363E-01
  0.8914534220E-04  0.3047926493E-01
  0.8996661464E-04  0.3300142112E-01
  0.9078788708E-04  0.3464280647E-01
  0.9160915953E-04  0.4039912075E-01
  0.9243043197E-04  0.4954803558E-01
  0.9325170441E-04  0.6148423811E-01
  0.9407297685E-04  0.7203273398E-01
  0.9489424930E-04  0.8246967207E-01
  0.9571552174E-04  0.9214325857E-01
  0.9653679418E-04  0.9961539348E-01
  0.9735806663E-04  0.1028888496    
  0.9817933907E-04  0.1073116699    
  0.9900061151E-04  0.1082114842    
  0.9982188396E-04  0.1126809661    
  0.1006431564E-03  0.1168635991    
  0.1014644288E-03  0.1249987727    
  0.1022857013E-03  0.1283555790    
  0.1031069737E-03  0.1347443235    
  0.1039282462E-03  0.1421732642    
  0.1047495186E-03  0.1521068708    
  0.1055707911E-03  0.1599410789    
  0.1063920635E-03  0.1662784835    
  0.1072133359E-03  0.1777259893    
  0.1080346084E-03  0.1861157927    
  0.1088558808E-03  0.1996554398    
  0.1096771533E-03  0.2111439566    
  0.1104984257E-03  0.2235718516    
  0.1113196982E-03  0.2303063958    
  0.1121409706E-03  0.2323943274    
  0.1129622430E-03  0.2353306140    
  0.1137835155E-03  0.2402337169    
  0.1146047879E-03  0.2400190208    
  0.1154260604E-03  0.2416946371    
  0.1162473328E-03  0.2404559941    
  0.1170686053E-03  0.2520403293    
  0.1178898777E-03  0.2486437209    
  0.1187111501E-03  0.2536185253    
  0.1195324226E-03  0.2518388477    
  0.1203536950E-03  0.2552347649    
  0.1211749675E-03  0.2582561954    
  0.1219962399E-03  0.2629904511    
  0.1228175124E-03  0.2647821100    
  0.1236387848E-03  0.2664883742    
  0.1244600572E-03  0.2647372797    
  0.1252813297E-03  0.2735423963    
  0.1261026021E-03  0.2739850514    
  0.1269238746E-03  0.2780561253    
  0.1277451470E-03  0.2833575120    
  0.1285664195E-03  0.2853498463    
  0.1293876919E-03  0.2896337003    
  0.1302089643E-03  0.2877620560    
  0.1310302368E-03  0.2880225468    
  0.1318515092E-03  0.2962518086    
  0.1326727817E-03  0.2997709302    
  0.1334940541E-03  0.3097343892    
  0.1343153266E-03  0.3068125554    
  0.1351365990E-03  0.3121363231    
  0.1359578714E-03  0.3190498000    
  0.1367791439E-03  0.3154105962    
  0.1376004163E-03  0.3255058565    
  0.1384216888E-03  0.3289479883    
  0.1392429612E-03  0.3445742979    
  0.1400642337E-03  0.3400401968    
  0.1408855061E-03  0.3381334788    
  0.1417067785E-03  0.3477376302    
  0.1425280510E-03  0.3570704726    
  0.1433493234E-03  0.3712215393    
  0.1441705959E-03  0.3708246080    
  0.1449918683E-03  0.3751241780    
  0.1458131408E-03  0.3873713643    
  0.1466344132E-03  0.3912883182    
  0.1474556856E-03  0.4055869563    
  0.1482769581E-03  0.4030516531    
  0.1490982305E-03  0.4214874217    
  0.1499195030E-03  0.4269136052    
  0.1507407754E-03  0.4479729175    
  0.1515620479E-03  0.4547924473    
  0.1523833203E-03  0.4692883603    
  0.1532045927E-03  0.4738395284    
  0.1540258652E-03  0.4886204853    
  0.1548471376E-03  0.5035198496    
  0.1556684101E-03  0.5259108125    
  0.1564896825E-03  0.5426352590    
  0.1573109550E-03  0.5693991867    
  0.1581322274E-03  0.5871397487    
  0.1589534998E-03  0.6146546882    
  0.1597747723E-03  0.6431458344    
  0.1605960447E-03  0.6913124772    
  0.1614173172E-03  0.7512982093    
  0.1622385896E-03  0.7914534872    
  0.1630598621E-03  0.8366467634    
  0.1638811345E-03  0.8609786140    
  0.1647024069E-03  0.8751696565    
  0.1655236794E-03  0.8413219269    
  0.1663449518E-03  0.8345729131    
  0.1671662243E-03  0.8180706128    
  0.1679874967E-03  0.8339536316    
  0.1688087692E-03  0.8288570373    
  0.1696300416E-03  0.8561419354    
  0.1704513140E-03  0.8932855096    
  0.1712725865E-03  0.9613082664    
  0.1720938589E-03  0.9921392542    
  0.1729151314E-03  0.9839562512    
  0.1737364038E-03  0.9186328528    
  0.1745576763E-03  0.8696981352    
  0.1753789487E-03  0.8409103020    
  0.1762002212E-03  0.8129479874    
  0.1770214936E-03  0.7888074049    
  0.1778427660E-03  0.7648763236    
  0.1786640385E-03  0.7474391829    
  0.1794853109E-03  0.7397442942    
  0.1803065834E-03  0.7151118743    
  0.1811278558E-03  0.7078964834    
  0.1819491283E-03  0.6875574079    
  0.1827704007E-03  0.6783225423    
  0.1835916731E-03  0.6600245987    
  0.1844129456E-03  0.6521649277    
  0.1852342180E-03  0.6375713708    
  0.1860554905E-03  0.6281847313    
  0.1868767629E-03  0.6175447688    
  0.1876980354E-03  0.6127725828    
  0.1885193078E-03  0.6017628108    
  0.1893405802E-03  0.5948979955    
  0.1901618527E-03  0.5917090026    
  0.1909831251E-03  0.5818653761    
  0.1918043976E-03  0.5791136522    
  0.1926256700E-03  0.5623374645    
  0.1934469425E-03  0.5614488693    
  0.1942682149E-03  0.5538830663    
  0.1950894873E-03  0.5391581217    
  0.1959107598E-03  0.5228928953    
  0.1967320322E-03  0.5006904935    
  0.1975533047E-03  0.4969088466    
  0.1983745771E-03  0.4904191518    
  0.1991958496E-03  0.4848686142    
  0.2000171220E-03  0.4751225714    
  0.2008383944E-03  0.4679048390    
  0.2016596669E-03  0.4671911374    
  0.2024809393E-03  0.4603350117    
  0.2033022118E-03  0.4572417975    
  0.2041234842E-03  0.4476227327    
  0.2049447567E-03  0.4531972653    
  0.2057660291E-03  0.4427709303    
  0.2065873015E-03  0.4359344729    
  0.2074085740E-03  0.4298700304    
  0.2082298464E-03  0.4343171488    
  0.2090511189E-03  0.4274443009    
  0.2098723913E-03  0.4281334141    
  0.2106936638E-03  0.4216163596    
  0.2115149362E-03  0.4185857575    
  0.2123362086E-03  0.4107114362    
  0.2131574811E-03  0.4133265439    
  0.2139787535E-03  0.4144833587    
  0.2148000260E-03  0.4110514975    
  0.2156212984E-03  0.4022132679    
  0.2164425709E-03  0.3994061516    
  0.2172638433E-03  0.3914069242    
  0.2180851157E-03  0.3984103925    
  0.2189063882E-03  0.3966078654    
  0.2197276606E-03  0.3990355263    
  0.2205489331E-03  0.3941165653    
  0.2213702055E-03  0.3933515773    
  0.2221914780E-03  0.4028804042    
  0.2230127504E-03  0.3982940685    
  0.2238340228E-03  0.4081849471    
  0.2246552953E-03  0.4048764146    
  0.2254765677E-03  0.4077691664    
  0.2262978402E-03  0.4038730217    
  0.2271191126E-03  0.4088343819    
  0.2279403851E-03  0.4056944427    
  0.2287616575E-03  0.4195627265    
  0.2295829299E-03  0.4158238852    
  0.2304042024E-03  0.4159367385    
  0.2312254748E-03  0.4136155737    
  0.2320467473E-03  0.4159877175    
  0.2328680197E-03  0.4350010755    
  0.2336892922E-03  0.4284665001    
  0.2345105646E-03  0.4282948956    
  0.2353318370E-03  0.4252170944    
  0.2361531095E-03  0.4273408154    
  0.2369743819E-03  0.4236088092    
  0.2377956544E-03  0.4135290102    
  0.2386169268E-03  0.4011237594    
  0.2394381993E-03  0.3961457447    
  0.2402594717E-03  0.3870144180    
  0.2410807441E-03  0.3926392203    
  0.2419020166E-03  0.3787109209    
  0.2427232890E-03  0.3690211748    
  0.2435445615E-03  0.3500374962    
  0.2443658339E-03  0.3345836594    
  0.2451871064E-03  0.3141160004    
  0.2460083788E-03  0.3010272940    
  0.2468296512E-03  0.2908476287    
  0.2476509237E-03  0.2892869694    
  0.2484721961E-03  0.2692807489    
  0.2492934686E-03  0.2682583702    
  0.2501147410E-03  0.2523785699    
  0.2509360135E-03  0.2528451272    
  0.2517572859E-03  0.2464991297    
  0.2525785583E-03  0.2478823218    
  0.2533998308E-03  0.2455800516    
  0.2542211032E-03  0.2381476676    
  0.2550423757E-03  0.2264969442    
  0.2558636481E-03  0.2238783741    
  0.2566849206E-03  0.2274038615    
  0.2575061930E-03  0.2349101938    
  0.2583274654E-03  0.2688083939    
  0.2591487379E-03  0.3348709843    
  0.2599700103E-03  0.4262892203    
  0.2607912828E-03  0.4954788819    
  0.2616125552E-03  0.5328149123    
  0.2624338277E-03  0.5544511288    
  0.2632551001E-03  0.5643640300    
  0.2640763725E-03  0.5813380900    
  0.2648976450E-03  0.6002403189    
  0.2657189174E-03  0.6161859621    
  0.2665401899E-03  0.6432372088    
  0.2673614623E-03  0.6680387180    
  0.2681827348E-03  0.6851077428    
  0.2690040072E-03  0.7158842539    
  0.2698252796E-03  0.7190694030    
  0.2706465521E-03  0.7871919098    
  0.2714678245E-03  0.8031470399    
  0.2722890970E-03  0.8720720287    
  0.2731103694E-03  0.8875655919    
  0.2739316419E-03  0.9589238765    
  0.2747529143E-03  0.9524351281    
  0.2755741867E-03  0.9857785080    
  0.2763954592E-03  0.9657195606    
  0.2772167316E-03  0.9954032426    
  0.2780380041E-03   1.003102939    
  0.2788592765E-03   1.020531171    
  0.2796805490E-03   1.024342625    
  0.2805018214E-03   1.033187785    
  0.2813230938E-03   1.039125652    
  0.2821443663E-03   1.056190520    
  0.2829656387E-03   1.053942209    
  0.2837869112E-03   1.074923007    
  0.2846081836E-03   1.096471210    
  0.2854294561E-03   1.095822940    
  0.2862507285E-03   1.108512195    
  0.2870720009E-03   1.136651304    
  0.2878932734E-03   1.164266212    
  0.2887145458E-03   1.178619892    
  0.2895358183E-03   1.173748508    
  0.2903570907E-03   1.173892094    
  0.2911783632E-03   1.167572627    
  0.2919996356E-03   1.152912586    
  0.2928209081E-03   1.106242315    
  0.2936421805E-03   1.066291970    
  0.2944634529E-03   1.007893618    
  0.2952847254E-03  0.9793074718    
  0.2961059978E-03  0.9288769992    
  0.2969272703E-03  0.9207796560    
  0.2977485427E-03  0.9052062115    
  0.2985698152E-03  0.8673073314    
  0.2993910876E-03  0.8354557775    
  0.3002123600E-03  0.8202455920    
  0.3010336325E-03  0.8391838751    
  0.3018549049E-03  0.8359886386    
  0.3026761774E-03  0.8188118057    
  0.3034974498E-03  0.7824241907    
  0.3043187223E-03  0.7242421852    
  0.3051399947E-03  0.6734338352    
  0.3059612671E-03  0.6375690013    
  0.3067825396E-03  0.6166634540    
  0.3076038120E-03  0.5972858122    
  0.3084250845E-03  0.5696125241    
  0.3092463569E-03  0.5461704869    
  0.3100676294E-03  0.5305733236    
  0.3108889018E-03  0.5177569446    
  0.3117101742E-03  0.5045878240    
  0.3125314467E-03  0.4854376889    
  0.3133527191E-03  0.4737210922    
  0.3141739916E-03  0.4610439101    
  0.3149952640E-03  0.4502207884    
  0.3158165365E-03  0.4297144132    
  0.3166378089E-03  0.4238975039    
  0.3174590813E-03  0.4087212727    
  0.3182803538E-03  0.4053894838    
  0.3191016262E-03  0.3889847416    
  0.3199228987E-03  0.3831360443    
  0.3207441711E-03  0.3653026901    
  0.3215654436E-03  0.3608572479    
  0.3223867160E-03  0.3537996322    
  0.3232079884E-03  0.3495512960    
  0.3240292609E-03  0.3372637342    
  0.3248505333E-03  0.3257971312    
  0.3256718058E-03  0.3228910712    
  0.3264930782E-03  0.3095950776    
  0.3273143507E-03  0.3063651025    
  0.3281356231E-03  0.2973184968    
  0.3289568955E-03  0.2937484733    
  0.3297781680E-03  0.2827257792    
  0.3305994404E-03  0.2765530338    
  0.3314207129E-03  0.2667240485    
  0.3322419853E-03  0.2643081920    
  0.3330632578E-03  0.2563141257    
  0.3338845302E-03  0.2528596784    
  0.3347058026E-03  0.2444528749    
  0.3355270751E-03  0.2398167410    
  0.3363483475E-03  0.2332868437    
  0.3371696200E-03  0.2274940828    
  0.3379908924E-03  0.2165202377    
  0.3388121649E-03  0.2069964726    
  0.3396334373E-03  0.1850924792    
  0.3404547097E-03  0.1633331511    
  0.3412759822E-03  0.1399259027    
  0.3420972546E-03  0.1175378700    
  0.3429185271E-03  0.9500793526E-01
  0.3437397995E-03  0.7022854837E-01
  0.3445610720E-03  0.4998220338E-01
  0.3453823444E-03  0.2702183430E-01
  0.3462036168E-03  0.9619104890E-02
  0.3470248893E-03   0.000000000    
  0.3478461617E-03   0.000000000    
  0.3486674342E-03   0.000000000    
  0.3494887066E-03   0.000000000    
  0.3503099791E-03   0.000000000    
  0.3511312515E-03   0.000000000    
  0.3519525239E-03   0.000000000    
  0.3527737964E-03   0.000000000    
  0.3535950688E-03   0.000000000    
  0.3544163413E-03   0.000000000    
  0.3552376137E-03   0.000000000    
  0.3560588862E-03   0.000000000    
  0.3568801586E-03   0.000000000    
  0.3577014310E-03   0.000000000    
  0.3585227035E-03   0.000000000    
  0.3593439759E-03   0.000000000    
  0.3601652484E-03   0.000000000    
  0.3609865208E-03   0.000000000    
  0.3618077933E-03   0.000000000    
  0.3626290657E-03   0.000000000    
  0.3634503381E-03   0.000000000    
  0.3642716106E-03   0.000000000    
  0.3650928830E-03   0.000000000    
  0.3659141555E-03   0.000000000    
  0.3667354279E-03   0.000000000    
  0.3675567004E-03   0.000000000    
  0.3683779728E-03   0.000000000    
  0.3691992452E-03   0.000000000    
  0.3700205177E-03   0.000000000    
  0.3708417901E-03   0.000000000    
  0.3716630626E-03   0.000000000    
  0.3724843350E-03   0.000000000    
