   0.000000000     -0.2718219237E-10
  0.1815415904E-01  0.1358010593E-04
  0.3630831809E-01  0.2699389847E-04
  0.5446247713E-01  0.4008214730E-04
  0.7261663618E-01  0.5269950635E-04
  0.9077079522E-01  0.6472074612E-04
  0.1089249543      0.7604612052E-04
  0.1270791133      0.8660556013E-04
  0.1452332724      0.9636137455E-04
  0.1633874314      0.1053091494E-03
  0.1815415904      0.1134765536E-03
  0.1996957495      0.1209198493E-03
  0.2178499085      0.1277180469E-03
  0.2360040676      0.1339648826E-03
  0.2541582266      0.1397591126E-03
  0.2723123857      0.1451939736E-03
  0.2904665447      0.1503469645E-03
  0.3086207037      0.1552712520E-03
  0.3267748628      0.1599898982E-03
  0.3449290218      0.1644937412E-03
  0.3630831809      0.1687431991E-03
  0.3812373399      0.1726736787E-03
  0.3993914990      0.1762037934E-03
  0.4175456580      0.1792453420E-03
  0.4356998171      0.1817139663E-03
  0.4538539761      0.1835395326E-03
  0.4720081351      0.1846754776E-03
  0.4901622942      0.1851065499E-03
  0.5083164532      0.1848545023E-03
  0.5264706123      0.1839813409E-03
  0.5446247713      0.1825897161E-03
  0.5627789304      0.1808199844E-03
  0.5809330894      0.1788434502E-03
  0.5990872485      0.1768514275E-03
  0.6172414075      0.1750401633E-03
  0.6353955665      0.1735924589E-03
  0.6535497256      0.1726579336E-03
  0.6717038846      0.1723349764E-03
  0.6899718220      0.1732816531E-03
  0.7082397594      0.1759098308E-03
  0.7265076968      0.1796494922E-03
  0.7447756341      0.1837334547E-03
  0.7630435715      0.1873796290E-03
  0.7813115089      0.1899374448E-03
  0.7995794463      0.1909792795E-03
  0.8178473836      0.1903420658E-03
  0.8361153210      0.1881297493E-03
  0.8543832584      0.1846831864E-03
  0.8726511958      0.1805187226E-03
  0.8909191331      0.1762350155E-03
  0.9091870705      0.1723933396E-03
  0.9274550079      0.1693909686E-03
  0.9457229453      0.1673637023E-03
  0.9639908826      0.1661560276E-03
  0.9822588200      0.1653742368E-03
   1.000526757      0.1645013571E-03
   1.018794695      0.1630308585E-03
   1.037062632      0.1605811286E-03
   1.055330570      0.1569719205E-03
   1.073598507      0.1522597117E-03
   1.091866444      0.1467343694E-03
   1.110134382      0.1408773590E-03
   1.128402319      0.1352781609E-03
   1.146670256      0.1305086924E-03
   1.164938194      0.1269734990E-03
   1.183206131      0.1247830782E-03
   1.201474069      0.1237113946E-03
   1.219742006      0.1232658708E-03
   1.238009943      0.1228364755E-03
   1.256277881      0.1218573061E-03
   1.274545818      0.1199308184E-03
   1.292813755      0.1168995091E-03
   1.311081693      0.1128701254E-03
   1.329349630      0.1081965282E-03
   1.347617568      0.1034184408E-03
   1.365885505      0.9914597441E-04
   1.384153442      0.9588925385E-04
   1.402421380      0.9387176227E-04
   1.420689317      0.9291341153E-04
   1.438957254      0.9245776796E-04
   1.457225192      0.9172759246E-04
   1.475493129      0.8991699667E-04
   1.493761067      0.8634090455E-04
   1.512029004      0.8051913468E-04
   1.530296941      0.7220853530E-04
   1.548564879      0.6140271060E-04
   1.566832816      0.4831273489E-04
   1.585100753      0.3333596441E-04
   1.603368691      0.1701656415E-04
   1.621636628     -0.2718219237E-10
   1.639815148      0.8279992003E-05
   1.657993667      0.1650536375E-04
   1.676172187      0.2462213650E-04
   1.694350707      0.3257760948E-04
   1.712529226      0.4032098609E-04
   1.730707746      0.4780398491E-04
   1.748886266      0.5498143058E-04
   1.767064785      0.6181181956E-04
   1.785243305      0.6825785604E-04
   1.803421824      0.7428695316E-04
   1.821600344      0.7987169463E-04
   1.839778864      0.8499025162E-04
   1.857957383      0.8962674943E-04
   1.876135903      0.9377157784E-04
   1.894314422      0.9742163776E-04
   1.912492942      0.1005805157E-03
   1.930671462      0.1032585752E-03
   1.948849981      0.1054729524E-03
   1.967028501      0.1072474388E-03
   1.985207021      0.1086122317E-03
   2.003385540      0.1096035291E-03
   2.021564060      0.1102629412E-03
   2.039742579      0.1106366928E-03
   2.057921099      0.1107745889E-03
   2.076099619      0.1107287259E-03
   2.094278138      0.1105519452E-03
   2.112456658      0.1102960473E-03
   2.130635178      0.1100098213E-03
   2.148813697      0.1097369775E-03
   2.166992217      0.1095141161E-03
   2.185170736      0.1093688897E-03
   2.203349256      0.1093185295E-03
   2.221527776      0.1098392529E-03
   2.239706295      0.1113726550E-03
   2.257884815      0.1138367511E-03
   2.276063335      0.1171078242E-03
   2.294241854      0.1210355176E-03
   2.312420374      0.1254577468E-03
   2.330598893      0.1302128862E-03
   2.348777413      0.1351483075E-03
   2.366955933      0.1401255416E-03
   2.385134452      0.1450228750E-03
   2.403312972      0.1497362521E-03
   2.421491492      0.1541791886E-03
   2.439670011      0.1582821771E-03
   2.457848531      0.1619918780E-03
   2.476027050      0.1652702492E-03
   2.494205570      0.1680936841E-03
   2.512384090      0.1704521698E-03
   2.530562609      0.1723484501E-03
   2.548741129      0.1737971611E-03
   2.566919649      0.1748238974E-03
   2.585098168      0.1754641647E-03
   2.603276688      0.1757621717E-03
   2.621455207      0.1757694199E-03
   2.639633727      0.1755430549E-03
   2.657812247      0.1751439583E-03
   2.675990766      0.1746345806E-03
   2.694169286      0.1740765449E-03
   2.712347805      0.1735280914E-03
   2.730526325      0.1730414736E-03
   2.748704845      0.1726604564E-03
   2.766883364      0.1724180946E-03
   2.785061884      0.1723349764E-03
   2.802738302      0.1730233507E-03
   2.820414720      0.1750259775E-03
   2.838091138      0.1781664766E-03
   2.855767556      0.1821840395E-03
   2.873443974      0.1867719796E-03
   2.891120392      0.1916156939E-03
   2.908796810      0.1964236478E-03
   2.926473228      0.2009490527E-03
   2.944149646      0.2050026973E-03
   2.961826064      0.2084585333E-03
   2.979502482      0.2112536601E-03
   2.997178900      0.2133839412E-03
   3.014855318      0.2148960461E-03
   3.032531736      0.2158764513E-03
   3.050208154      0.2164379064E-03
   3.067884572      0.2167040720E-03
   3.085560990      0.2167934100E-03
   3.103237408      0.2168038182E-03
   3.120913826      0.2167997867E-03
   3.138505173      0.2155011824E-03
   3.156096520      0.2121738510E-03
   3.173687868      0.2077272155E-03
   3.191279215      0.2027230664E-03
   3.208870562      0.1974380433E-03
   3.226461909      0.1920106734E-03
   3.244053256      0.1865167383E-03
   3.261644603      0.1810024584E-03
   3.279235950      0.1754995856E-03
   3.296827297      0.1700328182E-03
   3.314418644      0.1646237808E-03
   3.332009992      0.1592933620E-03
   3.349601339      0.1540632092E-03
   3.367192686      0.1489567528E-03
   3.384784033      0.1439999359E-03
   3.402375380      0.1392217251E-03
   3.419966727      0.1346544220E-03
   3.437558074      0.1303337588E-03
   3.455149421      0.1262987362E-03
   3.472740768      0.1225911460E-03
   3.490332115      0.1192547138E-03
   3.507923463      0.1163338160E-03
   3.525514810      0.1138717584E-03
   3.543106157      0.1119086762E-03
   3.560697504      0.1104792035E-03
   3.578288851      0.1096101548E-03
   3.595880198      0.1093185295E-03
     
   0.000000000     -0.2718219237E-10
  0.1815415904E-01  0.1358010593E-04
  0.3630831809E-01  0.2699389847E-04
  0.5446247713E-01  0.4008214730E-04
  0.7261663618E-01  0.5269950635E-04
  0.9077079522E-01  0.6472074612E-04
  0.1089249543      0.7604612052E-04
  0.1270791133      0.8660556013E-04
  0.1452332724      0.9636137455E-04
  0.1633874314      0.1053091494E-03
  0.1815415904      0.1134765536E-03
  0.1996957495      0.1209198493E-03
  0.2178499085      0.1277180469E-03
  0.2360040676      0.1339648826E-03
  0.2541582266      0.1397591126E-03
  0.2723123857      0.1451939736E-03
  0.2904665447      0.1503469645E-03
  0.3086207037      0.1552712520E-03
  0.3267748628      0.1599898982E-03
  0.3449290218      0.1644937412E-03
  0.3630831809      0.1687431991E-03
  0.3812373399      0.1726736787E-03
  0.3993914990      0.1762037934E-03
  0.4175456580      0.1792453420E-03
  0.4356998171      0.1817139663E-03
  0.4538539761      0.1835395326E-03
  0.4720081351      0.1846754776E-03
  0.4901622942      0.1851065499E-03
  0.5083164532      0.1848545023E-03
  0.5264706123      0.1839813409E-03
  0.5446247713      0.1825897161E-03
  0.5627789304      0.1808199844E-03
  0.5809330894      0.1788434502E-03
  0.5990872485      0.1768514275E-03
  0.6172414075      0.1750401633E-03
  0.6353955665      0.1735924589E-03
  0.6535497256      0.1726579336E-03
  0.6717038846      0.1723349764E-03
  0.6899718220      0.1740361163E-03
  0.7082397594      0.1788227398E-03
  0.7265076968      0.1858734304E-03
  0.7447756341      0.1941541839E-03
  0.7630435715      0.2026983912E-03
  0.7813115089      0.2107782665E-03
  0.7995794463      0.2179697600E-03
  0.8178473836      0.2241482714E-03
  0.8361153210      0.2294439666E-03
  0.8543832584      0.2341699172E-03
  0.8726511958      0.2387289998E-03
  0.8909191331      0.2435059015E-03
  0.9091870705      0.2487454886E-03
  0.9274550079      0.2546319378E-03
  0.9457229453      0.2612675887E-03
  0.9639908826      0.2574345661E-03
  0.9822588200      0.2539964216E-03
   1.000526757      0.2509762518E-03
   1.018794695      0.2480046681E-03
   1.037062632      0.2446997189E-03
   1.055330570      0.2407551103E-03
   1.073598507      0.2360007361E-03
   1.091866444      0.2304283196E-03
   1.110134382      0.2241824851E-03
   1.128402319      0.2175218511E-03
   1.146670256      0.2107577297E-03
   1.164938194      0.2041816173E-03
   1.183206131      0.1979968906E-03
   1.201474069      0.1922724314E-03
   1.219742006      0.1869325251E-03
   1.238009943      0.1817869822E-03
   1.256277881      0.1765920083E-03
   1.274545818      0.1711229156E-03
   1.292813755      0.1652384468E-03
   1.311081693      0.1589215581E-03
   1.329349630      0.1522883105E-03
   1.347617568      0.1455620447E-03
   1.365885505      0.1390147385E-03
   1.384153442      0.1328841193E-03
   1.402421380      0.1272851823E-03
   1.420689317      0.1221442066E-03
   1.438957254      0.1171822975E-03
   1.457225192      0.1119578717E-03
   1.475493129      0.1059522237E-03
   1.493761067      0.9866742817E-04
   1.512029004      0.8970931908E-04
   1.530296941      0.7884206437E-04
   1.548564879      0.6601320063E-04
   1.566832816      0.5135407890E-04
   1.585100753      0.3516186904E-04
   1.603368691      0.1786840385E-04
   1.621636628     -0.2718219237E-10
   1.639815148      0.8279992003E-05
   1.657993667      0.1650536375E-04
   1.676172187      0.2462213650E-04
   1.694350707      0.3257760948E-04
   1.712529226      0.4032098609E-04
   1.730707746      0.4780398491E-04
   1.748886266      0.5498143058E-04
   1.767064785      0.6181181956E-04
   1.785243305      0.6825785604E-04
   1.803421824      0.7428695316E-04
   1.821600344      0.7987169463E-04
   1.839778864      0.8499025162E-04
   1.857957383      0.8962674943E-04
   1.876135903      0.9377157784E-04
   1.894314422      0.9742163776E-04
   1.912492942      0.1005805157E-03
   1.930671462      0.1032585752E-03
   1.948849981      0.1054729524E-03
   1.967028501      0.1072474388E-03
   1.985207021      0.1086122317E-03
   2.003385540      0.1096035291E-03
   2.021564060      0.1102629412E-03
   2.039742579      0.1106366928E-03
   2.057921099      0.1107745889E-03
   2.076099619      0.1107287259E-03
   2.094278138      0.1105519452E-03
   2.112456658      0.1102960473E-03
   2.130635178      0.1100098213E-03
   2.148813697      0.1097369775E-03
   2.166992217      0.1095141161E-03
   2.185170736      0.1093688897E-03
   2.203349256      0.1093185295E-03
   2.221527776      0.1106459085E-03
   2.239706295      0.1144967883E-03
   2.257884815      0.1205198272E-03
   2.276063335      0.1282413177E-03
   2.294241854      0.1371618502E-03
   2.312420374      0.1468182280E-03
   2.330598893      0.1568094146E-03
   2.348777413      0.1667997271E-03
   2.366955933      0.1765117851E-03
   2.385134452      0.1857166004E-03
   2.403312972      0.1942240825E-03
   2.421491492      0.2018750148E-03
   2.439670011      0.2085346792E-03
   2.457848531      0.2140881805E-03
   2.476027050      0.2184378467E-03
   2.494205570      0.2215036365E-03
   2.512384090      0.2232279487E-03
   2.530562609      0.2235857893E-03
   2.548741129      0.2225989168E-03
   2.566919649      0.2203486263E-03
   2.585098168      0.2169796363E-03
   2.603276688      0.2126911634E-03
   2.621455207      0.2077189692E-03
   2.639633727      0.2023165734E-03
   2.657812247      0.1967415067E-03
   2.675990766      0.1912473544E-03
   2.694169286      0.1860790460E-03
   2.712347805      0.1814682845E-03
   2.730526325      0.1776269680E-03
   2.748704845      0.1747378974E-03
   2.766883364      0.1729435495E-03
   2.785061884      0.1723349764E-03
   2.802738302      0.1732326379E-03
   2.820414720      0.1758291807E-03
   2.838091138      0.1798563378E-03
   2.855767556      0.1849283027E-03
   2.873443974      0.1906090726E-03
   2.891120392      0.1964740517E-03
   2.908796810      0.2021560926E-03
   2.926473228      0.2073746378E-03
   2.944149646      0.2119508610E-03
   2.961826064      0.2158123179E-03
   2.979502482      0.2189895040E-03
   2.997178900      0.2216053282E-03
   3.014855318      0.2238575469E-03
   3.032531736      0.2259939893E-03
   3.050208154      0.2282811201E-03
   3.067884572      0.2309681014E-03
   3.085560990      0.2342506141E-03
   3.103237408      0.2382403287E-03
   3.120913826      0.2429459269E-03
   3.138505173      0.2426181790E-03
   3.156096520      0.2416367212E-03
   3.173687868      0.2400069237E-03
   3.191279215      0.2377377789E-03
   3.208870562      0.2348419671E-03
   3.226461909      0.2313359550E-03
   3.244053256      0.2272401328E-03
   3.261644603      0.2225790000E-03
   3.279235950      0.2173814108E-03
   3.296827297      0.2116808959E-03
   3.314418644      0.2055160802E-03
   3.332009992      0.1989312231E-03
   3.349601339      0.1919769105E-03
   3.367192686      0.1847109367E-03
   3.384784033      0.1771994153E-03
   3.402375380      0.1695181556E-03
   3.419966727      0.1617543280E-03
   3.437558074      0.1540083976E-03
   3.455149421      0.1463962194E-03
   3.472740768      0.1390510206E-03
   3.490332115      0.1321247147E-03
   3.507923463      0.1257875780E-03
   3.525514810      0.1202248426E-03
   3.543106157      0.1156284605E-03
   3.560697504      0.1121827049E-03
   3.578288851      0.1100440072E-03
   3.595880198      0.1093185295E-03
     
   0.000000000     -0.2718219237E-10
  0.1815415904E-01  0.1997536864E-04
  0.3630831809E-01  0.3967794961E-04
  0.5446247713E-01  0.5884811615E-04
  0.7261663618E-01  0.7725207843E-04
  0.9077079522E-01  0.9469356721E-04
  0.1089249543      0.1110239725E-03
  0.1270791133      0.1261503189E-03
  0.1452332724      0.1400403816E-03
  0.1633874314      0.1527241851E-03
  0.1815415904      0.1642911174E-03
  0.1996957495      0.1748820230E-03
  0.2178499085      0.1846759880E-03
  0.2360040676      0.1938721746E-03
  0.2541582266      0.2026679883E-03
  0.2723123857      0.2112358953E-03
  0.2904665447      0.2197020123E-03
  0.3086207037      0.2281297814E-03
  0.3267748628      0.2365113722E-03
  0.3449290218      0.2447680645E-03
  0.3630831809      0.2527591901E-03
  0.3812373399      0.2602978417E-03
  0.3993914990      0.2671708340E-03
  0.4175456580      0.2731603842E-03
  0.4356998171      0.2780654288E-03
  0.4538539761      0.2817211197E-03
  0.4720081351      0.2840156039E-03
  0.4901622942      0.2849035639E-03
  0.5083164532      0.2844161499E-03
  0.5264706123      0.2826668732E-03
  0.5446247713      0.2798527980E-03
  0.5627789304      0.2762500077E-03
  0.5809330894      0.2722019643E-03
  0.5990872485      0.2680992597E-03
  0.6172414075      0.2643497923E-03
  0.6353955665      0.2613400496E-03
  0.6535497256      0.2593911077E-03
  0.6717038846      0.2587164679E-03
  0.6899718220      0.2600273033E-03
  0.7082397594      0.2637262320E-03
  0.7265076968      0.2691700042E-03
  0.7447756341      0.2754540021E-03
  0.7630435715      0.2815963599E-03
  0.7813115089      0.2867055904E-03
  0.7995794463      0.2901023277E-03
  0.8178473836      0.2913884974E-03
  0.8361153210      0.2904697657E-03
  0.8543832584      0.2875400975E-03
  0.8726511958      0.2830356536E-03
  0.8909191331      0.2775650237E-03
  0.9091870705      0.2718354580E-03
  0.9274550079      0.2664055682E-03
  0.9457229453      0.2615491784E-03
  0.9639908826      0.2684237816E-03
  0.9822588200      0.2757295772E-03
   1.000526757      0.2827544157E-03
   1.018794695      0.2890897476E-03
   1.037062632      0.2944124950E-03
   1.055330570      0.2985220342E-03
   1.073598507      0.3013493046E-03
   1.091866444      0.3029409367E-03
   1.110134382      0.3034240092E-03
   1.128402319      0.3029592076E-03
   1.146670256      0.3016919583E-03
   1.164938194      0.2997118767E-03
   1.183206131      0.2970295810E-03
   1.201474069      0.2935761466E-03
   1.219742006      0.2892249333E-03
   1.238009943      0.2838300209E-03
   1.256277881      0.2772718424E-03
   1.274545818      0.2694996475E-03
   1.292813755      0.2605617042E-03
   1.311081693      0.2506165870E-03
   1.329349630      0.2399216483E-03
   1.347617568      0.2287977101E-03
   1.365885505      0.2175727621E-03
   1.384153442      0.2065126719E-03
   1.402421380      0.1957531723E-03
   1.420689317      0.1852519141E-03
   1.438957254      0.1747777450E-03
   1.457225192      0.1639442440E-03
   1.475493129      0.1522795346E-03
   1.493761067      0.1393128496E-03
   1.512029004      0.1246561969E-03
   1.530296941      0.1080657296E-03
   1.548564879      0.8947643124E-04
   1.566832816      0.6901072833E-04
   1.585100753      0.4696520983E-04
   1.603368691      0.2378061645E-04
   1.621636628     -0.2718219237E-10
   1.639815148      0.1916930080E-04
   1.657993667      0.3825849792E-04
   1.676172187      0.5718831580E-04
   1.694350707      0.7588112420E-04
   1.712529226      0.9426173333E-04
   1.730707746      0.1122581563E-03
   1.748886266      0.1298023278E-03
   1.767064785      0.1468307692E-03
   1.785243305      0.1632851888E-03
   1.803421824      0.1791130085E-03
   1.821600344      0.1942678064E-03
   1.839778864      0.2087096674E-03
   1.857957383      0.2224054326E-03
   1.876135903      0.2353288413E-03
   1.894314422      0.2474605586E-03
   1.912492942      0.2587880842E-03
   1.930671462      0.2693055390E-03
   1.948849981      0.2790133281E-03
   1.967028501      0.2879176828E-03
   1.985207021      0.2960300836E-03
   2.003385540      0.3033665731E-03
   2.021564060      0.3099469696E-03
   2.039742579      0.3157939949E-03
   2.057921099      0.3209323373E-03
   2.076099619      0.3253876693E-03
   2.094278138      0.3291856503E-03
   2.112456658      0.3323509396E-03
   2.130635178      0.3349062541E-03
   2.148813697      0.3368715003E-03
   2.166992217      0.3382630135E-03
   2.185170736      0.3390929316E-03
   2.203349256      0.3393687297E-03
   2.221527776      0.3392317054E-03
   2.239706295      0.3388190754E-03
   2.257884815      0.3381263063E-03
   2.276063335      0.3371463038E-03
   2.294241854      0.3358700982E-03
   2.312420374      0.3342877960E-03
   2.330598893      0.3323897901E-03
   2.348777413      0.3301682260E-03
   2.366955933      0.3276187238E-03
   2.385134452      0.3247423545E-03
   2.403312972      0.3215478612E-03
   2.421491492      0.3180540730E-03
   2.439670011      0.3142923626E-03
   2.457848531      0.3103087901E-03
   2.476027050      0.3061652027E-03
   2.494205570      0.3019380397E-03
   2.512384090      0.2977131988E-03
   2.530562609      0.2935758025E-03
   2.548741129      0.2895960800E-03
   2.566919649      0.2858165481E-03
   2.585098168      0.2822478664E-03
   2.603276688      0.2788770861E-03
   2.621455207      0.2756842565E-03
   2.639633727      0.2726588595E-03
   2.657812247      0.2698097637E-03
   2.675990766      0.2671674123E-03
   2.694169286      0.2647802158E-03
   2.712347805      0.2627077782E-03
   2.730526325      0.2610129797E-03
   2.748704845      0.2597542061E-03
   2.766883364      0.2589785389E-03
   2.785061884      0.2587164679E-03
   2.802738302      0.2593583554E-03
   2.820414720      0.2612103299E-03
   2.838091138      0.2640626082E-03
   2.855767556      0.2675999252E-03
   2.873443974      0.2714434507E-03
   2.891120392      0.2751948907E-03
   2.908796810      0.2784757885E-03
   2.926473228      0.2809584140E-03
   2.944149646      0.2823874729E-03
   2.961826064      0.2825934815E-03
   2.979502482      0.2814991593E-03
   2.997178900      0.2791200246E-03
   3.014855318      0.2755599290E-03
   3.032531736      0.2710017752E-03
   3.050208154      0.2656932792E-03
   3.067884572      0.2599274829E-03
   3.085560990      0.2540179593E-03
   3.103237408      0.2482694319E-03
   3.120913826      0.2429459269E-03
   3.138505173      0.2442446229E-03
   3.156096520      0.2475711239E-03
   3.173687868      0.2520127405E-03
   3.191279215      0.2570024026E-03
   3.208870562      0.2622564217E-03
   3.226461909      0.2676277817E-03
   3.244053256      0.2730311826E-03
   3.261644603      0.2784103342E-03
   3.279235950      0.2837233997E-03
   3.296827297      0.2889361612E-03
   3.314418644      0.2940186527E-03
   3.332009992      0.2989434515E-03
   3.349601339      0.3036848132E-03
   3.367192686      0.3082182572E-03
   3.384784033      0.3125204034E-03
   3.402375380      0.3165689504E-03
   3.419966727      0.3203427361E-03
   3.437558074      0.3238218426E-03
   3.455149421      0.3269877238E-03
   3.472740768      0.3298233422E-03
   3.490332115      0.3323133031E-03
   3.507923463      0.3344439834E-03
   3.525514810      0.3362036474E-03
   3.543106157      0.3375825488E-03
   3.560697504      0.3385730166E-03
   3.578288851      0.3391695225E-03
   3.595880198      0.3393687297E-03
     
