   0.000000000      0.1970417264E-09
  0.1815415904E-01  0.3508634282E-09
  0.3630831809E-01  0.1053815841E-08
  0.5446247713E-01  0.2938685021E-08
  0.7261663618E-01  0.6786146396E-08
  0.9077079522E-01  0.1321330659E-07
  0.1089249543      0.2240054753E-07
  0.1270791133      0.3394882379E-07
  0.1452332724      0.4691436390E-07
  0.1633874314      0.6000828705E-07
  0.1815415904      0.7189619096E-07
  0.1996957495      0.8150508274E-07
  0.2178499085      0.8825013226E-07
  0.2360040676      0.9212744760E-07
  0.2541582266      0.9366725735E-07
  0.2723123857      0.9378624787E-07
  0.2904665447      0.9360296041E-07
  0.3086207037      0.9427911097E-07
  0.3267748628      0.9692581959E-07
  0.3449290218      0.1025786363E-06
  0.3630831809      0.1122137075E-06
  0.3812373399      0.1267614855E-06
  0.3993914990      0.1470789860E-06
  0.4175456580      0.1738632813E-06
  0.4356998171      0.2075178642E-06
  0.4538539761      0.2480078449E-06
  0.4720081351      0.2947504250E-06
  0.4901622942      0.3465803678E-06
  0.5083164532      0.4018095120E-06
  0.5264706123      0.4583727404E-06
  0.5446247713      0.5140295521E-06
  0.5627789304      0.5665777224E-06
  0.5809330894      0.6140363325E-06
  0.5990872485      0.6547678979E-06
  0.6172414075      0.6875282877E-06
  0.6353955665      0.7114523941E-06
  0.6535497256      0.7259979064E-06
  0.6717038846      0.7308762057E-06
  0.6899718220      0.7210746353E-06
  0.7082397594      0.6927036304E-06
  0.7265076968      0.6486941956E-06
  0.7447756341      0.5933996553E-06
  0.7630435715      0.5319148247E-06
  0.7813115089      0.4693310045E-06
  0.7995794463      0.4100781407E-06
  0.8178473836      0.3574762091E-06
  0.8361153210      0.3135548204E-06
  0.8543832584      0.2791217448E-06
  0.8726511958      0.2539951510E-06
  0.8909191331      0.2372864865E-06
  0.9091870705      0.2276414866E-06
  0.9274550079      0.2234033558E-06
  0.9457229453      0.2227237724E-06
  0.9639908826      0.2236804049E-06
  0.9822588200      0.2244469017E-06
   1.000526757      0.2235127116E-06
   1.018794695      0.2198970737E-06
   1.037062632      0.2132780114E-06
   1.055330570      0.2039786689E-06
   1.073598507      0.1928077744E-06
   1.091866444      0.1808074312E-06
   1.110134382      0.1689901821E-06
   1.128402319      0.1581377873E-06
   1.146670256      0.1486985866E-06
   1.164938194      0.1407820442E-06
   1.183206131      0.1342258377E-06
   1.201474069      0.1287051958E-06
   1.219742006      0.1238570743E-06
   1.238009943      0.1193939326E-06
   1.256277881      0.1151823552E-06
   1.274545818      0.1112664666E-06
   1.292813755      0.1078292498E-06
   1.311081693      0.1051026563E-06
   1.329349630      0.1032504372E-06
   1.347617568      0.9839665536E-07
   1.365885505      0.9245272237E-07
   1.384153442      0.8932951442E-07
   1.402421380      0.8783875754E-07
   1.420689317      0.8640023052E-07
   1.438957254      0.8327699764E-07
   1.457225192      0.7700161025E-07
   1.475493129      0.6599064882E-07
   1.493761067      0.5067586798E-07
   1.512029004      0.3521910349E-07
   1.530296941      0.2160206381E-07
   1.548564879      0.1130020466E-07
   1.566832816      0.4809587291E-08
   1.585100753      0.1582012722E-08
   1.603368691      0.4264957516E-09
   1.621636628      0.1970417264E-09
   1.639815148      0.2811656030E-09
   1.657993667      0.6190954723E-09
   1.676172187      0.1454980488E-08
   1.694350707      0.3155645009E-08
   1.712529226      0.6156040436E-08
   1.730707746      0.1089327490E-07
   1.748886266      0.1773791121E-07
   1.767064785      0.2693153889E-07
   1.785243305      0.3853874664E-07
   1.803421824      0.5241968239E-07
   1.821600344      0.6822666708E-07
   1.839778864      0.8542520869E-07
   1.857957383      0.1033366717E-06
   1.876135903      0.1211972114E-06
   1.894314422      0.1382257225E-06
   1.912492942      0.1536927051E-06
   1.930671462      0.1669821879E-06
   1.948849981      0.1776400959E-06
   1.967028501      0.1854044895E-06
   1.985207021      0.1902156090E-06
   2.003385540      0.1922062690E-06
   2.021564060      0.1916754849E-06
   2.039742579      0.1890499722E-06
   2.057921099      0.1848391269E-06
   2.076099619      0.1795891924E-06
   2.094278138      0.1738415988E-06
   2.112456658      0.1680991066E-06
   2.130635178      0.1628016522E-06
   2.148813697      0.1583120050E-06
   2.166992217      0.1549097860E-06
   2.185170736      0.1527913314E-06
   2.203349256      0.1520724462E-06
   2.221527776      0.1517067310E-06
   2.239706295      0.1506654020E-06
   2.257884815      0.1491115045E-06
   2.276063335      0.1473029606E-06
   2.294241854      0.1455746598E-06
   2.312420374      0.1443183665E-06
   2.330598893      0.1439639926E-06
   2.348777413      0.1449650359E-06
   2.366955933      0.1477893721E-06
   2.385134452      0.1529143464E-06
   2.403312972      0.1608226555E-06
   2.421491492      0.1719933783E-06
   2.439670011      0.1868813760E-06
   2.457848531      0.2058789258E-06
   2.476027050      0.2292568265E-06
   2.494205570      0.2570893042E-06
   2.512384090      0.2891781250E-06
   2.530562609      0.3250038447E-06
   2.548741129      0.3637376620E-06
   2.566919649      0.4043325239E-06
   2.585098168      0.4456724031E-06
   2.603276688      0.4867179099E-06
   2.621455207      0.5265856974E-06
   2.639633727      0.5645454390E-06
   2.657812247      0.5999675271E-06
   2.675990766      0.6322674710E-06
   2.694169286      0.6608748469E-06
   2.712347805      0.6852320202E-06
   2.730526325      0.7048151334E-06
   2.748704845      0.7191665626E-06
   2.766883364      0.7279293040E-06
   2.785061884      0.7308762057E-06
   2.802738302      0.7251687494E-06
   2.820414720      0.7086432733E-06
   2.838091138      0.6829925311E-06
   2.855767556      0.6507352848E-06
   2.873443974      0.6148386266E-06
   2.891120392      0.5783165896E-06
   2.908796810      0.5438839534E-06
   2.926473228      0.5105580790E-06
   2.944149646      0.4632952578E-06
   2.961826064      0.4160522107E-06
   2.979502482      0.3703878149E-06
   2.997178900      0.3277294086E-06
   3.014855318      0.2892791221E-06
   3.032531736      0.2559517642E-06
   3.050208154      0.2283561983E-06
   3.067884572      0.2068229508E-06
   3.085560990      0.1914701818E-06
   3.103237408      0.1822908759E-06
   3.120913826      0.1792387799E-06
   3.138505173      0.1791462232E-06
   3.156096520      0.1788697896E-06
   3.173687868      0.1784131790E-06
   3.191279215      0.1777825256E-06
   3.208870562      0.1769863435E-06
   3.226461909      0.1760354417E-06
   3.244053256      0.1749428015E-06
   3.261644603      0.1737234141E-06
   3.279235950      0.1723940762E-06
   3.296827297      0.1709731467E-06
   3.314418644      0.1694802698E-06
   3.332009992      0.1679360728E-06
   3.349601339      0.1663618466E-06
   3.367192686      0.1647792180E-06
   3.384784033      0.1632098230E-06
   3.402375380      0.1616749890E-06
   3.419966727      0.1601954314E-06
   3.437558074      0.1587909712E-06
   3.455149421      0.1574802765E-06
   3.472740768      0.1562806311E-06
   3.490332115      0.1552077306E-06
   3.507923463      0.1542755079E-06
   3.525514810      0.1534959858E-06
   3.543106157      0.1528791562E-06
   3.560697504      0.1524328854E-06
   3.578288851      0.1521628418E-06
   3.595880198      0.1520724462E-06
     
   0.000000000      0.1970417264E-09
  0.1815415904E-01  0.3508634282E-09
  0.3630831809E-01  0.1053815841E-08
  0.5446247713E-01  0.2938685021E-08
  0.7261663618E-01  0.6786146396E-08
  0.9077079522E-01  0.1321330659E-07
  0.1089249543      0.2240054753E-07
  0.1270791133      0.3394882379E-07
  0.1452332724      0.4691436390E-07
  0.1633874314      0.6000828705E-07
  0.1815415904      0.7189619096E-07
  0.1996957495      0.8150508274E-07
  0.2178499085      0.8825013226E-07
  0.2360040676      0.9212744760E-07
  0.2541582266      0.9366725735E-07
  0.2723123857      0.9378624787E-07
  0.2904665447      0.9360296041E-07
  0.3086207037      0.9427911097E-07
  0.3267748628      0.9692581959E-07
  0.3449290218      0.1025786363E-06
  0.3630831809      0.1122137075E-06
  0.3812373399      0.1267614855E-06
  0.3993914990      0.1470789860E-06
  0.4175456580      0.1738632813E-06
  0.4356998171      0.2075178642E-06
  0.4538539761      0.2480078449E-06
  0.4720081351      0.2947504250E-06
  0.4901622942      0.3465803678E-06
  0.5083164532      0.4018095120E-06
  0.5264706123      0.4583727404E-06
  0.5446247713      0.5140295521E-06
  0.5627789304      0.5665777224E-06
  0.5809330894      0.6140363325E-06
  0.5990872485      0.6547678979E-06
  0.6172414075      0.6875282877E-06
  0.6353955665      0.7114523941E-06
  0.6535497256      0.7259979064E-06
  0.6717038846      0.7308762057E-06
  0.6899718220      0.7236647159E-06
  0.7082397594      0.7026719056E-06
  0.7265076968      0.6697514567E-06
  0.7447756341      0.6277631686E-06
  0.7630435715      0.5802578182E-06
  0.7813115089      0.5310969930E-06
  0.7995794463      0.4840661020E-06
  0.8178473836      0.4425387159E-06
  0.8361153210      0.4092348195E-06
  0.8543832584      0.3860962610E-06
  0.8726511958      0.3742849666E-06
  0.8909191331      0.3742730356E-06
  0.9091870705      0.3859300288E-06
  0.9274550079      0.4090978764E-06
  0.9457229453      0.4435792954E-06
  0.9639908826      0.4882861845E-06
  0.9822588200      0.5303752676E-06
   1.000526757      0.5040647850E-06
   1.018794695      0.4712761034E-06
   1.037062632      0.4342388296E-06
   1.055330570      0.3959737725E-06
   1.073598507      0.3594754943E-06
   1.091866444      0.3270553415E-06
   1.110134382      0.2999823790E-06
   1.128402319      0.2784226728E-06
   1.146670256      0.2615901830E-06
   1.164938194      0.2480162677E-06
   1.183206131      0.2358875837E-06
   1.201474069      0.2234329032E-06
   1.219742006      0.2093209266E-06
   1.238009943      0.1929811004E-06
   1.256277881      0.1747339510E-06
   1.274545818      0.1556615812E-06
   1.292813755      0.1372535881E-06
   1.311081693      0.1209655588E-06
   1.329349630      0.1078555031E-06
   1.347617568      0.1022503738E-06
   1.365885505      0.1017994830E-06
   1.384153442      0.1012667961E-06
   1.402421380      0.9972632570E-07
   1.420689317      0.9610521445E-07
   1.438957254      0.8945765100E-07
   1.457225192      0.7931518042E-07
   1.475493129      0.6690666049E-07
   1.493761067      0.5351831780E-07
   1.512029004      0.3854078129E-07
   1.530296941      0.2432092432E-07
   1.548564879      0.1296963586E-07
   1.566832816      0.5554678318E-08
   1.585100753      0.1797281422E-08
   1.603368691      0.4561405534E-09
   1.621636628      0.1970417264E-09
   1.639815148      0.2811656030E-09
   1.657993667      0.6190954723E-09
   1.676172187      0.1454980488E-08
   1.694350707      0.3155645009E-08
   1.712529226      0.6156040436E-08
   1.730707746      0.1089327490E-07
   1.748886266      0.1773791121E-07
   1.767064785      0.2693153889E-07
   1.785243305      0.3853874664E-07
   1.803421824      0.5241968239E-07
   1.821600344      0.6822666708E-07
   1.839778864      0.8542520869E-07
   1.857957383      0.1033366717E-06
   1.876135903      0.1211972114E-06
   1.894314422      0.1382257225E-06
   1.912492942      0.1536927051E-06
   1.930671462      0.1669821879E-06
   1.948849981      0.1776400959E-06
   1.967028501      0.1854044895E-06
   1.985207021      0.1902156090E-06
   2.003385540      0.1922062690E-06
   2.021564060      0.1916754849E-06
   2.039742579      0.1890499722E-06
   2.057921099      0.1848391269E-06
   2.076099619      0.1795891924E-06
   2.094278138      0.1738415988E-06
   2.112456658      0.1680991066E-06
   2.130635178      0.1628016522E-06
   2.148813697      0.1583120050E-06
   2.166992217      0.1549097860E-06
   2.185170736      0.1527913314E-06
   2.203349256      0.1520724462E-06
   2.221527776      0.1526139088E-06
   2.239706295      0.1542484552E-06
   2.257884815      0.1570063777E-06
   2.276063335      0.1609375359E-06
   2.294241854      0.1661103501E-06
   2.312420374      0.1726102632E-06
   2.330598893      0.1805375442E-06
   2.348777413      0.1900042787E-06
   2.366955933      0.2011303769E-06
   2.385134452      0.2140384328E-06
   2.403312972      0.2288473035E-06
   2.421491492      0.2456643408E-06
   2.439670011      0.2645763152E-06
   2.457848531      0.2856392067E-06
   2.476027050      0.3088672048E-06
   2.494205570      0.3342214385E-06
   2.512384090      0.3615991263E-06
   2.530562609      0.3908239808E-06
   2.548741129      0.4216387903E-06
   2.566919649      0.4537011152E-06
   2.585098168      0.4865829626E-06
   2.603276688      0.5197751291E-06
   2.621455207      0.5526966384E-06
   2.639633727      0.5847093569E-06
   2.657812247      0.6151374718E-06
   2.675990766      0.6432911049E-06
   2.694169286      0.6684929393E-06
   2.712347805      0.6901064081E-06
   2.730526325      0.7075637613E-06
   2.748704845      0.7203922273E-06
   2.766883364      0.7282365289E-06
   2.785061884      0.7308762057E-06
   2.802738302      0.7269550450E-06
   2.820414720      0.7152721275E-06
   2.838091138      0.6960767569E-06
   2.855767556      0.6698071928E-06
   2.873443974      0.6371161617E-06
   2.891120392      0.5988911307E-06
   2.908796810      0.5562579147E-06
   2.926473228      0.5137176871E-06
   2.944149646      0.4893418441E-06
   2.961826064      0.4716185061E-06
   2.979502482      0.4608082906E-06
   2.997178900      0.4566629631E-06
   3.014855318      0.4585261136E-06
   3.032531736      0.4654365953E-06
   3.050208154      0.4762433860E-06
   3.067884572      0.4897431593E-06
   3.085560990      0.5048427190E-06
   3.103237408      0.5207330432E-06
   3.120913826      0.5370484206E-06
   3.138505173      0.5353507779E-06
   3.156096520      0.5302968049E-06
   3.173687868      0.5220019783E-06
   3.191279215      0.5106541938E-06
   3.208870562      0.4965071428E-06
   3.226461909      0.4798714780E-06
   3.244053256      0.4611041793E-06
   3.261644603      0.4405966088E-06
   3.279235950      0.4187618030E-06
   3.296827297      0.3960215700E-06
   3.314418644      0.3727939652E-06
   3.332009992      0.3494816781E-06
   3.349601339      0.3264618120E-06
   3.367192686      0.3040774498E-06
   3.384784033      0.2826313017E-06
   3.402375380      0.2623816112E-06
   3.419966727      0.2435403761E-06
   3.437558074      0.2262738157E-06
   3.455149421      0.2107048981E-06
   3.472740768      0.1969176360E-06
   3.490332115      0.1849627720E-06
   3.507923463      0.1748644084E-06
   3.525514810      0.1666270973E-06
   3.543106157      0.1602428960E-06
   3.560697504      0.1556979076E-06
   3.578288851      0.1529778732E-06
   3.595880198      0.1520724462E-06
     
   0.000000000      0.1970417264E-09
  0.1815415904E-01  0.3999568609E-09
  0.3630831809E-01  0.1416882130E-08
  0.5446247713E-01  0.4389102901E-08
  0.7261663618E-01  0.1095768807E-07
  0.9077079522E-01  0.2292604800E-07
  0.1089249543      0.4188442324E-07
  0.1270791133      0.6886902882E-07
  0.1452332724      0.1041206511E-06
  0.1633874314      0.1469868771E-06
  0.1815415904      0.1959833842E-06
  0.1996957495      0.2489990073E-06
  0.2178499085      0.3036030564E-06
  0.2360040676      0.3573968305E-06
  0.2541582266      0.4083473901E-06
  0.2723123857      0.4550504158E-06
  0.2904665447      0.4968875461E-06
  0.3086207037      0.5340670225E-06
  0.3267748628      0.5675590045E-06
  0.3449290218      0.5989533764E-06
  0.3630831809      0.6302749775E-06
  0.3812373399      0.6637883258E-06
  0.3993914990      0.7018132052E-06
  0.4175456580      0.7465581808E-06
  0.4356998171      0.7999662921E-06
  0.4538539761      0.8635603445E-06
  0.4720081351      0.9382769252E-06
  0.4901622942      0.1024288318E-05
  0.5083164532      0.1120826905E-05
  0.5264706123      0.1226042399E-05
  0.5446247713      0.1336932730E-05
  0.5627789304      0.1449389932E-05
  0.5809330894      0.1558390808E-05
  0.5990872485      0.1658339530E-05
  0.6172414075      0.1743539995E-05
  0.6353955665      0.1808746337E-05
  0.6535497256      0.1849717674E-05
  0.6717038846      0.1863694051E-05
  0.6899718220      0.1834233299E-05
  0.7082397594      0.1749800856E-05
  0.7265076968      0.1621363861E-05
  0.7447756341      0.1464532676E-05
  0.7630435715      0.1296409625E-05
  0.7813115089      0.1132550440E-05
  0.7995794463      0.9847879456E-06
  0.8178473836      0.8602924750E-06
  0.8361153210      0.7617987197E-06
  0.8543832584      0.6885849198E-06
  0.8726511958      0.6376649676E-06
  0.8909191331      0.6047828326E-06
  0.9091870705      0.5851013907E-06
  0.9274550079      0.5730160728E-06
  0.9457229453      0.5626770347E-06
  0.9639908826      0.5495032730E-06
  0.9822588200      0.5414834836E-06
   1.000526757      0.6007876537E-06
   1.018794695      0.6632885835E-06
   1.037062632      0.7257715209E-06
   1.055330570      0.7849772703E-06
   1.073598507      0.8378326755E-06
   1.091866444      0.8816090957E-06
   1.110134382      0.9140084881E-06
   1.128402319      0.9332130928E-06
   1.146670256      0.9379482286E-06
   1.164938194      0.9275920845E-06
   1.183206131      0.9023279683E-06
   1.201474069      0.8632897918E-06
   1.219742006      0.8126219150E-06
   1.238009943      0.7533778391E-06
   1.256277881      0.6892239937E-06
   1.274545818      0.6239817267E-06
   1.292813755      0.5611034674E-06
   1.311081693      0.5032069040E-06
   1.329349630      0.4517697337E-06
   1.347617568      0.4070309499E-06
   1.365885505      0.3680874582E-06
   1.384153442      0.3331488581E-06
   1.402421380      0.2999223808E-06
   1.420689317      0.2661145157E-06
   1.438957254      0.2300150141E-06
   1.457225192      0.1910587444E-06
   1.475493129      0.1501784291E-06
   1.493761067      0.1097409339E-06
   1.512029004      0.7296227229E-07
   1.530296941      0.4291301777E-07
   1.548564879      0.2146004430E-07
   1.566832816      0.8601817620E-08
   1.585100753      0.2543796256E-08
   1.603368691      0.5456036979E-09
   1.621636628      0.1970417264E-09
   1.639815148      0.3550473726E-09
   1.657993667      0.1097979170E-08
   1.676172187      0.3197881357E-08
   1.694350707      0.7830061868E-08
   1.712529226      0.1642022557E-07
   1.730707746      0.3045714762E-07
   1.748886266      0.5129345220E-07
   1.767064785      0.7995824712E-07
   1.785243305      0.1170036047E-06
   1.803421824      0.1624024525E-06
   1.821600344      0.2155089699E-06
   1.839778864      0.2750849466E-06
   1.857957383      0.3393877655E-06
   1.876135903      0.4063086957E-06
   1.894314422      0.4735448941E-06
   1.912492942      0.5387854889E-06
   1.930671462      0.5998916306E-06
   1.948849981      0.6550523598E-06
   1.967028501      0.7029021442E-06
   1.985207021      0.7425913296E-06
   2.003385540      0.7738067197E-06
   2.021564060      0.7967452250E-06
   2.039742579      0.8120482709E-06
   2.057921099      0.8207078871E-06
   2.076099619      0.8239568549E-06
   2.094278138      0.8231549572E-06
   2.112456658      0.8196815599E-06
   2.130635178      0.8148419033E-06
   2.148813697      0.8097912166E-06
   2.166992217      0.8054776655E-06
   2.185170736      0.8026027279E-06
   2.203349256      0.8015961946E-06
   2.221527776      0.8002465721E-06
   2.239706295      0.7962818406E-06
   2.257884815      0.7899497793E-06
   2.276063335      0.7816484666E-06
   2.294241854      0.7719057772E-06
   2.312420374      0.7613540740E-06
   2.330598893      0.7507029362E-06
   2.348777413      0.7407129132E-06
   2.366955933      0.7321731076E-06
   2.385134452      0.7258849545E-06
   2.403312972      0.7226539276E-06
   2.421491492      0.7232901270E-06
   2.439670011      0.7286176906E-06
   2.457848531      0.7394914247E-06
   2.476027050      0.7568163193E-06
   2.494205570      0.7815607710E-06
   2.512384090      0.8147468732E-06
   2.530562609      0.8573931410E-06
   2.548741129      0.9103842694E-06
   2.566919649      0.9742616013E-06
   2.585098168      0.1048970713E-05
   2.603276688      0.1133644431E-05
   2.621455207      0.1226499210E-05
   2.639633727      0.1324873111E-05
   2.657812247      0.1425378845E-05
   2.675990766      0.1524125619E-05
   2.694169286      0.1616974198E-05
   2.712347805      0.1699804946E-05
   2.730526325      0.1768785450E-05
   2.748704845      0.1820623733E-05
   2.766883364      0.1852790609E-05
   2.785061884      0.1863694051E-05
   2.802738302      0.1845446723E-05
   2.820414720      0.1792304657E-05
   2.838091138      0.1708823770E-05
   2.855767556      0.1601837655E-05
   2.873443974      0.1479489511E-05
   2.891120392      0.1350171024E-05
   2.908796810      0.1221565112E-05
   2.926473228      0.1099942093E-05
   2.944149646      0.9897817877E-06
   2.961826064      0.8937125423E-06
   2.979502482      0.8126953849E-06
   2.997178900      0.7463518284E-06
   3.014855318      0.6933385143E-06
   3.032531736      0.6517009325E-06
   3.050208154      0.6191756063E-06
   3.067884572      0.5934399028E-06
   3.085560990      0.5723219807E-06
   3.103237408      0.5539801600E-06
   3.120913826      0.5370484206E-06
   3.138505173      0.5378485753E-06
   3.156096520      0.5402420383E-06
   3.173687868      0.5442076909E-06
   3.191279215      0.5497099669E-06
   3.208870562      0.5566983459E-06
   3.226461909      0.5651067367E-06
   3.244053256      0.5748528298E-06
   3.261644603      0.5858375156E-06
   3.279235950      0.5979444653E-06
   3.296827297      0.6110399755E-06
   3.314418644      0.6249731688E-06
   3.332009992      0.6395766314E-06
   3.349601339      0.6546675524E-06
   3.367192686      0.6700494097E-06
   3.384784033      0.6855142189E-06
   3.402375380      0.7008453402E-06
   3.419966727      0.7158208054E-06
   3.437558074      0.7302170997E-06
   3.455149421      0.7438133084E-06
   3.472740768      0.7563955119E-06
   3.490332115      0.7677612953E-06
   3.507923463      0.7777242253E-06
   3.525514810      0.7861181386E-06
   3.543106157      0.7928010898E-06
   3.560697504      0.7976588109E-06
   3.578288851      0.8006075521E-06
   3.595880198      0.8015961946E-06
     
