 -0.8000000000      0.2488263739    
 -0.7983750000      0.2755942273    
 -0.7967500000      0.3109557847    
 -0.7951250000      0.3549482274    
 -0.7935000000      0.4093286385    
 -0.7918750000      0.4788206664    
 -0.7902500000      0.5662297904    
 -0.7886250000      0.7099429936    
 -0.7870000000      0.9539197374    
 -0.7853750000       1.263414428    
 -0.7837500000       1.362906451    
 -0.7821250000       1.424735875    
 -0.7805000000       1.715652619    
 -0.7788750000       2.186386224    
 -0.7772500000       2.623700962    
 -0.7756250000       4.072707502    
 -0.7740000000       5.821110209    
 -0.7723750000       6.811942254    
 -0.7707500000       7.631921437    
 -0.7691250000       8.571236038    
 -0.7675000000       8.078666987    
 -0.7658750000       7.509499456    
 -0.7642500000       6.683954592    
 -0.7626250000       5.799635709    
 -0.7610000000       6.081992176    
 -0.7593750000       18.29179217    
 -0.7577500000       12.82996782    
 -0.7561250000       3.683425109    
 -0.7545000000       2.880186676    
 -0.7528750000       2.524220025    
 -0.7512500000       2.903440552    
 -0.7496250000       3.685114679    
 -0.7480000000       3.358714625    
 -0.7463750000       2.316576928    
 -0.7447500000      0.5518842359    
 -0.7431250000      0.3484145994    
 -0.7415000000      0.2989528186    
 -0.7398750000      0.3009084191    
 -0.7382500000      0.3245722880    
 -0.7366250000      0.3809042302    
 -0.7350000000      0.4779098711    
 -0.7333750000      0.6349648892    
 -0.7317500000      0.7628981719    
 -0.7301250000      0.4150459035    
 -0.7285000000      0.4788632070    
 -0.7268750000      0.6162126691    
 -0.7252500000      0.8883332951    
 -0.7236250000       1.539563903    
 -0.7220000000       3.432558115    
 -0.7203750000       14.81666349    
 -0.7187500000       124.8426977    
 -0.7171250000       10.13383646    
 -0.7155000000       2.561112115    
 -0.7138750000       1.137683628    
 -0.7122500000      0.6489311069    
 -0.7106250000      0.4272176651    
 -0.7090000000      0.3099801828    
 -0.7073750000      0.2309106634    
 -0.7057500000      0.1883486012    
 -0.7041250000      0.1504585492    
 -0.7025000000      0.1365978287    
 -0.7008750000      0.1260919096    
 -0.6992500000      0.1215935831    
 -0.6976250000      0.1262193247    
 -0.6960000000      0.1434197934    
 -0.6943750000      0.1471906061    
 -0.6927500000      0.1178923842    
 -0.6911250000      0.9603644518E-01
 -0.6895000000      0.8500242146E-01
 -0.6878750000      0.7918743589E-01
 -0.6862500000      0.7528850326E-01
 -0.6846250000      0.7215899996E-01
 -0.6830000000      0.7082605427E-01
 -0.6813750000      0.7624923730E-01
 -0.6797500000      0.6640391806E-01
 -0.6781250000      0.8703422517E-01
 -0.6765000000      0.5827138471E-01
 -0.6748750000      0.6372717529E-01
 -0.6732500000      0.6049383890E-01
 -0.6716250000      0.6124797772E-01
 -0.6700000000      0.6200077257E-01
 -0.6683750000      0.6278521870E-01
 -0.6667500000      0.6362712290E-01
 -0.6651250000      0.6453994579E-01
 -0.6635000000      0.6553080063E-01
 -0.6618750000      0.6660382442E-01
 -0.6602500000      0.6776188825E-01
 -0.6586250000      0.6900748642E-01
 -0.6570000000      0.7034321969E-01
 -0.6553750000      0.7177207338E-01
 -0.6537500000      0.7329759040E-01
 -0.6521250000      0.7492399163E-01
 -0.6505000000      0.7665627233E-01
 -0.6488750000      0.7850029116E-01
 -0.6472500000      0.8046286204E-01
 -0.6456250000      0.8255185622E-01
 -0.6440000000      0.8477631971E-01
 -0.6423750000      0.8714661140E-01
 -0.6407500000      0.8967456664E-01
 -0.6391250000      0.9237369194E-01
 -0.6375000000      0.9525939721E-01
 -0.6358750000      0.9834927350E-01
 -0.6342500000      0.1016634256    
 -0.6326250000      0.1052248716    
 -0.6310000000      0.1090600243    
 -0.6293750000      0.1131992738    
 -0.6277500000      0.1176776938    
 -0.6261250000      0.1225359043    
 -0.6245000000      0.1278211288    
 -0.6228750000      0.1335884974    
 -0.6212500000      0.1399026621    
 -0.6196250000      0.1468398134    
 -0.6180000000      0.1544902128    
 -0.6163750000      0.1629613982    
 -0.6147500000      0.1723822711    
 -0.6131250000      0.1829083535    
 -0.6115000000      0.1947286092    
 -0.6098750000      0.2080743790    
 -0.6082500000      0.2232312096    
 -0.6066250000      0.2405546856    
 -0.6050000000      0.2604918782    
 -0.6033750000      0.2836107848    
 -0.6017500000      0.3106413169    
 -0.6001250000      0.3425332659    
 -0.5985000000      0.3805397088    
 -0.5968750000      0.4263393577    
 -0.5952500000      0.4822199711    
 -0.5936250000      0.5513600708    
 -0.5920000000      0.6382734364    
 -0.5903750000      0.7495309246    
 -0.5887500000      0.8952913892    
 -0.5871250000       1.090910450    
 -0.5855000000       1.360073795    
 -0.5838750000       1.742710509    
 -0.5822500000       2.309582003    
 -0.5806250000       3.191714136    
 -0.5790000000       4.588164815    
 -0.5773750000       6.913406048    
 -0.5757500000       10.54648429    
 -0.5741250000       14.96463779    
 -0.5725000000       16.10390862    
 -0.5708750000       11.72249086    
 -0.5692500000       3.747460829    
 -0.5676250000       17.10472412    
 -0.5660000000       7.680131898    
 -0.5643750000       5.313095626    
 -0.5627500000       4.302413801    
 -0.5611250000       3.617657368    
 -0.5595000000       1.510524391    
 -0.5578750000       9.079586730    
 -0.5562500000       3.150111914    
 -0.5546250000       6.131044608    
 -0.5530000000       4.414731354    
 -0.5513750000       3.618609118    
 -0.5497500000       1.681614221    
 -0.5481250000      0.5541100054    
 -0.5465000000      0.3462334933    
 -0.5448750000      0.1596661172    
 -0.5432500000      0.1186417589    
 -0.5416250000      0.9541695032E-01
 -0.5400000000      0.6205028935E-01
 -0.5383750000      0.7347177350E-01
 -0.5367500000      0.1046177803    
 -0.5351250000      0.1439854252    
 -0.5335000000      0.2349291524    
 -0.5318750000      0.2489580627    
 -0.5302500000      0.1907081280    
 -0.5286250000      0.1351138268    
 -0.5270000000      0.1360958320    
 -0.5253750000      0.1519182900    
 -0.5237500000      0.1329177571    
 -0.5221250000      0.9589715780E-01
 -0.5205000000      0.8562569931E-01
 -0.5188750000      0.1256799394    
 -0.5172500000      0.1685484741    
 -0.5156250000      0.1899533820    
 -0.5140000000      0.2049713734    
 -0.5123750000      0.2181014263    
 -0.5107500000      0.2310265358    
 -0.5091250000      0.2445452817    
 -0.5075000000      0.2591588688    
 -0.5058750000      0.2752931242    
 -0.5042500000      0.2934139015    
 -0.5026250000      0.3141261558    
 -0.5010000000      0.3383128890    
 -0.4993750000      0.3673944174    
 -0.4977500000      0.4038967581    
 -0.4961250000      0.4528832001    
 -0.4945000000      0.5262159860    
 -0.4928750000      0.6586336333    
 -0.4912500000      0.9971448435    
 -0.4896250000       2.965913988    
 -0.4880000000       57.14838648    
 -0.4863750000       1.974131991    
 -0.4847500000       1.034835786    
 -0.4831250000      0.9521365751    
 -0.4815000000       1.097872599    
 -0.4798750000      0.9745187479    
 -0.4782500000      0.9042232053    
 -0.4766250000       1.020117785    
 -0.4750000000       1.154011602    
 -0.4733750000       1.317877191    
 -0.4717500000       1.520911807    
 -0.4701250000       1.776173650    
 -0.4685000000       2.102717645    
 -0.4668750000       2.529180766    
 -0.4652500000       3.100066423    
 -0.4636250000       3.887326904    
 -0.4620000000       5.012895326    
 -0.4603750000       6.695300545    
 -0.4587500000       9.352985572    
 -0.4571250000       13.84997584    
 -0.4555000000       22.10570572    
 -0.4538750000       38.41404242    
 -0.4522500000       68.58809068    
 -0.4506250000       92.13729344    
 -0.4490000000       67.54923797    
 -0.4473750000       37.93979637    
 -0.4457500000       22.02122559    
 -0.4441250000       13.92234346    
 -0.4425000000       9.484838925    
 -0.4408750000       6.849074763    
 -0.4392500000       5.173874428    
 -0.4376250000       4.049808833    
 -0.4360000000       3.262092269    
 -0.4343750000       2.690409320    
 -0.4327500000       2.263522340    
 -0.4311250000       1.937249316    
 -0.4295000000       1.683108935    
 -0.4278750000       1.482127512    
 -0.4262500000       1.321262755    
 -0.4246250000       1.191248736    
 -0.4230000000       1.085221035    
 -0.4213750000       1.000478268    
 -0.4197500000      0.9319503955    
 -0.4181250000      0.8716234016    
 -0.4165000000      0.8271253257    
 -0.4148750000      0.7980474429    
 -0.4132500000      0.7810462930    
 -0.4116250000      0.7927721195    
 -0.4100000000      0.9068671732    
 -0.4083750000       1.059515305    
 -0.4067500000       1.160070509    
 -0.4051250000       1.669206031    
 -0.4035000000       7.766582909    
 -0.4018750000       8.152980967    
 -0.4002500000       10.49476710    
 -0.3986250000       8.478786722    
 -0.3970000000       5.451633868    
 -0.3953750000       7.658418859    
 -0.3937500000       3.153053499    
 -0.3921250000       5.416896297    
 -0.3905000000       20.93411986    
 -0.3888750000       9.467961415    
 -0.3872500000       7.448793150    
 -0.3856250000       40.65178354    
 -0.3840000000       51.48258223    
 -0.3823750000       26.63952629    
 -0.3807500000       13.50853882    
 -0.3791250000       6.657570287    
 -0.3775000000       3.934252392    
 -0.3758750000       2.654780144    
 -0.3742500000       1.951277941    
 -0.3726250000       1.519930458    
 -0.3710000000       1.234335202    
 -0.3693750000       1.034260958    
 -0.3677500000      0.8879307923    
 -0.3661250000      0.7772221436    
 -0.3645000000      0.6911488043    
 -0.3628750000      0.6227161075    
 -0.3612500000      0.5672882275    
 -0.3596250000      0.5216881366    
 -0.3580000000      0.4836760540    
 -0.3563750000      0.4516342413    
 -0.3547500000      0.4243696387    
 -0.3531250000      0.4009866150    
 -0.3515000000      0.3808029650    
 -0.3498750000      0.3632933991    
 -0.3482500000      0.3480509714    
 -0.3466250000      0.3347605695    
 -0.3450000000      0.3231809279    
 -0.3433750000      0.3131332122    
 -0.3417500000      0.3044954362    
 -0.3401250000      0.2972032051    
 -0.3385000000      0.2912590421    
 -0.3368750000      0.2867559406    
 -0.3352500000      0.2839283844    
 -0.3336250000      0.2832633975    
 -0.3320000000      0.2857596068    
 -0.3303750000      0.2936066597    
 -0.3287500000      0.3123042949    
 -0.3271250000      0.3592749603    
 -0.3255000000      0.5193478323    
 -0.3238750000       2.096081205    
 -0.3222500000       5.054463338    
 -0.3206250000       6.010165329    
 -0.3190000000      0.1972668425    
 -0.3173750000      0.2061544850    
 -0.3157500000      0.2018491596    
 -0.3141250000      0.1992060566    
 -0.3125000000      0.1950592889    
 -0.3108750000      0.1980272746    
 -0.3092500000      0.1988457996    
 -0.3076250000      0.1996594606    
 -0.3060000000      0.2010097807    
 -0.3043750000      0.2034601656    
 -0.3027500000      0.2072622566    
 -0.3011250000      0.2082662897    
 -0.2995000000      0.2096092649    
 -0.2978750000      0.2128880477    
 -0.2962500000      0.2285566158    
 -0.2946250000      0.2448526997    
 -0.2930000000      0.2803855029    
 -0.2913750000      0.2992407780    
 -0.2897500000      0.3739957942    
 -0.2881250000      0.6794721108    
 -0.2865000000       3.351662779    
 -0.2848750000       1.162713416    
 -0.2832500000      0.9639505687    
 -0.2816250000      0.4978643462    
 -0.2800000000      0.2784248011    
 -0.2783750000      0.1998412229    
 -0.2767500000      0.2723912906    
 -0.2751250000      0.2514359491    
 -0.2735000000      0.3721712859    
 -0.2718750000      0.2321405481    
 -0.2702500000      0.2182783122    
 -0.2686250000      0.2124459996    
 -0.2670000000      0.2085246579    
 -0.2653750000      0.2057055876    
 -0.2637500000      0.2031916802    
 -0.2621250000      0.2011544023    
 -0.2605000000      0.1996016829    
 -0.2588750000      0.1984270572    
 -0.2572500000      0.1975737460    
 -0.2556250000      0.1970933645    
 -0.2540000000      0.1970221905    
 -0.2523750000      0.1971931290    
 -0.2507500000      0.1974969278    
 -0.2491250000      0.1979285521    
 -0.2475000000      0.1985029512    
 -0.2458750000      0.1992351919    
 -0.2442500000      0.2001334144    
 -0.2426250000      0.2011558713    
 -0.2410000000      0.2021938364    
 -0.2393750000      0.2032504588    
 -0.2377500000      0.2044197803    
 -0.2361250000      0.2057377285    
 -0.2345000000      0.2072074423    
 -0.2328750000      0.2088327910    
 -0.2312500000      0.2106260677    
 -0.2296250000      0.2126098421    
 -0.2280000000      0.2148197917    
 -0.2263750000      0.2173104768    
 -0.2247500000      0.2201659893    
 -0.2231250000      0.2235178536    
 -0.2215000000      0.2275687236    
 -0.2198750000      0.2326323134    
 -0.2182500000      0.2393744333    
 -0.2166250000      0.2494763964    
 -0.2150000000      0.2673730523    
 -0.2133750000      0.3101677233    
 -0.2117500000      0.5329143076    
 -0.2101250000       1.907731610    
 -0.2085000000      0.2353233146    
 -0.2068750000      0.2358032924    
 -0.2052500000      0.2823637445    
 -0.2036250000      0.3762633604    
 -0.2020000000      0.2213400849    
 -0.2003750000      0.4442539794    
 -0.1987500000      0.4671628798    
 -0.1971250000      0.2086915628    
 -0.1955000000      0.2144828213    
 -0.1938750000      0.2365385251    
 -0.1922500000      0.2467414153    
 -0.1906250000      0.2522380898    
 -0.1890000000      0.2533190572    
 -0.1873750000      0.2355280239    
 -0.1857500000      0.2482105108    
 -0.1841250000      0.2556292041    
 -0.1825000000      0.2595142877    
 -0.1808750000      0.2629560326    
 -0.1792500000      0.2661784583    
 -0.1776250000      0.2696183951    
 -0.1760000000      0.2728651924    
 -0.1743750000      0.2764089568    
 -0.1727500000      0.2798273799    
 -0.1711250000      0.2833978826    
 -0.1695000000      0.2871455279    
 -0.1678750000      0.2908510512    
 -0.1662500000      0.2946213623    
 -0.1646250000      0.2985077169    
 -0.1630000000      0.3026041971    
 -0.1613750000      0.3068789148    
 -0.1597500000      0.3111961219    
 -0.1581250000      0.3157202168    
 -0.1565000000      0.3203808763    
 -0.1548750000      0.3251770494    
 -0.1532500000      0.3301389566    
 -0.1516250000      0.3352995037    
 -0.1500000000      0.3406928602    
 -0.1483750000      0.3463465868    
 -0.1467500000      0.3523164499    
 -0.1451250000      0.3588522371    
 -0.1435000000      0.3649494829    
 -0.1418750000      0.3718068575    
 -0.1402500000      0.3792111081    
 -0.1386250000      0.3864187407    
 -0.1370000000      0.3961281184    
 -0.1353750000      0.4049133160    
 -0.1337500000      0.4183573306    
 -0.1321250000      0.4373828643    
 -0.1305000000      0.4193985185    
 -0.1288750000      0.5488117858    
 -0.1272500000       1.516725872    
 -0.1256250000      0.3728577826    
 -0.1240000000      0.3987721710    
 -0.1223750000      0.4147479063    
 -0.1207500000      0.4304893839    
 -0.1191250000      0.4429542191    
 -0.1175000000      0.4464505284    
 -0.1158750000      0.4615983782    
 -0.1142500000      0.4736034394    
 -0.1126250000      0.4851649853    
 -0.1110000000      0.4963923598    
 -0.1093750000      0.5077573966    
 -0.1077500000      0.5193684913    
 -0.1061250000      0.5313024326    
 -0.1045000000      0.5436155380    
 -0.1028750000      0.5563071484    
 -0.1012500000      0.5693886978    
 -0.9962500000E-01  0.5831084118    
 -0.9800000000E-01  0.5972242310    
 -0.9637500000E-01  0.6119352341    
 -0.9475000000E-01  0.6272394776    
 -0.9312500000E-01  0.6432280758    
 -0.9150000000E-01  0.6599467632    
 -0.8987500000E-01  0.6774468345    
 -0.8825000000E-01  0.6958083473    
 -0.8662500000E-01  0.7151387658    
 -0.8500000000E-01  0.7355315863    
 -0.8337500000E-01  0.7573369792    
 -0.8175000000E-01  0.7804008720    
 -0.8012500000E-01  0.8053173423    
 -0.7850000000E-01  0.8327126278    
 -0.7687500000E-01  0.8633893703    
 -0.7525000000E-01  0.8996826829    
 -0.7362500000E-01  0.9468073312    
 -0.7200000000E-01   1.027773296    
 -0.7037500000E-01   1.394197151    
 -0.6875000000E-01  0.7253852630    
 -0.6712500000E-01  0.8506688472    
 -0.6550000000E-01  0.9611691485    
 -0.6387500000E-01   1.015292243    
 -0.6225000000E-01   1.062979260    
 -0.6062500000E-01   1.109333826    
 -0.5900000000E-01   1.156227698    
 -0.5737500000E-01   1.204406856    
 -0.5575000000E-01   1.254375555    
 -0.5412500000E-01   1.307885634    
 -0.5250000000E-01   1.363915685    
 -0.5087500000E-01   1.423338315    
 -0.4925000000E-01   1.487072438    
 -0.4762500000E-01   1.555399661    
 -0.4600000000E-01   1.628543246    
 -0.4437500000E-01   1.707243586    
 -0.4275000000E-01   1.792178744    
 -0.4112500000E-01   1.884104084    
 -0.3950000000E-01   1.983894263    
 -0.3787500000E-01   2.092582041    
 -0.3625000000E-01   2.211346000    
 -0.3462500000E-01   2.341638812    
 -0.3300000000E-01   2.485125884    
 -0.3137500000E-01   2.643890419    
 -0.2975000000E-01   2.820493242    
 -0.2812500000E-01   3.018169331    
 -0.2650000000E-01   3.241134828    
 -0.2487500000E-01   3.495103656    
 -0.2325000000E-01   3.788208015    
 -0.2162500000E-01   4.132995331    
 -0.2000000000E-01   4.551456678    
 -0.1837500000E-01   5.088385138    
 -0.1675000000E-01   5.868234196    
 -0.1512500000E-01   7.485043351    
 -0.1350000000E-01   64.10000825    
 -0.1187500000E-01   4.339328619    
 -0.1025000000E-01   6.143338912    
 -0.8625000000E-02   7.535332010    
 -0.7000000000E-02   9.253780800    
 -0.5375000000E-02   13.40775904    
 -0.3750000000E-02   5.575032642    
 -0.2125000000E-02   10.47088417    
 -0.5000000000E-03   13.26001965    
  0.1125000000E-02   16.26077602    
  0.2750000000E-02   19.95816345    
  0.4375000000E-02   24.78562730    
  0.6000000000E-02   31.35344001    
  0.7625000000E-02   40.64508795    
  0.9250000000E-02   54.35558506    
  0.1087500000E-01   75.54744265    
  0.1250000000E-01   109.8990090    
  0.1412500000E-01   167.5026749    
  0.1575000000E-01   260.2038536    
  0.1737500000E-01   369.1426414    
  0.1900000000E-01   392.3143382    
  0.2062500000E-01   298.4494440    
  0.2225000000E-01   195.3836744    
  0.2387500000E-01   127.4542478    
  0.2550000000E-01   86.81264859    
  0.2712500000E-01   62.03881489    
  0.2875000000E-01   46.24315682    
  0.3037500000E-01   35.69592969    
  0.3200000000E-01   28.35564609    
  0.3362500000E-01   23.05868079    
  0.3525000000E-01   19.10675398    
  0.3687500000E-01   16.04368490    
  0.3850000000E-01   13.29955302    
  0.4012500000E-01   13.14946231    
  0.4175000000E-01   11.14070867    
  0.4337500000E-01   9.784996775    
  0.4500000000E-01   8.744107608    
  0.4662500000E-01   7.900521006    
  0.4825000000E-01   7.203100037    
  0.4987500000E-01   6.619402447    
  0.5150000000E-01   6.127523800    
  0.5312500000E-01   5.710296450    
  0.5475000000E-01   5.349764551    
  0.5637500000E-01   5.128724414    
  0.5800000000E-01   4.715471264    
  0.5962500000E-01   4.539409716    
  0.6125000000E-01   4.362565376    
  0.6287500000E-01   4.209236572    
  0.6450000000E-01   4.081962510    
  0.6612500000E-01   3.968507125    
  0.6775000000E-01   3.891811645    
  0.6937500000E-01   3.822488880    
  0.7100000000E-01   3.765518423    
  0.7262500000E-01   3.751880606    
  0.7425000000E-01   3.745836818    
  0.7587500000E-01   3.758466521    
  0.7750000000E-01   3.793613058    
  0.7912500000E-01   3.850887728    
  0.8075000000E-01   3.934097051    
  0.8237500000E-01   4.049061741    
  0.8400000000E-01   4.207260466    
  0.8562500000E-01   4.430343823    
  0.8725000000E-01   4.773674225    
  0.8887500000E-01   5.434114686    
  0.9050000000E-01   7.995154185    
  0.9212500000E-01   4.676227959    
  0.9375000000E-01   3.250850185    
  0.9537500000E-01   4.076891643    
  0.9700000000E-01   4.616372478    
  0.9862500000E-01   5.186454811    
  0.1002500000       6.095975741    
  0.1018750000       6.420859558    
  0.1035000000       7.034844615    
  0.1051250000       7.763311913    
  0.1067500000       7.985741314    
  0.1083750000       9.114477607    
  0.1100000000       10.42718227    
  0.1116250000       11.95815949    
  0.1132500000       13.84631231    
  0.1148750000       16.24153660    
  0.1165000000       19.34353733    
  0.1181250000       23.48046020    
  0.1197500000       29.15491057    
  0.1213750000       37.21471611    
  0.1230000000       49.14498841    
  0.1246250000       67.68669993    
  0.1262500000       98.12039024    
  0.1278750000       150.5694337    
  0.1295000000       240.2912809    
  0.1311250000       359.2670477    
  0.1327500000       396.5010724    
  0.1343750000       295.1598473    
  0.1360000000       185.3159784    
  0.1376250000       117.1836807    
  0.1392500000       78.42410827    
  0.1408750000       55.69074820    
  0.1425000000       41.67523632    
  0.1441250000       32.64966641    
  0.1457500000       26.66406653    
  0.1473750000       22.66057309    
  0.1490000000       20.05558642    
  0.1506250000       18.54979693    
  0.1522500000       18.02708543    
  0.1538750000       18.56974475    
  0.1555000000       20.52576169    
  0.1571250000       24.72537878    
  0.1587500000       33.14529272    
  0.1603750000       50.71046878    
  0.1620000000       88.82002520    
  0.1636250000       143.0911745    
  0.1652500000       104.4481576    
  0.1668750000       42.18367629    
  0.1685000000       20.72275653    
  0.1701250000       33.55768011    
  0.1717500000       9.512968999    
  0.1733750000       10.11144995    
  0.1750000000       36.25205280    
  0.1766250000       9.761908689    
  0.1782500000       9.646427900    
  0.1798750000       151.5330403    
  0.1815000000       32.43328571    
  0.1831250000       17.81526091    
  0.1847500000       12.42337435    
  0.1863750000       9.590854324    
  0.1880000000       7.829926794    
  0.1896250000       6.623116868    
  0.1912500000       5.742149968    
  0.1928750000       5.070087756    
  0.1945000000       4.540536758    
  0.1961250000       4.112866987    
  0.1977500000       3.760760300    
  0.1993750000       3.466396781    
  0.2010000000       3.217279822    
  0.2026250000       3.004398829    
  0.2042500000       2.821115481    
  0.2058750000       2.662462900    
  0.2075000000       2.524689493    
  0.2091250000       2.404940963    
  0.2107500000       2.300928560    
  0.2123750000       2.209285711    
  0.2140000000       2.056070549    
  0.2156250000       2.061372526    
  0.2172500000       2.022184196    
  0.2188750000       1.994153328    
  0.2205000000       1.988209454    
  0.2221250000       2.008183647    
  0.2237500000       2.055947377    
  0.2253750000       2.147166674    
  0.2270000000       2.318457621    
  0.2286250000       2.427778968    
  0.2302500000       2.543832041    
  0.2318750000       2.563412707    
  0.2335000000       2.382630949    
  0.2351250000       2.303482433    
  0.2367500000       2.142625362    
  0.2383750000       1.944192921    
  0.2400000000       1.836661185    
  0.2416250000       1.764284145    
  0.2432500000       1.709330283    
  0.2448750000       1.675557359    
  0.2465000000       1.657423626    
  0.2481250000       1.656703297    
  0.2497500000       1.663196449    
  0.2513750000       1.774659436    
  0.2530000000       1.805858247    
  0.2546250000       1.850752646    
  0.2562500000       1.939432147    
  0.2578750000       5.636025261    
  0.2595000000       28.50666586    
  0.2611250000       3.076259460    
  0.2627500000       3.057205806    
  0.2643750000       3.934065626    
  0.2660000000       3.921705425    
  0.2676250000       6.005534424    
  0.2692500000       8.686318889    
  0.2708750000       5.284968677    
  0.2725000000       3.209898129    
  0.2741250000       2.916807761    
  0.2757500000       2.989531559    
  0.2773750000       3.040263615    
  0.2790000000       3.214923083    
  0.2806250000       3.442043027    
  0.2822500000       3.722486200    
  0.2838750000       4.067400978    
  0.2855000000       4.491835437    
  0.2871250000       5.041807823    
  0.2887500000       5.805056341    
  0.2903750000       6.823595029    
  0.2920000000       8.202740542    
  0.2936250000       10.14760221    
  0.2952500000       13.01005655    
  0.2968750000       17.41646476    
  0.2985000000       24.49036296    
  0.3001250000       36.03744044    
  0.3017500000       53.38510448    
  0.3033750000       70.69975001    
  0.3050000000       71.39712216    
  0.3066250000       55.76615914    
  0.3082500000       40.08902605    
  0.3098750000       30.02785489    
  0.3115000000       24.17102168    
  0.3131250000       20.55072498    
  0.3147500000       18.26919873    
  0.3163750000       15.95600420    
  0.3180000000       19.76270487    
  0.3196250000       16.60238435    
  0.3212500000       22.86192151    
  0.3228750000       24.69919668    
  0.3245000000       25.42224106    
  0.3261250000       27.19165303    
  0.3277500000       30.57158447    
  0.3293750000       35.90031440    
  0.3310000000       45.21847926    
  0.3326250000       54.46685511    
  0.3342500000       73.21029002    
  0.3358750000       92.99103711    
  0.3375000000       106.4889736    
  0.3391250000       114.0175637    
  0.3407500000       116.5013825    
  0.3423750000       113.3920192    
  0.3440000000       107.1217445    
  0.3456250000       97.47428399    
  0.3472500000       95.60374741    
  0.3488750000       117.4539857    
  0.3505000000       89.14849616    
  0.3521250000       76.68559681    
  0.3537500000       96.89924904    
  0.3553750000       74.93952565    
  0.3570000000       66.69126106    
  0.3586250000       61.74025005    
  0.3602500000       60.35973863    
  0.3618750000       57.65181090    
  0.3635000000       53.74818176    
  0.3651250000       53.46220295    
  0.3667500000       56.51663187    
  0.3683750000       56.26509260    
  0.3700000000       51.67023174    
  0.3716250000       48.75098784    
  0.3732500000       43.41935026    
  0.3748750000       39.84740965    
  0.3765000000       36.53107708    
  0.3781250000       34.61387155    
  0.3797500000       33.73890380    
  0.3813750000       27.37816198    
  0.3830000000       24.52616646    
  0.3846250000       22.14681366    
  0.3862500000       19.51035469    
  0.3878750000       17.87238712    
  0.3895000000       14.74626231    
  0.3911250000       13.30785136    
  0.3927500000       11.90942936    
  0.3943750000       12.39251588    
  0.3960000000       13.22324946    
  0.3976250000       19.09777789    
  0.3992500000       10.12802216    
  0.4008750000       9.261167961    
  0.4025000000       6.877219286    
  0.4041250000       6.274740467    
  0.4057500000       6.499220819    
  0.4073750000       5.982974843    
  0.4090000000       5.183060302    
  0.4106250000       4.744238392    
  0.4122500000       4.448257143    
  0.4138750000       4.231753433    
  0.4155000000       4.071878777    
  0.4171250000       3.958795920    
  0.4187500000       3.889579458    
  0.4203750000       3.869217059    
  0.4220000000       3.909137631    
  0.4236250000       4.001490847    
  0.4252500000       4.086008732    
  0.4268750000       4.143015038    
  0.4285000000       4.241817177    
  0.4301250000       4.411226068    
  0.4317500000       4.653252688    
  0.4333750000       4.972617169    
  0.4350000000       5.382367320    
  0.4366250000       5.903479583    
  0.4382500000       6.557813073    
  0.4398750000       7.358972743    
  0.4415000000       8.349782846    
  0.4431250000       9.638147996    
  0.4447500000       11.38989035    
  0.4463750000       13.72084763    
  0.4480000000       16.98008080    
  0.4496250000       21.59662971    
  0.4512500000       28.20953834    
  0.4528750000       38.65234856    
  0.4545000000       53.70672086    
  0.4561250000       72.19687795    
  0.4577500000       85.80282658    
  0.4593750000       88.17413426    
  0.4610000000       82.12958745    
  0.4626250000       88.15311355    
  0.4642500000       123.0656898    
  0.4658750000       173.5052223    
  0.4675000000       129.0240811    
  0.4691250000       69.80671600    
  0.4707500000       41.27388838    
  0.4723750000       27.76238905    
  0.4740000000       21.20525352    
  0.4756250000       19.06937007    
  0.4772500000       17.36880113    
  0.4788750000       14.87570071    
  0.4805000000       12.04948554    
  0.4821250000       9.480378507    
  0.4837500000       7.643821700    
  0.4853750000       6.122340134    
  0.4870000000       4.117539202    
  0.4886250000       3.098780297    
  0.4902500000       4.997353992    
  0.4918750000       4.755176183    
  0.4935000000       4.338364440    
  0.4951250000       3.916985868    
  0.4967500000       3.510999474    
  0.4983750000       3.156166293    
     
 -0.4491438017       0.000000000    
 -0.4491438017       210.5166950    
     
 -0.8912300033E-02   0.000000000    
 -0.8912300033E-02   210.5166950    
     
 -0.8912299772E-02   0.000000000    
 -0.8912299772E-02   210.5166950    
     
 -0.8912299772E-02   0.000000000    
 -0.8912299772E-02   210.5166950    
     
  0.8385863838E-01   0.000000000    
  0.8385863838E-01   210.5166950    
     
  0.8385863870E-01   0.000000000    
  0.8385863870E-01   210.5166950    
     
  0.8385863870E-01   0.000000000    
  0.8385863870E-01   210.5166950    
     
  0.1079241746       0.000000000    
  0.1079241746       210.5166950    
     
  0.2727091397       0.000000000    
  0.2727091397       210.5166950    
     
  0.2909900108       0.000000000    
  0.2909900108       210.5166950    
     
  0.2909900108       0.000000000    
  0.2909900108       210.5166950    
     
  0.4068742174       0.000000000    
  0.4068742174       210.5166950    
     
  0.4068742176       0.000000000    
  0.4068742176       210.5166950    
     
