 -0.8000000000       3.034024649    
 -0.7983750000       2.970844721    
 -0.7967500000       2.988043881    
 -0.7951250000       2.996510803    
 -0.7935000000       2.989002724    
 -0.7918750000       2.969840678    
 -0.7902500000       2.946234927    
 -0.7886250000       2.920837236    
 -0.7870000000       2.897345908    
 -0.7853750000       2.877354051    
 -0.7837500000       2.860918744    
 -0.7821250000       2.847407412    
 -0.7805000000       2.836529367    
 -0.7788750000       2.829525226    
 -0.7772500000       2.830593741    
 -0.7756250000       2.848873735    
 -0.7740000000       2.901881369    
 -0.7723750000       3.022805804    
 -0.7707500000       3.278359360    
 -0.7691250000       3.817661236    
 -0.7675000000       5.019632424    
 -0.7658750000       7.910498492    
 -0.7642500000       13.68447661    
 -0.7626250000       13.66764381    
 -0.7610000000       7.745002910    
 -0.7593750000       4.733024553    
 -0.7577500000       3.444242819    
 -0.7561250000       2.836402107    
 -0.7545000000       2.524287213    
 -0.7528750000       2.351588698    
 -0.7512500000       2.241717636    
 -0.7496250000       2.152957766    
 -0.7480000000       2.066083915    
 -0.7463750000       1.977756593    
 -0.7447500000       1.892984137    
 -0.7431250000       1.823212210    
 -0.7415000000       1.798251893    
 -0.7398750000       1.907138231    
 -0.7382500000       2.473804394    
 -0.7366250000       4.586899449    
 -0.7350000000       4.132084373    
 -0.7333750000       2.042841050    
 -0.7317500000       1.376629893    
 -0.7301250000       1.106523043    
 -0.7285000000      0.9623991829    
 -0.7268750000      0.8707665772    
 -0.7252500000      0.8058340269    
 -0.7236250000      0.7565983755    
 -0.7220000000      0.7176565499    
 -0.7203750000      0.6860775157    
 -0.7187500000      0.6601604801    
 -0.7171250000      0.6388791636    
 -0.7155000000      0.6216094102    
 -0.7138750000      0.6079874877    
 -0.7122500000      0.5978354245    
 -0.7106250000      0.5911251431    
 -0.7090000000      0.5879691161    
 -0.7073750000      0.5886341359    
 -0.7057500000      0.5935820761    
 -0.7041250000      0.6035513073    
 -0.7025000000      0.6197109739    
 -0.7008750000      0.6439616738    
 -0.6992500000      0.6795542125    
 -0.6976250000      0.7324126626    
 -0.6960000000      0.8136655743    
 -0.6943750000      0.9397658815    
 -0.6927500000       1.100639392    
 -0.6911250000       1.263055626    
 -0.6895000000       2.286650560    
 -0.6878750000       1.945804344    
 -0.6862500000       2.213381399    
 -0.6846250000       3.320169002    
 -0.6830000000       5.194500456    
 -0.6813750000       6.053533582    
 -0.6797500000       4.313581440    
 -0.6781250000       2.676407391    
 -0.6765000000       1.801817549    
 -0.6748750000       1.342546081    
 -0.6732500000       1.080063898    
 -0.6716250000      0.9159122197    
 -0.6700000000      0.8051651885    
 -0.6683750000      0.7259730921    
 -0.6667500000      0.6669508370    
 -0.6651250000      0.6217535438    
 -0.6635000000      0.5866083675    
 -0.6618750000      0.5594947495    
 -0.6602500000      0.5384415619    
 -0.6586250000      0.5223093402    
 -0.6570000000      0.5103078908    
 -0.6553750000      0.5018560174    
 -0.6537500000      0.4965221117    
 -0.6521250000      0.4939866282    
 -0.6505000000      0.4940174815    
 -0.6488750000      0.4964535141    
 -0.6472500000      0.5011933244    
 -0.6456250000      0.5081878950    
 -0.6440000000      0.5174361233    
 -0.6423750000      0.5289827463    
 -0.6407500000      0.5429184231    
 -0.6391250000      0.5593819391    
 -0.6375000000      0.5785646756    
 -0.6358750000      0.6007176794    
 -0.6342500000      0.6261618764    
 -0.6326250000      0.6553022444    
 -0.6310000000      0.6886471028    
 -0.6293750000      0.7268341274    
 -0.6277500000      0.7706653001    
 -0.6261250000      0.8211537991    
 -0.6245000000      0.8795868955    
 -0.6228750000      0.9476103378    
 -0.6212500000       1.027341596    
 -0.6196250000       1.121521736    
 -0.6180000000       1.233718069    
 -0.6163750000       1.368589225    
 -0.6147500000       1.532210843    
 -0.6131250000       1.732406609    
 -0.6115000000       1.978877378    
 -0.6098750000       2.282569088    
 -0.6082500000       2.653041241    
 -0.6066250000       3.091624132    
 -0.6050000000       3.577918856    
 -0.6033750000       4.051677481    
 -0.6017500000       4.407086443    
 -0.6001250000       4.530608815    
 -0.5985000000       4.379011335    
 -0.5968750000       4.018576069    
 -0.5952500000       3.573454296    
 -0.5936250000       3.149583988    
 -0.5920000000       2.805237509    
 -0.5903750000       2.560772553    
 -0.5887500000       2.414443714    
 -0.5871250000       2.347610798    
 -0.5855000000       2.319170739    
 -0.5838750000       2.266053976    
 -0.5822500000       2.136337313    
 -0.5806250000       1.933815615    
 -0.5790000000       1.707257827    
 -0.5773750000       1.501630292    
 -0.5757500000       1.336821508    
 -0.5741250000       1.214920472    
 -0.5725000000       1.130858006    
 -0.5708750000       1.077529134    
 -0.5692500000       1.046972691    
 -0.5676250000       1.029415731    
 -0.5660000000       1.011710064    
 -0.5643750000      0.9832086102    
 -0.5627500000      0.9403322255    
 -0.5611250000      0.8874674947    
 -0.5595000000      0.8321538240    
 -0.5578750000      0.7807134138    
 -0.5562500000      0.7383741147    
 -0.5546250000      0.7136060614    
 -0.5530000000      0.7324507515    
 -0.5513750000      0.9312427894    
 -0.5497500000       2.952392254    
 -0.5481250000       1.736832666    
 -0.5465000000      0.7466323017    
 -0.5448750000      0.5719366495    
 -0.5432500000      0.5062457809    
 -0.5416250000      0.4712794247    
 -0.5400000000      0.4492389966    
 -0.5383750000      0.4342147244    
 -0.5367500000      0.4237314748    
 -0.5351250000      0.4165757086    
 -0.5335000000      0.4120774441    
 -0.5318750000      0.4098223028    
 -0.5302500000      0.4095109003    
 -0.5286250000      0.4113914567    
 -0.5270000000      0.4171672489    
 -0.5253750000      0.4256270190    
 -0.5237500000      0.4379006240    
 -0.5221250000      0.4564025461    
 -0.5205000000      0.4881196712    
 -0.5188750000      0.5711511286    
 -0.5172500000       1.146623044    
 -0.5156250000       1.438011970    
 -0.5140000000      0.6465988451    
 -0.5123750000      0.5870256065    
 -0.5107500000      0.7384449972    
 -0.5091250000      0.6847954819    
 -0.5075000000      0.6840655154    
 -0.5058750000      0.8305172095    
 -0.5042500000       1.234161031    
 -0.5026250000       2.553807350    
 -0.5010000000       3.878368590    
 -0.4993750000       1.821061719    
 -0.4977500000       1.032362950    
 -0.4961250000      0.7787372988    
 -0.4945000000      0.6799157099    
 -0.4928750000      0.6390695104    
 -0.4912500000      0.6254585942    
 -0.4896250000      0.6273205670    
 -0.4880000000      0.6395969685    
 -0.4863750000      0.6600301813    
 -0.4847500000      0.6877249244    
 -0.4831250000      0.7225674653    
 -0.4815000000      0.7649908264    
 -0.4798750000      0.8159047479    
 -0.4782500000      0.8767254155    
 -0.4766250000      0.9494893729    
 -0.4750000000       1.037065352    
 -0.4733750000       1.143506269    
 -0.4717500000       1.274625384    
 -0.4701250000       1.438955472    
 -0.4685000000       1.649397783    
 -0.4668750000       1.926180525    
 -0.4652500000       2.302454194    
 -0.4636250000       2.835574724    
 -0.4620000000       3.631706380    
 -0.4603750000       4.904873462    
 -0.4587500000       7.136424675    
 -0.4571250000       11.57005400    
 -0.4555000000       21.91172393    
 -0.4538750000       47.45841538    
 -0.4522500000       60.59196913    
 -0.4506250000       27.77270966    
 -0.4490000000       11.96058543    
 -0.4473750000       6.147859900    
 -0.4457500000       3.639790953    
 -0.4441250000       2.391803724    
 -0.4425000000       1.706850748    
 -0.4408750000       1.306642806    
 -0.4392500000       1.064426441    
 -0.4376250000      0.9155388811    
 -0.4360000000      0.8232058008    
 -0.4343750000      0.7644214340    
 -0.4327500000      0.7244253994    
 -0.4311250000      0.6950291071    
 -0.4295000000      0.6737307248    
 -0.4278750000      0.6614171855    
 -0.4262500000      0.6675088410    
 -0.4246250000      0.6845370053    
 -0.4230000000      0.6762501625    
 -0.4213750000      0.6339378332    
 -0.4197500000      0.5669957835    
 -0.4181250000      0.4951683778    
 -0.4165000000      0.4449666304    
 -0.4148750000      0.4223178447    
 -0.4132500000      0.4194656175    
 -0.4116250000      0.4415726123    
 -0.4100000000      0.5069974021    
 -0.4083750000      0.7070993061    
 -0.4067500000       1.721588172    
 -0.4051250000       1.227399464    
 -0.4035000000      0.9063728642    
 -0.4018750000       1.002488382    
 -0.4002500000       1.246633702    
 -0.3986250000       1.650331905    
 -0.3970000000       2.309861855    
 -0.3953750000       3.450624865    
 -0.3937500000       5.632703156    
 -0.3921250000       10.53087448    
 -0.3905000000       24.93422178    
 -0.3888750000       93.11729885    
 -0.3872500000       218.1823179    
 -0.3856250000       51.45663458    
 -0.3840000000       18.78302645    
 -0.3823750000       9.601045012    
 -0.3807500000       5.861010651    
 -0.3791250000       3.983042751    
 -0.3775000000       2.912274710    
 -0.3758750000       2.268076733    
 -0.3742500000       2.052497605    
 -0.3726250000       1.958811255    
 -0.3710000000       1.376525036    
 -0.3693750000       1.143130721    
 -0.3677500000       1.063401553    
 -0.3661250000       1.490949337    
 -0.3645000000       5.098053670    
 -0.3628750000       1.097695146    
 -0.3612500000      0.6853799215    
 -0.3596250000      0.5515250433    
 -0.3580000000      0.4754228320    
 -0.3563750000      0.4208549630    
 -0.3547500000      0.3770798914    
 -0.3531250000      0.3395670093    
 -0.3515000000      0.3058416002    
 -0.3498750000      0.2742820258    
 -0.3482500000      0.2465287515    
 -0.3466250000      0.2456165000    
 -0.3450000000      0.2805413607    
 -0.3433750000      0.3153173014    
 -0.3417500000      0.3508219981    
 -0.3401250000      0.3880991806    
 -0.3385000000      0.4284008431    
 -0.3368750000      0.4733107777    
 -0.3352500000      0.5247913973    
 -0.3336250000      0.5850698755    
 -0.3320000000      0.6572141847    
 -0.3303750000      0.7453602897    
 -0.3287500000      0.8552732875    
 -0.3271250000      0.9952410412    
 -0.3255000000       1.177499898    
 -0.3238750000       1.420461176    
 -0.3222500000       1.751878682    
 -0.3206250000       2.211868095    
 -0.3190000000       2.848816293    
 -0.3173750000       3.680734822    
 -0.3157500000       4.561143670    
 -0.3141250000       5.015265326    
 -0.3125000000       4.619157966    
 -0.3108750000       3.695291176    
 -0.3092500000       2.725266310    
 -0.3076250000       1.916848911    
 -0.3060000000       1.368476302    
 -0.3043750000       1.014265068    
 -0.3027500000      0.7818092132    
 -0.3011250000      0.6296866357    
 -0.2995000000      0.5311303097    
 -0.2978750000      0.4819717490    
 -0.2962500000      0.5272283521    
 -0.2946250000      0.9083564711    
 -0.2930000000      0.6106520236    
 -0.2913750000      0.3704287307    
 -0.2897500000      0.2997021749    
 -0.2881250000      0.2663242134    
 -0.2865000000      0.2509312382    
 -0.2848750000      0.2489628036    
 -0.2832500000      0.2511556753    
 -0.2816250000      0.2541430938    
 -0.2800000000      0.2570765844    
 -0.2783750000      0.2604806700    
 -0.2767500000      0.2646864938    
 -0.2751250000      0.2693292731    
 -0.2735000000      0.2721618300    
 -0.2718750000      0.2693013176    
 -0.2702500000      0.5089188792    
 -0.2686250000       1.002798209    
 -0.2670000000      0.3988706727    
 -0.2653750000      0.3141783410    
 -0.2637500000      0.2990084248    
 -0.2621250000      0.2799616427    
 -0.2605000000      0.2591999648    
 -0.2588750000      0.2381020321    
 -0.2572500000      0.2175059828    
 -0.2556250000      0.2080255372    
 -0.2540000000      0.2017136350    
 -0.2523750000      0.1984211911    
 -0.2507500000      0.1980950816    
 -0.2491250000      0.2013371409    
 -0.2475000000      0.2078378125    
 -0.2458750000      0.2175925620    
 -0.2442500000      0.2308718623    
 -0.2426250000      0.2499383568    
 -0.2410000000      0.2746015081    
 -0.2393750000      0.3092310951    
 -0.2377500000      0.3492260640    
 -0.2361250000      0.3921267219    
 -0.2345000000      0.4325738569    
 -0.2328750000      0.4608524398    
 -0.2312500000      0.4671442476    
 -0.2296250000      0.4467654656    
 -0.2280000000      0.7033004951    
 -0.2263750000      0.3559786402    
 -0.2247500000      0.3210797297    
 -0.2231250000      0.2917849897    
 -0.2215000000      0.2704032446    
 -0.2198750000      0.2534870051    
 -0.2182500000      0.2449249196    
 -0.2166250000      0.2628705111    
 -0.2150000000      0.3464367728    
 -0.2133750000      0.4087368041    
 -0.2117500000      0.2705321425    
 -0.2101250000      0.2313526534    
 -0.2085000000      0.2253575522    
 -0.2068750000      0.2309489379    
 -0.2052500000      0.2342012103    
 -0.2036250000      0.2365878397    
 -0.2020000000      0.2385201051    
 -0.2003750000      0.2400571604    
 -0.1987500000      0.2411331009    
 -0.1971250000      0.2416241387    
 -0.1955000000      0.2413585090    
 -0.1938750000      0.2401103350    
 -0.1922500000      0.2376238492    
 -0.1906250000      0.2337754931    
 -0.1890000000      0.2414778381    
 -0.1873750000      0.2497060074    
 -0.1857500000      0.5925680692    
 -0.1841250000      0.3427391737    
 -0.1825000000       1.611196599    
 -0.1808750000      0.4374709855    
 -0.1792500000      0.3520821249    
 -0.1776250000      0.2751263918    
 -0.1760000000      0.2323000424    
 -0.1743750000      0.2087332381    
 -0.1727500000      0.2156390795    
 -0.1711250000      0.2227554887    
 -0.1695000000      0.2268645511    
 -0.1678750000      0.2300693625    
 -0.1662500000      0.2394134944    
 -0.1646250000      0.2453910067    
 -0.1630000000      0.2466169964    
 -0.1613750000      0.2543037511    
 -0.1597500000      0.2602019405    
 -0.1581250000      0.2615698005    
 -0.1565000000      0.2663522659    
 -0.1548750000      0.2958037315    
 -0.1532500000      0.2900490365    
 -0.1516250000      0.2816290417    
 -0.1500000000      0.2985886033    
 -0.1483750000      0.3121938961    
 -0.1467500000      0.3158588133    
 -0.1451250000      0.3930818258    
 -0.1435000000      0.3116425167    
 -0.1418750000      0.3263767921    
 -0.1402500000      0.3333560825    
 -0.1386250000      0.3403649229    
 -0.1370000000      0.3482887293    
 -0.1353750000      0.3575263734    
 -0.1337500000      0.3686113751    
 -0.1321250000      0.3824032072    
 -0.1305000000      0.4002858357    
 -0.1288750000      0.4242175655    
 -0.1272500000      0.4556052156    
 -0.1256250000      0.4896369346    
 -0.1240000000      0.5036013190    
 -0.1223750000      0.4601625809    
 -0.1207500000       5.114326700    
 -0.1191250000      0.4380921743    
 -0.1175000000      0.3707824989    
 -0.1158750000      0.3809243397    
 -0.1142500000      0.3873749846    
 -0.1126250000      0.4014646054    
 -0.1110000000      0.4094763538    
 -0.1093750000      0.4166711805    
 -0.1077500000      0.4239194622    
 -0.1061250000      0.4313814692    
 -0.1045000000      0.4390890730    
 -0.1028750000      0.4470522387    
 -0.1012500000      0.4552785803    
 -0.9962500000E-01  0.4637757524    
 -0.9800000000E-01  0.4725508219    
 -0.9637500000E-01  0.4816090179    
 -0.9475000000E-01  0.4909518555    
 -0.9312500000E-01  0.5005739800    
 -0.9150000000E-01  0.5104588511    
 -0.8987500000E-01  0.5205803709    
 -0.8825000000E-01  0.5309447607    
 -0.8662500000E-01  0.5417595165    
 -0.8500000000E-01  0.5536641789    
 -0.8337500000E-01  0.5673313367    
 -0.8175000000E-01  0.5832977620    
 -0.8012500000E-01  0.6173173042    
 -0.7850000000E-01  0.6031894315    
 -0.7687500000E-01  0.6316242099    
 -0.7525000000E-01  0.6547682753    
 -0.7362500000E-01  0.6858285127    
 -0.7200000000E-01  0.7460550600    
 -0.7037500000E-01   1.125853163    
 -0.6875000000E-01  0.6426953604    
 -0.6712500000E-01  0.6640418032    
 -0.6550000000E-01  0.6917764883    
 -0.6387500000E-01  0.7167418534    
 -0.6225000000E-01  0.7403479468    
 -0.6062500000E-01  0.7635748977    
 -0.5900000000E-01  0.7869667514    
 -0.5737500000E-01  0.8108532518    
 -0.5575000000E-01  0.8354587016    
 -0.5412500000E-01  0.8609535620    
 -0.5250000000E-01  0.8874804796    
 -0.5087500000E-01  0.9151684323    
 -0.4925000000E-01  0.9441410273    
 -0.4762500000E-01  0.9745217660    
 -0.4600000000E-01   1.006437671    
 -0.4437500000E-01   1.040021994    
 -0.4275000000E-01   1.075416262    
 -0.4112500000E-01   1.112771116    
 -0.3950000000E-01   1.152240804    
 -0.3787500000E-01   1.193889162    
 -0.3625000000E-01   1.235852192    
 -0.3462500000E-01   1.285428110    
 -0.3300000000E-01   1.335469830    
 -0.3137500000E-01   1.389024329    
 -0.2975000000E-01   1.444539841    
 -0.2812500000E-01   1.506518263    
 -0.2650000000E-01   1.571691984    
 -0.2487500000E-01   1.641525596    
 -0.2325000000E-01   1.716548632    
 -0.2162500000E-01   1.797279842    
 -0.2000000000E-01   1.884251147    
 -0.1837500000E-01   1.978602173    
 -0.1675000000E-01   2.080357633    
 -0.1512500000E-01   2.190800053    
 -0.1350000000E-01   2.310641128    
 -0.1187500000E-01   2.445153224    
 -0.1025000000E-01   2.590676176    
 -0.8625000000E-02   2.750078075    
 -0.7000000000E-02   2.914930608    
 -0.5375000000E-02   3.121167692    
 -0.3750000000E-02   3.335982722    
 -0.2125000000E-02   3.577606699    
 -0.5000000000E-03   3.847517003    
  0.1125000000E-02   4.151245958    
  0.2750000000E-02   4.495722014    
  0.4375000000E-02   4.887523204    
  0.6000000000E-02   5.335755687    
  0.7625000000E-02   5.852904908    
  0.9250000000E-02   6.466298163    
  0.1087500000E-01   7.172715327    
  0.1250000000E-01   7.987225749    
  0.1412500000E-01   8.967774646    
  0.1575000000E-01   10.14592665    
  0.1737500000E-01   11.55382423    
  0.1900000000E-01   13.65789433    
  0.2062500000E-01   15.60379253    
  0.2225000000E-01   18.65878294    
  0.2387500000E-01   22.49408078    
  0.2550000000E-01   27.64583592    
  0.2712500000E-01   34.79906007    
  0.2875000000E-01   45.09439592    
  0.3037500000E-01   59.92216420    
  0.3200000000E-01   90.95118977    
  0.3362500000E-01   114.8566773    
  0.3525000000E-01   178.3989542    
  0.3687500000E-01   271.6231215    
  0.3850000000E-01   362.1650719    
  0.4012500000E-01   370.2216914    
  0.4175000000E-01   291.5610539    
  0.4337500000E-01   203.2625672    
  0.4500000000E-01   133.8773199    
  0.4662500000E-01   90.50507524    
  0.4825000000E-01   64.13947779    
  0.4987500000E-01   47.47307485    
  0.5150000000E-01   36.45294236    
  0.5312500000E-01   28.91021806    
  0.5475000000E-01   23.50938186    
  0.5637500000E-01   19.52193735    
  0.5800000000E-01   16.50229246    
  0.5962500000E-01   14.16967567    
  0.6125000000E-01   12.33575446    
  0.6287500000E-01   10.86959242    
  0.6450000000E-01   9.681129545    
  0.6612500000E-01   8.706792304    
  0.6775000000E-01   7.900355710    
  0.6937500000E-01   7.227530215    
  0.7100000000E-01   6.662513763    
  0.7262500000E-01   6.185664420    
  0.7425000000E-01   5.781824924    
  0.7587500000E-01   5.439045012    
  0.7750000000E-01   5.147620522    
  0.7912500000E-01   4.899433084    
  0.8075000000E-01   4.687546690    
  0.8237500000E-01   4.506035930    
  0.8400000000E-01   4.350087141    
  0.8562500000E-01   4.216240666    
  0.8725000000E-01   4.101767480    
  0.8887500000E-01   4.000287976    
  0.9050000000E-01   3.880244725    
  0.9212500000E-01   5.883286279    
  0.9375000000E-01   4.272973948    
  0.9537500000E-01   4.229532922    
  0.9700000000E-01   4.365490343    
  0.9862500000E-01   4.721428712    
  0.1002500000       4.229764724    
  0.1018750000       3.637017794    
  0.1035000000       3.577800294    
  0.1051250000       3.891477319    
  0.1067500000       4.269673683    
  0.1083750000       4.584905319    
  0.1100000000       4.895977762    
  0.1116250000       5.242007343    
  0.1132500000       5.646561832    
  0.1148750000       6.124924574    
  0.1165000000       6.690781704    
  0.1181250000       7.361619529    
  0.1197500000       8.162704293    
  0.1213750000       9.130733800    
  0.1230000000       10.31862366    
  0.1246250000       11.80299193    
  0.1262500000       13.69656958    
  0.1278750000       16.16961815    
  0.1295000000       19.48859128    
  0.1311250000       24.08959436    
  0.1327500000       30.72639804    
  0.1343750000       40.78950447    
  0.1360000000       57.04664143    
  0.1376250000       85.52151508    
  0.1392500000       139.8762862    
  0.1408750000       245.5128053    
  0.1425000000       377.6764280    
  0.1441250000       354.6443927    
  0.1457500000       296.5414882    
  0.1473750000       259.4771489    
  0.1490000000       159.6465039    
  0.1506250000       87.13979267    
  0.1522500000       52.38640714    
  0.1538750000       34.73680435    
  0.1555000000       25.04186777    
  0.1571250000       19.57727541    
  0.1587500000       16.70091579    
  0.1603750000       18.62891127    
  0.1620000000       23.87439574    
  0.1636250000       34.25593773    
  0.1652500000       53.41723438    
  0.1668750000       83.64314221    
  0.1685000000       126.0826205    
  0.1701250000       149.3031407    
  0.1717500000       110.7092149    
  0.1733750000       67.47920186    
  0.1750000000       42.26670214    
  0.1766250000       28.21388797    
  0.1782500000       19.91447475    
  0.1798750000       14.67365389    
  0.1815000000       11.16503292    
  0.1831250000       9.013045107    
  0.1847500000       7.487493911    
  0.1863750000       6.297618499    
  0.1880000000       5.349275885    
  0.1896250000       4.580798539    
  0.1912500000       3.948286421    
  0.1928750000       3.514431717    
  0.1945000000       3.152838992    
  0.1961250000       2.821443783    
  0.1977500000       2.508611415    
  0.1993750000       2.203145510    
  0.2010000000       1.892530616    
  0.2026250000       1.560702592    
  0.2042500000       1.337135894    
  0.2058750000       1.678874534    
  0.2075000000       2.179640560    
  0.2091250000       2.909268242    
  0.2107500000       3.917135954    
  0.2123750000       4.884340880    
  0.2140000000       4.875784249    
  0.2156250000       3.739567063    
  0.2172500000       2.624283181    
  0.2188750000       1.760231158    
  0.2205000000       1.192023515    
  0.2221250000      0.8884438141    
  0.2237500000      0.8807515895    
  0.2253750000      0.9084195841    
  0.2270000000      0.8838272878    
  0.2286250000      0.9107507499    
  0.2302500000      0.9823499786    
  0.2318750000       1.049931511    
  0.2335000000       1.163114994    
  0.2351250000       1.316948509    
  0.2367500000       1.485578236    
  0.2383750000       1.688410763    
  0.2400000000       1.921577645    
  0.2416250000       2.180289900    
  0.2432500000       2.334193599    
  0.2448750000       2.333022927    
  0.2465000000       2.222722602    
  0.2481250000       2.084999337    
  0.2497500000       1.963632086    
  0.2513750000       1.863357029    
  0.2530000000       1.779808465    
  0.2546250000       1.707501117    
  0.2562500000       1.631305346    
  0.2578750000       1.548936204    
  0.2595000000       1.459145801    
  0.2611250000       1.361752973    
  0.2627500000       1.257922957    
  0.2643750000       1.175978722    
  0.2660000000       1.116939300    
  0.2676250000       1.072137398    
  0.2692500000       1.041468415    
  0.2708750000       1.028523459    
  0.2725000000       1.065387693    
  0.2741250000       1.142782581    
  0.2757500000       1.256266533    
  0.2773750000       1.414117743    
  0.2790000000       1.627473372    
  0.2806250000       1.911126836    
  0.2822500000       2.284228472    
  0.2838750000       2.770526579    
  0.2855000000       3.416809361    
  0.2871250000       4.261645389    
  0.2887500000       5.326704764    
  0.2903750000       6.638880361    
  0.2920000000       8.164288364    
  0.2936250000       9.970809813    
  0.2952500000       11.87806133    
  0.2968750000       13.59634193    
  0.2985000000       14.86665140    
  0.3001250000       15.97346528    
  0.3017500000       17.01183122    
  0.3033750000       18.08903931    
  0.3050000000       19.22877328    
  0.3066250000       20.36463769    
  0.3082500000       21.47458885    
  0.3098750000       22.69243795    
  0.3115000000       24.17418846    
  0.3131250000       25.92829816    
  0.3147500000       27.97478731    
  0.3163750000       30.73234303    
  0.3180000000       35.23892834    
  0.3196250000       43.44078256    
  0.3212500000       59.37720855    
  0.3228750000       91.94188077    
  0.3245000000       147.9843485    
  0.3261250000       151.3058161    
  0.3277500000       77.75500044    
  0.3293750000       35.81558886    
  0.3310000000       18.58939571    
  0.3326250000       10.90305822    
  0.3342500000       7.039918541    
  0.3358750000       4.888470961    
  0.3375000000       3.719858808    
  0.3391250000       3.150691123    
  0.3407500000       2.864498357    
  0.3423750000       2.759465647    
  0.3440000000       2.778633688    
  0.3456250000       2.892134435    
  0.3472500000       3.440436507    
  0.3488750000       4.486847356    
  0.3505000000       6.073862544    
  0.3521250000       8.702653506    
  0.3537500000       13.60622783    
  0.3553750000       24.57825887    
  0.3570000000       58.90850921    
  0.3586250000       286.0335680    
  0.3602500000       360.2139239    
  0.3618750000       407.0488107    
  0.3635000000       68.11550115    
  0.3651250000       25.93029584    
  0.3667500000       13.63155452    
  0.3683750000       8.370844584    
  0.3700000000       5.626802704    
  0.3716250000       4.039320964    
  0.3732500000       3.035687031    
  0.3748750000       2.371341086    
  0.3765000000       2.220205387    
  0.3781250000       2.198717635    
  0.3797500000       2.242700270    
  0.3813750000       2.356412879    
  0.3830000000       2.552174993    
  0.3846250000       2.888985990    
  0.3862500000       3.481456179    
  0.3878750000       4.241749496    
  0.3895000000       5.246214054    
  0.3911250000       6.583159162    
  0.3927500000       8.313232348    
  0.3943750000       10.36125026    
  0.3960000000       12.37872008    
  0.3976250000       13.84218352    
  0.3992500000       14.52400294    
  0.4008750000       14.69615977    
  0.4025000000       14.73991607    
  0.4041250000       14.81533610    
  0.4057500000       14.87771926    
  0.4073750000       14.82936061    
  0.4090000000       14.63425717    
  0.4106250000       14.34097418    
  0.4122500000       14.04125252    
  0.4138750000       13.82198454    
  0.4155000000       13.74005971    
  0.4171250000       13.81678023    
  0.4187500000       14.04052203    
  0.4203750000       14.37188410    
  0.4220000000       14.75035811    
  0.4236250000       15.10426298    
  0.4252500000       15.36594291    
  0.4268750000       15.48623409    
  0.4285000000       15.44056217    
  0.4301250000       15.23352664    
  0.4317500000       14.90606169    
  0.4333750000       14.52671605    
  0.4350000000       14.15538877    
  0.4366250000       13.80185605    
  0.4382500000       13.41468044    
  0.4398750000       12.91881811    
  0.4415000000       12.28293729    
  0.4431250000       11.55942065    
  0.4447500000       10.85916296    
  0.4463750000       10.29493561    
  0.4480000000       9.948808015    
  0.4496250000       9.876254917    
  0.4512500000       10.12948206    
  0.4528750000       10.78787301    
  0.4545000000       12.00084562    
  0.4561250000       14.07107749    
  0.4577500000       17.66268037    
  0.4593750000       24.43579748    
  0.4610000000       39.46502476    
  0.4626250000       83.16544516    
  0.4642500000       223.8171770    
  0.4658750000       168.1766584    
  0.4675000000       78.95504297    
  0.4691250000       66.37073687    
  0.4707500000       80.37331271    
  0.4723750000       101.5684963    
  0.4740000000       97.20843334    
  0.4756250000       68.83172193    
  0.4772500000       44.72837489    
  0.4788750000       30.09268562    
  0.4805000000       21.49768376    
  0.4821250000       16.23658205    
  0.4837500000       12.84177455    
  0.4853750000       10.54279343    
  0.4870000000       8.920684957    
  0.4886250000       7.736283008    
  0.4902500000       6.846365489    
  0.4918750000       6.161382780    
  0.4935000000       5.623198277    
  0.4951250000       5.192841234    
  0.4967500000       4.843484962    
  0.4983750000       4.556263416    
     
 -0.4491438045       0.000000000    
 -0.4491438045       210.5166950    
     
 -0.8912284685E-02   0.000000000    
 -0.8912284685E-02   210.5166950    
     
 -0.8912284685E-02   0.000000000    
 -0.8912284685E-02   210.5166950    
     
 -0.8912284460E-02   0.000000000    
 -0.8912284460E-02   210.5166950    
     
  0.8385861588E-01   0.000000000    
  0.8385861588E-01   210.5166950    
     
  0.8385861621E-01   0.000000000    
  0.8385861621E-01   210.5166950    
     
  0.8385861621E-01   0.000000000    
  0.8385861621E-01   210.5166950    
     
  0.1079241629       0.000000000    
  0.1079241629       210.5166950    
     
  0.2727091540       0.000000000    
  0.2727091540       210.5166950    
     
  0.2909899966       0.000000000    
  0.2909899966       210.5166950    
     
  0.2909899966       0.000000000    
  0.2909899966       210.5166950    
     
  0.4068742002       0.000000000    
  0.4068742002       210.5166950    
     
  0.4068742005       0.000000000    
  0.4068742005       210.5166950    
     
